# zsim stats
===
root: # Stats
 contention: # Contention simulation stats
  domain-0: # Domain stats
   time: 28321154243 # Weave simulation time
 time: # Simulator time breakdown
  init: 795171441
  bound: 308417325393
  weave: 43927112306
  ff: 0
 trigger: 20000 # Reason for this stats dump
 phase: 175813 # Simulated phases
 core: # Core stats
  core-0: # Core stats
   cycles: 1757723922 # Simulated unhalted cycles
   cCycles: 289188227 # Cycles due to contention stalls
   instrs: 2250985083 # Simulated instructions
   uops: 2842229709 # Retired micro-ops
   bbls: 369824897 # Basic blocks
   approxInstrs: 226 # Instrs with approx uop decoding
   mispredBranches: 1142021 # Mispredicted branches
  core-1: # Core stats
   cycles: 858385136 # Simulated unhalted cycles
   cCycles: 224155542 # Cycles due to contention stalls
   instrs: 687257609 # Simulated instructions
   uops: 784753378 # Retired micro-ops
   bbls: 98844339 # Basic blocks
   approxInstrs: 1110405 # Instrs with approx uop decoding
   mispredBranches: 941801 # Mispredicted branches
  core-2: # Core stats
   cycles: 858201063 # Simulated unhalted cycles
   cCycles: 224054845 # Cycles due to contention stalls
   instrs: 687251410 # Simulated instructions
   uops: 784746901 # Retired micro-ops
   bbls: 98843178 # Basic blocks
   approxInstrs: 1110393 # Instrs with approx uop decoding
   mispredBranches: 941795 # Mispredicted branches
  core-3: # Core stats
   cycles: 858178675 # Simulated unhalted cycles
   cCycles: 224043927 # Cycles due to contention stalls
   instrs: 687289195 # Simulated instructions
   uops: 784789480 # Retired micro-ops
   bbls: 98848777 # Basic blocks
   approxInstrs: 1110477 # Instrs with approx uop decoding
   mispredBranches: 942058 # Mispredicted branches
  core-4: # Core stats
   cycles: 857401048 # Simulated unhalted cycles
   cCycles: 223549451 # Cycles due to contention stalls
   instrs: 687254862 # Simulated instructions
   uops: 784749375 # Retired micro-ops
   bbls: 98843922 # Basic blocks
   approxInstrs: 1110404 # Instrs with approx uop decoding
   mispredBranches: 941501 # Mispredicted branches
 l1i: # Cache stats
  l1i-0: # Filter cache stats
   fhGETS: 376131217 # Filtered GETS hits
   fhGETX: 0 # Filtered GETX hits
   hGETS: 913 # GETS hits
   hGETX: 0 # GETX hits
   mGETS: 468 # GETS misses
   mGETXIM: 0 # GETX I->M misses
   mGETXSM: 0 # GETX S->M misses (upgrade misses)
   PUTS: 0 # Clean evictions (from lower level)
   PUTX: 0 # Dirty evictions (from lower level)
   INV: 5 # Invalidates (from upper level)
   INVX: 0 # Downgrades (from upper level)
   FWD: 0 # Forwards (from upper level)
   latGETnl: 32340 # GET request latency on next level
   latGETnet: 0 # GET request latency on network to next level
  l1i-1: # Filter cache stats
   fhGETS: 103550790 # Filtered GETS hits
   fhGETX: 0 # Filtered GETX hits
   hGETS: 301 # GETS hits
   hGETX: 0 # GETX hits
   mGETS: 158 # GETS misses
   mGETXIM: 0 # GETX I->M misses
   mGETXSM: 0 # GETX S->M misses (upgrade misses)
   PUTS: 0 # Clean evictions (from lower level)
   PUTX: 0 # Dirty evictions (from lower level)
   INV: 0 # Invalidates (from upper level)
   INVX: 0 # Downgrades (from upper level)
   FWD: 0 # Forwards (from upper level)
   latGETnl: 4718 # GET request latency on next level
   latGETnet: 0 # GET request latency on network to next level
  l1i-2: # Filter cache stats
   fhGETS: 103549602 # Filtered GETS hits
   fhGETX: 0 # Filtered GETX hits
   hGETS: 312 # GETS hits
   hGETX: 0 # GETX hits
   mGETS: 111 # GETS misses
   mGETXIM: 0 # GETX I->M misses
   mGETXSM: 0 # GETX S->M misses (upgrade misses)
   PUTS: 0 # Clean evictions (from lower level)
   PUTX: 0 # Dirty evictions (from lower level)
   INV: 0 # Invalidates (from upper level)
   INVX: 0 # Downgrades (from upper level)
   FWD: 0 # Forwards (from upper level)
   latGETnl: 3159 # GET request latency on next level
   latGETnet: 0 # GET request latency on network to next level
  l1i-3: # Filter cache stats
   fhGETS: 103556383 # Filtered GETS hits
   fhGETX: 0 # Filtered GETX hits
   hGETS: 315 # GETS hits
   hGETX: 0 # GETX hits
   mGETS: 162 # GETS misses
   mGETXIM: 0 # GETX I->M misses
   mGETXSM: 0 # GETX S->M misses (upgrade misses)
   PUTS: 0 # Clean evictions (from lower level)
   PUTX: 0 # Dirty evictions (from lower level)
   INV: 0 # Invalidates (from upper level)
   INVX: 0 # Downgrades (from upper level)
   FWD: 0 # Forwards (from upper level)
   latGETnl: 5826 # GET request latency on next level
   latGETnet: 0 # GET request latency on network to next level
  l1i-4: # Filter cache stats
   fhGETS: 103548853 # Filtered GETS hits
   fhGETX: 0 # Filtered GETX hits
   hGETS: 303 # GETS hits
   hGETX: 0 # GETX hits
   mGETS: 121 # GETS misses
   mGETXIM: 0 # GETX I->M misses
   mGETXSM: 0 # GETX S->M misses (upgrade misses)
   PUTS: 0 # Clean evictions (from lower level)
   PUTX: 0 # Dirty evictions (from lower level)
   INV: 0 # Invalidates (from upper level)
   INVX: 0 # Downgrades (from upper level)
   FWD: 0 # Forwards (from upper level)
   latGETnl: 4561 # GET request latency on next level
   latGETnet: 0 # GET request latency on network to next level
 l1d: # Cache stats
  l1d-0: # Filter cache stats
   fhGETS: 613397386 # Filtered GETS hits
   fhGETX: 269917906 # Filtered GETX hits
   hGETS: 14802148 # GETS hits
   hGETX: 3552163 # GETX hits
   mGETS: 8649072 # GETS misses
   mGETXIM: 1882777 # GETX I->M misses
   mGETXSM: 66295 # GETX S->M misses (upgrade misses)
   PUTS: 0 # Clean evictions (from lower level)
   PUTX: 0 # Dirty evictions (from lower level)
   INV: 146 # Invalidates (from upper level)
   INVX: 1310 # Downgrades (from upper level)
   FWD: 0 # Forwards (from upper level)
   latGETnl: 711894927 # GET request latency on next level
   latGETnet: 0 # GET request latency on network to next level
  l1d-1: # Filter cache stats
   fhGETS: 176494906 # Filtered GETS hits
   fhGETX: 411303 # Filtered GETX hits
   hGETS: 11892387 # GETS hits
   hGETX: 145033 # GETX hits
   mGETS: 7114162 # GETS misses
   mGETXIM: 80100 # GETX I->M misses
   mGETXSM: 266 # GETX S->M misses (upgrade misses)
   PUTS: 0 # Clean evictions (from lower level)
   PUTX: 0 # Dirty evictions (from lower level)
   INV: 1168 # Invalidates (from upper level)
   INVX: 2187 # Downgrades (from upper level)
   FWD: 0 # Forwards (from upper level)
   latGETnl: 522016483 # GET request latency on next level
   latGETnet: 0 # GET request latency on network to next level
  l1d-2: # Filter cache stats
   fhGETS: 176440572 # Filtered GETS hits
   fhGETX: 411617 # Filtered GETX hits
   hGETS: 11944802 # GETS hits
   hGETX: 145178 # GETX hits
   mGETS: 7114054 # GETS misses
   mGETXIM: 80094 # GETX I->M misses
   mGETXSM: 170 # GETX S->M misses (upgrade misses)
   PUTS: 0 # Clean evictions (from lower level)
   PUTX: 0 # Dirty evictions (from lower level)
   INV: 1200 # Invalidates (from upper level)
   INVX: 2209 # Downgrades (from upper level)
   FWD: 0 # Forwards (from upper level)
   latGETnl: 521980054 # GET request latency on next level
   latGETnet: 0 # GET request latency on network to next level
  l1d-3: # Filter cache stats
   fhGETS: 176524686 # Filtered GETS hits
   fhGETX: 411325 # Filtered GETX hits
   hGETS: 11871143 # GETS hits
   hGETX: 145027 # GETX hits
   mGETS: 7114513 # GETS misses
   mGETXIM: 80101 # GETX I->M misses
   mGETXSM: 302 # GETX S->M misses (upgrade misses)
   PUTS: 0 # Clean evictions (from lower level)
   PUTX: 0 # Dirty evictions (from lower level)
   INV: 1196 # Invalidates (from upper level)
   INVX: 2176 # Downgrades (from upper level)
   FWD: 0 # Forwards (from upper level)
   latGETnl: 521606654 # GET request latency on next level
   latGETnet: 0 # GET request latency on network to next level
  l1d-4: # Filter cache stats
   fhGETS: 176483526 # Filtered GETS hits
   fhGETX: 410554 # Filtered GETX hits
   hGETS: 11903278 # GETS hits
   hGETX: 144531 # GETX hits
   mGETS: 7114106 # GETS misses
   mGETXIM: 80093 # GETX I->M misses
   mGETXSM: 171 # GETX S->M misses (upgrade misses)
   PUTS: 0 # Clean evictions (from lower level)
   PUTX: 0 # Dirty evictions (from lower level)
   INV: 1177 # Invalidates (from upper level)
   INVX: 1171 # Downgrades (from upper level)
   FWD: 0 # Forwards (from upper level)
   latGETnl: 519828230 # GET request latency on next level
   latGETnet: 0 # GET request latency on network to next level
 l2: # Cache stats
  l2-0: # Cache stats
   hGETS: 225790 # GETS hits
   hGETX: 7 # GETX hits
   mGETS: 8423750 # GETS misses
   mGETXIM: 1882770 # GETX I->M misses
   mGETXSM: 66295 # GETX S->M misses (upgrade misses)
   PUTS: 7346042 # Clean evictions (from lower level)
   PUTX: 3185219 # Dirty evictions (from lower level)
   INV: 413 # Invalidates (from upper level)
   INVX: 19299 # Downgrades (from upper level)
   FWD: 0 # Forwards (from upper level)
   latGETnl: 627138371 # GET request latency on next level
   latGETnet: 0 # GET request latency on network to next level
  l2-1: # Cache stats
   hGETS: 3225 # GETS hits
   hGETX: 0 # GETX hits
   mGETS: 7111095 # GETS misses
   mGETXIM: 80100 # GETX I->M misses
   mGETXSM: 266 # GETX S->M misses (upgrade misses)
   PUTS: 6982001 # Clean evictions (from lower level)
   PUTX: 210581 # Dirty evictions (from lower level)
   INV: 16654 # Invalidates (from upper level)
   INVX: 32777 # Downgrades (from upper level)
   FWD: 0 # Forwards (from upper level)
   latGETnl: 464463713 # GET request latency on next level
   latGETnet: 0 # GET request latency on network to next level
  l2-2: # Cache stats
   hGETS: 3356 # GETS hits
   hGETX: 0 # GETX hits
   mGETS: 7110809 # GETS misses
   mGETXIM: 80094 # GETX I->M misses
   mGETXSM: 170 # GETX S->M misses (upgrade misses)
   PUTS: 6981771 # Clean evictions (from lower level)
   PUTX: 210665 # Dirty evictions (from lower level)
   INV: 16844 # Invalidates (from upper level)
   INVX: 33098 # Downgrades (from upper level)
   FWD: 0 # Forwards (from upper level)
   latGETnl: 464427781 # GET request latency on next level
   latGETnet: 0 # GET request latency on network to next level
  l2-3: # Cache stats
   hGETS: 2946 # GETS hits
   hGETX: 0 # GETX hits
   mGETS: 7111729 # GETS misses
   mGETXIM: 80101 # GETX I->M misses
   mGETXSM: 302 # GETX S->M misses (upgrade misses)
   PUTS: 6982484 # Clean evictions (from lower level)
   PUTX: 210422 # Dirty evictions (from lower level)
   INV: 16685 # Invalidates (from upper level)
   INVX: 32318 # Downgrades (from upper level)
   FWD: 0 # Forwards (from upper level)
   latGETnl: 464051856 # GET request latency on next level
   latGETnet: 0 # GET request latency on network to next level
  l2-4: # Cache stats
   hGETS: 3364 # GETS hits
   hGETX: 0 # GETX hits
   mGETS: 7110863 # GETS misses
   mGETXIM: 80093 # GETX I->M misses
   mGETXSM: 171 # GETX S->M misses (upgrade misses)
   PUTS: 6982521 # Clean evictions (from lower level)
   PUTX: 209989 # Dirty evictions (from lower level)
   INV: 16748 # Invalidates (from upper level)
   INVX: 27316 # Downgrades (from upper level)
   FWD: 0 # Forwards (from upper level)
   latGETnl: 462276863 # GET request latency on next level
   latGETnet: 0 # GET request latency on network to next level
 l3: # Cache stats
  l3-0: # Cache stats
   hGETS: 1239166 # GETS hits
   hGETX: 81733 # GETX hits
   mGETS: 35629080 # GETS misses
   mGETXIM: 2188629 # GETX I->M misses
   mGETXSM: 0 # GETX S->M misses (upgrade misses)
   PUTS: 35161676 # Clean evictions (from lower level)
   PUTX: 3801424 # Dirty evictions (from lower level)
   INV: 0 # Invalidates (from upper level)
   INVX: 0 # Downgrades (from upper level)
   FWD: 0 # Forwards (from upper level)
   latGETnl: 1815250032 # GET request latency on next level
   latGETnet: 0 # GET request latency on network to next level
 mem: # Memory controller stats
  mem-0: # Memory controller stats
   rd: 20554180 # Read requests
   wr: 1568379 # Write requests
   rdlat: 1741623839 # Total latency experienced by read requests
   wrlat: 290244978 # Total latency experienced by write requests
   rdhits: 13177 # Read row hits
   wrhits: 35816 # Write row hits
   mlh: # latency histogram for memory requests
    0: 0
    1: 0
    2: 0
    3: 0
    4: 0
    5: 0
    6: 1662
    7: 15188116
    8: 3199448
    9: 651000
    10: 187658
    11: 165265
    12: 125866
    13: 267461
    14: 223528
    15: 121278
    16: 96803
    17: 19698
    18: 19340
    19: 17435
    20: 20176
    21: 23448
    22: 25782
    23: 23008
    24: 22341
    25: 22595
    26: 22565
    27: 21715
    28: 23193
    29: 20395
    30: 16926
    31: 11297
    32: 5841
    33: 2504
    34: 1776
    35: 1543
    36: 1155
    37: 745
    38: 627
    39: 421
    40: 260
    41: 195
    42: 133
    43: 115
    44: 93
    45: 90
    46: 73
    47: 58
    48: 53
    49: 63
    50: 48
    51: 61
    52: 54
    53: 41
    54: 63
    55: 47
    56: 41
    57: 31
    58: 17
    59: 4
    60: 7
    61: 3
    62: 2
    63: 6
    64: 2
    65: 2
    66: 1
    67: 1
    68: 1
    69: 2
    70: 0
    71: 1
    72: 1
    73: 0
    74: 0
    75: 0
    76: 0
    77: 0
    78: 0
    79: 0
    80: 0
    81: 0
    82: 0
    83: 0
    84: 0
    85: 0
    86: 0
    87: 0
    88: 0
    89: 0
    90: 0
    91: 0
    92: 0
    93: 0
    94: 0
    95: 0
    96: 0
    97: 0
    98: 0
    99: 0
  mem-1: # Memory controller stats
   rd: 17263390 # Read requests
   wr: 1567286 # Write requests
   rdlat: 1415878450 # Total latency experienced by read requests
   wrlat: 272066465 # Total latency experienced by write requests
   rdhits: 6079 # Read row hits
   wrhits: 31415 # Write row hits
   mlh: # latency histogram for memory requests
    0: 0
    1: 0
    2: 0
    3: 0
    4: 0
    5: 3
    6: 149
    7: 13603935
    8: 2608360
    9: 502578
    10: 91150
    11: 89769
    12: 30914
    13: 28271
    14: 32380
    15: 41094
    16: 26787
    17: 6350
    18: 8962
    19: 8500
    20: 10334
    21: 11908
    22: 13971
    23: 15832
    24: 18863
    25: 17752
    26: 18194
    27: 17598
    28: 20394
    29: 16265
    30: 10470
    31: 5501
    32: 3388
    33: 989
    34: 475
    35: 415
    36: 449
    37: 210
    38: 148
    39: 122
    40: 68
    41: 51
    42: 37
    43: 39
    44: 28
    45: 29
    46: 34
    47: 46
    48: 62
    49: 57
    50: 30
    51: 36
    52: 67
    53: 72
    54: 75
    55: 72
    56: 38
    57: 23
    58: 12
    59: 15
    60: 3
    61: 2
    62: 0
    63: 3
    64: 3
    65: 1
    66: 1
    67: 1
    68: 2
    69: 1
    70: 0
    71: 2
    72: 0
    73: 0
    74: 0
    75: 0
    76: 0
    77: 0
    78: 0
    79: 0
    80: 0
    81: 0
    82: 0
    83: 0
    84: 0
    85: 0
    86: 0
    87: 0
    88: 0
    89: 0
    90: 0
    91: 0
    92: 0
    93: 0
    94: 0
    95: 0
    96: 0
    97: 0
    98: 0
    99: 0
 sched: # Scheduler stats
  thCr: 5 # Threads created
  thFn: 0 # Threads finished
  schedEvs: 5 # Schedule events
  waitEvs: 0 # Wait events
  handoffEvs: 0 # Handoff events
  sleepEvs: 0 # Sleep events
  idlePhases: 0 # Phases with no thread active
  idlePeriods: 0 # Periods with no thread active
  occHist: # Occupancy histogram
   0: 0
   1: 77401
   2: 0
   3: 0
   4: 0
   5: 98412
  rqSzHist: # Run queue size histogram
   0: 175813
   1: 0
   2: 0
   3: 0
   4: 0
   5: 0
   6: 0
   7: 0
   8: 0
   9: 0
   10: 0
   11: 0
   12: 0
   13: 0
   14: 0
   15: 0
   16: 0
 procCycles: # Per-process unhalted core cycles
  0: 5189889844
  1: 0
  2: 0
  3: 0
  4: 0
  5: 0
  6: 0
  7: 0
  8: 0
  9: 0
  10: 0
  11: 0
  12: 0
  13: 0
  14: 0
  15: 0
  16: 0
  17: 0
  18: 0
  19: 0
  20: 0
  21: 0
  22: 0
  23: 0
  24: 0
  25: 0
  26: 0
  27: 0
  28: 0
  29: 0
  30: 0
  31: 0
  32: 0
  33: 0
  34: 0
  35: 0
  36: 0
  37: 0
  38: 0
  39: 0
  40: 0
  41: 0
  42: 0
  43: 0
  44: 0
  45: 0
  46: 0
  47: 0
  48: 0
  49: 0
  50: 0
  51: 0
  52: 0
  53: 0
  54: 0
  55: 0
  56: 0
  57: 0
  58: 0
  59: 0
  60: 0
  61: 0
  62: 0
  63: 0
 procInstrs: # Per-process instructions
  0: 5000038159
  1: 0
  2: 0
  3: 0
  4: 0
  5: 0
  6: 0
  7: 0
  8: 0
  9: 0
  10: 0
  11: 0
  12: 0
  13: 0
  14: 0
  15: 0
  16: 0
  17: 0
  18: 0
  19: 0
  20: 0
  21: 0
  22: 0
  23: 0
  24: 0
  25: 0
  26: 0
  27: 0
  28: 0
  29: 0
  30: 0
  31: 0
  32: 0
  33: 0
  34: 0
  35: 0
  36: 0
  37: 0
  38: 0
  39: 0
  40: 0
  41: 0
  42: 0
  43: 0
  44: 0
  45: 0
  46: 0
  47: 0
  48: 0
  49: 0
  50: 0
  51: 0
  52: 0
  53: 0
  54: 0
  55: 0
  56: 0
  57: 0
  58: 0
  59: 0
  60: 0
  61: 0
  62: 0
  63: 0
 heartbeats: # Per-process heartbeats
  0: 0
  1: 0
  2: 0
  3: 0
  4: 0
  5: 0
  6: 0
  7: 0
  8: 0
  9: 0
  10: 0
  11: 0
  12: 0
  13: 0
  14: 0
  15: 0
  16: 0
  17: 0
  18: 0
  19: 0
  20: 0
  21: 0
  22: 0
  23: 0
  24: 0
  25: 0
  26: 0
  27: 0
  28: 0
  29: 0
  30: 0
  31: 0
  32: 0
  33: 0
  34: 0
  35: 0
  36: 0
  37: 0
  38: 0
  39: 0
  40: 0
  41: 0
  42: 0
  43: 0
  44: 0
  45: 0
  46: 0
  47: 0
  48: 0
  49: 0
  50: 0
  51: 0
  52: 0
  53: 0
  54: 0
  55: 0
  56: 0
  57: 0
  58: 0
  59: 0
  60: 0
  61: 0
  62: 0
  63: 0
===
