# zsim stats
===
root: # Stats
 contention: # Contention simulation stats
  domain-0: # Domain stats
   time: 28917097372 # Weave simulation time
 time: # Simulator time breakdown
  init: 799102642
  bound: 308110512828
  weave: 46513136400
  ff: 0
 trigger: 20000 # Reason for this stats dump
 phase: 196585 # Simulated phases
 core: # Core stats
  core-0: # Core stats
   cycles: 1965339606 # Simulated unhalted cycles
   cCycles: 338189460 # Cycles due to contention stalls
   instrs: 2422801839 # Simulated instructions
   uops: 3038419592 # Retired micro-ops
   bbls: 394535871 # Basic blocks
   approxInstrs: 217 # Instrs with approx uop decoding
   mispredBranches: 1376110 # Mispredicted branches
  core-1: # Core stats
   cycles: 1065927125 # Simulated unhalted cycles
   cCycles: 273182492 # Cycles due to contention stalls
   instrs: 859081242 # Simulated instructions
   uops: 980952318 # Retired micro-ops
   bbls: 123556369 # Basic blocks
   approxInstrs: 1387990 # Instrs with approx uop decoding
   mispredBranches: 1175983 # Mispredicted branches
  core-2: # Core stats
   cycles: 1065719928 # Simulated unhalted cycles
   cCycles: 273148928 # Cycles due to contention stalls
   instrs: 859072881 # Simulated instructions
   uops: 980942697 # Retired micro-ops
   bbls: 123555022 # Basic blocks
   approxInstrs: 1387979 # Instrs with approx uop decoding
   mispredBranches: 1176024 # Mispredicted branches
  core-3: # Core stats
   cycles: 1064925619 # Simulated unhalted cycles
   cCycles: 272701960 # Cycles due to contention stalls
   instrs: 859063817 # Simulated instructions
   uops: 980930401 # Retired micro-ops
   bbls: 123554090 # Basic blocks
   approxInstrs: 1387954 # Instrs with approx uop decoding
   mispredBranches: 1175069 # Mispredicted branches
 l1i: # Cache stats
  l1i-0: # Filter cache stats
   fhGETS: 402012138 # Filtered GETS hits
   fhGETX: 0 # Filtered GETX hits
   hGETS: 896 # GETS hits
   hGETX: 0 # GETX hits
   mGETS: 466 # GETS misses
   mGETXIM: 0 # GETX I->M misses
   mGETXSM: 0 # GETX S->M misses (upgrade misses)
   PUTS: 0 # Clean evictions (from lower level)
   PUTX: 0 # Dirty evictions (from lower level)
   INV: 0 # Invalidates (from upper level)
   INVX: 0 # Downgrades (from upper level)
   FWD: 0 # Forwards (from upper level)
   latGETnl: 32002 # GET request latency on next level
   latGETnet: 0 # GET request latency on network to next level
  l1i-1: # Filter cache stats
   fhGETS: 129433188 # Filtered GETS hits
   fhGETX: 0 # Filtered GETX hits
   hGETS: 308 # GETS hits
   hGETX: 0 # GETX hits
   mGETS: 158 # GETS misses
   mGETXIM: 0 # GETX I->M misses
   mGETXSM: 0 # GETX S->M misses (upgrade misses)
   PUTS: 0 # Clean evictions (from lower level)
   PUTX: 0 # Dirty evictions (from lower level)
   INV: 0 # Invalidates (from upper level)
   INVX: 0 # Downgrades (from upper level)
   FWD: 0 # Forwards (from upper level)
   latGETnl: 5438 # GET request latency on next level
   latGETnet: 0 # GET request latency on network to next level
  l1i-2: # Filter cache stats
   fhGETS: 129432065 # Filtered GETS hits
   fhGETX: 0 # Filtered GETX hits
   hGETS: 294 # GETS hits
   hGETX: 0 # GETX hits
   mGETS: 108 # GETS misses
   mGETXIM: 0 # GETX I->M misses
   mGETXSM: 0 # GETX S->M misses (upgrade misses)
   PUTS: 0 # Clean evictions (from lower level)
   PUTX: 0 # Dirty evictions (from lower level)
   INV: 0 # Invalidates (from upper level)
   INVX: 0 # Downgrades (from upper level)
   FWD: 0 # Forwards (from upper level)
   latGETnl: 3564 # GET request latency on next level
   latGETnet: 0 # GET request latency on network to next level
  l1i-3: # Filter cache stats
   fhGETS: 129426245 # Filtered GETS hits
   fhGETX: 0 # Filtered GETX hits
   hGETS: 319 # GETS hits
   hGETX: 0 # GETX hits
   mGETS: 160 # GETS misses
   mGETXIM: 0 # GETX I->M misses
   mGETXSM: 0 # GETX S->M misses (upgrade misses)
   PUTS: 0 # Clean evictions (from lower level)
   PUTX: 0 # Dirty evictions (from lower level)
   INV: 0 # Invalidates (from upper level)
   INVX: 0 # Downgrades (from upper level)
   FWD: 0 # Forwards (from upper level)
   latGETnl: 5824 # GET request latency on next level
   latGETnet: 0 # GET request latency on network to next level
 l1d: # Cache stats
  l1d-0: # Filter cache stats
   fhGETS: 657524415 # Filtered GETS hits
   fhGETX: 270020126 # Filtered GETX hits
   hGETS: 17772811 # GETS hits
   hGETX: 3604934 # GETX hits
   mGETS: 10427484 # GETS misses
   mGETXIM: 1902759 # GETX I->M misses
   mGETXSM: 49748 # GETX S->M misses (upgrade misses)
   PUTS: 0 # Clean evictions (from lower level)
   PUTX: 0 # Dirty evictions (from lower level)
   INV: 158 # Invalidates (from upper level)
   INVX: 1221 # Downgrades (from upper level)
   FWD: 0 # Forwards (from upper level)
   latGETnl: 841923651 # GET request latency on next level
   latGETnet: 0 # GET request latency on network to next level
  l1d-1: # Filter cache stats
   fhGETS: 220600652 # Filtered GETS hits
   fhGETX: 514503 # Filtered GETX hits
   hGETS: 14885843 # GETS hits
   hGETX: 181589 # GETX hits
   mGETS: 8892663 # GETS misses
   mGETXIM: 100102 # GETX I->M misses
   mGETXSM: 165 # GETX S->M misses (upgrade misses)
   PUTS: 0 # Clean evictions (from lower level)
   PUTX: 0 # Dirty evictions (from lower level)
   INV: 1173 # Invalidates (from upper level)
   INVX: 2109 # Downgrades (from upper level)
   FWD: 0 # Forwards (from upper level)
   latGETnl: 652562155 # GET request latency on next level
   latGETnet: 0 # GET request latency on network to next level
  l1d-2: # Filter cache stats
   fhGETS: 220571145 # Filtered GETS hits
   fhGETX: 513996 # Filtered GETX hits
   hGETS: 14913046 # GETS hits
   hGETX: 181290 # GETX hits
   mGETS: 8892567 # GETS misses
   mGETXIM: 100092 # GETX I->M misses
   mGETXSM: 537 # GETX S->M misses (upgrade misses)
   PUTS: 0 # Clean evictions (from lower level)
   PUTX: 0 # Dirty evictions (from lower level)
   INV: 1174 # Invalidates (from upper level)
   INVX: 2089 # Downgrades (from upper level)
   FWD: 0 # Forwards (from upper level)
   latGETnl: 652387048 # GET request latency on next level
   latGETnet: 0 # GET request latency on network to next level
  l1d-3: # Filter cache stats
   fhGETS: 220613935 # Filtered GETS hits
   fhGETX: 512986 # Filtered GETX hits
   hGETS: 14868405 # GETS hits
   hGETX: 180553 # GETX hits
   mGETS: 8892460 # GETS misses
   mGETXIM: 100100 # GETX I->M misses
   mGETXSM: 290 # GETX S->M misses (upgrade misses)
   PUTS: 0 # Clean evictions (from lower level)
   PUTX: 0 # Dirty evictions (from lower level)
   INV: 1168 # Invalidates (from upper level)
   INVX: 2090 # Downgrades (from upper level)
   FWD: 0 # Forwards (from upper level)
   latGETnl: 649891698 # GET request latency on next level
   latGETnet: 0 # GET request latency on network to next level
 l2: # Cache stats
  l2-0: # Cache stats
   hGETS: 226473 # GETS hits
   hGETX: 7 # GETX hits
   mGETS: 10201477 # GETS misses
   mGETXIM: 1902752 # GETX I->M misses
   mGETXSM: 49748 # GETX S->M misses (upgrade misses)
   PUTS: 9091829 # Clean evictions (from lower level)
   PUTX: 3237813 # Dirty evictions (from lower level)
   INV: 677 # Invalidates (from upper level)
   INVX: 13924 # Downgrades (from upper level)
   FWD: 0 # Forwards (from upper level)
   latGETnl: 742911997 # GET request latency on next level
   latGETnet: 0 # GET request latency on network to next level
  l2-1: # Cache stats
   hGETS: 4111 # GETS hits
   hGETX: 0 # GETX hits
   mGETS: 8888710 # GETS misses
   mGETXIM: 100102 # GETX I->M misses
   mGETXSM: 165 # GETX S->M misses (upgrade misses)
   PUTS: 8727636 # Clean evictions (from lower level)
   PUTX: 263444 # Dirty evictions (from lower level)
   INV: 16703 # Invalidates (from upper level)
   INVX: 31552 # Downgrades (from upper level)
   FWD: 0 # Forwards (from upper level)
   latGETnl: 580622889 # GET request latency on next level
   latGETnet: 0 # GET request latency on network to next level
  l2-2: # Cache stats
   hGETS: 3752 # GETS hits
   hGETX: 0 # GETX hits
   mGETS: 8888923 # GETS misses
   mGETXIM: 100092 # GETX I->M misses
   mGETXSM: 537 # GETX S->M misses (upgrade misses)
   PUTS: 8727701 # Clean evictions (from lower level)
   PUTX: 263272 # Dirty evictions (from lower level)
   INV: 16747 # Invalidates (from upper level)
   INVX: 31122 # Downgrades (from upper level)
   FWD: 0 # Forwards (from upper level)
   latGETnl: 580444180 # GET request latency on next level
   latGETnet: 0 # GET request latency on network to next level
  l2-3: # Cache stats
   hGETS: 4200 # GETS hits
   hGETX: 0 # GETX hits
   mGETS: 8888420 # GETS misses
   mGETXIM: 100100 # GETX I->M misses
   mGETXSM: 290 # GETX S->M misses (upgrade misses)
   PUTS: 8728420 # Clean evictions (from lower level)
   PUTX: 262460 # Dirty evictions (from lower level)
   INV: 16656 # Invalidates (from upper level)
   INVX: 30660 # Downgrades (from upper level)
   FWD: 0 # Forwards (from upper level)
   latGETnl: 577953442 # GET request latency on next level
   latGETnet: 0 # GET request latency on network to next level
 l3: # Cache stats
  l3-0: # Cache stats
   hGETS: 1231754 # GETS hits
   hGETX: 65372 # GETX hits
   mGETS: 35635776 # GETS misses
   mGETXIM: 2188414 # GETX I->M misses
   mGETXSM: 0 # GETX S->M misses (upgrade misses)
   PUTS: 35184459 # Clean evictions (from lower level)
   PUTX: 3802566 # Dirty evictions (from lower level)
   INV: 0 # Invalidates (from upper level)
   INVX: 0 # Downgrades (from upper level)
   FWD: 0 # Forwards (from upper level)
   latGETnl: 1815561120 # GET request latency on next level
   latGETnet: 0 # GET request latency on network to next level
 mem: # Memory controller stats
  mem-0: # Memory controller stats
   rd: 20558741 # Read requests
   wr: 1569070 # Write requests
   rdlat: 1717447145 # Total latency experienced by read requests
   wrlat: 277104724 # Total latency experienced by write requests
   rdhits: 10359 # Read row hits
   wrhits: 33961 # Write row hits
   mlh: # latency histogram for memory requests
    0: 0
    1: 0
    2: 0
    3: 0
    4: 0
    5: 3
    6: 1665
    7: 16081994
    8: 2797400
    9: 448491
    10: 120126
    11: 117283
    12: 94770
    13: 253734
    14: 196066
    15: 83541
    16: 70132
    17: 13701
    18: 17282
    19: 16761
    20: 19786
    21: 21924
    22: 24299
    23: 21813
    24: 21602
    25: 20800
    26: 21420
    27: 19974
    28: 21594
    29: 17665
    30: 14478
    31: 8622
    32: 4354
    33: 1842
    34: 1325
    35: 1120
    36: 721
    37: 535
    38: 406
    39: 304
    40: 161
    41: 128
    42: 94
    43: 86
    44: 65
    45: 61
    46: 59
    47: 43
    48: 46
    49: 59
    50: 42
    51: 53
    52: 50
    53: 39
    54: 62
    55: 46
    56: 38
    57: 31
    58: 15
    59: 3
    60: 6
    61: 3
    62: 2
    63: 6
    64: 1
    65: 2
    66: 1
    67: 1
    68: 1
    69: 2
    70: 0
    71: 1
    72: 1
    73: 0
    74: 0
    75: 0
    76: 0
    77: 0
    78: 0
    79: 0
    80: 0
    81: 0
    82: 0
    83: 0
    84: 0
    85: 0
    86: 0
    87: 0
    88: 0
    89: 0
    90: 0
    91: 0
    92: 0
    93: 0
    94: 0
    95: 0
    96: 0
    97: 0
    98: 0
    99: 0
  mem-1: # Memory controller stats
   rd: 17265330 # Read requests
   wr: 1567811 # Write requests
   rdlat: 1404120599 # Total latency experienced by read requests
   wrlat: 264227390 # Total latency experienced by write requests
   rdhits: 4837 # Read row hits
   wrhits: 31043 # Write row hits
   mlh: # latency histogram for memory requests
    0: 0
    1: 0
    2: 0
    3: 0
    4: 0
    5: 3
    6: 92
    7: 14151210
    8: 2336579
    9: 363742
    10: 58893
    11: 51093
    12: 21318
    13: 19421
    14: 20595
    15: 20128
    16: 19145
    17: 5526
    18: 10417
    19: 10704
    20: 12173
    21: 12925
    22: 14237
    23: 16040
    24: 18514
    25: 16935
    26: 17070
    27: 16842
    28: 19255
    29: 14415
    30: 8555
    31: 4398
    32: 2381
    33: 686
    34: 397
    35: 259
    36: 180
    37: 142
    38: 117
    39: 78
    40: 44
    41: 43
    42: 33
    43: 32
    44: 30
    45: 28
    46: 37
    47: 43
    48: 51
    49: 57
    50: 30
    51: 41
    52: 65
    53: 67
    54: 85
    55: 71
    56: 40
    57: 23
    58: 12
    59: 14
    60: 3
    61: 2
    62: 0
    63: 3
    64: 3
    65: 1
    66: 1
    67: 1
    68: 2
    69: 1
    70: 0
    71: 2
    72: 0
    73: 0
    74: 0
    75: 0
    76: 0
    77: 0
    78: 0
    79: 0
    80: 0
    81: 0
    82: 0
    83: 0
    84: 0
    85: 0
    86: 0
    87: 0
    88: 0
    89: 0
    90: 0
    91: 0
    92: 0
    93: 0
    94: 0
    95: 0
    96: 0
    97: 0
    98: 0
    99: 0
 sched: # Scheduler stats
  thCr: 4 # Threads created
  thFn: 0 # Threads finished
  schedEvs: 4 # Schedule events
  waitEvs: 0 # Wait events
  handoffEvs: 0 # Handoff events
  sleepEvs: 0 # Sleep events
  idlePhases: 0 # Phases with no thread active
  idlePeriods: 0 # Periods with no thread active
  occHist: # Occupancy histogram
   0: 0
   1: 77401
   2: 0
   3: 0
   4: 119184
  rqSzHist: # Run queue size histogram
   0: 196585
   1: 0
   2: 0
   3: 0
   4: 0
   5: 0
   6: 0
   7: 0
   8: 0
   9: 0
   10: 0
   11: 0
   12: 0
   13: 0
   14: 0
   15: 0
   16: 0
 procCycles: # Per-process unhalted core cycles
  0: 5161912278
  1: 0
  2: 0
  3: 0
  4: 0
  5: 0
  6: 0
  7: 0
  8: 0
  9: 0
  10: 0
  11: 0
  12: 0
  13: 0
  14: 0
  15: 0
  16: 0
  17: 0
  18: 0
  19: 0
  20: 0
  21: 0
  22: 0
  23: 0
  24: 0
  25: 0
  26: 0
  27: 0
  28: 0
  29: 0
  30: 0
  31: 0
  32: 0
  33: 0
  34: 0
  35: 0
  36: 0
  37: 0
  38: 0
  39: 0
  40: 0
  41: 0
  42: 0
  43: 0
  44: 0
  45: 0
  46: 0
  47: 0
  48: 0
  49: 0
  50: 0
  51: 0
  52: 0
  53: 0
  54: 0
  55: 0
  56: 0
  57: 0
  58: 0
  59: 0
  60: 0
  61: 0
  62: 0
  63: 0
 procInstrs: # Per-process instructions
  0: 5000019779
  1: 0
  2: 0
  3: 0
  4: 0
  5: 0
  6: 0
  7: 0
  8: 0
  9: 0
  10: 0
  11: 0
  12: 0
  13: 0
  14: 0
  15: 0
  16: 0
  17: 0
  18: 0
  19: 0
  20: 0
  21: 0
  22: 0
  23: 0
  24: 0
  25: 0
  26: 0
  27: 0
  28: 0
  29: 0
  30: 0
  31: 0
  32: 0
  33: 0
  34: 0
  35: 0
  36: 0
  37: 0
  38: 0
  39: 0
  40: 0
  41: 0
  42: 0
  43: 0
  44: 0
  45: 0
  46: 0
  47: 0
  48: 0
  49: 0
  50: 0
  51: 0
  52: 0
  53: 0
  54: 0
  55: 0
  56: 0
  57: 0
  58: 0
  59: 0
  60: 0
  61: 0
  62: 0
  63: 0
 heartbeats: # Per-process heartbeats
  0: 0
  1: 0
  2: 0
  3: 0
  4: 0
  5: 0
  6: 0
  7: 0
  8: 0
  9: 0
  10: 0
  11: 0
  12: 0
  13: 0
  14: 0
  15: 0
  16: 0
  17: 0
  18: 0
  19: 0
  20: 0
  21: 0
  22: 0
  23: 0
  24: 0
  25: 0
  26: 0
  27: 0
  28: 0
  29: 0
  30: 0
  31: 0
  32: 0
  33: 0
  34: 0
  35: 0
  36: 0
  37: 0
  38: 0
  39: 0
  40: 0
  41: 0
  42: 0
  43: 0
  44: 0
  45: 0
  46: 0
  47: 0
  48: 0
  49: 0
  50: 0
  51: 0
  52: 0
  53: 0
  54: 0
  55: 0
  56: 0
  57: 0
  58: 0
  59: 0
  60: 0
  61: 0
  62: 0
  63: 0
===
