# zsim stats
===
root: # Stats
 contention: # Contention simulation stats
  domain-0: # Domain stats
   time: 797468754 # Weave simulation time
 time: # Simulator time breakdown
  init: 853042316
  bound: 290456783662
  weave: 7950034836
  ff: 0
 trigger: 20000 # Reason for this stats dump
 phase: 55914 # Simulated phases
 core: # Core stats
  core-0: # Core stats
   cycles: 559140002 # Simulated unhalted cycles
   cCycles: 24583 # Cycles due to contention stalls
   instrs: 834804017 # Simulated instructions
   uops: 1003475734 # Retired micro-ops
   bbls: 108814926 # Basic blocks
   approxInstrs: 9511401 # Instrs with approx uop decoding
   mispredBranches: 2707237 # Mispredicted branches
  core-1: # Core stats
   cycles: 559120007 # Simulated unhalted cycles
   cCycles: 15524 # Cycles due to contention stalls
   instrs: 833190616 # Simulated instructions
   uops: 1001744343 # Retired micro-ops
   bbls: 108717671 # Basic blocks
   approxInstrs: 9478232 # Instrs with approx uop decoding
   mispredBranches: 2690558 # Mispredicted branches
  core-2: # Core stats
   cycles: 559120002 # Simulated unhalted cycles
   cCycles: 15973 # Cycles due to contention stalls
   instrs: 833003378 # Simulated instructions
   uops: 1001519752 # Retired micro-ops
   bbls: 108693016 # Basic blocks
   approxInstrs: 9476177 # Instrs with approx uop decoding
   mispredBranches: 2689899 # Mispredicted branches
  core-3: # Core stats
   cycles: 559120004 # Simulated unhalted cycles
   cCycles: 15457 # Cycles due to contention stalls
   instrs: 833003490 # Simulated instructions
   uops: 1001519850 # Retired micro-ops
   bbls: 108693112 # Basic blocks
   approxInstrs: 9476169 # Instrs with approx uop decoding
   mispredBranches: 2689908 # Mispredicted branches
  core-4: # Core stats
   cycles: 559120021 # Simulated unhalted cycles
   cCycles: 12002 # Cycles due to contention stalls
   instrs: 833003302 # Simulated instructions
   uops: 1001519660 # Retired micro-ops
   bbls: 108693001 # Basic blocks
   approxInstrs: 9476176 # Instrs with approx uop decoding
   mispredBranches: 2689891 # Mispredicted branches
  core-5: # Core stats
   cycles: 559120001 # Simulated unhalted cycles
   cCycles: 16677 # Cycles due to contention stalls
   instrs: 833002080 # Simulated instructions
   uops: 1001518246 # Retired micro-ops
   bbls: 108692776 # Basic blocks
   approxInstrs: 9476171 # Instrs with approx uop decoding
   mispredBranches: 2689860 # Mispredicted branches
 l1i: # Cache stats
  l1i-0: # Filter cache stats
   fhGETS: 135020603 # Filtered GETS hits
   fhGETX: 0 # Filtered GETX hits
   hGETS: 1317943 # GETS hits
   hGETX: 0 # GETX hits
   mGETS: 1039 # GETS misses
   mGETXIM: 0 # GETX I->M misses
   mGETXSM: 0 # GETX S->M misses (upgrade misses)
   PUTS: 0 # Clean evictions (from lower level)
   PUTX: 0 # Dirty evictions (from lower level)
   INV: 0 # Invalidates (from upper level)
   INVX: 0 # Downgrades (from upper level)
   FWD: 0 # Forwards (from upper level)
   latGETnl: 33142 # GET request latency on next level
   latGETnet: 0 # GET request latency on network to next level
  l1i-1: # Filter cache stats
   fhGETS: 134774415 # Filtered GETS hits
   fhGETX: 0 # Filtered GETX hits
   hGETS: 1344545 # GETS hits
   hGETX: 0 # GETX hits
   mGETS: 934 # GETS misses
   mGETXIM: 0 # GETX I->M misses
   mGETXSM: 0 # GETX S->M misses (upgrade misses)
   PUTS: 0 # Clean evictions (from lower level)
   PUTX: 0 # Dirty evictions (from lower level)
   INV: 0 # Invalidates (from upper level)
   INVX: 0 # Downgrades (from upper level)
   FWD: 0 # Forwards (from upper level)
   latGETnl: 18450 # GET request latency on next level
   latGETnet: 0 # GET request latency on network to next level
  l1i-2: # Filter cache stats
   fhGETS: 134743292 # Filtered GETS hits
   fhGETX: 0 # Filtered GETX hits
   hGETS: 1345024 # GETS hits
   hGETX: 0 # GETX hits
   mGETS: 939 # GETS misses
   mGETXIM: 0 # GETX I->M misses
   mGETXSM: 0 # GETX S->M misses (upgrade misses)
   PUTS: 0 # Clean evictions (from lower level)
   PUTX: 0 # Dirty evictions (from lower level)
   INV: 0 # Invalidates (from upper level)
   INVX: 0 # Downgrades (from upper level)
   FWD: 0 # Forwards (from upper level)
   latGETnl: 19038 # GET request latency on next level
   latGETnet: 0 # GET request latency on network to next level
  l1i-3: # Filter cache stats
   fhGETS: 134743339 # Filtered GETS hits
   fhGETX: 0 # Filtered GETX hits
   hGETS: 1345054 # GETS hits
   hGETX: 0 # GETX hits
   mGETS: 945 # GETS misses
   mGETXIM: 0 # GETX I->M misses
   mGETXSM: 0 # GETX S->M misses (upgrade misses)
   PUTS: 0 # Clean evictions (from lower level)
   PUTX: 0 # Dirty evictions (from lower level)
   INV: 0 # Invalidates (from upper level)
   INVX: 0 # Downgrades (from upper level)
   FWD: 0 # Forwards (from upper level)
   latGETnl: 20303 # GET request latency on next level
   latGETnet: 0 # GET request latency on network to next level
  l1i-4: # Filter cache stats
   fhGETS: 134743239 # Filtered GETS hits
   fhGETX: 0 # Filtered GETX hits
   hGETS: 1345019 # GETS hits
   hGETX: 0 # GETX hits
   mGETS: 945 # GETS misses
   mGETXIM: 0 # GETX I->M misses
   mGETXSM: 0 # GETX S->M misses (upgrade misses)
   PUTS: 0 # Clean evictions (from lower level)
   PUTX: 0 # Dirty evictions (from lower level)
   INV: 0 # Invalidates (from upper level)
   INVX: 0 # Downgrades (from upper level)
   FWD: 0 # Forwards (from upper level)
   latGETnl: 16480 # GET request latency on next level
   latGETnet: 0 # GET request latency on network to next level
  l1i-5: # Filter cache stats
   fhGETS: 134742959 # Filtered GETS hits
   fhGETX: 0 # Filtered GETX hits
   hGETS: 1345023 # GETS hits
   hGETX: 0 # GETX hits
   mGETS: 887 # GETS misses
   mGETXIM: 0 # GETX I->M misses
   mGETXSM: 0 # GETX S->M misses (upgrade misses)
   PUTS: 0 # Clean evictions (from lower level)
   PUTX: 0 # Dirty evictions (from lower level)
   INV: 0 # Invalidates (from upper level)
   INVX: 0 # Downgrades (from upper level)
   FWD: 0 # Forwards (from upper level)
   latGETnl: 15355 # GET request latency on next level
   latGETnet: 0 # GET request latency on network to next level
 l1d: # Cache stats
  l1d-0: # Filter cache stats
   fhGETS: 219188584 # Filtered GETS hits
   fhGETX: 59570963 # Filtered GETX hits
   hGETS: 8319341 # GETS hits
   hGETX: 12775456 # GETX hits
   mGETS: 1599642 # GETS misses
   mGETXIM: 1740637 # GETX I->M misses
   mGETXSM: 11915 # GETX S->M misses (upgrade misses)
   PUTS: 0 # Clean evictions (from lower level)
   PUTX: 0 # Dirty evictions (from lower level)
   INV: 35 # Invalidates (from upper level)
   INVX: 11722 # Downgrades (from upper level)
   FWD: 0 # Forwards (from upper level)
   latGETnl: 27224903 # GET request latency on next level
   latGETnet: 0 # GET request latency on network to next level
  l1d-1: # Filter cache stats
   fhGETS: 214795580 # Filtered GETS hits
   fhGETX: 59657328 # Filtered GETX hits
   hGETS: 12172960 # GETS hits
   hGETX: 12675383 # GETX hits
   mGETS: 1703815 # GETS misses
   mGETXIM: 1683713 # GETX I->M misses
   mGETXSM: 6 # GETX S->M misses (upgrade misses)
   PUTS: 0 # Clean evictions (from lower level)
   PUTX: 0 # Dirty evictions (from lower level)
   INV: 7490 # Invalidates (from upper level)
   INVX: 63 # Downgrades (from upper level)
   FWD: 0 # Forwards (from upper level)
   latGETnl: 27347209 # GET request latency on next level
   latGETnet: 0 # GET request latency on network to next level
  l1d-2: # Filter cache stats
   fhGETS: 216651625 # Filtered GETS hits
   fhGETX: 58877149 # Filtered GETX hits
   hGETS: 10274185 # GETS hits
   hGETX: 13375564 # GETX hits
   mGETS: 1696036 # GETS misses
   mGETXIM: 1746825 # GETX I->M misses
   mGETXSM: 9 # GETX S->M misses (upgrade misses)
   PUTS: 0 # Clean evictions (from lower level)
   PUTX: 0 # Dirty evictions (from lower level)
   INV: 7604 # Invalidates (from upper level)
   INVX: 43 # Downgrades (from upper level)
   FWD: 0 # Forwards (from upper level)
   latGETnl: 27756620 # GET request latency on next level
   latGETnet: 0 # GET request latency on network to next level
  l1d-3: # Filter cache stats
   fhGETS: 217729467 # Filtered GETS hits
   fhGETX: 58877178 # Filtered GETX hits
   hGETS: 9195241 # GETS hits
   hGETX: 13377057 # GETX hits
   mGETS: 1697279 # GETS misses
   mGETXIM: 1745341 # GETX I->M misses
   mGETXSM: 11 # GETX S->M misses (upgrade misses)
   PUTS: 0 # Clean evictions (from lower level)
   PUTX: 0 # Dirty evictions (from lower level)
   INV: 7544 # Invalidates (from upper level)
   INVX: 76 # Downgrades (from upper level)
   FWD: 0 # Forwards (from upper level)
   latGETnl: 27755540 # GET request latency on next level
   latGETnet: 0 # GET request latency on network to next level
  l1d-4: # Filter cache stats
   fhGETS: 218180918 # Filtered GETS hits
   fhGETX: 58746059 # Filtered GETX hits
   hGETS: 8768318 # GETS hits
   hGETX: 13506659 # GETX hits
   mGETS: 1672596 # GETS misses
   mGETXIM: 1746812 # GETX I->M misses
   mGETXSM: 8 # GETX S->M misses (upgrade misses)
   PUTS: 0 # Clean evictions (from lower level)
   PUTX: 0 # Dirty evictions (from lower level)
   INV: 7615 # Invalidates (from upper level)
   INVX: 76 # Downgrades (from upper level)
   FWD: 0 # Forwards (from upper level)
   latGETnl: 27574966 # GET request latency on next level
   latGETnet: 0 # GET request latency on network to next level
  l1d-5: # Filter cache stats
   fhGETS: 217345552 # Filtered GETS hits
   fhGETX: 58838166 # Filtered GETX hits
   hGETS: 9598622 # GETS hits
   hGETX: 13372979 # GETX hits
   mGETS: 1677304 # GETS misses
   mGETXIM: 1788233 # GETX I->M misses
   mGETXSM: 6 # GETX S->M misses (upgrade misses)
   PUTS: 0 # Clean evictions (from lower level)
   PUTX: 0 # Dirty evictions (from lower level)
   INV: 7565 # Invalidates (from upper level)
   INVX: 140 # Downgrades (from upper level)
   FWD: 0 # Forwards (from upper level)
   latGETnl: 27940882 # GET request latency on next level
   latGETnet: 0 # GET request latency on network to next level
 l2: # Cache stats
  l2-0: # Cache stats
   hGETS: 1599544 # GETS hits
   hGETX: 1740024 # GETX hits
   mGETS: 1137 # GETS misses
   mGETXIM: 613 # GETX I->M misses
   mGETXSM: 11915 # GETX S->M misses (upgrade misses)
   PUTS: 1564459 # Clean evictions (from lower level)
   PUTX: 1775872 # Dirty evictions (from lower level)
   INV: 39 # Invalidates (from upper level)
   INVX: 12051 # Downgrades (from upper level)
   FWD: 0 # Forwards (from upper level)
   latGETnl: 432181 # GET request latency on next level
   latGETnet: 0 # GET request latency on network to next level
  l2-1: # Cache stats
   hGETS: 1695400 # GETS hits
   hGETX: 1683161 # GETX hits
   mGETS: 9349 # GETS misses
   mGETXIM: 552 # GETX I->M misses
   mGETXSM: 6 # GETX S->M misses (upgrade misses)
   PUTS: 1642095 # Clean evictions (from lower level)
   PUTX: 1737963 # Dirty evictions (from lower level)
   INV: 8365 # Invalidates (from upper level)
   INVX: 63 # Downgrades (from upper level)
   FWD: 0 # Forwards (from upper level)
   latGETnl: 257915 # GET request latency on next level
   latGETnet: 0 # GET request latency on network to next level
  l2-2: # Cache stats
   hGETS: 1687504 # GETS hits
   hGETX: 1746271 # GETX hits
   mGETS: 9471 # GETS misses
   mGETXIM: 554 # GETX I->M misses
   mGETXSM: 9 # GETX S->M misses (upgrade misses)
   PUTS: 1632430 # Clean evictions (from lower level)
   PUTX: 1802847 # Dirty evictions (from lower level)
   INV: 8507 # Invalidates (from upper level)
   INVX: 46 # Downgrades (from upper level)
   FWD: 0 # Forwards (from upper level)
   latGETnl: 225186 # GET request latency on next level
   latGETnet: 0 # GET request latency on network to next level
  l2-3: # Cache stats
   hGETS: 1688776 # GETS hits
   hGETX: 1744785 # GETX hits
   mGETS: 9448 # GETS misses
   mGETXIM: 556 # GETX I->M misses
   mGETXSM: 11 # GETX S->M misses (upgrade misses)
   PUTS: 1632705 # Clean evictions (from lower level)
   PUTX: 1802398 # Dirty evictions (from lower level)
   INV: 8460 # Invalidates (from upper level)
   INVX: 77 # Downgrades (from upper level)
   FWD: 0 # Forwards (from upper level)
   latGETnl: 227235 # GET request latency on next level
   latGETnet: 0 # GET request latency on network to next level
  l2-4: # Cache stats
   hGETS: 1664056 # GETS hits
   hGETX: 1746255 # GETX hits
   mGETS: 9485 # GETS misses
   mGETXIM: 557 # GETX I->M misses
   mGETXSM: 8 # GETX S->M misses (upgrade misses)
   PUTS: 1608411 # Clean evictions (from lower level)
   PUTX: 1803409 # Dirty evictions (from lower level)
   INV: 8520 # Invalidates (from upper level)
   INVX: 76 # Downgrades (from upper level)
   FWD: 0 # Forwards (from upper level)
   latGETnl: 228558 # GET request latency on next level
   latGETnet: 0 # GET request latency on network to next level
  l2-5: # Cache stats
   hGETS: 1668848 # GETS hits
   hGETX: 1787681 # GETX hits
   mGETS: 9343 # GETS misses
   mGETXIM: 552 # GETX I->M misses
   mGETXSM: 6 # GETX S->M misses (upgrade misses)
   PUTS: 1613132 # Clean evictions (from lower level)
   PUTX: 1844829 # Dirty evictions (from lower level)
   INV: 8486 # Invalidates (from upper level)
   INVX: 141 # Downgrades (from upper level)
   FWD: 0 # Forwards (from upper level)
   latGETnl: 224797 # GET request latency on next level
   latGETnet: 0 # GET request latency on network to next level
 l3: # Cache stats
  l3-0: # Cache stats
   hGETS: 46921 # GETS hits
   hGETX: 11976 # GETX hits
   mGETS: 1312 # GETS misses
   mGETXIM: 3363 # GETX I->M misses
   mGETXSM: 0 # GETX S->M misses (upgrade misses)
   PUTS: 0 # Clean evictions (from lower level)
   PUTX: 0 # Dirty evictions (from lower level)
   INV: 0 # Invalidates (from upper level)
   INVX: 0 # Downgrades (from upper level)
   FWD: 0 # Forwards (from upper level)
   latGETnl: 224400 # GET request latency on next level
   latGETnet: 0 # GET request latency on network to next level
 mem: # Memory controller stats
  mem-0: # Memory controller stats
   rd: 2332 # Read requests
   wr: 0 # Write requests
   rdlat: 342518 # Total latency experienced by read requests
   wrlat: 0 # Total latency experienced by write requests
   rdhits: 252 # Read row hits
   wrhits: 0 # Write row hits
   mlh: # latency histogram for memory requests
    0: 0
    1: 0
    2: 0
    3: 0
    4: 0
    5: 0
    6: 1
    7: 1130
    8: 229
    9: 97
    10: 50
    11: 36
    12: 26
    13: 47
    14: 132
    15: 29
    16: 74
    17: 25
    18: 18
    19: 8
    20: 11
    21: 15
    22: 15
    23: 10
    24: 8
    25: 15
    26: 14
    27: 12
    28: 20
    29: 16
    30: 18
    31: 15
    32: 14
    33: 4
    34: 7
    35: 7
    36: 11
    37: 14
    38: 9
    39: 6
    40: 8
    41: 6
    42: 13
    43: 12
    44: 10
    45: 14
    46: 18
    47: 14
    48: 21
    49: 6
    50: 11
    51: 9
    52: 1
    53: 12
    54: 13
    55: 9
    56: 1
    57: 3
    58: 3
    59: 2
    60: 0
    61: 0
    62: 1
    63: 1
    64: 0
    65: 1
    66: 0
    67: 0
    68: 0
    69: 0
    70: 0
    71: 0
    72: 0
    73: 0
    74: 0
    75: 0
    76: 0
    77: 0
    78: 0
    79: 0
    80: 0
    81: 0
    82: 0
    83: 0
    84: 0
    85: 0
    86: 0
    87: 0
    88: 0
    89: 0
    90: 0
    91: 0
    92: 0
    93: 0
    94: 0
    95: 0
    96: 0
    97: 0
    98: 0
    99: 0
  mem-1: # Memory controller stats
   rd: 2343 # Read requests
   wr: 0 # Write requests
   rdlat: 391358 # Total latency experienced by read requests
   wrlat: 0 # Total latency experienced by write requests
   rdhits: 266 # Read row hits
   wrhits: 0 # Write row hits
   mlh: # latency histogram for memory requests
    0: 0
    1: 0
    2: 0
    3: 0
    4: 0
    5: 0
    6: 4
    7: 1179
    8: 191
    9: 95
    10: 46
    11: 28
    12: 31
    13: 28
    14: 40
    15: 15
    16: 43
    17: 24
    18: 11
    19: 5
    20: 10
    21: 6
    22: 5
    23: 16
    24: 5
    25: 15
    26: 10
    27: 26
    28: 18
    29: 13
    30: 20
    31: 18
    32: 47
    33: 13
    34: 21
    35: 18
    36: 21
    37: 21
    38: 9
    39: 16
    40: 12
    41: 16
    42: 15
    43: 18
    44: 20
    45: 15
    46: 24
    47: 9
    48: 27
    49: 15
    50: 26
    51: 12
    52: 2
    53: 2
    54: 14
    55: 9
    56: 12
    57: 5
    58: 5
    59: 8
    60: 1
    61: 3
    62: 1
    63: 4
    64: 0
    65: 0
    66: 0
    67: 0
    68: 0
    69: 0
    70: 0
    71: 0
    72: 0
    73: 0
    74: 0
    75: 0
    76: 0
    77: 0
    78: 0
    79: 0
    80: 0
    81: 0
    82: 0
    83: 0
    84: 0
    85: 0
    86: 0
    87: 0
    88: 0
    89: 0
    90: 0
    91: 0
    92: 0
    93: 0
    94: 0
    95: 0
    96: 0
    97: 0
    98: 0
    99: 0
 sched: # Scheduler stats
  thCr: 6 # Threads created
  thFn: 0 # Threads finished
  schedEvs: 6 # Schedule events
  waitEvs: 0 # Wait events
  handoffEvs: 0 # Handoff events
  sleepEvs: 0 # Sleep events
  idlePhases: 0 # Phases with no thread active
  idlePeriods: 0 # Periods with no thread active
  occHist: # Occupancy histogram
   0: 0
   1: 2
   2: 0
   3: 0
   4: 0
   5: 0
   6: 55912
  rqSzHist: # Run queue size histogram
   0: 55914
   1: 0
   2: 0
   3: 0
   4: 0
   5: 0
   6: 0
   7: 0
   8: 0
   9: 0
   10: 0
   11: 0
   12: 0
   13: 0
   14: 0
   15: 0
   16: 0
 procCycles: # Per-process unhalted core cycles
  0: 3354740037
  1: 0
  2: 0
  3: 0
  4: 0
  5: 0
  6: 0
  7: 0
  8: 0
  9: 0
  10: 0
  11: 0
  12: 0
  13: 0
  14: 0
  15: 0
  16: 0
  17: 0
  18: 0
  19: 0
  20: 0
  21: 0
  22: 0
  23: 0
  24: 0
  25: 0
  26: 0
  27: 0
  28: 0
  29: 0
  30: 0
  31: 0
  32: 0
  33: 0
  34: 0
  35: 0
  36: 0
  37: 0
  38: 0
  39: 0
  40: 0
  41: 0
  42: 0
  43: 0
  44: 0
  45: 0
  46: 0
  47: 0
  48: 0
  49: 0
  50: 0
  51: 0
  52: 0
  53: 0
  54: 0
  55: 0
  56: 0
  57: 0
  58: 0
  59: 0
  60: 0
  61: 0
  62: 0
  63: 0
 procInstrs: # Per-process instructions
  0: 5000006883
  1: 0
  2: 0
  3: 0
  4: 0
  5: 0
  6: 0
  7: 0
  8: 0
  9: 0
  10: 0
  11: 0
  12: 0
  13: 0
  14: 0
  15: 0
  16: 0
  17: 0
  18: 0
  19: 0
  20: 0
  21: 0
  22: 0
  23: 0
  24: 0
  25: 0
  26: 0
  27: 0
  28: 0
  29: 0
  30: 0
  31: 0
  32: 0
  33: 0
  34: 0
  35: 0
  36: 0
  37: 0
  38: 0
  39: 0
  40: 0
  41: 0
  42: 0
  43: 0
  44: 0
  45: 0
  46: 0
  47: 0
  48: 0
  49: 0
  50: 0
  51: 0
  52: 0
  53: 0
  54: 0
  55: 0
  56: 0
  57: 0
  58: 0
  59: 0
  60: 0
  61: 0
  62: 0
  63: 0
 heartbeats: # Per-process heartbeats
  0: 0
  1: 0
  2: 0
  3: 0
  4: 0
  5: 0
  6: 0
  7: 0
  8: 0
  9: 0
  10: 0
  11: 0
  12: 0
  13: 0
  14: 0
  15: 0
  16: 0
  17: 0
  18: 0
  19: 0
  20: 0
  21: 0
  22: 0
  23: 0
  24: 0
  25: 0
  26: 0
  27: 0
  28: 0
  29: 0
  30: 0
  31: 0
  32: 0
  33: 0
  34: 0
  35: 0
  36: 0
  37: 0
  38: 0
  39: 0
  40: 0
  41: 0
  42: 0
  43: 0
  44: 0
  45: 0
  46: 0
  47: 0
  48: 0
  49: 0
  50: 0
  51: 0
  52: 0
  53: 0
  54: 0
  55: 0
  56: 0
  57: 0
  58: 0
  59: 0
  60: 0
  61: 0
  62: 0
  63: 0
===
