# zsim stats
===
root: # Stats
 contention: # Contention simulation stats
  domain-0: # Domain stats
   time: 3713580226 # Weave simulation time
 time: # Simulator time breakdown
  init: 11888584668
  bound: 271556369678
  weave: 9404399621
  ff: 0
 trigger: 20000 # Reason for this stats dump
 phase: 56425 # Simulated phases
 core: # Core stats
  core-0: # Core stats
   cycles: 564250150 # Simulated unhalted cycles
   cCycles: 15714148 # Cycles due to contention stalls
   instrs: 714369162 # Simulated instructions
   uops: 840893101 # Retired micro-ops
   bbls: 90070588 # Basic blocks
   approxInstrs: 12189308 # Instrs with approx uop decoding
   mispredBranches: 135190 # Mispredicted branches
  core-1: # Core stats
   cycles: 564228808 # Simulated unhalted cycles
   cCycles: 15254119 # Cycles due to contention stalls
   instrs: 714993668 # Simulated instructions
   uops: 841626082 # Retired micro-ops
   bbls: 90147622 # Basic blocks
   approxInstrs: 12200234 # Instrs with approx uop decoding
   mispredBranches: 133734 # Mispredicted branches
  core-2: # Core stats
   cycles: 564221120 # Simulated unhalted cycles
   cCycles: 16157555 # Cycles due to contention stalls
   instrs: 713779071 # Simulated instructions
   uops: 840196550 # Retired micro-ops
   bbls: 89994179 # Basic blocks
   approxInstrs: 12179492 # Instrs with approx uop decoding
   mispredBranches: 134902 # Mispredicted branches
  core-3: # Core stats
   cycles: 564220843 # Simulated unhalted cycles
   cCycles: 15632751 # Cycles due to contention stalls
   instrs: 714468017 # Simulated instructions
   uops: 841007540 # Retired micro-ops
   bbls: 90081088 # Basic blocks
   approxInstrs: 12191291 # Instrs with approx uop decoding
   mispredBranches: 135043 # Mispredicted branches
  core-4: # Core stats
   cycles: 564221067 # Simulated unhalted cycles
   cCycles: 15948547 # Cycles due to contention stalls
   instrs: 714055168 # Simulated instructions
   uops: 840521535 # Retired micro-ops
   bbls: 90028972 # Basic blocks
   approxInstrs: 12184186 # Instrs with approx uop decoding
   mispredBranches: 134944 # Mispredicted branches
  core-5: # Core stats
   cycles: 564220933 # Simulated unhalted cycles
   cCycles: 15549100 # Cycles due to contention stalls
   instrs: 714572066 # Simulated instructions
   uops: 841129991 # Retired micro-ops
   bbls: 90094165 # Basic blocks
   approxInstrs: 12193013 # Instrs with approx uop decoding
   mispredBranches: 135087 # Mispredicted branches
  core-6: # Core stats
   cycles: 564220945 # Simulated unhalted cycles
   cCycles: 16148432 # Cycles due to contention stalls
   instrs: 713787749 # Simulated instructions
   uops: 840206796 # Retired micro-ops
   bbls: 89995303 # Basic blocks
   approxInstrs: 12179678 # Instrs with approx uop decoding
   mispredBranches: 134936 # Mispredicted branches
 l1i: # Cache stats
  l1i-0: # Filter cache stats
   fhGETS: 109163635 # Filtered GETS hits
   fhGETX: 0 # Filtered GETX hits
   hGETS: 6048109 # GETS hits
   hGETX: 0 # GETX hits
   mGETS: 212 # GETS misses
   mGETXIM: 0 # GETX I->M misses
   mGETXSM: 0 # GETX S->M misses (upgrade misses)
   PUTS: 0 # Clean evictions (from lower level)
   PUTX: 0 # Dirty evictions (from lower level)
   INV: 106 # Invalidates (from upper level)
   INVX: 0 # Downgrades (from upper level)
   FWD: 0 # Forwards (from upper level)
   latGETnl: 15041 # GET request latency on next level
   latGETnet: 0 # GET request latency on network to next level
  l1i-1: # Filter cache stats
   fhGETS: 109250320 # Filtered GETS hits
   fhGETX: 0 # Filtered GETX hits
   hGETS: 6053056 # GETS hits
   hGETX: 0 # GETX hits
   mGETS: 111 # GETS misses
   mGETXIM: 0 # GETX I->M misses
   mGETXSM: 0 # GETX S->M misses (upgrade misses)
   PUTS: 0 # Clean evictions (from lower level)
   PUTX: 0 # Dirty evictions (from lower level)
   INV: 1 # Invalidates (from upper level)
   INVX: 0 # Downgrades (from upper level)
   FWD: 0 # Forwards (from upper level)
   latGETnl: 3750 # GET request latency on next level
   latGETnet: 0 # GET request latency on network to next level
  l1i-2: # Filter cache stats
   fhGETS: 109071603 # Filtered GETS hits
   fhGETX: 0 # Filtered GETX hits
   hGETS: 6042765 # GETS hits
   hGETX: 0 # GETX hits
   mGETS: 62 # GETS misses
   mGETXIM: 0 # GETX I->M misses
   mGETXSM: 0 # GETX S->M misses (upgrade misses)
   PUTS: 0 # Clean evictions (from lower level)
   PUTX: 0 # Dirty evictions (from lower level)
   INV: 0 # Invalidates (from upper level)
   INVX: 0 # Downgrades (from upper level)
   FWD: 0 # Forwards (from upper level)
   latGETnl: 1804 # GET request latency on next level
   latGETnet: 0 # GET request latency on network to next level
  l1i-3: # Filter cache stats
   fhGETS: 109176974 # Filtered GETS hits
   fhGETX: 0 # Filtered GETX hits
   hGETS: 6048598 # GETS hits
   hGETX: 0 # GETX hits
   mGETS: 63 # GETS misses
   mGETXIM: 0 # GETX I->M misses
   mGETXSM: 0 # GETX S->M misses (upgrade misses)
   PUTS: 0 # Clean evictions (from lower level)
   PUTX: 0 # Dirty evictions (from lower level)
   INV: 0 # Invalidates (from upper level)
   INVX: 0 # Downgrades (from upper level)
   FWD: 0 # Forwards (from upper level)
   latGETnl: 1782 # GET request latency on next level
   latGETnet: 0 # GET request latency on network to next level
  l1i-4: # Filter cache stats
   fhGETS: 109113731 # Filtered GETS hits
   fhGETX: 0 # Filtered GETX hits
   hGETS: 6045099 # GETS hits
   hGETX: 0 # GETX hits
   mGETS: 64 # GETS misses
   mGETXIM: 0 # GETX I->M misses
   mGETXSM: 0 # GETX S->M misses (upgrade misses)
   PUTS: 0 # Clean evictions (from lower level)
   PUTX: 0 # Dirty evictions (from lower level)
   INV: 0 # Invalidates (from upper level)
   INVX: 0 # Downgrades (from upper level)
   FWD: 0 # Forwards (from upper level)
   latGETnl: 1664 # GET request latency on next level
   latGETnet: 0 # GET request latency on network to next level
  l1i-5: # Filter cache stats
   fhGETS: 109192904 # Filtered GETS hits
   fhGETX: 0 # Filtered GETX hits
   hGETS: 6049535 # GETS hits
   hGETX: 0 # GETX hits
   mGETS: 63 # GETS misses
   mGETXIM: 0 # GETX I->M misses
   mGETXSM: 0 # GETX S->M misses (upgrade misses)
   PUTS: 0 # Clean evictions (from lower level)
   PUTX: 0 # Dirty evictions (from lower level)
   INV: 0 # Invalidates (from upper level)
   INVX: 0 # Downgrades (from upper level)
   FWD: 0 # Forwards (from upper level)
   latGETnl: 1638 # GET request latency on next level
   latGETnet: 0 # GET request latency on network to next level
  l1i-6: # Filter cache stats
   fhGETS: 109073076 # Filtered GETS hits
   fhGETX: 0 # Filtered GETX hits
   hGETS: 6042877 # GETS hits
   hGETX: 0 # GETX hits
   mGETS: 65 # GETS misses
   mGETXIM: 0 # GETX I->M misses
   mGETXSM: 0 # GETX S->M misses (upgrade misses)
   PUTS: 0 # Clean evictions (from lower level)
   PUTX: 0 # Dirty evictions (from lower level)
   INV: 0 # Invalidates (from upper level)
   INVX: 0 # Downgrades (from upper level)
   FWD: 0 # Forwards (from upper level)
   latGETnl: 1738 # GET request latency on next level
   latGETnet: 0 # GET request latency on network to next level
 l1d: # Cache stats
  l1d-0: # Filter cache stats
   fhGETS: 151404402 # Filtered GETS hits
   fhGETX: 58159206 # Filtered GETX hits
   hGETS: 7091969 # GETS hits
   hGETX: 251909 # GETX hits
   mGETS: 483612 # GETS misses
   mGETXIM: 132 # GETX I->M misses
   mGETXSM: 3 # GETX S->M misses (upgrade misses)
   PUTS: 0 # Clean evictions (from lower level)
   PUTX: 0 # Dirty evictions (from lower level)
   INV: 53 # Invalidates (from upper level)
   INVX: 120 # Downgrades (from upper level)
   FWD: 0 # Forwards (from upper level)
   latGETnl: 34804270 # GET request latency on next level
   latGETnet: 0 # GET request latency on network to next level
  l1d-1: # Filter cache stats
   fhGETS: 151324320 # Filtered GETS hits
   fhGETX: 57970340 # Filtered GETX hits
   hGETS: 7309339 # GETS hits
   hGETX: 490058 # GETX hits
   mGETS: 485126 # GETS misses
   mGETXIM: 26 # GETX I->M misses
   mGETXSM: 5 # GETX S->M misses (upgrade misses)
   PUTS: 0 # Clean evictions (from lower level)
   PUTX: 0 # Dirty evictions (from lower level)
   INV: 38 # Invalidates (from upper level)
   INVX: 47 # Downgrades (from upper level)
   FWD: 0 # Forwards (from upper level)
   latGETnl: 34829086 # GET request latency on next level
   latGETnet: 0 # GET request latency on network to next level
  l1d-2: # Filter cache stats
   fhGETS: 151066099 # Filtered GETS hits
   fhGETX: 57871819 # Filtered GETX hits
   hGETS: 7297978 # GETS hits
   hGETX: 489169 # GETX hits
   mGETS: 484122 # GETS misses
   mGETXIM: 39 # GETX I->M misses
   mGETXSM: 3 # GETX S->M misses (upgrade misses)
   PUTS: 0 # Clean evictions (from lower level)
   PUTX: 0 # Dirty evictions (from lower level)
   INV: 36 # Invalidates (from upper level)
   INVX: 42 # Downgrades (from upper level)
   FWD: 0 # Forwards (from upper level)
   latGETnl: 34763428 # GET request latency on next level
   latGETnet: 0 # GET request latency on network to next level
  l1d-3: # Filter cache stats
   fhGETS: 151212572 # Filtered GETS hits
   fhGETX: 57927717 # Filtered GETX hits
   hGETS: 7304301 # GETS hits
   hGETX: 489620 # GETX hits
   mGETS: 484665 # GETS misses
   mGETXIM: 21 # GETX I->M misses
   mGETXSM: 3 # GETX S->M misses (upgrade misses)
   PUTS: 0 # Clean evictions (from lower level)
   PUTX: 0 # Dirty evictions (from lower level)
   INV: 36 # Invalidates (from upper level)
   INVX: 69 # Downgrades (from upper level)
   FWD: 0 # Forwards (from upper level)
   latGETnl: 34798224 # GET request latency on next level
   latGETnet: 0 # GET request latency on network to next level
  l1d-4: # Filter cache stats
   fhGETS: 151125304 # Filtered GETS hits
   fhGETX: 57894282 # Filtered GETX hits
   hGETS: 7299994 # GETS hits
   hGETX: 489306 # GETX hits
   mGETS: 484334 # GETS misses
   mGETXIM: 19 # GETX I->M misses
   mGETXSM: 3 # GETX S->M misses (upgrade misses)
   PUTS: 0 # Clean evictions (from lower level)
   PUTX: 0 # Dirty evictions (from lower level)
   INV: 36 # Invalidates (from upper level)
   INVX: 25 # Downgrades (from upper level)
   FWD: 0 # Forwards (from upper level)
   latGETnl: 34776261 # GET request latency on next level
   latGETnet: 0 # GET request latency on network to next level
  l1d-5: # Filter cache stats
   fhGETS: 151233679 # Filtered GETS hits
   fhGETX: 57936153 # Filtered GETX hits
   hGETS: 7306266 # GETS hits
   hGETX: 489681 # GETX hits
   mGETS: 484718 # GETS misses
   mGETXIM: 42 # GETX I->M misses
   mGETXSM: 3 # GETX S->M misses (upgrade misses)
   PUTS: 0 # Clean evictions (from lower level)
   PUTX: 0 # Dirty evictions (from lower level)
   INV: 35 # Invalidates (from upper level)
   INVX: 22 # Downgrades (from upper level)
   FWD: 0 # Forwards (from upper level)
   latGETnl: 34801595 # GET request latency on next level
   latGETnet: 0 # GET request latency on network to next level
  l1d-6: # Filter cache stats
   fhGETS: 151068997 # Filtered GETS hits
   fhGETX: 57872614 # Filtered GETX hits
   hGETS: 7297000 # GETS hits
   hGETX: 489084 # GETX hits
   mGETS: 484153 # GETS misses
   mGETXIM: 37 # GETX I->M misses
   mGETXSM: 3 # GETX S->M misses (upgrade misses)
   PUTS: 0 # Clean evictions (from lower level)
   PUTX: 0 # Dirty evictions (from lower level)
   INV: 36 # Invalidates (from upper level)
   INVX: 25 # Downgrades (from upper level)
   FWD: 0 # Forwards (from upper level)
   latGETnl: 34763040 # GET request latency on next level
   latGETnet: 0 # GET request latency on network to next level
 l2: # Cache stats
  l2-0: # Cache stats
   hGETS: 15135 # GETS hits
   hGETX: 5 # GETX hits
   mGETS: 468689 # GETS misses
   mGETXIM: 127 # GETX I->M misses
   mGETXSM: 3 # GETX S->M misses (upgrade misses)
   PUTS: 483076 # Clean evictions (from lower level)
   PUTX: 113 # Dirty evictions (from lower level)
   INV: 76694 # Invalidates (from upper level)
   INVX: 134 # Downgrades (from upper level)
   FWD: 0 # Forwards (from upper level)
   latGETnl: 30463680 # GET request latency on next level
   latGETnet: 0 # GET request latency on network to next level
  l2-1: # Cache stats
   hGETS: 16308 # GETS hits
   hGETX: 0 # GETX hits
   mGETS: 468929 # GETS misses
   mGETXIM: 26 # GETX I->M misses
   mGETXSM: 5 # GETX S->M misses (upgrade misses)
   PUTS: 484583 # Clean evictions (from lower level)
   PUTX: 19 # Dirty evictions (from lower level)
   INV: 4606 # Invalidates (from upper level)
   INVX: 55 # Downgrades (from upper level)
   FWD: 0 # Forwards (from upper level)
   latGETnl: 30465424 # GET request latency on next level
   latGETnet: 0 # GET request latency on network to next level
  l2-2: # Cache stats
   hGETS: 16230 # GETS hits
   hGETX: 0 # GETX hits
   mGETS: 467954 # GETS misses
   mGETXIM: 39 # GETX I->M misses
   mGETXSM: 3 # GETX S->M misses (upgrade misses)
   PUTS: 483606 # Clean evictions (from lower level)
   PUTX: 7 # Dirty evictions (from lower level)
   INV: 2716 # Invalidates (from upper level)
   INVX: 42 # Downgrades (from upper level)
   FWD: 0 # Forwards (from upper level)
   latGETnl: 30407198 # GET request latency on next level
   latGETnet: 0 # GET request latency on network to next level
  l2-3: # Cache stats
   hGETS: 16309 # GETS hits
   hGETX: 0 # GETX hits
   mGETS: 468419 # GETS misses
   mGETXIM: 21 # GETX I->M misses
   mGETXSM: 3 # GETX S->M misses (upgrade misses)
   PUTS: 484131 # Clean evictions (from lower level)
   PUTX: 7 # Dirty evictions (from lower level)
   INV: 33154 # Invalidates (from upper level)
   INVX: 72 # Downgrades (from upper level)
   FWD: 0 # Forwards (from upper level)
   latGETnl: 30437238 # GET request latency on next level
   latGETnet: 0 # GET request latency on network to next level
  l2-4: # Cache stats
   hGETS: 16236 # GETS hits
   hGETX: 0 # GETX hits
   mGETS: 468162 # GETS misses
   mGETXIM: 19 # GETX I->M misses
   mGETXSM: 3 # GETX S->M misses (upgrade misses)
   PUTS: 483798 # Clean evictions (from lower level)
   PUTX: 7 # Dirty evictions (from lower level)
   INV: 818 # Invalidates (from upper level)
   INVX: 25 # Downgrades (from upper level)
   FWD: 0 # Forwards (from upper level)
   latGETnl: 30418145 # GET request latency on next level
   latGETnet: 0 # GET request latency on network to next level
  l2-5: # Cache stats
   hGETS: 16308 # GETS hits
   hGETX: 0 # GETX hits
   mGETS: 468473 # GETS misses
   mGETXIM: 42 # GETX I->M misses
   mGETXSM: 3 # GETX S->M misses (upgrade misses)
   PUTS: 484205 # Clean evictions (from lower level)
   PUTX: 8 # Dirty evictions (from lower level)
   INV: 1177 # Invalidates (from upper level)
   INVX: 27 # Downgrades (from upper level)
   FWD: 0 # Forwards (from upper level)
   latGETnl: 30439799 # GET request latency on next level
   latGETnet: 0 # GET request latency on network to next level
  l2-6: # Cache stats
   hGETS: 16258 # GETS hits
   hGETX: 0 # GETX hits
   mGETS: 467960 # GETS misses
   mGETXIM: 37 # GETX I->M misses
   mGETXSM: 3 # GETX S->M misses (upgrade misses)
   PUTS: 483635 # Clean evictions (from lower level)
   PUTX: 7 # Dirty evictions (from lower level)
   INV: 1816 # Invalidates (from upper level)
   INVX: 25 # Downgrades (from upper level)
   FWD: 0 # Forwards (from upper level)
   latGETnl: 30406456 # GET request latency on next level
   latGETnet: 0 # GET request latency on network to next level
 l3: # Cache stats
  l3-0: # Cache stats
   hGETS: 1978 # GETS hits
   hGETX: 48 # GETX hits
   mGETS: 3276608 # GETS misses
   mGETXIM: 286 # GETX I->M misses
   mGETXSM: 0 # GETX S->M misses (upgrade misses)
   PUTS: 3043167 # Clean evictions (from lower level)
   PUTX: 141 # Dirty evictions (from lower level)
   INV: 0 # Invalidates (from upper level)
   INVX: 0 # Downgrades (from upper level)
   FWD: 0 # Forwards (from upper level)
   latGETnl: 157290912 # GET request latency on next level
   latGETnet: 0 # GET request latency on network to next level
 mem: # Memory controller stats
  mem-0: # Memory controller stats
   rd: 1638497 # Read requests
   wr: 236 # Write requests
   rdlat: 226455785 # Total latency experienced by read requests
   wrlat: 66284 # Total latency experienced by write requests
   rdhits: 12 # Read row hits
   wrhits: 0 # Write row hits
   mlh: # latency histogram for memory requests
    0: 0
    1: 0
    2: 0
    3: 0
    4: 0
    5: 0
    6: 0
    7: 295095
    8: 146358
    9: 271156
    10: 117945
    11: 39152
    12: 8805
    13: 6779
    14: 5109
    15: 5129
    16: 286880
    17: 219819
    18: 13210
    19: 7873
    20: 6689
    21: 6365
    22: 5895
    23: 6071
    24: 132993
    25: 11901
    26: 5772
    27: 4627
    28: 4038
    29: 3760
    30: 3128
    31: 2637
    32: 2890
    33: 3209
    34: 2700
    35: 2106
    36: 1763
    37: 1478
    38: 872
    39: 485
    40: 416
    41: 1849
    42: 1014
    43: 599
    44: 514
    45: 531
    46: 227
    47: 143
    48: 94
    49: 94
    50: 91
    51: 76
    52: 47
    53: 32
    54: 29
    55: 18
    56: 13
    57: 10
    58: 7
    59: 1
    60: 1
    61: 0
    62: 1
    63: 0
    64: 0
    65: 0
    66: 0
    67: 1
    68: 0
    69: 0
    70: 0
    71: 0
    72: 0
    73: 0
    74: 0
    75: 0
    76: 0
    77: 0
    78: 0
    79: 0
    80: 0
    81: 0
    82: 0
    83: 0
    84: 0
    85: 0
    86: 0
    87: 0
    88: 0
    89: 0
    90: 0
    91: 0
    92: 0
    93: 0
    94: 0
    95: 0
    96: 0
    97: 0
    98: 0
    99: 0
  mem-1: # Memory controller stats
   rd: 1638397 # Read requests
   wr: 151 # Write requests
   rdlat: 226547285 # Total latency experienced by read requests
   wrlat: 45352 # Total latency experienced by write requests
   rdhits: 14 # Read row hits
   wrhits: 0 # Write row hits
   mlh: # latency histogram for memory requests
    0: 0
    1: 0
    2: 0
    3: 0
    4: 0
    5: 0
    6: 0
    7: 294925
    8: 146654
    9: 270750
    10: 118063
    11: 39008
    12: 8833
    13: 6725
    14: 5234
    15: 5047
    16: 286931
    17: 219630
    18: 13052
    19: 8020
    20: 6709
    21: 6314
    22: 6005
    23: 5890
    24: 132837
    25: 11798
    26: 5859
    27: 4695
    28: 4190
    29: 3813
    30: 3219
    31: 2552
    32: 2843
    33: 3292
    34: 2778
    35: 2164
    36: 1752
    37: 1469
    38: 896
    39: 492
    40: 440
    41: 1840
    42: 1070
    43: 592
    44: 563
    45: 570
    46: 232
    47: 123
    48: 106
    49: 80
    50: 92
    51: 78
    52: 44
    53: 37
    54: 26
    55: 21
    56: 13
    57: 7
    58: 6
    59: 5
    60: 5
    61: 5
    62: 2
    63: 0
    64: 0
    65: 0
    66: 0
    67: 0
    68: 1
    69: 0
    70: 0
    71: 0
    72: 0
    73: 0
    74: 0
    75: 0
    76: 0
    77: 0
    78: 0
    79: 0
    80: 0
    81: 0
    82: 0
    83: 0
    84: 0
    85: 0
    86: 0
    87: 0
    88: 0
    89: 0
    90: 0
    91: 0
    92: 0
    93: 0
    94: 0
    95: 0
    96: 0
    97: 0
    98: 0
    99: 0
 sched: # Scheduler stats
  thCr: 7 # Threads created
  thFn: 0 # Threads finished
  schedEvs: 7 # Schedule events
  waitEvs: 0 # Wait events
  handoffEvs: 0 # Handoff events
  sleepEvs: 0 # Sleep events
  idlePhases: 0 # Phases with no thread active
  idlePeriods: 0 # Periods with no thread active
  occHist: # Occupancy histogram
   0: 0
   1: 2
   2: 0
   3: 0
   4: 0
   5: 0
   6: 0
   7: 56423
  rqSzHist: # Run queue size histogram
   0: 56425
   1: 0
   2: 0
   3: 0
   4: 0
   5: 0
   6: 0
   7: 0
   8: 0
   9: 0
   10: 0
   11: 0
   12: 0
   13: 0
   14: 0
   15: 0
   16: 0
 procCycles: # Per-process unhalted core cycles
  0: 3949583866
  1: 0
  2: 0
  3: 0
  4: 0
  5: 0
  6: 0
  7: 0
  8: 0
  9: 0
  10: 0
  11: 0
  12: 0
  13: 0
  14: 0
  15: 0
  16: 0
  17: 0
  18: 0
  19: 0
  20: 0
  21: 0
  22: 0
  23: 0
  24: 0
  25: 0
  26: 0
  27: 0
  28: 0
  29: 0
  30: 0
  31: 0
  32: 0
  33: 0
  34: 0
  35: 0
  36: 0
  37: 0
  38: 0
  39: 0
  40: 0
  41: 0
  42: 0
  43: 0
  44: 0
  45: 0
  46: 0
  47: 0
  48: 0
  49: 0
  50: 0
  51: 0
  52: 0
  53: 0
  54: 0
  55: 0
  56: 0
  57: 0
  58: 0
  59: 0
  60: 0
  61: 0
  62: 0
  63: 0
 procInstrs: # Per-process instructions
  0: 5000024901
  1: 0
  2: 0
  3: 0
  4: 0
  5: 0
  6: 0
  7: 0
  8: 0
  9: 0
  10: 0
  11: 0
  12: 0
  13: 0
  14: 0
  15: 0
  16: 0
  17: 0
  18: 0
  19: 0
  20: 0
  21: 0
  22: 0
  23: 0
  24: 0
  25: 0
  26: 0
  27: 0
  28: 0
  29: 0
  30: 0
  31: 0
  32: 0
  33: 0
  34: 0
  35: 0
  36: 0
  37: 0
  38: 0
  39: 0
  40: 0
  41: 0
  42: 0
  43: 0
  44: 0
  45: 0
  46: 0
  47: 0
  48: 0
  49: 0
  50: 0
  51: 0
  52: 0
  53: 0
  54: 0
  55: 0
  56: 0
  57: 0
  58: 0
  59: 0
  60: 0
  61: 0
  62: 0
  63: 0
 heartbeats: # Per-process heartbeats
  0: 0
  1: 0
  2: 0
  3: 0
  4: 0
  5: 0
  6: 0
  7: 0
  8: 0
  9: 0
  10: 0
  11: 0
  12: 0
  13: 0
  14: 0
  15: 0
  16: 0
  17: 0
  18: 0
  19: 0
  20: 0
  21: 0
  22: 0
  23: 0
  24: 0
  25: 0
  26: 0
  27: 0
  28: 0
  29: 0
  30: 0
  31: 0
  32: 0
  33: 0
  34: 0
  35: 0
  36: 0
  37: 0
  38: 0
  39: 0
  40: 0
  41: 0
  42: 0
  43: 0
  44: 0
  45: 0
  46: 0
  47: 0
  48: 0
  49: 0
  50: 0
  51: 0
  52: 0
  53: 0
  54: 0
  55: 0
  56: 0
  57: 0
  58: 0
  59: 0
  60: 0
  61: 0
  62: 0
  63: 0
===
