# zsim stats
===
root: # Stats
 contention: # Contention simulation stats
  domain-0: # Domain stats
   time: 4990216926 # Weave simulation time
 time: # Simulator time breakdown
  init: 11822421314
  bound: 270875193228
  weave: 26273507338
  ff: 0
 trigger: 20000 # Reason for this stats dump
 phase: 197043 # Simulated phases
 core: # Core stats
  core-0: # Core stats
   cycles: 1970430404 # Simulated unhalted cycles
   cCycles: 50855494 # Cycles due to contention stalls
   instrs: 2499424276 # Simulated instructions
   uops: 2942097304 # Retired micro-ops
   bbls: 315131401 # Basic blocks
   approxInstrs: 42648529 # Instrs with approx uop decoding
   mispredBranches: 472006 # Mispredicted branches
  core-1: # Core stats
   cycles: 1970410400 # Simulated unhalted cycles
   cCycles: 50748227 # Cycles due to contention stalls
   instrs: 2500581708 # Simulated instructions
   uops: 2943459630 # Retired micro-ops
   bbls: 315276836 # Basic blocks
   approxInstrs: 42668321 # Instrs with approx uop decoding
   mispredBranches: 472141 # Mispredicted branches
 l1i: # Cache stats
  l1i-0: # Filter cache stats
   fhGETS: 381932631 # Filtered GETS hits
   fhGETX: 0 # Filtered GETX hits
   hGETS: 21159445 # GETS hits
   hGETX: 0 # GETX hits
   mGETS: 194 # GETS misses
   mGETXIM: 0 # GETX I->M misses
   mGETXSM: 0 # GETX S->M misses (upgrade misses)
   PUTS: 0 # Clean evictions (from lower level)
   PUTX: 0 # Dirty evictions (from lower level)
   INV: 0 # Invalidates (from upper level)
   INVX: 0 # Downgrades (from upper level)
   FWD: 0 # Forwards (from upper level)
   latGETnl: 12640 # GET request latency on next level
   latGETnet: 0 # GET request latency on network to next level
  l1i-1: # Filter cache stats
   fhGETS: 382108912 # Filtered GETS hits
   fhGETX: 0 # Filtered GETX hits
   hGETS: 21169219 # GETS hits
   hGETX: 0 # GETX hits
   mGETS: 109 # GETS misses
   mGETXIM: 0 # GETX I->M misses
   mGETXSM: 0 # GETX S->M misses (upgrade misses)
   PUTS: 0 # Clean evictions (from lower level)
   PUTX: 0 # Dirty evictions (from lower level)
   INV: 0 # Invalidates (from upper level)
   INVX: 0 # Downgrades (from upper level)
   FWD: 0 # Forwards (from upper level)
   latGETnl: 4933 # GET request latency on next level
   latGETnet: 0 # GET request latency on network to next level
 l1d: # Cache stats
  l1d-0: # Filter cache stats
   fhGETS: 529135996 # Filtered GETS hits
   fhGETX: 203027042 # Filtered GETX hits
   hGETS: 25403734 # GETS hits
   hGETX: 1334891 # GETX hits
   mGETS: 1695994 # GETS misses
   mGETXIM: 33 # GETX I->M misses
   mGETXSM: 1 # GETX S->M misses (upgrade misses)
   PUTS: 0 # Clean evictions (from lower level)
   PUTX: 0 # Dirty evictions (from lower level)
   INV: 9 # Invalidates (from upper level)
   INVX: 225 # Downgrades (from upper level)
   FWD: 0 # Forwards (from upper level)
   latGETnl: 120033142 # GET request latency on next level
   latGETnet: 0 # GET request latency on network to next level
  l1d-1: # Filter cache stats
   fhGETS: 529231579 # Filtered GETS hits
   fhGETX: 202742482 # Filtered GETX hits
   hGETS: 25565897 # GETS hits
   hGETX: 1713771 # GETX hits
   mGETS: 1695641 # GETS misses
   mGETXIM: 19 # GETX I->M misses
   mGETXSM: 5 # GETX S->M misses (upgrade misses)
   PUTS: 0 # Clean evictions (from lower level)
   PUTX: 0 # Dirty evictions (from lower level)
   INV: 1 # Invalidates (from upper level)
   INVX: 78 # Downgrades (from upper level)
   FWD: 0 # Forwards (from upper level)
   latGETnl: 120069640 # GET request latency on next level
   latGETnet: 0 # GET request latency on network to next level
 l2: # Cache stats
  l2-0: # Cache stats
   hGETS: 58060 # GETS hits
   hGETX: 0 # GETX hits
   mGETS: 1638128 # GETS misses
   mGETXIM: 33 # GETX I->M misses
   mGETXSM: 1 # GETX S->M misses (upgrade misses)
   PUTS: 1695476 # Clean evictions (from lower level)
   PUTX: 34 # Dirty evictions (from lower level)
   INV: 9 # Invalidates (from upper level)
   INVX: 227 # Downgrades (from upper level)
   FWD: 0 # Forwards (from upper level)
   latGETnl: 106476006 # GET request latency on next level
   latGETnet: 0 # GET request latency on network to next level
  l2-1: # Cache stats
   hGETS: 57001 # GETS hits
   hGETX: 0 # GETX hits
   mGETS: 1638749 # GETS misses
   mGETXIM: 19 # GETX I->M misses
   mGETXSM: 5 # GETX S->M misses (upgrade misses)
   PUTS: 1695125 # Clean evictions (from lower level)
   PUTX: 22 # Dirty evictions (from lower level)
   INV: 1 # Invalidates (from upper level)
   INVX: 78 # Downgrades (from upper level)
   FWD: 0 # Forwards (from upper level)
   latGETnl: 106508381 # GET request latency on next level
   latGETnet: 0 # GET request latency on network to next level
 l3: # Cache stats
  l3-0: # Cache stats
   hGETS: 410 # GETS hits
   hGETX: 10 # GETX hits
   mGETS: 3276467 # GETS misses
   mGETXIM: 48 # GETX I->M misses
   mGETXSM: 0 # GETX S->M misses (upgrade misses)
   PUTS: 3260479 # Clean evictions (from lower level)
   PUTX: 56 # Dirty evictions (from lower level)
   INV: 0 # Invalidates (from upper level)
   INVX: 0 # Downgrades (from upper level)
   FWD: 0 # Forwards (from upper level)
   latGETnl: 157272720 # GET request latency on next level
   latGETnet: 0 # GET request latency on network to next level
 mem: # Memory controller stats
  mem-0: # Memory controller stats
   rd: 1638257 # Read requests
   wr: 29 # Write requests
   rdlat: 215598167 # Total latency experienced by read requests
   wrlat: 8964 # Total latency experienced by write requests
   rdhits: 3 # Read row hits
   wrhits: 0 # Write row hits
   mlh: # latency histogram for memory requests
    0: 0
    1: 0
    2: 0
    3: 0
    4: 0
    5: 0
    6: 1
    7: 308742
    8: 148006
    9: 299535
    10: 138072
    11: 36646
    12: 1353
    13: 908
    14: 690
    15: 683
    16: 320183
    17: 226802
    18: 2123
    19: 1129
    20: 875
    21: 899
    22: 908
    23: 950
    24: 131598
    25: 1529
    26: 1068
    27: 1019
    28: 1069
    29: 845
    30: 710
    31: 546
    32: 1314
    33: 1708
    34: 1449
    35: 1047
    36: 1009
    37: 865
    38: 398
    39: 95
    40: 96
    41: 1547
    42: 677
    43: 370
    44: 368
    45: 339
    46: 77
    47: 2
    48: 3
    49: 3
    50: 0
    51: 1
    52: 0
    53: 0
    54: 0
    55: 0
    56: 0
    57: 0
    58: 0
    59: 0
    60: 0
    61: 0
    62: 0
    63: 0
    64: 0
    65: 0
    66: 0
    67: 0
    68: 0
    69: 0
    70: 0
    71: 0
    72: 0
    73: 0
    74: 0
    75: 0
    76: 0
    77: 0
    78: 0
    79: 0
    80: 0
    81: 0
    82: 0
    83: 0
    84: 0
    85: 0
    86: 0
    87: 0
    88: 0
    89: 0
    90: 0
    91: 0
    92: 0
    93: 0
    94: 0
    95: 0
    96: 0
    97: 0
    98: 0
    99: 0
  mem-1: # Memory controller stats
   rd: 1638258 # Read requests
   wr: 31 # Write requests
   rdlat: 215662744 # Total latency experienced by read requests
   wrlat: 9315 # Total latency experienced by write requests
   rdhits: 2 # Read row hits
   wrhits: 0 # Write row hits
   mlh: # latency histogram for memory requests
    0: 0
    1: 0
    2: 0
    3: 0
    4: 0
    5: 0
    6: 0
    7: 308616
    8: 147408
    9: 300192
    10: 138259
    11: 36584
    12: 1376
    13: 933
    14: 689
    15: 651
    16: 320021
    17: 226663
    18: 2055
    19: 1132
    20: 878
    21: 889
    22: 905
    23: 914
    24: 131638
    25: 1515
    26: 1001
    27: 1010
    28: 1023
    29: 927
    30: 749
    31: 564
    32: 1331
    33: 1817
    34: 1407
    35: 1010
    36: 1051
    37: 967
    38: 454
    39: 95
    40: 117
    41: 1571
    42: 706
    43: 342
    44: 348
    45: 375
    46: 71
    47: 2
    48: 1
    49: 1
    50: 0
    51: 0
    52: 0
    53: 0
    54: 0
    55: 0
    56: 0
    57: 0
    58: 0
    59: 0
    60: 0
    61: 0
    62: 0
    63: 0
    64: 0
    65: 0
    66: 0
    67: 0
    68: 0
    69: 0
    70: 0
    71: 0
    72: 0
    73: 0
    74: 0
    75: 0
    76: 0
    77: 0
    78: 0
    79: 0
    80: 0
    81: 0
    82: 0
    83: 0
    84: 0
    85: 0
    86: 0
    87: 0
    88: 0
    89: 0
    90: 0
    91: 0
    92: 0
    93: 0
    94: 0
    95: 0
    96: 0
    97: 0
    98: 0
    99: 0
 sched: # Scheduler stats
  thCr: 2 # Threads created
  thFn: 0 # Threads finished
  schedEvs: 2 # Schedule events
  waitEvs: 0 # Wait events
  handoffEvs: 0 # Handoff events
  sleepEvs: 0 # Sleep events
  idlePhases: 0 # Phases with no thread active
  idlePeriods: 0 # Periods with no thread active
  occHist: # Occupancy histogram
   0: 0
   1: 2
   2: 197041
  rqSzHist: # Run queue size histogram
   0: 197043
   1: 0
   2: 0
   3: 0
   4: 0
   5: 0
   6: 0
   7: 0
   8: 0
   9: 0
   10: 0
   11: 0
   12: 0
   13: 0
   14: 0
   15: 0
   16: 0
 procCycles: # Per-process unhalted core cycles
  0: 3940840804
  1: 0
  2: 0
  3: 0
  4: 0
  5: 0
  6: 0
  7: 0
  8: 0
  9: 0
  10: 0
  11: 0
  12: 0
  13: 0
  14: 0
  15: 0
  16: 0
  17: 0
  18: 0
  19: 0
  20: 0
  21: 0
  22: 0
  23: 0
  24: 0
  25: 0
  26: 0
  27: 0
  28: 0
  29: 0
  30: 0
  31: 0
  32: 0
  33: 0
  34: 0
  35: 0
  36: 0
  37: 0
  38: 0
  39: 0
  40: 0
  41: 0
  42: 0
  43: 0
  44: 0
  45: 0
  46: 0
  47: 0
  48: 0
  49: 0
  50: 0
  51: 0
  52: 0
  53: 0
  54: 0
  55: 0
  56: 0
  57: 0
  58: 0
  59: 0
  60: 0
  61: 0
  62: 0
  63: 0
 procInstrs: # Per-process instructions
  0: 5000005984
  1: 0
  2: 0
  3: 0
  4: 0
  5: 0
  6: 0
  7: 0
  8: 0
  9: 0
  10: 0
  11: 0
  12: 0
  13: 0
  14: 0
  15: 0
  16: 0
  17: 0
  18: 0
  19: 0
  20: 0
  21: 0
  22: 0
  23: 0
  24: 0
  25: 0
  26: 0
  27: 0
  28: 0
  29: 0
  30: 0
  31: 0
  32: 0
  33: 0
  34: 0
  35: 0
  36: 0
  37: 0
  38: 0
  39: 0
  40: 0
  41: 0
  42: 0
  43: 0
  44: 0
  45: 0
  46: 0
  47: 0
  48: 0
  49: 0
  50: 0
  51: 0
  52: 0
  53: 0
  54: 0
  55: 0
  56: 0
  57: 0
  58: 0
  59: 0
  60: 0
  61: 0
  62: 0
  63: 0
 heartbeats: # Per-process heartbeats
  0: 0
  1: 0
  2: 0
  3: 0
  4: 0
  5: 0
  6: 0
  7: 0
  8: 0
  9: 0
  10: 0
  11: 0
  12: 0
  13: 0
  14: 0
  15: 0
  16: 0
  17: 0
  18: 0
  19: 0
  20: 0
  21: 0
  22: 0
  23: 0
  24: 0
  25: 0
  26: 0
  27: 0
  28: 0
  29: 0
  30: 0
  31: 0
  32: 0
  33: 0
  34: 0
  35: 0
  36: 0
  37: 0
  38: 0
  39: 0
  40: 0
  41: 0
  42: 0
  43: 0
  44: 0
  45: 0
  46: 0
  47: 0
  48: 0
  49: 0
  50: 0
  51: 0
  52: 0
  53: 0
  54: 0
  55: 0
  56: 0
  57: 0
  58: 0
  59: 0
  60: 0
  61: 0
  62: 0
  63: 0
===
