# zsim stats
===
root: # Stats
 contention: # Contention simulation stats
  domain-0: # Domain stats
   time: 2559053538 # Weave simulation time
 time: # Simulator time breakdown
  init: 11774979370
  bound: 74923417502
  weave: 6446047546
  ff: 0
 trigger: 20000 # Reason for this stats dump
 phase: 41141 # Simulated phases
 core: # Core stats
  core-0: # Core stats
   cycles: 411410335 # Simulated unhalted cycles
   cCycles: 8004051 # Cycles due to contention stalls
   instrs: 384629794 # Simulated instructions
  core-1: # Core stats
   cycles: 411352670 # Simulated unhalted cycles
   cCycles: 7991103 # Cycles due to contention stalls
   instrs: 384619853 # Simulated instructions
  core-2: # Core stats
   cycles: 411347570 # Simulated unhalted cycles
   cCycles: 7990314 # Cycles due to contention stalls
   instrs: 384618565 # Simulated instructions
  core-3: # Core stats
   cycles: 411341974 # Simulated unhalted cycles
   cCycles: 7989424 # Cycles due to contention stalls
   instrs: 384617608 # Simulated instructions
  core-4: # Core stats
   cycles: 411341822 # Simulated unhalted cycles
   cCycles: 7990251 # Cycles due to contention stalls
   instrs: 384616571 # Simulated instructions
  core-5: # Core stats
   cycles: 411341826 # Simulated unhalted cycles
   cCycles: 7989148 # Cycles due to contention stalls
   instrs: 384617364 # Simulated instructions
  core-6: # Core stats
   cycles: 411342188 # Simulated unhalted cycles
   cCycles: 7990454 # Cycles due to contention stalls
   instrs: 384615856 # Simulated instructions
  core-7: # Core stats
   cycles: 411341920 # Simulated unhalted cycles
   cCycles: 7989186 # Cycles due to contention stalls
   instrs: 384617036 # Simulated instructions
  core-8: # Core stats
   cycles: 411341929 # Simulated unhalted cycles
   cCycles: 7989125 # Cycles due to contention stalls
   instrs: 384617710 # Simulated instructions
  core-9: # Core stats
   cycles: 411341861 # Simulated unhalted cycles
   cCycles: 7988695 # Cycles due to contention stalls
   instrs: 384617583 # Simulated instructions
  core-10: # Core stats
   cycles: 411341843 # Simulated unhalted cycles
   cCycles: 7989876 # Cycles due to contention stalls
   instrs: 384615597 # Simulated instructions
  core-11: # Core stats
   cycles: 411342083 # Simulated unhalted cycles
   cCycles: 7991887 # Cycles due to contention stalls
   instrs: 384613605 # Simulated instructions
  core-12: # Core stats
   cycles: 411340152 # Simulated unhalted cycles
   cCycles: 7989333 # Cycles due to contention stalls
   instrs: 384610778 # Simulated instructions
 l1i: # Cache stats
  l1i-0: # Filter cache stats
   fhGETS: 58437966 # Filtered GETS hits
   fhGETX: 0 # Filtered GETX hits
   hGETS: 3232228 # GETS hits
   hGETX: 0 # GETX hits
   mGETS: 147 # GETS misses
   mGETXIM: 0 # GETX I->M misses
   mGETXSM: 0 # GETX S->M misses (upgrade misses)
   PUTS: 0 # Clean evictions (from lower level)
   PUTX: 0 # Dirty evictions (from lower level)
   INV: 75 # Invalidates (from upper level)
   INVX: 0 # Downgrades (from upper level)
   FWD: 0 # Forwards (from upper level)
   latGETnl: 9918 # GET request latency on next level
   latGETnet: 0 # GET request latency on network to next level
  l1i-1: # Filter cache stats
   fhGETS: 58434146 # Filtered GETS hits
   fhGETX: 0 # Filtered GETX hits
   hGETS: 3231851 # GETS hits
   hGETX: 0 # GETX hits
   mGETS: 83 # GETS misses
   mGETXIM: 0 # GETX I->M misses
   mGETXSM: 0 # GETX S->M misses (upgrade misses)
   PUTS: 0 # Clean evictions (from lower level)
   PUTX: 0 # Dirty evictions (from lower level)
   INV: 0 # Invalidates (from upper level)
   INVX: 0 # Downgrades (from upper level)
   FWD: 0 # Forwards (from upper level)
   latGETnl: 2734 # GET request latency on next level
   latGETnet: 0 # GET request latency on network to next level
  l1i-2: # Filter cache stats
   fhGETS: 58433869 # Filtered GETS hits
   fhGETX: 0 # Filtered GETX hits
   hGETS: 3231850 # GETS hits
   hGETX: 0 # GETX hits
   mGETS: 82 # GETS misses
   mGETXIM: 0 # GETX I->M misses
   mGETXSM: 0 # GETX S->M misses (upgrade misses)
   PUTS: 0 # Clean evictions (from lower level)
   PUTX: 0 # Dirty evictions (from lower level)
   INV: 0 # Invalidates (from upper level)
   INVX: 0 # Downgrades (from upper level)
   FWD: 0 # Forwards (from upper level)
   latGETnl: 2324 # GET request latency on next level
   latGETnet: 0 # GET request latency on network to next level
  l1i-3: # Filter cache stats
   fhGETS: 58433779 # Filtered GETS hits
   fhGETX: 0 # Filtered GETX hits
   hGETS: 3231822 # GETS hits
   hGETX: 0 # GETX hits
   mGETS: 44 # GETS misses
   mGETXIM: 0 # GETX I->M misses
   mGETXSM: 0 # GETX S->M misses (upgrade misses)
   PUTS: 0 # Clean evictions (from lower level)
   PUTX: 0 # Dirty evictions (from lower level)
   INV: 0 # Invalidates (from upper level)
   INVX: 0 # Downgrades (from upper level)
   FWD: 0 # Forwards (from upper level)
   latGETnl: 1144 # GET request latency on next level
   latGETnet: 0 # GET request latency on network to next level
  l1i-4: # Filter cache stats
   fhGETS: 58433533 # Filtered GETS hits
   fhGETX: 0 # Filtered GETX hits
   hGETS: 3231858 # GETS hits
   hGETX: 0 # GETX hits
   mGETS: 44 # GETS misses
   mGETXIM: 0 # GETX I->M misses
   mGETXSM: 0 # GETX S->M misses (upgrade misses)
   PUTS: 0 # Clean evictions (from lower level)
   PUTX: 0 # Dirty evictions (from lower level)
   INV: 0 # Invalidates (from upper level)
   INVX: 0 # Downgrades (from upper level)
   FWD: 0 # Forwards (from upper level)
   latGETnl: 1144 # GET request latency on next level
   latGETnet: 0 # GET request latency on network to next level
  l1i-5: # Filter cache stats
   fhGETS: 58433704 # Filtered GETS hits
   fhGETX: 0 # Filtered GETX hits
   hGETS: 3231834 # GETS hits
   hGETX: 0 # GETX hits
   mGETS: 44 # GETS misses
   mGETXIM: 0 # GETX I->M misses
   mGETXSM: 0 # GETX S->M misses (upgrade misses)
   PUTS: 0 # Clean evictions (from lower level)
   PUTX: 0 # Dirty evictions (from lower level)
   INV: 0 # Invalidates (from upper level)
   INVX: 0 # Downgrades (from upper level)
   FWD: 0 # Forwards (from upper level)
   latGETnl: 1144 # GET request latency on next level
   latGETnet: 0 # GET request latency on network to next level
  l1i-6: # Filter cache stats
   fhGETS: 58433442 # Filtered GETS hits
   fhGETX: 0 # Filtered GETX hits
   hGETS: 3231828 # GETS hits
   hGETX: 0 # GETX hits
   mGETS: 44 # GETS misses
   mGETXIM: 0 # GETX I->M misses
   mGETXSM: 0 # GETX S->M misses (upgrade misses)
   PUTS: 0 # Clean evictions (from lower level)
   PUTX: 0 # Dirty evictions (from lower level)
   INV: 0 # Invalidates (from upper level)
   INVX: 0 # Downgrades (from upper level)
   FWD: 0 # Forwards (from upper level)
   latGETnl: 1144 # GET request latency on next level
   latGETnet: 0 # GET request latency on network to next level
  l1i-7: # Filter cache stats
   fhGETS: 58433616 # Filtered GETS hits
   fhGETX: 0 # Filtered GETX hits
   hGETS: 3231867 # GETS hits
   hGETX: 0 # GETX hits
   mGETS: 44 # GETS misses
   mGETXIM: 0 # GETX I->M misses
   mGETXSM: 0 # GETX S->M misses (upgrade misses)
   PUTS: 0 # Clean evictions (from lower level)
   PUTX: 0 # Dirty evictions (from lower level)
   INV: 0 # Invalidates (from upper level)
   INVX: 0 # Downgrades (from upper level)
   FWD: 0 # Forwards (from upper level)
   latGETnl: 1144 # GET request latency on next level
   latGETnet: 0 # GET request latency on network to next level
  l1i-8: # Filter cache stats
   fhGETS: 58433763 # Filtered GETS hits
   fhGETX: 0 # Filtered GETX hits
   hGETS: 3231843 # GETS hits
   hGETX: 0 # GETX hits
   mGETS: 44 # GETS misses
   mGETXIM: 0 # GETX I->M misses
   mGETXSM: 0 # GETX S->M misses (upgrade misses)
   PUTS: 0 # Clean evictions (from lower level)
   PUTX: 0 # Dirty evictions (from lower level)
   INV: 0 # Invalidates (from upper level)
   INVX: 0 # Downgrades (from upper level)
   FWD: 0 # Forwards (from upper level)
   latGETnl: 1144 # GET request latency on next level
   latGETnet: 0 # GET request latency on network to next level
  l1i-9: # Filter cache stats
   fhGETS: 58433747 # Filtered GETS hits
   fhGETX: 0 # Filtered GETX hits
   hGETS: 3231828 # GETS hits
   hGETX: 0 # GETX hits
   mGETS: 44 # GETS misses
   mGETXIM: 0 # GETX I->M misses
   mGETXSM: 0 # GETX S->M misses (upgrade misses)
   PUTS: 0 # Clean evictions (from lower level)
   PUTX: 0 # Dirty evictions (from lower level)
   INV: 0 # Invalidates (from upper level)
   INVX: 0 # Downgrades (from upper level)
   FWD: 0 # Forwards (from upper level)
   latGETnl: 1144 # GET request latency on next level
   latGETnet: 0 # GET request latency on network to next level
  l1i-10: # Filter cache stats
   fhGETS: 58433388 # Filtered GETS hits
   fhGETX: 0 # Filtered GETX hits
   hGETS: 3231834 # GETS hits
   hGETX: 0 # GETX hits
   mGETS: 44 # GETS misses
   mGETXIM: 0 # GETX I->M misses
   mGETXSM: 0 # GETX S->M misses (upgrade misses)
   PUTS: 0 # Clean evictions (from lower level)
   PUTX: 0 # Dirty evictions (from lower level)
   INV: 0 # Invalidates (from upper level)
   INVX: 0 # Downgrades (from upper level)
   FWD: 0 # Forwards (from upper level)
   latGETnl: 1144 # GET request latency on next level
   latGETnet: 0 # GET request latency on network to next level
  l1i-11: # Filter cache stats
   fhGETS: 58433143 # Filtered GETS hits
   fhGETX: 0 # Filtered GETX hits
   hGETS: 3231807 # GETS hits
   hGETX: 0 # GETX hits
   mGETS: 44 # GETS misses
   mGETXIM: 0 # GETX I->M misses
   mGETXSM: 0 # GETX S->M misses (upgrade misses)
   PUTS: 0 # Clean evictions (from lower level)
   PUTX: 0 # Dirty evictions (from lower level)
   INV: 0 # Invalidates (from upper level)
   INVX: 0 # Downgrades (from upper level)
   FWD: 0 # Forwards (from upper level)
   latGETnl: 1144 # GET request latency on next level
   latGETnet: 0 # GET request latency on network to next level
  l1i-12: # Filter cache stats
   fhGETS: 58432765 # Filtered GETS hits
   fhGETX: 0 # Filtered GETX hits
   hGETS: 3231780 # GETS hits
   hGETX: 0 # GETX hits
   mGETS: 83 # GETS misses
   mGETXIM: 0 # GETX I->M misses
   mGETXSM: 0 # GETX S->M misses (upgrade misses)
   PUTS: 0 # Clean evictions (from lower level)
   PUTX: 0 # Dirty evictions (from lower level)
   INV: 1 # Invalidates (from upper level)
   INVX: 0 # Downgrades (from upper level)
   FWD: 0 # Forwards (from upper level)
   latGETnl: 2926 # GET request latency on next level
   latGETnet: 0 # GET request latency on network to next level
 l1d: # Cache stats
  l1d-0: # Filter cache stats
   fhGETS: 80684474 # Filtered GETS hits
   fhGETX: 30473473 # Filtered GETX hits
   hGETS: 4652345 # GETS hits
   hGETX: 978487 # GETX hits
   mGETS: 260786 # GETS misses
   mGETXIM: 256 # GETX I->M misses
   mGETXSM: 7 # GETX S->M misses (upgrade misses)
   PUTS: 0 # Clean evictions (from lower level)
   PUTX: 0 # Dirty evictions (from lower level)
   INV: 162 # Invalidates (from upper level)
   INVX: 130 # Downgrades (from upper level)
   FWD: 0 # Forwards (from upper level)
   latGETnl: 18766572 # GET request latency on next level
   latGETnet: 0 # GET request latency on network to next level
  l1d-1: # Filter cache stats
   fhGETS: 81517398 # Filtered GETS hits
   fhGETX: 31312292 # Filtered GETX hits
   hGETS: 3817624 # GETS hits
   hGETX: 135592 # GETX hits
   mGETS: 260511 # GETS misses
   mGETXIM: 46 # GETX I->M misses
   mGETXSM: 5 # GETX S->M misses (upgrade misses)
   PUTS: 0 # Clean evictions (from lower level)
   PUTX: 0 # Dirty evictions (from lower level)
   INV: 77 # Invalidates (from upper level)
   INVX: 26 # Downgrades (from upper level)
   FWD: 0 # Forwards (from upper level)
   latGETnl: 18738980 # GET request latency on next level
   latGETnet: 0 # GET request latency on network to next level
  l1d-2: # Filter cache stats
   fhGETS: 81516950 # Filtered GETS hits
   fhGETX: 31312198 # Filtered GETX hits
   hGETS: 3817696 # GETS hits
   hGETX: 135509 # GETX hits
   mGETS: 260471 # GETS misses
   mGETXIM: 55 # GETX I->M misses
   mGETXSM: 5 # GETX S->M misses (upgrade misses)
   PUTS: 0 # Clean evictions (from lower level)
   PUTX: 0 # Dirty evictions (from lower level)
   INV: 77 # Invalidates (from upper level)
   INVX: 14 # Downgrades (from upper level)
   FWD: 0 # Forwards (from upper level)
   latGETnl: 18736367 # GET request latency on next level
   latGETnet: 0 # GET request latency on network to next level
  l1d-3: # Filter cache stats
   fhGETS: 81516985 # Filtered GETS hits
   fhGETX: 31312154 # Filtered GETX hits
   hGETS: 3817460 # GETS hits
   hGETX: 135474 # GETX hits
   mGETS: 260414 # GETS misses
   mGETXIM: 44 # GETX I->M misses
   mGETXSM: 3 # GETX S->M misses (upgrade misses)
   PUTS: 0 # Clean evictions (from lower level)
   PUTX: 0 # Dirty evictions (from lower level)
   INV: 76 # Invalidates (from upper level)
   INVX: 13 # Downgrades (from upper level)
   FWD: 0 # Forwards (from upper level)
   latGETnl: 18733798 # GET request latency on next level
   latGETnet: 0 # GET request latency on network to next level
  l1d-4: # Filter cache stats
   fhGETS: 81516654 # Filtered GETS hits
   fhGETX: 31311905 # Filtered GETX hits
   hGETS: 3817556 # GETS hits
   hGETX: 135625 # GETX hits
   mGETS: 260418 # GETS misses
   mGETXIM: 41 # GETX I->M misses
   mGETXSM: 3 # GETX S->M misses (upgrade misses)
   PUTS: 0 # Clean evictions (from lower level)
   PUTX: 0 # Dirty evictions (from lower level)
   INV: 76 # Invalidates (from upper level)
   INVX: 17 # Downgrades (from upper level)
   FWD: 0 # Forwards (from upper level)
   latGETnl: 18733856 # GET request latency on next level
   latGETnet: 0 # GET request latency on network to next level
  l1d-5: # Filter cache stats
   fhGETS: 81516855 # Filtered GETS hits
   fhGETX: 31312113 # Filtered GETX hits
   hGETS: 3817516 # GETS hits
   hGETX: 135484 # GETX hits
   mGETS: 260422 # GETS misses
   mGETXIM: 52 # GETX I->M misses
   mGETXSM: 3 # GETX S->M misses (upgrade misses)
   PUTS: 0 # Clean evictions (from lower level)
   PUTX: 0 # Dirty evictions (from lower level)
   INV: 76 # Invalidates (from upper level)
   INVX: 21 # Downgrades (from upper level)
   FWD: 0 # Forwards (from upper level)
   latGETnl: 18734170 # GET request latency on next level
   latGETnet: 0 # GET request latency on network to next level
  l1d-6: # Filter cache stats
   fhGETS: 81516289 # Filtered GETS hits
   fhGETX: 31311926 # Filtered GETX hits
   hGETS: 3817727 # GETS hits
   hGETX: 135562 # GETX hits
   mGETS: 260437 # GETS misses
   mGETXIM: 41 # GETX I->M misses
   mGETXSM: 3 # GETX S->M misses (upgrade misses)
   PUTS: 0 # Clean evictions (from lower level)
   PUTX: 0 # Dirty evictions (from lower level)
   INV: 76 # Invalidates (from upper level)
   INVX: 32 # Downgrades (from upper level)
   FWD: 0 # Forwards (from upper level)
   latGETnl: 18734734 # GET request latency on next level
   latGETnet: 0 # GET request latency on network to next level
  l1d-7: # Filter cache stats
   fhGETS: 81516983 # Filtered GETS hits
   fhGETX: 31312041 # Filtered GETX hits
   hGETS: 3817349 # GETS hits
   hGETX: 135518 # GETX hits
   mGETS: 260417 # GETS misses
   mGETXIM: 46 # GETX I->M misses
   mGETXSM: 3 # GETX S->M misses (upgrade misses)
   PUTS: 0 # Clean evictions (from lower level)
   PUTX: 0 # Dirty evictions (from lower level)
   INV: 79 # Invalidates (from upper level)
   INVX: 35 # Downgrades (from upper level)
   FWD: 0 # Forwards (from upper level)
   latGETnl: 18734554 # GET request latency on next level
   latGETnet: 0 # GET request latency on network to next level
  l1d-8: # Filter cache stats
   fhGETS: 81517031 # Filtered GETS hits
   fhGETX: 31312159 # Filtered GETX hits
   hGETS: 3817433 # GETS hits
   hGETX: 135468 # GETX hits
   mGETS: 260424 # GETS misses
   mGETXIM: 46 # GETX I->M misses
   mGETXSM: 3 # GETX S->M misses (upgrade misses)
   PUTS: 0 # Clean evictions (from lower level)
   PUTX: 0 # Dirty evictions (from lower level)
   INV: 79 # Invalidates (from upper level)
   INVX: 23 # Downgrades (from upper level)
   FWD: 0 # Forwards (from upper level)
   latGETnl: 18733950 # GET request latency on next level
   latGETnet: 0 # GET request latency on network to next level
  l1d-9: # Filter cache stats
   fhGETS: 81516810 # Filtered GETS hits
   fhGETX: 31311999 # Filtered GETX hits
   hGETS: 3817606 # GETS hits
   hGETX: 135625 # GETX hits
   mGETS: 260424 # GETS misses
   mGETXIM: 48 # GETX I->M misses
   mGETXSM: 3 # GETX S->M misses (upgrade misses)
   PUTS: 0 # Clean evictions (from lower level)
   PUTX: 0 # Dirty evictions (from lower level)
   INV: 79 # Invalidates (from upper level)
   INVX: 24 # Downgrades (from upper level)
   FWD: 0 # Forwards (from upper level)
   latGETnl: 18734439 # GET request latency on next level
   latGETnet: 0 # GET request latency on network to next level
  l1d-10: # Filter cache stats
   fhGETS: 81516402 # Filtered GETS hits
   fhGETX: 31311979 # Filtered GETX hits
   hGETS: 3817554 # GETS hits
   hGETX: 135479 # GETX hits
   mGETS: 260433 # GETS misses
   mGETXIM: 47 # GETX I->M misses
   mGETXSM: 3 # GETX S->M misses (upgrade misses)
   PUTS: 0 # Clean evictions (from lower level)
   PUTX: 0 # Dirty evictions (from lower level)
   INV: 79 # Invalidates (from upper level)
   INVX: 37 # Downgrades (from upper level)
   FWD: 0 # Forwards (from upper level)
   latGETnl: 18735226 # GET request latency on next level
   latGETnet: 0 # GET request latency on network to next level
  l1d-11: # Filter cache stats
   fhGETS: 81516123 # Filtered GETS hits
   fhGETX: 31311728 # Filtered GETX hits
   hGETS: 3817421 # GETS hits
   hGETX: 135566 # GETX hits
   mGETS: 260426 # GETS misses
   mGETXIM: 43 # GETX I->M misses
   mGETXSM: 3 # GETX S->M misses (upgrade misses)
   PUTS: 0 # Clean evictions (from lower level)
   PUTX: 0 # Dirty evictions (from lower level)
   INV: 79 # Invalidates (from upper level)
   INVX: 48 # Downgrades (from upper level)
   FWD: 0 # Forwards (from upper level)
   latGETnl: 18735447 # GET request latency on next level
   latGETnet: 0 # GET request latency on network to next level
  l1d-12: # Filter cache stats
   fhGETS: 81515733 # Filtered GETS hits
   fhGETX: 31311602 # Filtered GETX hits
   hGETS: 3817296 # GETS hits
   hGETX: 135536 # GETX hits
   mGETS: 260496 # GETS misses
   mGETXIM: 54 # GETX I->M misses
   mGETXSM: 4 # GETX S->M misses (upgrade misses)
   PUTS: 0 # Clean evictions (from lower level)
   PUTX: 0 # Dirty evictions (from lower level)
   INV: 78 # Invalidates (from upper level)
   INVX: 21 # Downgrades (from upper level)
   FWD: 0 # Forwards (from upper level)
   latGETnl: 18737115 # GET request latency on next level
   latGETnet: 0 # GET request latency on network to next level
 l2: # Cache stats
  l2-0: # Cache stats
   hGETS: 8311 # GETS hits
   hGETX: 0 # GETX hits
   mGETS: 252622 # GETS misses
   mGETXIM: 256 # GETX I->M misses
   mGETXSM: 7 # GETX S->M misses (upgrade misses)
   PUTS: 260220 # Clean evictions (from lower level)
   PUTX: 148 # Dirty evictions (from lower level)
   INV: 242438 # Invalidates (from upper level)
   INVX: 139 # Downgrades (from upper level)
   FWD: 0 # Forwards (from upper level)
   latGETnl: 16425726 # GET request latency on next level
   latGETnet: 0 # GET request latency on network to next level
  l2-1: # Cache stats
   hGETS: 8145 # GETS hits
   hGETX: 0 # GETX hits
   mGETS: 252449 # GETS misses
   mGETXIM: 46 # GETX I->M misses
   mGETXSM: 5 # GETX S->M misses (upgrade misses)
   PUTS: 259952 # Clean evictions (from lower level)
   PUTX: 16 # Dirty evictions (from lower level)
   INV: 242294 # Invalidates (from upper level)
   INVX: 26 # Downgrades (from upper level)
   FWD: 0 # Forwards (from upper level)
   latGETnl: 16395909 # GET request latency on next level
   latGETnet: 0 # GET request latency on network to next level
  l2-2: # Cache stats
   hGETS: 8152 # GETS hits
   hGETX: 0 # GETX hits
   mGETS: 252401 # GETS misses
   mGETXIM: 55 # GETX I->M misses
   mGETXSM: 5 # GETX S->M misses (upgrade misses)
   PUTS: 259918 # Clean evictions (from lower level)
   PUTX: 19 # Dirty evictions (from lower level)
   INV: 242321 # Invalidates (from upper level)
   INVX: 14 # Downgrades (from upper level)
   FWD: 0 # Forwards (from upper level)
   latGETnl: 16393174 # GET request latency on next level
   latGETnet: 0 # GET request latency on network to next level
  l2-3: # Cache stats
   hGETS: 8137 # GETS hits
   hGETX: 0 # GETX hits
   mGETS: 252321 # GETS misses
   mGETXIM: 44 # GETX I->M misses
   mGETXSM: 3 # GETX S->M misses (upgrade misses)
   PUTS: 259863 # Clean evictions (from lower level)
   PUTX: 7 # Dirty evictions (from lower level)
   INV: 242194 # Invalidates (from upper level)
   INVX: 13 # Downgrades (from upper level)
   FWD: 0 # Forwards (from upper level)
   latGETnl: 16390397 # GET request latency on next level
   latGETnet: 0 # GET request latency on network to next level
  l2-4: # Cache stats
   hGETS: 8138 # GETS hits
   hGETX: 0 # GETX hits
   mGETS: 252324 # GETS misses
   mGETXIM: 41 # GETX I->M misses
   mGETXSM: 3 # GETX S->M misses (upgrade misses)
   PUTS: 259864 # Clean evictions (from lower level)
   PUTX: 7 # Dirty evictions (from lower level)
   INV: 241998 # Invalidates (from upper level)
   INVX: 17 # Downgrades (from upper level)
   FWD: 0 # Forwards (from upper level)
   latGETnl: 16390446 # GET request latency on next level
   latGETnet: 0 # GET request latency on network to next level
  l2-5: # Cache stats
   hGETS: 8153 # GETS hits
   hGETX: 0 # GETX hits
   mGETS: 252313 # GETS misses
   mGETXIM: 52 # GETX I->M misses
   mGETXSM: 3 # GETX S->M misses (upgrade misses)
   PUTS: 259879 # Clean evictions (from lower level)
   PUTX: 7 # Dirty evictions (from lower level)
   INV: 241907 # Invalidates (from upper level)
   INVX: 21 # Downgrades (from upper level)
   FWD: 0 # Forwards (from upper level)
   latGETnl: 16390625 # GET request latency on next level
   latGETnet: 0 # GET request latency on network to next level
  l2-6: # Cache stats
   hGETS: 8157 # GETS hits
   hGETX: 0 # GETX hits
   mGETS: 252324 # GETS misses
   mGETXIM: 41 # GETX I->M misses
   mGETXSM: 3 # GETX S->M misses (upgrade misses)
   PUTS: 259883 # Clean evictions (from lower level)
   PUTX: 7 # Dirty evictions (from lower level)
   INV: 242103 # Invalidates (from upper level)
   INVX: 32 # Downgrades (from upper level)
   FWD: 0 # Forwards (from upper level)
   latGETnl: 16391153 # GET request latency on next level
   latGETnet: 0 # GET request latency on network to next level
  l2-7: # Cache stats
   hGETS: 8149 # GETS hits
   hGETX: 0 # GETX hits
   mGETS: 252312 # GETS misses
   mGETXIM: 46 # GETX I->M misses
   mGETXSM: 3 # GETX S->M misses (upgrade misses)
   PUTS: 259865 # Clean evictions (from lower level)
   PUTX: 7 # Dirty evictions (from lower level)
   INV: 242048 # Invalidates (from upper level)
   INVX: 35 # Downgrades (from upper level)
   FWD: 0 # Forwards (from upper level)
   latGETnl: 16391108 # GET request latency on next level
   latGETnet: 0 # GET request latency on network to next level
  l2-8: # Cache stats
   hGETS: 8156 # GETS hits
   hGETX: 0 # GETX hits
   mGETS: 252312 # GETS misses
   mGETXIM: 46 # GETX I->M misses
   mGETXSM: 3 # GETX S->M misses (upgrade misses)
   PUTS: 259872 # Clean evictions (from lower level)
   PUTX: 7 # Dirty evictions (from lower level)
   INV: 242097 # Invalidates (from upper level)
   INVX: 23 # Downgrades (from upper level)
   FWD: 0 # Forwards (from upper level)
   latGETnl: 16390441 # GET request latency on next level
   latGETnet: 0 # GET request latency on network to next level
  l2-9: # Cache stats
   hGETS: 8148 # GETS hits
   hGETX: 0 # GETX hits
   mGETS: 252320 # GETS misses
   mGETXIM: 48 # GETX I->M misses
   mGETXSM: 3 # GETX S->M misses (upgrade misses)
   PUTS: 259874 # Clean evictions (from lower level)
   PUTX: 7 # Dirty evictions (from lower level)
   INV: 242042 # Invalidates (from upper level)
   INVX: 24 # Downgrades (from upper level)
   FWD: 0 # Forwards (from upper level)
   latGETnl: 16390912 # GET request latency on next level
   latGETnet: 0 # GET request latency on network to next level
  l2-10: # Cache stats
   hGETS: 8156 # GETS hits
   hGETX: 0 # GETX hits
   mGETS: 252321 # GETS misses
   mGETXIM: 47 # GETX I->M misses
   mGETXSM: 3 # GETX S->M misses (upgrade misses)
   PUTS: 259882 # Clean evictions (from lower level)
   PUTX: 7 # Dirty evictions (from lower level)
   INV: 241763 # Invalidates (from upper level)
   INVX: 37 # Downgrades (from upper level)
   FWD: 0 # Forwards (from upper level)
   latGETnl: 16391627 # GET request latency on next level
   latGETnet: 0 # GET request latency on network to next level
  l2-11: # Cache stats
   hGETS: 8145 # GETS hits
   hGETX: 0 # GETX hits
   mGETS: 252325 # GETS misses
   mGETXIM: 43 # GETX I->M misses
   mGETXSM: 3 # GETX S->M misses (upgrade misses)
   PUTS: 259871 # Clean evictions (from lower level)
   PUTX: 7 # Dirty evictions (from lower level)
   INV: 241793 # Invalidates (from upper level)
   INVX: 48 # Downgrades (from upper level)
   FWD: 0 # Forwards (from upper level)
   latGETnl: 16391947 # GET request latency on next level
   latGETnet: 0 # GET request latency on network to next level
  l2-12: # Cache stats
   hGETS: 8152 # GETS hits
   hGETX: 0 # GETX hits
   mGETS: 252427 # GETS misses
   mGETXIM: 54 # GETX I->M misses
   mGETXSM: 4 # GETX S->M misses (upgrade misses)
   PUTS: 259942 # Clean evictions (from lower level)
   PUTX: 18 # Dirty evictions (from lower level)
   INV: 241815 # Invalidates (from upper level)
   INVX: 21 # Downgrades (from upper level)
   FWD: 0 # Forwards (from upper level)
   latGETnl: 16394308 # GET request latency on next level
   latGETnet: 0 # GET request latency on network to next level
 l3: # Cache stats
  l3-0: # Cache stats
   hGETS: 3773 # GETS hits
   hGETX: 97 # GETX hits
   mGETS: 3276998 # GETS misses
   mGETXIM: 770 # GETX I->M misses
   mGETXSM: 0 # GETX S->M misses (upgrade misses)
   PUTS: 0 # Clean evictions (from lower level)
   PUTX: 0 # Dirty evictions (from lower level)
   INV: 0 # Invalidates (from upper level)
   INVX: 0 # Downgrades (from upper level)
   FWD: 0 # Forwards (from upper level)
   latGETnl: 157332864 # GET request latency on next level
   latGETnet: 0 # GET request latency on network to next level
 mem: # Memory controller stats
  mem-0: # Memory controller stats
   rd: 1639045 # Read requests
   wr: 778 # Write requests
   rdlat: 130619587 # Total latency experienced by read requests
   wrlat: 103460 # Total latency experienced by write requests
   rdhits: 3 # Read row hits
   wrhits: 0 # Write row hits
   mlh: # latency histogram for memory requests
    0: 0
    1: 0
    2: 0
    3: 0
    4: 0
    5: 0
    6: 0
    7: 1441792
    8: 174987
    9: 1937
    10: 1107
    11: 1150
    12: 1450
    13: 1647
    14: 1736
    15: 1835
    16: 1851
    17: 1813
    18: 1678
    19: 1532
    20: 1181
    21: 1029
    22: 830
    23: 598
    24: 439
    25: 253
    26: 112
    27: 51
    28: 34
    29: 3
    30: 0
    31: 0
    32: 0
    33: 0
    34: 0
    35: 0
    36: 0
    37: 0
    38: 0
    39: 0
    40: 0
    41: 0
    42: 0
    43: 0
    44: 0
    45: 0
    46: 0
    47: 0
    48: 0
    49: 0
    50: 0
    51: 0
    52: 0
    53: 0
    54: 0
    55: 0
    56: 0
    57: 0
    58: 0
    59: 0
    60: 0
    61: 0
    62: 0
    63: 0
    64: 0
    65: 0
    66: 0
    67: 0
    68: 0
    69: 0
    70: 0
    71: 0
    72: 0
    73: 0
    74: 0
    75: 0
    76: 0
    77: 0
    78: 0
    79: 0
    80: 0
    81: 0
    82: 0
    83: 0
    84: 0
    85: 0
    86: 0
    87: 0
    88: 0
    89: 0
    90: 0
    91: 0
    92: 0
    93: 0
    94: 0
    95: 0
    96: 0
    97: 0
    98: 0
    99: 0
  mem-1: # Memory controller stats
   rd: 1638718 # Read requests
   wr: 461 # Write requests
   rdlat: 130595884 # Total latency experienced by read requests
   wrlat: 59768 # Total latency experienced by write requests
   rdhits: 4 # Read row hits
   wrhits: 0 # Write row hits
   mlh: # latency histogram for memory requests
    0: 0
    1: 0
    2: 0
    3: 0
    4: 0
    5: 0
    6: 0
    7: 1442080
    8: 174365
    9: 1932
    10: 1089
    11: 1142
    12: 1492
    13: 1663
    14: 1778
    15: 1910
    16: 1746
    17: 1785
    18: 1663
    19: 1533
    20: 1193
    21: 1064
    22: 759
    23: 567
    24: 451
    25: 281
    26: 109
    27: 67
    28: 42
    29: 7
    30: 0
    31: 0
    32: 0
    33: 0
    34: 0
    35: 0
    36: 0
    37: 0
    38: 0
    39: 0
    40: 0
    41: 0
    42: 0
    43: 0
    44: 0
    45: 0
    46: 0
    47: 0
    48: 0
    49: 0
    50: 0
    51: 0
    52: 0
    53: 0
    54: 0
    55: 0
    56: 0
    57: 0
    58: 0
    59: 0
    60: 0
    61: 0
    62: 0
    63: 0
    64: 0
    65: 0
    66: 0
    67: 0
    68: 0
    69: 0
    70: 0
    71: 0
    72: 0
    73: 0
    74: 0
    75: 0
    76: 0
    77: 0
    78: 0
    79: 0
    80: 0
    81: 0
    82: 0
    83: 0
    84: 0
    85: 0
    86: 0
    87: 0
    88: 0
    89: 0
    90: 0
    91: 0
    92: 0
    93: 0
    94: 0
    95: 0
    96: 0
    97: 0
    98: 0
    99: 0
 sched: # Scheduler stats
  thCr: 13 # Threads created
  thFn: 0 # Threads finished
  schedEvs: 13 # Schedule events
  waitEvs: 0 # Wait events
  handoffEvs: 0 # Handoff events
  sleepEvs: 0 # Sleep events
  idlePhases: 0 # Phases with no thread active
  idlePeriods: 0 # Periods with no thread active
  occHist: # Occupancy histogram
   0: 0
   1: 4
   2: 0
   3: 0
   4: 0
   5: 1
   6: 0
   7: 0
   8: 0
   9: 1
   10: 0
   11: 0
   12: 1
   13: 41134
  rqSzHist: # Run queue size histogram
   0: 41141
   1: 0
   2: 0
   3: 0
   4: 0
   5: 0
   6: 0
   7: 0
   8: 0
   9: 0
   10: 0
   11: 0
   12: 0
   13: 0
   14: 0
   15: 0
   16: 0
 procCycles: # Per-process unhalted core cycles
  0: 5347528173
  1: 0
  2: 0
  3: 0
  4: 0
  5: 0
  6: 0
  7: 0
  8: 0
  9: 0
  10: 0
  11: 0
  12: 0
  13: 0
  14: 0
  15: 0
  16: 0
  17: 0
  18: 0
  19: 0
  20: 0
  21: 0
  22: 0
  23: 0
  24: 0
  25: 0
  26: 0
  27: 0
  28: 0
  29: 0
  30: 0
  31: 0
  32: 0
  33: 0
  34: 0
  35: 0
  36: 0
  37: 0
  38: 0
  39: 0
  40: 0
  41: 0
  42: 0
  43: 0
  44: 0
  45: 0
  46: 0
  47: 0
  48: 0
  49: 0
  50: 0
  51: 0
  52: 0
  53: 0
  54: 0
  55: 0
  56: 0
  57: 0
  58: 0
  59: 0
  60: 0
  61: 0
  62: 0
  63: 0
 procInstrs: # Per-process instructions
  0: 5000027920
  1: 0
  2: 0
  3: 0
  4: 0
  5: 0
  6: 0
  7: 0
  8: 0
  9: 0
  10: 0
  11: 0
  12: 0
  13: 0
  14: 0
  15: 0
  16: 0
  17: 0
  18: 0
  19: 0
  20: 0
  21: 0
  22: 0
  23: 0
  24: 0
  25: 0
  26: 0
  27: 0
  28: 0
  29: 0
  30: 0
  31: 0
  32: 0
  33: 0
  34: 0
  35: 0
  36: 0
  37: 0
  38: 0
  39: 0
  40: 0
  41: 0
  42: 0
  43: 0
  44: 0
  45: 0
  46: 0
  47: 0
  48: 0
  49: 0
  50: 0
  51: 0
  52: 0
  53: 0
  54: 0
  55: 0
  56: 0
  57: 0
  58: 0
  59: 0
  60: 0
  61: 0
  62: 0
  63: 0
 heartbeats: # Per-process heartbeats
  0: 0
  1: 0
  2: 0
  3: 0
  4: 0
  5: 0
  6: 0
  7: 0
  8: 0
  9: 0
  10: 0
  11: 0
  12: 0
  13: 0
  14: 0
  15: 0
  16: 0
  17: 0
  18: 0
  19: 0
  20: 0
  21: 0
  22: 0
  23: 0
  24: 0
  25: 0
  26: 0
  27: 0
  28: 0
  29: 0
  30: 0
  31: 0
  32: 0
  33: 0
  34: 0
  35: 0
  36: 0
  37: 0
  38: 0
  39: 0
  40: 0
  41: 0
  42: 0
  43: 0
  44: 0
  45: 0
  46: 0
  47: 0
  48: 0
  49: 0
  50: 0
  51: 0
  52: 0
  53: 0
  54: 0
  55: 0
  56: 0
  57: 0
  58: 0
  59: 0
  60: 0
  61: 0
  62: 0
  63: 0
===
