# zsim stats
===
root: # Stats
 contention: # Contention simulation stats
  domain-0: # Domain stats
   time: 240205062433 # Weave simulation time
 time: # Simulator time breakdown
  init: 856921508
  bound: 1409509420920
  weave: 268412012023
  ff: 6353177018
 trigger: 20000 # Reason for this stats dump
 phase: 205886 # Simulated phases
 core: # Core stats
  core-0: # Core stats
   cycles: 2058866017 # Simulated unhalted cycles
   cCycles: 1438544793 # Cycles due to contention stalls
   instrs: 658831269 # Simulated instructions
   uops: 717451310 # Retired micro-ops
   bbls: 108006878 # Basic blocks
   approxInstrs: 15841085 # Instrs with approx uop decoding
   mispredBranches: 26319 # Mispredicted branches
  core-1: # Core stats
   cycles: 2058855631 # Simulated unhalted cycles
   cCycles: 1442132734 # Cycles due to contention stalls
   instrs: 667844331 # Simulated instructions
   uops: 727947208 # Retired micro-ops
   bbls: 109469859 # Basic blocks
   approxInstrs: 15981730 # Instrs with approx uop decoding
   mispredBranches: 26605 # Mispredicted branches
  core-2: # Core stats
   cycles: 2058855222 # Simulated unhalted cycles
   cCycles: 1482509530 # Cycles due to contention stalls
   instrs: 531303339 # Simulated instructions
   uops: 542234071 # Retired micro-ops
   bbls: 85355423 # Basic blocks
   approxInstrs: 16673647 # Instrs with approx uop decoding
   mispredBranches: 5368 # Mispredicted branches
  core-3: # Core stats
   cycles: 2058855592 # Simulated unhalted cycles
   cCycles: 1448972342 # Cycles due to contention stalls
   instrs: 654573956 # Simulated instructions
   uops: 714616716 # Retired micro-ops
   bbls: 107272053 # Basic blocks
   approxInstrs: 15683707 # Instrs with approx uop decoding
   mispredBranches: 26744 # Mispredicted branches
  core-4: # Core stats
   cycles: 2058855468 # Simulated unhalted cycles
   cCycles: 1473315724 # Cycles due to contention stalls
   instrs: 536619782 # Simulated instructions
   uops: 548453403 # Retired micro-ops
   bbls: 86064107 # Basic blocks
   approxInstrs: 16911220 # Instrs with approx uop decoding
   mispredBranches: 5527 # Mispredicted branches
  core-5: # Core stats
   cycles: 2058854666 # Simulated unhalted cycles
   cCycles: 1441183098 # Cycles due to contention stalls
   instrs: 663434497 # Simulated instructions
   uops: 723757549 # Retired micro-ops
   bbls: 108748411 # Basic blocks
   approxInstrs: 15922628 # Instrs with approx uop decoding
   mispredBranches: 27029 # Mispredicted branches
  core-6: # Core stats
   cycles: 2058851572 # Simulated unhalted cycles
   cCycles: 1459142514 # Cycles due to contention stalls
   instrs: 617672205 # Simulated instructions
   uops: 657994417 # Retired micro-ops
   bbls: 100546713 # Basic blocks
   approxInstrs: 16371193 # Instrs with approx uop decoding
   mispredBranches: 18227 # Mispredicted branches
  core-7: # Core stats
   cycles: 2058855491 # Simulated unhalted cycles
   cCycles: 1446566949 # Cycles due to contention stalls
   instrs: 669753978 # Simulated instructions
   uops: 728897807 # Retired micro-ops
   bbls: 109943648 # Basic blocks
   approxInstrs: 16166025 # Instrs with approx uop decoding
   mispredBranches: 26261 # Mispredicted branches
 l1i: # Cache stats
  l1i-0: # Filter cache stats
   fhGETS: 115132456 # Filtered GETS hits
   fhGETX: 0 # Filtered GETX hits
   hGETS: 1271 # GETS hits
   hGETX: 0 # GETX hits
   mGETS: 986 # GETS misses
   mGETXIM: 0 # GETX I->M misses
   mGETXSM: 0 # GETX S->M misses (upgrade misses)
   PUTS: 0 # Clean evictions (from lower level)
   PUTX: 0 # Dirty evictions (from lower level)
   INV: 282 # Invalidates (from upper level)
   INVX: 0 # Downgrades (from upper level)
   FWD: 0 # Forwards (from upper level)
   latGETnl: 41653 # GET request latency on next level
   latGETnet: 0 # GET request latency on network to next level
  l1i-1: # Filter cache stats
   fhGETS: 116689845 # Filtered GETS hits
   fhGETX: 0 # Filtered GETX hits
   hGETS: 1445 # GETS hits
   hGETX: 0 # GETX hits
   mGETS: 899 # GETS misses
   mGETXIM: 0 # GETX I->M misses
   mGETXSM: 0 # GETX S->M misses (upgrade misses)
   PUTS: 0 # Clean evictions (from lower level)
   PUTX: 0 # Dirty evictions (from lower level)
   INV: 135 # Invalidates (from upper level)
   INVX: 0 # Downgrades (from upper level)
   FWD: 0 # Forwards (from upper level)
   latGETnl: 32692 # GET request latency on next level
   latGETnet: 0 # GET request latency on network to next level
  l1i-2: # Filter cache stats
   fhGETS: 92738982 # Filtered GETS hits
   fhGETX: 0 # Filtered GETX hits
   hGETS: 1248 # GETS hits
   hGETX: 0 # GETX hits
   mGETS: 1070 # GETS misses
   mGETXIM: 0 # GETX I->M misses
   mGETXSM: 0 # GETX S->M misses (upgrade misses)
   PUTS: 0 # Clean evictions (from lower level)
   PUTX: 0 # Dirty evictions (from lower level)
   INV: 350 # Invalidates (from upper level)
   INVX: 0 # Downgrades (from upper level)
   FWD: 0 # Forwards (from upper level)
   latGETnl: 45685 # GET request latency on next level
   latGETnet: 0 # GET request latency on network to next level
  l1i-3: # Filter cache stats
   fhGETS: 114358949 # Filtered GETS hits
   fhGETX: 0 # Filtered GETX hits
   hGETS: 1272 # GETS hits
   hGETX: 0 # GETX hits
   mGETS: 1121 # GETS misses
   mGETXIM: 0 # GETX I->M misses
   mGETXSM: 0 # GETX S->M misses (upgrade misses)
   PUTS: 0 # Clean evictions (from lower level)
   PUTX: 0 # Dirty evictions (from lower level)
   INV: 372 # Invalidates (from upper level)
   INVX: 0 # Downgrades (from upper level)
   FWD: 0 # Forwards (from upper level)
   latGETnl: 42163 # GET request latency on next level
   latGETnet: 0 # GET request latency on network to next level
  l1i-4: # Filter cache stats
   fhGETS: 93529939 # Filtered GETS hits
   fhGETX: 0 # Filtered GETX hits
   hGETS: 1303 # GETS hits
   hGETX: 0 # GETX hits
   mGETS: 1026 # GETS misses
   mGETXIM: 0 # GETX I->M misses
   mGETXSM: 0 # GETX S->M misses (upgrade misses)
   PUTS: 0 # Clean evictions (from lower level)
   PUTX: 0 # Dirty evictions (from lower level)
   INV: 319 # Invalidates (from upper level)
   INVX: 0 # Downgrades (from upper level)
   FWD: 0 # Forwards (from upper level)
   latGETnl: 37158 # GET request latency on next level
   latGETnet: 0 # GET request latency on network to next level
  l1i-5: # Filter cache stats
   fhGETS: 115951432 # Filtered GETS hits
   fhGETX: 0 # Filtered GETX hits
   hGETS: 1383 # GETS hits
   hGETX: 0 # GETX hits
   mGETS: 915 # GETS misses
   mGETXIM: 0 # GETX I->M misses
   mGETXSM: 0 # GETX S->M misses (upgrade misses)
   PUTS: 0 # Clean evictions (from lower level)
   PUTX: 0 # Dirty evictions (from lower level)
   INV: 105 # Invalidates (from upper level)
   INVX: 0 # Downgrades (from upper level)
   FWD: 0 # Forwards (from upper level)
   latGETnl: 27900 # GET request latency on next level
   latGETnet: 0 # GET request latency on network to next level
  l1i-6: # Filter cache stats
   fhGETS: 107889644 # Filtered GETS hits
   fhGETX: 0 # Filtered GETX hits
   hGETS: 1477 # GETS hits
   hGETX: 0 # GETX hits
   mGETS: 813 # GETS misses
   mGETXIM: 0 # GETX I->M misses
   mGETXSM: 0 # GETX S->M misses (upgrade misses)
   PUTS: 0 # Clean evictions (from lower level)
   PUTX: 0 # Dirty evictions (from lower level)
   INV: 56 # Invalidates (from upper level)
   INVX: 0 # Downgrades (from upper level)
   FWD: 0 # Forwards (from upper level)
   latGETnl: 23484 # GET request latency on next level
   latGETnet: 0 # GET request latency on network to next level
  l1i-7: # Filter cache stats
   fhGETS: 117172822 # Filtered GETS hits
   fhGETX: 0 # Filtered GETX hits
   hGETS: 1304 # GETS hits
   hGETX: 0 # GETX hits
   mGETS: 789 # GETS misses
   mGETXIM: 0 # GETX I->M misses
   mGETXSM: 0 # GETX S->M misses (upgrade misses)
   PUTS: 0 # Clean evictions (from lower level)
   PUTX: 0 # Dirty evictions (from lower level)
   INV: 91 # Invalidates (from upper level)
   INVX: 0 # Downgrades (from upper level)
   FWD: 0 # Forwards (from upper level)
   latGETnl: 23502 # GET request latency on next level
   latGETnet: 0 # GET request latency on network to next level
 l1d: # Cache stats
  l1d-0: # Filter cache stats
   fhGETS: 138282427 # Filtered GETS hits
   fhGETX: 51525039 # Filtered GETX hits
   hGETS: 2500750 # GETS hits
   hGETX: 12901663 # GETX hits
   mGETS: 23362799 # GETS misses
   mGETXIM: 1520473 # GETX I->M misses
   mGETXSM: 366 # GETX S->M misses (upgrade misses)
   PUTS: 0 # Clean evictions (from lower level)
   PUTX: 0 # Dirty evictions (from lower level)
   INV: 80130 # Invalidates (from upper level)
   INVX: 702790 # Downgrades (from upper level)
   FWD: 0 # Forwards (from upper level)
   latGETnl: 1642452535 # GET request latency on next level
   latGETnet: 0 # GET request latency on network to next level
  l1d-1: # Filter cache stats
   fhGETS: 140470345 # Filtered GETS hits
   fhGETX: 52531622 # Filtered GETX hits
   hGETS: 2548607 # GETS hits
   hGETX: 13202744 # GETX hits
   mGETS: 23765653 # GETS misses
   mGETXIM: 1278613 # GETX I->M misses
   mGETXSM: 660 # GETX S->M misses (upgrade misses)
   PUTS: 0 # Clean evictions (from lower level)
   PUTX: 0 # Dirty evictions (from lower level)
   INV: 67091 # Invalidates (from upper level)
   INVX: 911811 # Downgrades (from upper level)
   FWD: 0 # Forwards (from upper level)
   latGETnl: 1639297859 # GET request latency on next level
   latGETnet: 0 # GET request latency on network to next level
  l1d-2: # Filter cache stats
   fhGETS: 100350625 # Filtered GETS hits
   fhGETX: 26339479 # Filtered GETX hits
   hGETS: 2510353 # GETS hits
   hGETX: 13142056 # GETX hits
   mGETS: 24276143 # GETS misses
   mGETXIM: 1517524 # GETX I->M misses
   mGETXSM: 374 # GETX S->M misses (upgrade misses)
   PUTS: 0 # Clean evictions (from lower level)
   PUTX: 0 # Dirty evictions (from lower level)
   INV: 20932 # Invalidates (from upper level)
   INVX: 821595 # Downgrades (from upper level)
   FWD: 0 # Forwards (from upper level)
   latGETnl: 1690286454 # GET request latency on next level
   latGETnet: 0 # GET request latency on network to next level
  l1d-3: # Filter cache stats
   fhGETS: 137609161 # Filtered GETS hits
   fhGETX: 51992232 # Filtered GETX hits
   hGETS: 2462671 # GETS hits
   hGETX: 12891104 # GETX hits
   mGETS: 23129306 # GETS misses
   mGETXIM: 1273908 # GETX I->M misses
   mGETXSM: 368 # GETX S->M misses (upgrade misses)
   PUTS: 0 # Clean evictions (from lower level)
   PUTX: 0 # Dirty evictions (from lower level)
   INV: 86046 # Invalidates (from upper level)
   INVX: 734623 # Downgrades (from upper level)
   FWD: 0 # Forwards (from upper level)
   latGETnl: 1614046466 # GET request latency on next level
   latGETnet: 0 # GET request latency on network to next level
  l1d-4: # Filter cache stats
   fhGETS: 101613428 # Filtered GETS hits
   fhGETX: 26832982 # Filtered GETX hits
   hGETS: 2595719 # GETS hits
   hGETX: 13350086 # GETX hits
   mGETS: 24489212 # GETS misses
   mGETXIM: 1451182 # GETX I->M misses
   mGETXSM: 366 # GETX S->M misses (upgrade misses)
   PUTS: 0 # Clean evictions (from lower level)
   PUTX: 0 # Dirty evictions (from lower level)
   INV: 28856 # Invalidates (from upper level)
   INVX: 727587 # Downgrades (from upper level)
   FWD: 0 # Forwards (from upper level)
   latGETnl: 1715477612 # GET request latency on next level
   latGETnet: 0 # GET request latency on network to next level
  l1d-5: # Filter cache stats
   fhGETS: 139179494 # Filtered GETS hits
   fhGETX: 52508279 # Filtered GETX hits
   hGETS: 2521708 # GETS hits
   hGETX: 13075204 # GETX hits
   mGETS: 23474913 # GETS misses
   mGETXIM: 1328408 # GETX I->M misses
   mGETXSM: 498 # GETX S->M misses (upgrade misses)
   PUTS: 0 # Clean evictions (from lower level)
   PUTX: 0 # Dirty evictions (from lower level)
   INV: 80247 # Invalidates (from upper level)
   INVX: 659995 # Downgrades (from upper level)
   FWD: 0 # Forwards (from upper level)
   latGETnl: 1632217604 # GET request latency on next level
   latGETnet: 0 # GET request latency on network to next level
  l1d-6: # Filter cache stats
   fhGETS: 125193876 # Filtered GETS hits
   fhGETX: 42149898 # Filtered GETX hits
   hGETS: 2610597 # GETS hits
   hGETX: 13512965 # GETX hits
   mGETS: 24387014 # GETS misses
   mGETXIM: 1184500 # GETX I->M misses
   mGETXSM: 498 # GETX S->M misses (upgrade misses)
   PUTS: 0 # Clean evictions (from lower level)
   PUTX: 0 # Dirty evictions (from lower level)
   INV: 54633 # Invalidates (from upper level)
   INVX: 765445 # Downgrades (from upper level)
   FWD: 0 # Forwards (from upper level)
   latGETnl: 1677791761 # GET request latency on next level
   latGETnet: 0 # GET request latency on network to next level
  l1d-7: # Filter cache stats
   fhGETS: 140341181 # Filtered GETS hits
   fhGETX: 52105655 # Filtered GETX hits
   hGETS: 2573147 # GETS hits
   hGETX: 13455548 # GETX hits
   mGETS: 24048790 # GETS misses
   mGETXIM: 1060180 # GETX I->M misses
   mGETXSM: 493 # GETX S->M misses (upgrade misses)
   PUTS: 0 # Clean evictions (from lower level)
   PUTX: 0 # Dirty evictions (from lower level)
   INV: 81521 # Invalidates (from upper level)
   INVX: 775864 # Downgrades (from upper level)
   FWD: 0 # Forwards (from upper level)
   latGETnl: 1641547682 # GET request latency on next level
   latGETnet: 0 # GET request latency on network to next level
 l2: # Cache stats
  l2-0: # Cache stats
   hGETS: 4072 # GETS hits
   hGETX: 714 # GETX hits
   mGETS: 23359713 # GETS misses
   mGETXIM: 1519746 # GETX I->M misses
   mGETXSM: 379 # GETX S->M misses (upgrade misses)
   PUTS: 11241430 # Clean evictions (from lower level)
   PUTX: 13561597 # Dirty evictions (from lower level)
   INV: 21783832 # Invalidates (from upper level)
   INVX: 713773 # Downgrades (from upper level)
   FWD: 0 # Forwards (from upper level)
   latGETnl: 1443417196 # GET request latency on next level
   latGETnet: 0 # GET request latency on network to next level
  l2-1: # Cache stats
   hGETS: 3582 # GETS hits
   hGETX: 1 # GETX hits
   mGETS: 23762970 # GETS misses
   mGETXIM: 1278595 # GETX I->M misses
   mGETXSM: 677 # GETX S->M misses (upgrade misses)
   PUTS: 11353958 # Clean evictions (from lower level)
   PUTX: 13623106 # Dirty evictions (from lower level)
   INV: 21581003 # Invalidates (from upper level)
   INVX: 921643 # Downgrades (from upper level)
   FWD: 0 # Forwards (from upper level)
   latGETnl: 1438963951 # GET request latency on next level
   latGETnet: 0 # GET request latency on network to next level
  l2-2: # Cache stats
   hGETS: 2836 # GETS hits
   hGETX: 297 # GETX hits
   mGETS: 24274377 # GETS misses
   mGETXIM: 1517211 # GETX I->M misses
   mGETXSM: 390 # GETX S->M misses (upgrade misses)
   PUTS: 11770883 # Clean evictions (from lower level)
   PUTX: 14001741 # Dirty evictions (from lower level)
   INV: 22629119 # Invalidates (from upper level)
   INVX: 824493 # Downgrades (from upper level)
   FWD: 0 # Forwards (from upper level)
   latGETnl: 1483971251 # GET request latency on next level
   latGETnet: 0 # GET request latency on network to next level
  l2-3: # Cache stats
   hGETS: 4283 # GETS hits
   hGETX: 609 # GETX hits
   mGETS: 23126144 # GETS misses
   mGETXIM: 1273285 # GETX I->M misses
   mGETXSM: 382 # GETX S->M misses (upgrade misses)
   PUTS: 11007920 # Clean evictions (from lower level)
   PUTX: 13309155 # Dirty evictions (from lower level)
   INV: 21345620 # Invalidates (from upper level)
   INVX: 735469 # Downgrades (from upper level)
   FWD: 0 # Forwards (from upper level)
   latGETnl: 1418851005 # GET request latency on next level
   latGETnet: 0 # GET request latency on network to next level
  l2-4: # Cache stats
   hGETS: 3244 # GETS hits
   hGETX: 211 # GETX hits
   mGETS: 24486994 # GETS misses
   mGETXIM: 1450959 # GETX I->M misses
   mGETXSM: 378 # GETX S->M misses (upgrade misses)
   PUTS: 11811889 # Clean evictions (from lower level)
   PUTX: 14099519 # Dirty evictions (from lower level)
   INV: 22828298 # Invalidates (from upper level)
   INVX: 738809 # Downgrades (from upper level)
   FWD: 0 # Forwards (from upper level)
   latGETnl: 1507980482 # GET request latency on next level
   latGETnet: 0 # GET request latency on network to next level
  l2-5: # Cache stats
   hGETS: 4383 # GETS hits
   hGETX: 81 # GETX hits
   mGETS: 23471445 # GETS misses
   mGETXIM: 1328313 # GETX I->M misses
   mGETXSM: 512 # GETX S->M misses (upgrade misses)
   PUTS: 11195025 # Clean evictions (from lower level)
   PUTX: 13527997 # Dirty evictions (from lower level)
   INV: 21758474 # Invalidates (from upper level)
   INVX: 680277 # Downgrades (from upper level)
   FWD: 0 # Forwards (from upper level)
   latGETnl: 1433807632 # GET request latency on next level
   latGETnet: 0 # GET request latency on network to next level
  l2-6: # Cache stats
   hGETS: 4766 # GETS hits
   hGETX: 219 # GETX hits
   mGETS: 24383061 # GETS misses
   mGETXIM: 1184265 # GETX I->M misses
   mGETXSM: 514 # GETX S->M misses (upgrade misses)
   PUTS: 11626522 # Clean evictions (from lower level)
   PUTX: 13890253 # Dirty evictions (from lower level)
   INV: 22216713 # Invalidates (from upper level)
   INVX: 795673 # Downgrades (from upper level)
   FWD: 0 # Forwards (from upper level)
   latGETnl: 1473232645 # GET request latency on next level
   latGETnet: 0 # GET request latency on network to next level
  l2-7: # Cache stats
   hGETS: 3706 # GETS hits
   hGETX: 235 # GETX hits
   mGETS: 24045873 # GETS misses
   mGETXIM: 1059928 # GETX I->M misses
   mGETXSM: 510 # GETX S->M misses (upgrade misses)
   PUTS: 11399155 # Clean evictions (from lower level)
   PUTX: 13628128 # Dirty evictions (from lower level)
   INV: 21702877 # Invalidates (from upper level)
   INVX: 781149 # Downgrades (from upper level)
   FWD: 0 # Forwards (from upper level)
   latGETnl: 1440689168 # GET request latency on next level
   latGETnet: 0 # GET request latency on network to next level
 l3: # Cache stats
  l3-0: # Cache stats
   hGETS: 11653495 # GETS hits
   hGETX: 5651 # GETX hits
   mGETS: 179257082 # GETS misses
   mGETXIM: 10610393 # GETX I->M misses
   mGETXSM: 0 # GETX S->M misses (upgrade misses)
   PUTS: 16398426 # Clean evictions (from lower level)
   PUTX: 9243570 # Dirty evictions (from lower level)
   INV: 0 # Invalidates (from upper level)
   INVX: 0 # Downgrades (from upper level)
   FWD: 0 # Forwards (from upper level)
   latGETnl: 8544036375 # GET request latency on next level
   latGETnet: 0 # GET request latency on network to next level
 mem: # Memory controller stats
  mem-0: # Memory controller stats
   rd: 94930021 # Read requests
   wr: 54991044 # Write requests
   rdlat: 27359538768 # Total latency experienced by read requests
   wrlat: 22367053907 # Total latency experienced by write requests
   rdhits: 3695161 # Read row hits
   wrhits: 7927340 # Write row hits
   mlh: # latency histogram for memory requests
    0: 0
    1: 0
    2: 0
    3: 0
    4: 4601
    5: 8247
    6: 28655
    7: 11271519
    8: 8381593
    9: 5709989
    10: 3686492
    11: 2434160
    12: 1842999
    13: 1521240
    14: 1352534
    15: 1257868
    16: 1031756
    17: 810894
    18: 752008
    19: 774418
    20: 884153
    21: 1030135
    22: 1222830
    23: 1436548
    24: 1668708
    25: 1894591
    26: 2152921
    27: 2440950
    28: 2694366
    29: 2780682
    30: 2793157
    31: 2706783
    32: 2537019
    33: 2325524
    34: 2101921
    35: 1880914
    36: 1657419
    37: 1438071
    38: 1250049
    39: 1088459
    40: 937046
    41: 807761
    42: 698615
    43: 599967
    44: 515215
    45: 450099
    46: 406623
    47: 381371
    48: 370579
    49: 364858
    50: 361656
    51: 358153
    52: 353039
    53: 348394
    54: 341604
    55: 335122
    56: 324132
    57: 310686
    58: 292501
    59: 273634
    60: 253841
    61: 236121
    62: 219324
    63: 203750
    64: 189985
    65: 176489
    66: 165430
    67: 155998
    68: 148978
    69: 141871
    70: 136953
    71: 133165
    72: 130355
    73: 128687
    74: 127797
    75: 125515
    76: 124277
    77: 123334
    78: 120944
    79: 117845
    80: 115321
    81: 110342
    82: 106000
    83: 100058
    84: 94722
    85: 89102
    86: 83495
    87: 78507
    88: 73470
    89: 69944
    90: 66021
    91: 62778
    92: 60197
    93: 57761
    94: 56384
    95: 55191
    96: 54126
    97: 53659
    98: 52127
    99: 2644929
  mem-1: # Memory controller stats
   rd: 94936100 # Read requests
   wr: 54978727 # Write requests
   rdlat: 27253655629 # Total latency experienced by read requests
   wrlat: 22189644208 # Total latency experienced by write requests
   rdhits: 3689654 # Read row hits
   wrhits: 7948876 # Write row hits
   mlh: # latency histogram for memory requests
    0: 0
    1: 0
    2: 0
    3: 0
    4: 4563
    5: 8229
    6: 25455
    7: 11407744
    8: 8354587
    9: 5598610
    10: 3615940
    11: 2400333
    12: 1811620
    13: 1499999
    14: 1347671
    15: 1249700
    16: 1028926
    17: 818738
    18: 761166
    19: 790739
    20: 898031
    21: 1039359
    22: 1228233
    23: 1443021
    24: 1670248
    25: 1893874
    26: 2144453
    27: 2424118
    28: 2661462
    29: 2747883
    30: 2760116
    31: 2680858
    32: 2521599
    33: 2315011
    34: 2087062
    35: 1867273
    36: 1646481
    37: 1434267
    38: 1254519
    39: 1098674
    40: 951078
    41: 826710
    42: 715357
    43: 613891
    44: 527253
    45: 462626
    46: 419664
    47: 394003
    48: 382892
    49: 377815
    50: 374051
    51: 369364
    52: 364549
    53: 358090
    54: 350732
    55: 343524
    56: 333114
    57: 319689
    58: 301251
    59: 281003
    60: 261495
    61: 244186
    62: 226809
    63: 210404
    64: 196291
    65: 182958
    66: 171299
    67: 162248
    68: 154013
    69: 147274
    70: 142920
    71: 139555
    72: 136819
    73: 134981
    74: 134672
    75: 132104
    76: 130943
    77: 128969
    78: 126587
    79: 123447
    80: 120631
    81: 116237
    82: 111335
    83: 106628
    84: 100925
    85: 94769
    86: 89435
    87: 83914
    88: 78699
    89: 73958
    90: 70388
    91: 66499
    92: 63774
    93: 61656
    94: 58643
    95: 57411
    96: 56601
    97: 55378
    98: 55063
    99: 2518964
 sched: # Scheduler stats
  thCr: 33 # Threads created
  thFn: 0 # Threads finished
  schedEvs: 170 # Schedule events
  waitEvs: 185 # Wait events
  handoffEvs: 160 # Handoff events
  sleepEvs: 0 # Sleep events
  idlePhases: 0 # Phases with no thread active
  idlePeriods: 0 # Periods with no thread active
  occHist: # Occupancy histogram
   0: 0
   1: 1
   2: 0
   3: 0
   4: 0
   5: 0
   6: 0
   7: 0
   8: 205885
  rqSzHist: # Run queue size histogram
   0: 1
   1: 0
   2: 0
   3: 0
   4: 0
   5: 0
   6: 0
   7: 0
   8: 0
   9: 0
   10: 0
   11: 0
   12: 0
   13: 0
   14: 0
   15: 0
   16: 205885
 procCycles: # Per-process unhalted core cycles
  0: 3958857673
  1: 3817725174
  2: 3958887281
  3: 4176546241
  4: 558833290
  5: 0
  6: 0
  7: 0
  8: 0
  9: 0
  10: 0
  11: 0
  12: 0
  13: 0
  14: 0
  15: 0
  16: 0
  17: 0
  18: 0
  19: 0
  20: 0
  21: 0
  22: 0
  23: 0
  24: 0
  25: 0
  26: 0
  27: 0
  28: 0
  29: 0
  30: 0
  31: 0
  32: 0
  33: 0
  34: 0
  35: 0
  36: 0
  37: 0
  38: 0
  39: 0
  40: 0
  41: 0
  42: 0
  43: 0
  44: 0
  45: 0
  46: 0
  47: 0
  48: 0
  49: 0
  50: 0
  51: 0
  52: 0
  53: 0
  54: 0
  55: 0
  56: 0
  57: 0
  58: 0
  59: 0
  60: 0
  61: 0
  62: 0
  63: 0
 procInstrs: # Per-process instructions
  0: 982400699
  1: 978923177
  2: 1020054278
  3: 1151477005
  4: 867178198
  5: 0
  6: 0
  7: 0
  8: 0
  9: 0
  10: 0
  11: 0
  12: 0
  13: 0
  14: 0
  15: 0
  16: 0
  17: 0
  18: 0
  19: 0
  20: 0
  21: 0
  22: 0
  23: 0
  24: 0
  25: 0
  26: 0
  27: 0
  28: 0
  29: 0
  30: 0
  31: 0
  32: 0
  33: 0
  34: 0
  35: 0
  36: 0
  37: 0
  38: 0
  39: 0
  40: 0
  41: 0
  42: 0
  43: 0
  44: 0
  45: 0
  46: 0
  47: 0
  48: 0
  49: 0
  50: 0
  51: 0
  52: 0
  53: 0
  54: 0
  55: 0
  56: 0
  57: 0
  58: 0
  59: 0
  60: 0
  61: 0
  62: 0
  63: 0
 heartbeats: # Per-process heartbeats
  0: 0
  1: 0
  2: 0
  3: 0
  4: 0
  5: 0
  6: 0
  7: 0
  8: 0
  9: 0
  10: 0
  11: 0
  12: 0
  13: 0
  14: 0
  15: 0
  16: 0
  17: 0
  18: 0
  19: 0
  20: 0
  21: 0
  22: 0
  23: 0
  24: 0
  25: 0
  26: 0
  27: 0
  28: 0
  29: 0
  30: 0
  31: 0
  32: 0
  33: 0
  34: 0
  35: 0
  36: 0
  37: 0
  38: 0
  39: 0
  40: 0
  41: 0
  42: 0
  43: 0
  44: 0
  45: 0
  46: 0
  47: 0
  48: 0
  49: 0
  50: 0
  51: 0
  52: 0
  53: 0
  54: 0
  55: 0
  56: 0
  57: 0
  58: 0
  59: 0
  60: 0
  61: 0
  62: 0
  63: 0
===
