# zsim stats
===
root: # Stats
 contention: # Contention simulation stats
  domain-0: # Domain stats
   time: 992609830 # Weave simulation time
 time: # Simulator time breakdown
  init: 862495131
  bound: 289773516064
  weave: 11199900249
  ff: 0
 trigger: 20000 # Reason for this stats dump
 phase: 83850 # Simulated phases
 core: # Core stats
  core-0: # Core stats
   cycles: 838500001 # Simulated unhalted cycles
   cCycles: 22634 # Cycles due to contention stalls
   instrs: 1251856924 # Simulated instructions
   uops: 1504801135 # Retired micro-ops
   bbls: 163170104 # Basic blocks
   approxInstrs: 14257704 # Instrs with approx uop decoding
   mispredBranches: 4057459 # Mispredicted branches
  core-1: # Core stats
   cycles: 838480012 # Simulated unhalted cycles
   cCycles: 13097 # Cycles due to contention stalls
   instrs: 1248943939 # Simulated instructions
   uops: 1501613281 # Retired micro-ops
   bbls: 162961838 # Basic blocks
   approxInstrs: 14201981 # Instrs with approx uop decoding
   mispredBranches: 4031036 # Mispredicted branches
  core-2: # Core stats
   cycles: 838480010 # Simulated unhalted cycles
   cCycles: 12125 # Cycles due to contention stalls
   instrs: 1249639688 # Simulated instructions
   uops: 1502450442 # Retired micro-ops
   bbls: 163052524 # Basic blocks
   approxInstrs: 14210074 # Instrs with approx uop decoding
   mispredBranches: 4033294 # Mispredicted branches
  core-3: # Core stats
   cycles: 838480001 # Simulated unhalted cycles
   cCycles: 11181 # Cycles due to contention stalls
   instrs: 1249572777 # Simulated instructions
   uops: 1502367872 # Retired micro-ops
   bbls: 163043077 # Basic blocks
   approxInstrs: 14209258 # Instrs with approx uop decoding
   mispredBranches: 4033052 # Mispredicted branches
 l1i: # Cache stats
  l1i-0: # Filter cache stats
   fhGETS: 195953168 # Filtered GETS hits
   fhGETX: 0 # Filtered GETX hits
   hGETS: 8469102 # GETS hits
   hGETX: 0 # GETX hits
   mGETS: 883 # GETS misses
   mGETXIM: 0 # GETX I->M misses
   mGETXSM: 0 # GETX S->M misses (upgrade misses)
   PUTS: 0 # Clean evictions (from lower level)
   PUTX: 0 # Dirty evictions (from lower level)
   INV: 0 # Invalidates (from upper level)
   INVX: 0 # Downgrades (from upper level)
   FWD: 0 # Forwards (from upper level)
   latGETnl: 32614 # GET request latency on next level
   latGETnet: 0 # GET request latency on network to next level
  l1i-1: # Filter cache stats
   fhGETS: 195531952 # Filtered GETS hits
   fhGETX: 0 # Filtered GETX hits
   hGETS: 8501005 # GETS hits
   hGETX: 0 # GETX hits
   mGETS: 794 # GETS misses
   mGETXIM: 0 # GETX I->M misses
   mGETXSM: 0 # GETX S->M misses (upgrade misses)
   PUTS: 0 # Clean evictions (from lower level)
   PUTX: 0 # Dirty evictions (from lower level)
   INV: 0 # Invalidates (from upper level)
   INVX: 0 # Downgrades (from upper level)
   FWD: 0 # Forwards (from upper level)
   latGETnl: 17186 # GET request latency on next level
   latGETnet: 0 # GET request latency on network to next level
  l1i-2: # Filter cache stats
   fhGETS: 195640621 # Filtered GETS hits
   fhGETX: 0 # Filtered GETX hits
   hGETS: 8506119 # GETS hits
   hGETX: 0 # GETX hits
   mGETS: 802 # GETS misses
   mGETXIM: 0 # GETX I->M misses
   mGETXSM: 0 # GETX S->M misses (upgrade misses)
   PUTS: 0 # Clean evictions (from lower level)
   PUTX: 0 # Dirty evictions (from lower level)
   INV: 0 # Invalidates (from upper level)
   INVX: 0 # Downgrades (from upper level)
   FWD: 0 # Forwards (from upper level)
   latGETnl: 20054 # GET request latency on next level
   latGETnet: 0 # GET request latency on network to next level
  l1i-3: # Filter cache stats
   fhGETS: 195629276 # Filtered GETS hits
   fhGETX: 0 # Filtered GETX hits
   hGETS: 8505642 # GETS hits
   hGETX: 0 # GETX hits
   mGETS: 797 # GETS misses
   mGETXIM: 0 # GETX I->M misses
   mGETXSM: 0 # GETX S->M misses (upgrade misses)
   PUTS: 0 # Clean evictions (from lower level)
   PUTX: 0 # Dirty evictions (from lower level)
   INV: 0 # Invalidates (from upper level)
   INVX: 0 # Downgrades (from upper level)
   FWD: 0 # Forwards (from upper level)
   latGETnl: 17885 # GET request latency on next level
   latGETnet: 0 # GET request latency on network to next level
 l1d: # Cache stats
  l1d-0: # Filter cache stats
   fhGETS: 325969289 # Filtered GETS hits
   fhGETX: 89316690 # Filtered GETX hits
   hGETS: 15130573 # GETS hits
   hGETX: 19200015 # GETX hits
   mGETS: 2481912 # GETS misses
   mGETXIM: 2583862 # GETX I->M misses
   mGETXSM: 18310 # GETX S->M misses (upgrade misses)
   PUTS: 0 # Clean evictions (from lower level)
   PUTX: 0 # Dirty evictions (from lower level)
   INV: 25 # Invalidates (from upper level)
   INVX: 18157 # Downgrades (from upper level)
   FWD: 0 # Forwards (from upper level)
   latGETnl: 41268498 # GET request latency on next level
   latGETnet: 0 # GET request latency on network to next level
  l1d-1: # Filter cache stats
   fhGETS: 326617432 # Filtered GETS hits
   fhGETX: 87923047 # Filtered GETX hits
   hGETS: 13619597 # GETS hits
   hGETX: 20387672 # GETX hits
   mGETS: 2550488 # GETS misses
   mGETXIM: 2644020 # GETX I->M misses
   mGETXSM: 6 # GETX S->M misses (upgrade misses)
   PUTS: 0 # Clean evictions (from lower level)
   PUTX: 0 # Dirty evictions (from lower level)
   INV: 12124 # Invalidates (from upper level)
   INVX: 90 # Downgrades (from upper level)
   FWD: 0 # Forwards (from upper level)
   latGETnl: 41899642 # GET request latency on next level
   latGETnet: 0 # GET request latency on network to next level
  l1d-2: # Filter cache stats
   fhGETS: 327691651 # Filtered GETS hits
   fhGETX: 89129535 # Filtered GETX hits
   hGETS: 12776546 # GETS hits
   hGETX: 19291110 # GETX hits
   mGETS: 2510871 # GETS misses
   mGETXIM: 2595652 # GETX I->M misses
   mGETXSM: 11 # GETX S->M misses (upgrade misses)
   PUTS: 0 # Clean evictions (from lower level)
   PUTX: 0 # Dirty evictions (from lower level)
   INV: 11983 # Invalidates (from upper level)
   INVX: 94 # Downgrades (from upper level)
   FWD: 0 # Forwards (from upper level)
   latGETnl: 41195411 # GET request latency on next level
   latGETnet: 0 # GET request latency on network to next level
  l1d-3: # Filter cache stats
   fhGETS: 325512217 # Filtered GETS hits
   fhGETX: 89066468 # Filtered GETX hits
   hGETS: 14926836 # GETS hits
   hGETX: 19318232 # GETX hits
   mGETS: 2523896 # GETS misses
   mGETXIM: 2624663 # GETX I->M misses
   mGETXSM: 8 # GETX S->M misses (upgrade misses)
   PUTS: 0 # Clean evictions (from lower level)
   PUTX: 0 # Dirty evictions (from lower level)
   INV: 12105 # Invalidates (from upper level)
   INVX: 133 # Downgrades (from upper level)
   FWD: 0 # Forwards (from upper level)
   latGETnl: 41522538 # GET request latency on next level
   latGETnet: 0 # GET request latency on network to next level
 l2: # Cache stats
  l2-0: # Cache stats
   hGETS: 2481644 # GETS hits
   hGETX: 2583279 # GETX hits
   mGETS: 1151 # GETS misses
   mGETXIM: 583 # GETX I->M misses
   mGETXSM: 18310 # GETX S->M misses (upgrade misses)
   PUTS: 2398042 # Clean evictions (from lower level)
   PUTX: 2667645 # Dirty evictions (from lower level)
   INV: 26 # Invalidates (from upper level)
   INVX: 18507 # Downgrades (from upper level)
   FWD: 0 # Forwards (from upper level)
   latGETnl: 621376 # GET request latency on next level
   latGETnet: 0 # GET request latency on network to next level
  l2-1: # Cache stats
   hGETS: 2537592 # GETS hits
   hGETX: 2643468 # GETX hits
   mGETS: 13690 # GETS misses
   mGETXIM: 552 # GETX I->M misses
   mGETXSM: 6 # GETX S->M misses (upgrade misses)
   PUTS: 2443921 # Clean evictions (from lower level)
   PUTX: 2738325 # Dirty evictions (from lower level)
   INV: 12707 # Invalidates (from upper level)
   INVX: 90 # Downgrades (from upper level)
   FWD: 0 # Forwards (from upper level)
   latGETnl: 354364 # GET request latency on next level
   latGETnet: 0 # GET request latency on network to next level
  l2-2: # Cache stats
   hGETS: 2498147 # GETS hits
   hGETX: 2595096 # GETX hits
   mGETS: 13526 # GETS misses
   mGETXIM: 556 # GETX I->M misses
   mGETXSM: 11 # GETX S->M misses (upgrade misses)
   PUTS: 2419039 # Clean evictions (from lower level)
   PUTX: 2675367 # Dirty evictions (from lower level)
   INV: 12544 # Invalidates (from upper level)
   INVX: 96 # Downgrades (from upper level)
   FWD: 0 # Forwards (from upper level)
   latGETnl: 356777 # GET request latency on next level
   latGETnet: 0 # GET request latency on network to next level
  l2-3: # Cache stats
   hGETS: 2511034 # GETS hits
   hGETX: 2624107 # GETX hits
   mGETS: 13659 # GETS misses
   mGETXIM: 556 # GETX I->M misses
   mGETXSM: 8 # GETX S->M misses (upgrade misses)
   PUTS: 2431994 # Clean evictions (from lower level)
   PUTX: 2704321 # Dirty evictions (from lower level)
   INV: 12695 # Invalidates (from upper level)
   INVX: 135 # Downgrades (from upper level)
   FWD: 0 # Forwards (from upper level)
   latGETnl: 345511 # GET request latency on next level
   latGETnet: 0 # GET request latency on network to next level
 l3: # Cache stats
  l3-0: # Cache stats
   hGETS: 40737 # GETS hits
   hGETX: 18348 # GETX hits
   mGETS: 1289 # GETS misses
   mGETXIM: 2234 # GETX I->M misses
   mGETXSM: 0 # GETX S->M misses (upgrade misses)
   PUTS: 0 # Clean evictions (from lower level)
   PUTX: 0 # Dirty evictions (from lower level)
   INV: 0 # Invalidates (from upper level)
   INVX: 0 # Downgrades (from upper level)
   FWD: 0 # Forwards (from upper level)
   latGETnl: 169104 # GET request latency on next level
   latGETnet: 0 # GET request latency on network to next level
 mem: # Memory controller stats
  mem-0: # Memory controller stats
   rd: 1755 # Read requests
   wr: 0 # Write requests
   rdlat: 219919 # Total latency experienced by read requests
   wrlat: 0 # Total latency experienced by write requests
   rdhits: 176 # Read row hits
   wrhits: 0 # Write row hits
   mlh: # latency histogram for memory requests
    0: 0
    1: 0
    2: 0
    3: 0
    4: 0
    5: 0
    6: 1
    7: 991
    8: 156
    9: 69
    10: 18
    11: 20
    12: 22
    13: 29
    14: 69
    15: 21
    16: 69
    17: 28
    18: 9
    19: 6
    20: 4
    21: 6
    22: 3
    23: 3
    24: 6
    25: 10
    26: 7
    27: 18
    28: 18
    29: 5
    30: 4
    31: 19
    32: 50
    33: 28
    34: 30
    35: 10
    36: 2
    37: 1
    38: 1
    39: 1
    40: 0
    41: 2
    42: 1
    43: 1
    44: 0
    45: 1
    46: 1
    47: 2
    48: 2
    49: 2
    50: 1
    51: 1
    52: 0
    53: 0
    54: 2
    55: 0
    56: 1
    57: 1
    58: 0
    59: 2
    60: 1
    61: 0
    62: 0
    63: 0
    64: 0
    65: 0
    66: 0
    67: 0
    68: 0
    69: 0
    70: 0
    71: 0
    72: 0
    73: 0
    74: 0
    75: 0
    76: 0
    77: 0
    78: 0
    79: 0
    80: 0
    81: 0
    82: 0
    83: 0
    84: 0
    85: 0
    86: 0
    87: 0
    88: 0
    89: 0
    90: 0
    91: 0
    92: 0
    93: 0
    94: 0
    95: 0
    96: 0
    97: 0
    98: 0
    99: 0
  mem-1: # Memory controller stats
   rd: 1768 # Read requests
   wr: 0 # Write requests
   rdlat: 180795 # Total latency experienced by read requests
   wrlat: 0 # Total latency experienced by write requests
   rdhits: 186 # Read row hits
   wrhits: 0 # Write row hits
   mlh: # latency histogram for memory requests
    0: 0
    1: 0
    2: 0
    3: 0
    4: 0
    5: 0
    6: 3
    7: 1012
    8: 152
    9: 69
    10: 22
    11: 14
    12: 24
    13: 31
    14: 185
    15: 39
    16: 130
    17: 42
    18: 10
    19: 13
    20: 6
    21: 3
    22: 1
    23: 1
    24: 1
    25: 3
    26: 0
    27: 2
    28: 2
    29: 1
    30: 0
    31: 0
    32: 0
    33: 1
    34: 1
    35: 0
    36: 0
    37: 0
    38: 0
    39: 0
    40: 0
    41: 0
    42: 0
    43: 0
    44: 0
    45: 0
    46: 0
    47: 0
    48: 0
    49: 0
    50: 0
    51: 0
    52: 0
    53: 0
    54: 0
    55: 0
    56: 0
    57: 0
    58: 0
    59: 0
    60: 0
    61: 0
    62: 0
    63: 0
    64: 0
    65: 0
    66: 0
    67: 0
    68: 0
    69: 0
    70: 0
    71: 0
    72: 0
    73: 0
    74: 0
    75: 0
    76: 0
    77: 0
    78: 0
    79: 0
    80: 0
    81: 0
    82: 0
    83: 0
    84: 0
    85: 0
    86: 0
    87: 0
    88: 0
    89: 0
    90: 0
    91: 0
    92: 0
    93: 0
    94: 0
    95: 0
    96: 0
    97: 0
    98: 0
    99: 0
 sched: # Scheduler stats
  thCr: 4 # Threads created
  thFn: 0 # Threads finished
  schedEvs: 4 # Schedule events
  waitEvs: 0 # Wait events
  handoffEvs: 0 # Handoff events
  sleepEvs: 0 # Sleep events
  idlePhases: 0 # Phases with no thread active
  idlePeriods: 0 # Periods with no thread active
  occHist: # Occupancy histogram
   0: 0
   1: 2
   2: 0
   3: 0
   4: 83848
  rqSzHist: # Run queue size histogram
   0: 83850
   1: 0
   2: 0
   3: 0
   4: 0
   5: 0
   6: 0
   7: 0
   8: 0
   9: 0
   10: 0
   11: 0
   12: 0
   13: 0
   14: 0
   15: 0
   16: 0
 procCycles: # Per-process unhalted core cycles
  0: 3353940024
  1: 0
  2: 0
  3: 0
  4: 0
  5: 0
  6: 0
  7: 0
  8: 0
  9: 0
  10: 0
  11: 0
  12: 0
  13: 0
  14: 0
  15: 0
  16: 0
  17: 0
  18: 0
  19: 0
  20: 0
  21: 0
  22: 0
  23: 0
  24: 0
  25: 0
  26: 0
  27: 0
  28: 0
  29: 0
  30: 0
  31: 0
  32: 0
  33: 0
  34: 0
  35: 0
  36: 0
  37: 0
  38: 0
  39: 0
  40: 0
  41: 0
  42: 0
  43: 0
  44: 0
  45: 0
  46: 0
  47: 0
  48: 0
  49: 0
  50: 0
  51: 0
  52: 0
  53: 0
  54: 0
  55: 0
  56: 0
  57: 0
  58: 0
  59: 0
  60: 0
  61: 0
  62: 0
  63: 0
 procInstrs: # Per-process instructions
  0: 5000013328
  1: 0
  2: 0
  3: 0
  4: 0
  5: 0
  6: 0
  7: 0
  8: 0
  9: 0
  10: 0
  11: 0
  12: 0
  13: 0
  14: 0
  15: 0
  16: 0
  17: 0
  18: 0
  19: 0
  20: 0
  21: 0
  22: 0
  23: 0
  24: 0
  25: 0
  26: 0
  27: 0
  28: 0
  29: 0
  30: 0
  31: 0
  32: 0
  33: 0
  34: 0
  35: 0
  36: 0
  37: 0
  38: 0
  39: 0
  40: 0
  41: 0
  42: 0
  43: 0
  44: 0
  45: 0
  46: 0
  47: 0
  48: 0
  49: 0
  50: 0
  51: 0
  52: 0
  53: 0
  54: 0
  55: 0
  56: 0
  57: 0
  58: 0
  59: 0
  60: 0
  61: 0
  62: 0
  63: 0
 heartbeats: # Per-process heartbeats
  0: 0
  1: 0
  2: 0
  3: 0
  4: 0
  5: 0
  6: 0
  7: 0
  8: 0
  9: 0
  10: 0
  11: 0
  12: 0
  13: 0
  14: 0
  15: 0
  16: 0
  17: 0
  18: 0
  19: 0
  20: 0
  21: 0
  22: 0
  23: 0
  24: 0
  25: 0
  26: 0
  27: 0
  28: 0
  29: 0
  30: 0
  31: 0
  32: 0
  33: 0
  34: 0
  35: 0
  36: 0
  37: 0
  38: 0
  39: 0
  40: 0
  41: 0
  42: 0
  43: 0
  44: 0
  45: 0
  46: 0
  47: 0
  48: 0
  49: 0
  50: 0
  51: 0
  52: 0
  53: 0
  54: 0
  55: 0
  56: 0
  57: 0
  58: 0
  59: 0
  60: 0
  61: 0
  62: 0
  63: 0
===
