# zsim stats
===
root: # Stats
 contention: # Contention simulation stats
  domain-0: # Domain stats
   time: 29227301508 # Weave simulation time
 time: # Simulator time breakdown
  init: 795118853
  bound: 304260347317
  weave: 49902384076
  ff: 0
 trigger: 20000 # Reason for this stats dump
 phase: 231292 # Simulated phases
 core: # Core stats
  core-0: # Core stats
   cycles: 2312336272 # Simulated unhalted cycles
   cCycles: 421136078 # Cycles due to contention stalls
   instrs: 2709159866 # Simulated instructions
   uops: 3365399319 # Retired micro-ops
   bbls: 435720509 # Basic blocks
   approxInstrs: 209 # Instrs with approx uop decoding
   mispredBranches: 1765272 # Mispredicted branches
  core-1: # Core stats
   cycles: 1412872381 # Simulated unhalted cycles
   cCycles: 356144335 # Cycles due to contention stalls
   instrs: 1145411120 # Simulated instructions
   uops: 1307900333 # Retired micro-ops
   bbls: 164737158 # Basic blocks
   approxInstrs: 1850551 # Instrs with approx uop decoding
   mispredBranches: 1564906 # Mispredicted branches
  core-2: # Core stats
   cycles: 1412060913 # Simulated unhalted cycles
   cCycles: 355778531 # Cycles due to contention stalls
   instrs: 1145435547 # Simulated instructions
   uops: 1307926938 # Retired micro-ops
   bbls: 164740822 # Basic blocks
   approxInstrs: 1850593 # Instrs with approx uop decoding
   mispredBranches: 1564489 # Mispredicted branches
 l1i: # Cache stats
  l1i-0: # Filter cache stats
   fhGETS: 445141770 # Filtered GETS hits
   fhGETX: 0 # Filtered GETX hits
   hGETS: 864 # GETS hits
   hGETX: 0 # GETX hits
   mGETS: 466 # GETS misses
   mGETXIM: 0 # GETX I->M misses
   mGETXSM: 0 # GETX S->M misses (upgrade misses)
   PUTS: 0 # Clean evictions (from lower level)
   PUTX: 0 # Dirty evictions (from lower level)
   INV: 0 # Invalidates (from upper level)
   INVX: 0 # Downgrades (from upper level)
   FWD: 0 # Forwards (from upper level)
   latGETnl: 32386 # GET request latency on next level
   latGETnet: 0 # GET request latency on network to next level
  l1i-1: # Filter cache stats
   fhGETS: 172557714 # Filtered GETS hits
   fhGETX: 0 # Filtered GETX hits
   hGETS: 275 # GETS hits
   hGETX: 0 # GETX hits
   mGETS: 155 # GETS misses
   mGETXIM: 0 # GETX I->M misses
   mGETXSM: 0 # GETX S->M misses (upgrade misses)
   PUTS: 0 # Clean evictions (from lower level)
   PUTX: 0 # Dirty evictions (from lower level)
   INV: 0 # Invalidates (from upper level)
   INVX: 0 # Downgrades (from upper level)
   FWD: 0 # Forwards (from upper level)
   latGETnl: 5363 # GET request latency on next level
   latGETnet: 0 # GET request latency on network to next level
  l1i-2: # Filter cache stats
   fhGETS: 172559259 # Filtered GETS hits
   fhGETX: 0 # Filtered GETX hits
   hGETS: 278 # GETS hits
   hGETX: 0 # GETX hits
   mGETS: 160 # GETS misses
   mGETXIM: 0 # GETX I->M misses
   mGETXSM: 0 # GETX S->M misses (upgrade misses)
   PUTS: 0 # Clean evictions (from lower level)
   PUTX: 0 # Dirty evictions (from lower level)
   INV: 0 # Invalidates (from upper level)
   INVX: 0 # Downgrades (from upper level)
   FWD: 0 # Forwards (from upper level)
   latGETnl: 6160 # GET request latency on next level
   latGETnet: 0 # GET request latency on network to next level
 l1d: # Cache stats
  l1d-0: # Filter cache stats
   fhGETS: 731051206 # Filtered GETS hits
   fhGETX: 270190230 # Filtered GETX hits
   hGETS: 22741267 # GETS hits
   hGETX: 3682370 # GETX hits
   mGETS: 13391449 # GETS misses
   mGETXIM: 1936072 # GETX I->M misses
   mGETXSM: 33097 # GETX S->M misses (upgrade misses)
   PUTS: 0 # Clean evictions (from lower level)
   PUTX: 0 # Dirty evictions (from lower level)
   INV: 146 # Invalidates (from upper level)
   INVX: 1179 # Downgrades (from upper level)
   FWD: 0 # Forwards (from upper level)
   latGETnl: 1058735525 # GET request latency on next level
   latGETnet: 0 # GET request latency on network to next level
  l1d-1: # Filter cache stats
   fhGETS: 294100975 # Filtered GETS hits
   fhGETX: 685181 # Filtered GETX hits
   hGETS: 19872865 # GETS hits
   hGETX: 241992 # GETX hits
   mGETS: 11856416 # GETS misses
   mGETXIM: 133432 # GETX I->M misses
   mGETXSM: 259 # GETX S->M misses (upgrade misses)
   PUTS: 0 # Clean evictions (from lower level)
   PUTX: 0 # Dirty evictions (from lower level)
   INV: 1162 # Invalidates (from upper level)
   INVX: 2029 # Downgrades (from upper level)
   FWD: 0 # Forwards (from upper level)
   latGETnl: 869910115 # GET request latency on next level
   latGETnet: 0 # GET request latency on network to next level
  l1d-2: # Filter cache stats
   fhGETS: 294186219 # Filtered GETS hits
   fhGETX: 684410 # Filtered GETX hits
   hGETS: 19794767 # GETS hits
   hGETX: 241156 # GETX hits
   mGETS: 11856605 # GETS misses
   mGETXIM: 133436 # GETX I->M misses
   mGETXSM: 277 # GETX S->M misses (upgrade misses)
   PUTS: 0 # Clean evictions (from lower level)
   PUTX: 0 # Dirty evictions (from lower level)
   INV: 1153 # Invalidates (from upper level)
   INVX: 2062 # Downgrades (from upper level)
   FWD: 0 # Forwards (from upper level)
   latGETnl: 867260967 # GET request latency on next level
   latGETnet: 0 # GET request latency on network to next level
 l2: # Cache stats
  l2-0: # Cache stats
   hGETS: 226823 # GETS hits
   hGETX: 6 # GETX hits
   mGETS: 13165092 # GETS misses
   mGETXIM: 1936066 # GETX I->M misses
   mGETXSM: 33097 # GETX S->M misses (upgrade misses)
   PUTS: 12001417 # Clean evictions (from lower level)
   PUTX: 3325506 # Dirty evictions (from lower level)
   INV: 390 # Invalidates (from upper level)
   INVX: 12919 # Downgrades (from upper level)
   FWD: 0 # Forwards (from upper level)
   latGETnl: 935879239 # GET request latency on next level
   latGETnet: 0 # GET request latency on network to next level
  l2-1: # Cache stats
   hGETS: 5440 # GETS hits
   hGETX: 0 # GETX hits
   mGETS: 11851131 # GETS misses
   mGETXIM: 133432 # GETX I->M misses
   mGETXSM: 259 # GETX S->M misses (upgrade misses)
   PUTS: 11637219 # Clean evictions (from lower level)
   PUTX: 350955 # Dirty evictions (from lower level)
   INV: 16637 # Invalidates (from upper level)
   INVX: 29589 # Downgrades (from upper level)
   FWD: 0 # Forwards (from upper level)
   latGETnl: 773993382 # GET request latency on next level
   latGETnet: 0 # GET request latency on network to next level
  l2-2: # Cache stats
   hGETS: 5295 # GETS hits
   hGETX: 0 # GETX hits
   mGETS: 11851470 # GETS misses
   mGETXIM: 133436 # GETX I->M misses
   mGETXSM: 277 # GETX S->M misses (upgrade misses)
   PUTS: 11638132 # Clean evictions (from lower level)
   PUTX: 350244 # Dirty evictions (from lower level)
   INV: 16638 # Invalidates (from upper level)
   INVX: 29532 # Downgrades (from upper level)
   FWD: 0 # Forwards (from upper level)
   latGETnl: 771343303 # GET request latency on next level
   latGETnet: 0 # GET request latency on network to next level
 l3: # Cache stats
  l3-0: # Cache stats
   hGETS: 1232309 # GETS hits
   hGETX: 47639 # GETX hits
   mGETS: 35635384 # GETS misses
   mGETXIM: 2188928 # GETX I->M misses
   mGETXSM: 0 # GETX S->M misses (upgrade misses)
   PUTS: 35208470 # Clean evictions (from lower level)
   PUTX: 3803916 # Dirty evictions (from lower level)
   INV: 0 # Invalidates (from upper level)
   INVX: 0 # Downgrades (from upper level)
   FWD: 0 # Forwards (from upper level)
   latGETnl: 1815566976 # GET request latency on next level
   latGETnet: 0 # GET request latency on network to next level
 mem: # Memory controller stats
  mem-0: # Memory controller stats
   rd: 20558944 # Read requests
   wr: 1568816 # Write requests
   rdlat: 1697882556 # Total latency experienced by read requests
   wrlat: 264149244 # Total latency experienced by write requests
   rdhits: 7461 # Read row hits
   wrhits: 31079 # Write row hits
   mlh: # latency histogram for memory requests
    0: 0
    1: 0
    2: 0
    3: 0
    4: 0
    5: 3
    6: 1553
    7: 16919746
    8: 2316884
    9: 279863
    10: 105150
    11: 73518
    12: 68433
    13: 243452
    14: 175982
    15: 57564
    16: 47547
    17: 11078
    18: 17526
    19: 17076
    20: 19664
    21: 20763
    22: 22232
    23: 20525
    24: 20384
    25: 19527
    26: 19414
    27: 18746
    28: 20490
    29: 15143
    30: 11558
    31: 6115
    32: 3026
    33: 1594
    34: 1244
    35: 837
    36: 508
    37: 360
    38: 271
    39: 205
    40: 115
    41: 74
    42: 46
    43: 47
    44: 30
    45: 43
    46: 24
    47: 31
    48: 35
    49: 69
    50: 79
    51: 51
    52: 47
    53: 32
    54: 58
    55: 50
    56: 46
    57: 46
    58: 5
    59: 6
    60: 3
    61: 0
    62: 3
    63: 2
    64: 3
    65: 5
    66: 3
    67: 3
    68: 3
    69: 1
    70: 3
    71: 0
    72: 0
    73: 0
    74: 0
    75: 0
    76: 0
    77: 0
    78: 0
    79: 0
    80: 0
    81: 0
    82: 0
    83: 0
    84: 0
    85: 0
    86: 0
    87: 0
    88: 0
    89: 0
    90: 0
    91: 0
    92: 0
    93: 0
    94: 0
    95: 0
    96: 0
    97: 0
    98: 0
    99: 0
  mem-1: # Memory controller stats
   rd: 17265286 # Read requests
   wr: 1567823 # Write requests
   rdlat: 1395553934 # Total latency experienced by read requests
   wrlat: 254987240 # Total latency experienced by write requests
   rdhits: 3412 # Read row hits
   wrhits: 28610 # Write row hits
   mlh: # latency histogram for memory requests
    0: 0
    1: 0
    2: 0
    3: 0
    4: 0
    5: 1
    6: 63
    7: 14674882
    8: 1988479
    9: 239871
    10: 66003
    11: 25910
    12: 14799
    13: 13997
    14: 14238
    15: 13843
    16: 13428
    17: 6404
    18: 13199
    19: 13474
    20: 13866
    21: 13243
    22: 14354
    23: 15328
    24: 17929
    25: 16046
    26: 15893
    27: 15531
    28: 18737
    29: 12277
    30: 6313
    31: 2898
    32: 1662
    33: 746
    34: 388
    35: 187
    36: 157
    37: 139
    38: 102
    39: 67
    40: 49
    41: 27
    42: 31
    43: 28
    44: 35
    45: 29
    46: 30
    47: 26
    48: 38
    49: 77
    50: 69
    51: 63
    52: 55
    53: 50
    54: 72
    55: 59
    56: 34
    57: 25
    58: 5
    59: 5
    60: 3
    61: 1
    62: 3
    63: 3
    64: 3
    65: 3
    66: 3
    67: 3
    68: 2
    69: 1
    70: 0
    71: 0
    72: 0
    73: 0
    74: 0
    75: 0
    76: 0
    77: 0
    78: 0
    79: 0
    80: 0
    81: 0
    82: 0
    83: 0
    84: 0
    85: 0
    86: 0
    87: 0
    88: 0
    89: 0
    90: 0
    91: 0
    92: 0
    93: 0
    94: 0
    95: 0
    96: 0
    97: 0
    98: 0
    99: 0
 sched: # Scheduler stats
  thCr: 3 # Threads created
  thFn: 0 # Threads finished
  schedEvs: 3 # Schedule events
  waitEvs: 0 # Wait events
  handoffEvs: 0 # Handoff events
  sleepEvs: 0 # Sleep events
  idlePhases: 0 # Phases with no thread active
  idlePeriods: 0 # Periods with no thread active
  occHist: # Occupancy histogram
   0: 0
   1: 77400
   2: 0
   3: 153892
  rqSzHist: # Run queue size histogram
   0: 231292
   1: 0
   2: 0
   3: 0
   4: 0
   5: 0
   6: 0
   7: 0
   8: 0
   9: 0
   10: 0
   11: 0
   12: 0
   13: 0
   14: 0
   15: 0
   16: 0
 procCycles: # Per-process unhalted core cycles
  0: 5137269566
  1: 0
  2: 0
  3: 0
  4: 0
  5: 0
  6: 0
  7: 0
  8: 0
  9: 0
  10: 0
  11: 0
  12: 0
  13: 0
  14: 0
  15: 0
  16: 0
  17: 0
  18: 0
  19: 0
  20: 0
  21: 0
  22: 0
  23: 0
  24: 0
  25: 0
  26: 0
  27: 0
  28: 0
  29: 0
  30: 0
  31: 0
  32: 0
  33: 0
  34: 0
  35: 0
  36: 0
  37: 0
  38: 0
  39: 0
  40: 0
  41: 0
  42: 0
  43: 0
  44: 0
  45: 0
  46: 0
  47: 0
  48: 0
  49: 0
  50: 0
  51: 0
  52: 0
  53: 0
  54: 0
  55: 0
  56: 0
  57: 0
  58: 0
  59: 0
  60: 0
  61: 0
  62: 0
  63: 0
 procInstrs: # Per-process instructions
  0: 5000006533
  1: 0
  2: 0
  3: 0
  4: 0
  5: 0
  6: 0
  7: 0
  8: 0
  9: 0
  10: 0
  11: 0
  12: 0
  13: 0
  14: 0
  15: 0
  16: 0
  17: 0
  18: 0
  19: 0
  20: 0
  21: 0
  22: 0
  23: 0
  24: 0
  25: 0
  26: 0
  27: 0
  28: 0
  29: 0
  30: 0
  31: 0
  32: 0
  33: 0
  34: 0
  35: 0
  36: 0
  37: 0
  38: 0
  39: 0
  40: 0
  41: 0
  42: 0
  43: 0
  44: 0
  45: 0
  46: 0
  47: 0
  48: 0
  49: 0
  50: 0
  51: 0
  52: 0
  53: 0
  54: 0
  55: 0
  56: 0
  57: 0
  58: 0
  59: 0
  60: 0
  61: 0
  62: 0
  63: 0
 heartbeats: # Per-process heartbeats
  0: 0
  1: 0
  2: 0
  3: 0
  4: 0
  5: 0
  6: 0
  7: 0
  8: 0
  9: 0
  10: 0
  11: 0
  12: 0
  13: 0
  14: 0
  15: 0
  16: 0
  17: 0
  18: 0
  19: 0
  20: 0
  21: 0
  22: 0
  23: 0
  24: 0
  25: 0
  26: 0
  27: 0
  28: 0
  29: 0
  30: 0
  31: 0
  32: 0
  33: 0
  34: 0
  35: 0
  36: 0
  37: 0
  38: 0
  39: 0
  40: 0
  41: 0
  42: 0
  43: 0
  44: 0
  45: 0
  46: 0
  47: 0
  48: 0
  49: 0
  50: 0
  51: 0
  52: 0
  53: 0
  54: 0
  55: 0
  56: 0
  57: 0
  58: 0
  59: 0
  60: 0
  61: 0
  62: 0
  63: 0
===
