# zsim stats
===
root: # Stats
 contention: # Contention simulation stats
  domain-0: # Domain stats
   time: 1358207838 # Weave simulation time
 time: # Simulator time breakdown
  init: 856830595
  bound: 272385740049
  weave: 21010699166
  ff: 0
 trigger: 20000 # Reason for this stats dump
 phase: 167530 # Simulated phases
 core: # Core stats
  core-0: # Core stats
   cycles: 1675300003 # Simulated unhalted cycles
   cCycles: 23218 # Cycles due to contention stalls
   instrs: 2503336381 # Simulated instructions
   uops: 3009160995 # Retired micro-ops
   bbls: 326277891 # Basic blocks
   approxInstrs: 28487837 # Instrs with approx uop decoding
   mispredBranches: 8108659 # Mispredicted branches
  core-1: # Core stats
   cycles: 1675280070 # Simulated unhalted cycles
   cCycles: 16446 # Cycles due to contention stalls
   instrs: 2496664391 # Simulated instructions
   uops: 3001767781 # Retired micro-ops
   bbls: 325750861 # Basic blocks
   approxInstrs: 28367184 # Instrs with approx uop decoding
   mispredBranches: 8054028 # Mispredicted branches
 l1i: # Cache stats
  l1i-0: # Filter cache stats
   fhGETS: 404799342 # Filtered GETS hits
   fhGETX: 0 # Filtered GETX hits
   hGETS: 3954042 # GETS hits
   hGETX: 0 # GETX hits
   mGETS: 1983 # GETS misses
   mGETXIM: 0 # GETX I->M misses
   mGETXSM: 0 # GETX S->M misses (upgrade misses)
   PUTS: 0 # Clean evictions (from lower level)
   PUTX: 0 # Dirty evictions (from lower level)
   INV: 0 # Invalidates (from upper level)
   INVX: 0 # Downgrades (from upper level)
   FWD: 0 # Forwards (from upper level)
   latGETnl: 45330 # GET request latency on next level
   latGETnet: 0 # GET request latency on network to next level
  l1i-1: # Filter cache stats
   fhGETS: 403770614 # Filtered GETS hits
   fhGETX: 0 # Filtered GETX hits
   hGETS: 4031134 # GETS hits
   hGETX: 0 # GETX hits
   mGETS: 1854 # GETS misses
   mGETXIM: 0 # GETX I->M misses
   mGETXSM: 0 # GETX S->M misses (upgrade misses)
   PUTS: 0 # Clean evictions (from lower level)
   PUTX: 0 # Dirty evictions (from lower level)
   INV: 0 # Invalidates (from upper level)
   INVX: 0 # Downgrades (from upper level)
   FWD: 0 # Forwards (from upper level)
   latGETnl: 29941 # GET request latency on next level
   latGETnet: 0 # GET request latency on network to next level
 l1d: # Cache stats
  l1d-0: # Filter cache stats
   fhGETS: 657804374 # Filtered GETS hits
   fhGETX: 178958902 # Filtered GETX hits
   hGETS: 24496703 # GETS hits
   hGETX: 38098604 # GETX hits
   mGETS: 4782543 # GETS misses
   mGETXIM: 5131392 # GETX I->M misses
   mGETXSM: 25332 # GETX S->M misses (upgrade misses)
   PUTS: 0 # Clean evictions (from lower level)
   PUTX: 0 # Dirty evictions (from lower level)
   INV: 10 # Invalidates (from upper level)
   INVX: 23700 # Downgrades (from upper level)
   FWD: 0 # Forwards (from upper level)
   latGETnl: 80308023 # GET request latency on next level
   latGETnet: 0 # GET request latency on network to next level
  l1d-1: # Filter cache stats
   fhGETS: 655199671 # Filtered GETS hits
   fhGETX: 178563495 # Filtered GETX hits
   hGETS: 24961739 # GETS hits
   hGETX: 38180181 # GETX hits
   mGETS: 5110790 # GETS misses
   mGETXIM: 5064683 # GETX I->M misses
   mGETXSM: 6 # GETX S->M misses (upgrade misses)
   PUTS: 0 # Clean evictions (from lower level)
   PUTX: 0 # Dirty evictions (from lower level)
   INV: 22606 # Invalidates (from upper level)
   INVX: 187 # Downgrades (from upper level)
   FWD: 0 # Forwards (from upper level)
   latGETnl: 82191177 # GET request latency on next level
   latGETnet: 0 # GET request latency on network to next level
 l2: # Cache stats
  l2-0: # Cache stats
   hGETS: 4783371 # GETS hits
   hGETX: 5130842 # GETX hits
   mGETS: 1155 # GETS misses
   mGETXIM: 550 # GETX I->M misses
   mGETXSM: 25332 # GETX S->M misses (upgrade misses)
   PUTS: 4656552 # Clean evictions (from lower level)
   PUTX: 5258409 # Dirty evictions (from lower level)
   INV: 10 # Invalidates (from upper level)
   INVX: 25618 # Downgrades (from upper level)
   FWD: 0 # Forwards (from upper level)
   latGETnl: 823353 # GET request latency on next level
   latGETnet: 0 # GET request latency on network to next level
  l2-1: # Cache stats
   hGETS: 5086296 # GETS hits
   hGETX: 5064127 # GETX hits
   mGETS: 26348 # GETS misses
   mGETXIM: 556 # GETX I->M misses
   mGETXSM: 6 # GETX S->M misses (upgrade misses)
   PUTS: 4940515 # Clean evictions (from lower level)
   PUTX: 5213287 # Dirty evictions (from lower level)
   INV: 25332 # Invalidates (from upper level)
   INVX: 187 # Downgrades (from upper level)
   FWD: 0 # Forwards (from upper level)
   latGETnl: 802454 # GET request latency on next level
   latGETnet: 0 # GET request latency on network to next level
 l3: # Cache stats
  l3-0: # Cache stats
   hGETS: 26240 # GETS hits
   hGETX: 25342 # GETX hits
   mGETS: 1263 # GETS misses
   mGETXIM: 1102 # GETX I->M misses
   mGETXSM: 0 # GETX S->M misses (upgrade misses)
   PUTS: 0 # Clean evictions (from lower level)
   PUTX: 0 # Dirty evictions (from lower level)
   INV: 0 # Invalidates (from upper level)
   INVX: 0 # Downgrades (from upper level)
   FWD: 0 # Forwards (from upper level)
   latGETnl: 113520 # GET request latency on next level
   latGETnet: 0 # GET request latency on network to next level
 mem: # Memory controller stats
  mem-0: # Memory controller stats
   rd: 1172 # Read requests
   wr: 0 # Write requests
   rdlat: 119307 # Total latency experienced by read requests
   wrlat: 0 # Total latency experienced by write requests
   rdhits: 83 # Read row hits
   wrhits: 0 # Write row hits
   mlh: # latency histogram for memory requests
    0: 0
    1: 0
    2: 0
    3: 0
    4: 0
    5: 0
    6: 0
    7: 743
    8: 111
    9: 36
    10: 14
    11: 12
    12: 15
    13: 18
    14: 76
    15: 21
    16: 51
    17: 19
    18: 7
    19: 6
    20: 0
    21: 0
    22: 9
    23: 4
    24: 3
    25: 3
    26: 3
    27: 2
    28: 0
    29: 0
    30: 1
    31: 0
    32: 2
    33: 1
    34: 0
    35: 1
    36: 0
    37: 0
    38: 4
    39: 2
    40: 5
    41: 2
    42: 0
    43: 0
    44: 0
    45: 1
    46: 0
    47: 0
    48: 0
    49: 0
    50: 0
    51: 0
    52: 0
    53: 0
    54: 0
    55: 0
    56: 0
    57: 0
    58: 0
    59: 0
    60: 0
    61: 0
    62: 0
    63: 0
    64: 0
    65: 0
    66: 0
    67: 0
    68: 0
    69: 0
    70: 0
    71: 0
    72: 0
    73: 0
    74: 0
    75: 0
    76: 0
    77: 0
    78: 0
    79: 0
    80: 0
    81: 0
    82: 0
    83: 0
    84: 0
    85: 0
    86: 0
    87: 0
    88: 0
    89: 0
    90: 0
    91: 0
    92: 0
    93: 0
    94: 0
    95: 0
    96: 0
    97: 0
    98: 0
    99: 0
  mem-1: # Memory controller stats
   rd: 1193 # Read requests
   wr: 0 # Write requests
   rdlat: 122675 # Total latency experienced by read requests
   wrlat: 0 # Total latency experienced by write requests
   rdhits: 107 # Read row hits
   wrhits: 0 # Write row hits
   mlh: # latency histogram for memory requests
    0: 0
    1: 0
    2: 0
    3: 0
    4: 0
    5: 0
    6: 0
    7: 739
    8: 119
    9: 51
    10: 13
    11: 8
    12: 6
    13: 9
    14: 90
    15: 19
    16: 59
    17: 8
    18: 4
    19: 6
    20: 2
    21: 4
    22: 6
    23: 4
    24: 3
    25: 11
    26: 4
    27: 2
    28: 4
    29: 1
    30: 5
    31: 11
    32: 1
    33: 1
    34: 0
    35: 0
    36: 1
    37: 1
    38: 0
    39: 0
    40: 0
    41: 0
    42: 0
    43: 0
    44: 0
    45: 0
    46: 0
    47: 0
    48: 0
    49: 0
    50: 0
    51: 0
    52: 0
    53: 0
    54: 0
    55: 0
    56: 1
    57: 0
    58: 0
    59: 0
    60: 0
    61: 0
    62: 0
    63: 0
    64: 0
    65: 0
    66: 0
    67: 0
    68: 0
    69: 0
    70: 0
    71: 0
    72: 0
    73: 0
    74: 0
    75: 0
    76: 0
    77: 0
    78: 0
    79: 0
    80: 0
    81: 0
    82: 0
    83: 0
    84: 0
    85: 0
    86: 0
    87: 0
    88: 0
    89: 0
    90: 0
    91: 0
    92: 0
    93: 0
    94: 0
    95: 0
    96: 0
    97: 0
    98: 0
    99: 0
 sched: # Scheduler stats
  thCr: 2 # Threads created
  thFn: 0 # Threads finished
  schedEvs: 2 # Schedule events
  waitEvs: 0 # Wait events
  handoffEvs: 0 # Handoff events
  sleepEvs: 0 # Sleep events
  idlePhases: 0 # Phases with no thread active
  idlePeriods: 0 # Periods with no thread active
  occHist: # Occupancy histogram
   0: 0
   1: 2
   2: 167528
  rqSzHist: # Run queue size histogram
   0: 167530
   1: 0
   2: 0
   3: 0
   4: 0
   5: 0
   6: 0
   7: 0
   8: 0
   9: 0
   10: 0
   11: 0
   12: 0
   13: 0
   14: 0
   15: 0
   16: 0
 procCycles: # Per-process unhalted core cycles
  0: 3350580073
  1: 0
  2: 0
  3: 0
  4: 0
  5: 0
  6: 0
  7: 0
  8: 0
  9: 0
  10: 0
  11: 0
  12: 0
  13: 0
  14: 0
  15: 0
  16: 0
  17: 0
  18: 0
  19: 0
  20: 0
  21: 0
  22: 0
  23: 0
  24: 0
  25: 0
  26: 0
  27: 0
  28: 0
  29: 0
  30: 0
  31: 0
  32: 0
  33: 0
  34: 0
  35: 0
  36: 0
  37: 0
  38: 0
  39: 0
  40: 0
  41: 0
  42: 0
  43: 0
  44: 0
  45: 0
  46: 0
  47: 0
  48: 0
  49: 0
  50: 0
  51: 0
  52: 0
  53: 0
  54: 0
  55: 0
  56: 0
  57: 0
  58: 0
  59: 0
  60: 0
  61: 0
  62: 0
  63: 0
 procInstrs: # Per-process instructions
  0: 5000000772
  1: 0
  2: 0
  3: 0
  4: 0
  5: 0
  6: 0
  7: 0
  8: 0
  9: 0
  10: 0
  11: 0
  12: 0
  13: 0
  14: 0
  15: 0
  16: 0
  17: 0
  18: 0
  19: 0
  20: 0
  21: 0
  22: 0
  23: 0
  24: 0
  25: 0
  26: 0
  27: 0
  28: 0
  29: 0
  30: 0
  31: 0
  32: 0
  33: 0
  34: 0
  35: 0
  36: 0
  37: 0
  38: 0
  39: 0
  40: 0
  41: 0
  42: 0
  43: 0
  44: 0
  45: 0
  46: 0
  47: 0
  48: 0
  49: 0
  50: 0
  51: 0
  52: 0
  53: 0
  54: 0
  55: 0
  56: 0
  57: 0
  58: 0
  59: 0
  60: 0
  61: 0
  62: 0
  63: 0
 heartbeats: # Per-process heartbeats
  0: 0
  1: 0
  2: 0
  3: 0
  4: 0
  5: 0
  6: 0
  7: 0
  8: 0
  9: 0
  10: 0
  11: 0
  12: 0
  13: 0
  14: 0
  15: 0
  16: 0
  17: 0
  18: 0
  19: 0
  20: 0
  21: 0
  22: 0
  23: 0
  24: 0
  25: 0
  26: 0
  27: 0
  28: 0
  29: 0
  30: 0
  31: 0
  32: 0
  33: 0
  34: 0
  35: 0
  36: 0
  37: 0
  38: 0
  39: 0
  40: 0
  41: 0
  42: 0
  43: 0
  44: 0
  45: 0
  46: 0
  47: 0
  48: 0
  49: 0
  50: 0
  51: 0
  52: 0
  53: 0
  54: 0
  55: 0
  56: 0
  57: 0
  58: 0
  59: 0
  60: 0
  61: 0
  62: 0
  63: 0
===
