# zsim stats
===
root: # Stats
 contention: # Contention simulation stats
  domain-0: # Domain stats
   time: 743568024 # Weave simulation time
 time: # Simulator time breakdown
  init: 11404734877
  bound: 529071993904
  weave: 6758423352
  ff: 0
 trigger: 20000 # Reason for this stats dump
 phase: 51848 # Simulated phases
 core: # Core stats
  core-0: # Core stats
   cycles: 518480001 # Simulated unhalted cycles
   cCycles: 1823481 # Cycles due to contention stalls
   instrs: 561744954 # Simulated instructions
   uops: 571790260 # Retired micro-ops
   bbls: 90174036 # Basic blocks
   approxInstrs: 17730475 # Instrs with approx uop decoding
   mispredBranches: 4950 # Mispredicted branches
  core-1: # Core stats
   cycles: 518480002 # Simulated unhalted cycles
   cCycles: 1807317 # Cycles due to contention stalls
   instrs: 738842502 # Simulated instructions
   uops: 751858763 # Retired micro-ops
   bbls: 118600381 # Basic blocks
   approxInstrs: 23371350 # Instrs with approx uop decoding
   mispredBranches: 6486 # Mispredicted branches
  core-2: # Core stats
   cycles: 518480010 # Simulated unhalted cycles
   cCycles: 1807986 # Cycles due to contention stalls
   instrs: 739980034 # Simulated instructions
   uops: 752929945 # Retired micro-ops
   bbls: 118823780 # Basic blocks
   approxInstrs: 23380728 # Instrs with approx uop decoding
   mispredBranches: 6487 # Mispredicted branches
  core-3: # Core stats
   cycles: 518480006 # Simulated unhalted cycles
   cCycles: 1802277 # Cycles due to contention stalls
   instrs: 738310996 # Simulated instructions
   uops: 752362355 # Retired micro-ops
   bbls: 118219870 # Basic blocks
   approxInstrs: 23276238 # Instrs with approx uop decoding
   mispredBranches: 6827 # Mispredicted branches
  core-4: # Core stats
   cycles: 518480014 # Simulated unhalted cycles
   cCycles: 1802625 # Cycles due to contention stalls
   instrs: 740852546 # Simulated instructions
   uops: 754200343 # Retired micro-ops
   bbls: 118853203 # Basic blocks
   approxInstrs: 23380734 # Instrs with approx uop decoding
   mispredBranches: 6624 # Mispredicted branches
  core-5: # Core stats
   cycles: 518480007 # Simulated unhalted cycles
   cCycles: 1804456 # Cycles due to contention stalls
   instrs: 740245793 # Simulated instructions
   uops: 753256694 # Retired micro-ops
   bbls: 118839281 # Basic blocks
   approxInstrs: 23406108 # Instrs with approx uop decoding
   mispredBranches: 6481 # Mispredicted branches
  core-6: # Core stats
   cycles: 518480007 # Simulated unhalted cycles
   cCycles: 1808775 # Cycles due to contention stalls
   instrs: 740096711 # Simulated instructions
   uops: 753067676 # Retired micro-ops
   bbls: 118834480 # Basic blocks
   approxInstrs: 23386089 # Instrs with approx uop decoding
   mispredBranches: 6539 # Mispredicted branches
 l1i: # Cache stats
  l1i-0: # Filter cache stats
   fhGETS: 97896234 # Filtered GETS hits
   fhGETX: 0 # Filtered GETX hits
   hGETS: 41971 # GETS hits
   hGETX: 0 # GETX hits
   mGETS: 1395 # GETS misses
   mGETXIM: 0 # GETX I->M misses
   mGETXSM: 0 # GETX S->M misses (upgrade misses)
   PUTS: 0 # Clean evictions (from lower level)
   PUTX: 0 # Dirty evictions (from lower level)
   INV: 0 # Invalidates (from upper level)
   INVX: 0 # Downgrades (from upper level)
   FWD: 0 # Forwards (from upper level)
   latGETnl: 50670 # GET request latency on next level
   latGETnet: 0 # GET request latency on network to next level
  l1i-1: # Filter cache stats
   fhGETS: 128768899 # Filtered GETS hits
   fhGETX: 0 # Filtered GETX hits
   hGETS: 43947 # GETS hits
   hGETX: 0 # GETX hits
   mGETS: 1564 # GETS misses
   mGETXIM: 0 # GETX I->M misses
   mGETXSM: 0 # GETX S->M misses (upgrade misses)
   PUTS: 0 # Clean evictions (from lower level)
   PUTX: 0 # Dirty evictions (from lower level)
   INV: 0 # Invalidates (from upper level)
   INVX: 0 # Downgrades (from upper level)
   FWD: 0 # Forwards (from upper level)
   latGETnl: 52406 # GET request latency on next level
   latGETnet: 0 # GET request latency on network to next level
  l1i-2: # Filter cache stats
   fhGETS: 129001651 # Filtered GETS hits
   fhGETX: 0 # Filtered GETX hits
   hGETS: 43895 # GETS hits
   hGETX: 0 # GETX hits
   mGETS: 1636 # GETS misses
   mGETXIM: 0 # GETX I->M misses
   mGETXSM: 0 # GETX S->M misses (upgrade misses)
   PUTS: 0 # Clean evictions (from lower level)
   PUTX: 0 # Dirty evictions (from lower level)
   INV: 0 # Invalidates (from upper level)
   INVX: 0 # Downgrades (from upper level)
   FWD: 0 # Forwards (from upper level)
   latGETnl: 53834 # GET request latency on next level
   latGETnet: 0 # GET request latency on network to next level
  l1i-3: # Filter cache stats
   fhGETS: 128384597 # Filtered GETS hits
   fhGETX: 0 # Filtered GETX hits
   hGETS: 44007 # GETS hits
   hGETX: 0 # GETX hits
   mGETS: 1802 # GETS misses
   mGETXIM: 0 # GETX I->M misses
   mGETXSM: 0 # GETX S->M misses (upgrade misses)
   PUTS: 0 # Clean evictions (from lower level)
   PUTX: 0 # Dirty evictions (from lower level)
   INV: 0 # Invalidates (from upper level)
   INVX: 0 # Downgrades (from upper level)
   FWD: 0 # Forwards (from upper level)
   latGETnl: 60523 # GET request latency on next level
   latGETnet: 0 # GET request latency on network to next level
  l1i-4: # Filter cache stats
   fhGETS: 129041563 # Filtered GETS hits
   fhGETX: 0 # Filtered GETX hits
   hGETS: 43908 # GETS hits
   hGETX: 0 # GETX hits
   mGETS: 1748 # GETS misses
   mGETXIM: 0 # GETX I->M misses
   mGETXSM: 0 # GETX S->M misses (upgrade misses)
   PUTS: 0 # Clean evictions (from lower level)
   PUTX: 0 # Dirty evictions (from lower level)
   INV: 0 # Invalidates (from upper level)
   INVX: 0 # Downgrades (from upper level)
   FWD: 0 # Forwards (from upper level)
   latGETnl: 58690 # GET request latency on next level
   latGETnet: 0 # GET request latency on network to next level
  l1i-5: # Filter cache stats
   fhGETS: 129023493 # Filtered GETS hits
   fhGETX: 0 # Filtered GETX hits
   hGETS: 43897 # GETS hits
   hGETX: 0 # GETX hits
   mGETS: 1613 # GETS misses
   mGETXIM: 0 # GETX I->M misses
   mGETXSM: 0 # GETX S->M misses (upgrade misses)
   PUTS: 0 # Clean evictions (from lower level)
   PUTX: 0 # Dirty evictions (from lower level)
   INV: 0 # Invalidates (from upper level)
   INVX: 0 # Downgrades (from upper level)
   FWD: 0 # Forwards (from upper level)
   latGETnl: 51682 # GET request latency on next level
   latGETnet: 0 # GET request latency on network to next level
  l1i-6: # Filter cache stats
   fhGETS: 129013756 # Filtered GETS hits
   fhGETX: 0 # Filtered GETX hits
   hGETS: 43906 # GETS hits
   hGETX: 0 # GETX hits
   mGETS: 1743 # GETS misses
   mGETXIM: 0 # GETX I->M misses
   mGETXSM: 0 # GETX S->M misses (upgrade misses)
   PUTS: 0 # Clean evictions (from lower level)
   PUTX: 0 # Dirty evictions (from lower level)
   INV: 0 # Invalidates (from upper level)
   INVX: 0 # Downgrades (from upper level)
   FWD: 0 # Forwards (from upper level)
   latGETnl: 57105 # GET request latency on next level
   latGETnet: 0 # GET request latency on network to next level
 l1d: # Cache stats
  l1d-0: # Filter cache stats
   fhGETS: 98722146 # Filtered GETS hits
   fhGETX: 25176636 # Filtered GETX hits
   hGETS: 12393101 # GETS hits
   hGETX: 12919371 # GETX hits
   mGETS: 23981974 # GETS misses
   mGETXIM: 4377165 # GETX I->M misses
   mGETXSM: 6119 # GETX S->M misses (upgrade misses)
   PUTS: 0 # Clean evictions (from lower level)
   PUTX: 0 # Dirty evictions (from lower level)
   INV: 277 # Invalidates (from upper level)
   INVX: 11941 # Downgrades (from upper level)
   FWD: 0 # Forwards (from upper level)
   latGETnl: 981742844 # GET request latency on next level
   latGETnet: 0 # GET request latency on network to next level
  l1d-1: # Filter cache stats
   fhGETS: 121121201 # Filtered GETS hits
   fhGETX: 33153123 # Filtered GETX hits
   hGETS: 19211599 # GETS hits
   hGETX: 21365333 # GETX hits
   mGETS: 37335257 # GETS misses
   mGETXIM: 1227298 # GETX I->M misses
   mGETXSM: 160 # GETX S->M misses (upgrade misses)
   PUTS: 0 # Clean evictions (from lower level)
   PUTX: 0 # Dirty evictions (from lower level)
   INV: 3887 # Invalidates (from upper level)
   INVX: 16850 # Downgrades (from upper level)
   FWD: 0 # Forwards (from upper level)
   latGETnl: 1304495292 # GET request latency on next level
   latGETnet: 0 # GET request latency on network to next level
  l1d-2: # Filter cache stats
   fhGETS: 129422268 # Filtered GETS hits
   fhGETX: 33042391 # Filtered GETX hits
   hGETS: 12252856 # GETS hits
   hGETX: 21679859 # GETX hits
   mGETS: 36239934 # GETS misses
   mGETXIM: 1082544 # GETX I->M misses
   mGETXSM: 158 # GETX S->M misses (upgrade misses)
   PUTS: 0 # Clean evictions (from lower level)
   PUTX: 0 # Dirty evictions (from lower level)
   INV: 4031 # Invalidates (from upper level)
   INVX: 30146 # Downgrades (from upper level)
   FWD: 0 # Forwards (from upper level)
   latGETnl: 1294249217 # GET request latency on next level
   latGETnet: 0 # GET request latency on network to next level
  l1d-3: # Filter cache stats
   fhGETS: 130007438 # Filtered GETS hits
   fhGETX: 33349412 # Filtered GETX hits
   hGETS: 12332894 # GETS hits
   hGETX: 21594684 # GETX hits
   mGETS: 36082683 # GETS misses
   mGETXIM: 1126601 # GETX I->M misses
   mGETXSM: 131 # GETX S->M misses (upgrade misses)
   PUTS: 0 # Clean evictions (from lower level)
   PUTX: 0 # Dirty evictions (from lower level)
   INV: 3881 # Invalidates (from upper level)
   INVX: 19619 # Downgrades (from upper level)
   FWD: 0 # Forwards (from upper level)
   latGETnl: 1289386800 # GET request latency on next level
   latGETnet: 0 # GET request latency on network to next level
  l1d-4: # Filter cache stats
   fhGETS: 129865328 # Filtered GETS hits
   fhGETX: 33181088 # Filtered GETX hits
   hGETS: 12361052 # GETS hits
   hGETX: 21731890 # GETX hits
   mGETS: 36236105 # GETS misses
   mGETXIM: 1080929 # GETX I->M misses
   mGETXSM: 169 # GETX S->M misses (upgrade misses)
   PUTS: 0 # Clean evictions (from lower level)
   PUTX: 0 # Dirty evictions (from lower level)
   INV: 499 # Invalidates (from upper level)
   INVX: 21176 # Downgrades (from upper level)
   FWD: 0 # Forwards (from upper level)
   latGETnl: 1293359519 # GET request latency on next level
   latGETnet: 0 # GET request latency on network to next level
  l1d-5: # Filter cache stats
   fhGETS: 129485471 # Filtered GETS hits
   fhGETX: 33056987 # Filtered GETX hits
   hGETS: 12259415 # GETS hits
   hGETX: 21697524 # GETX hits
   mGETS: 36260314 # GETS misses
   mGETXIM: 1082129 # GETX I->M misses
   mGETXSM: 145 # GETX S->M misses (upgrade misses)
   PUTS: 0 # Clean evictions (from lower level)
   PUTX: 0 # Dirty evictions (from lower level)
   INV: 3978 # Invalidates (from upper level)
   INVX: 19166 # Downgrades (from upper level)
   FWD: 0 # Forwards (from upper level)
   latGETnl: 1294229748 # GET request latency on next level
   latGETnet: 0 # GET request latency on network to next level
  l1d-6: # Filter cache stats
   fhGETS: 129435756 # Filtered GETS hits
   fhGETX: 33042905 # Filtered GETX hits
   hGETS: 12254565 # GETS hits
   hGETX: 21691689 # GETX hits
   mGETS: 36255156 # GETS misses
   mGETXIM: 1082128 # GETX I->M misses
   mGETXSM: 151 # GETX S->M misses (upgrade misses)
   PUTS: 0 # Clean evictions (from lower level)
   PUTX: 0 # Dirty evictions (from lower level)
   INV: 4013 # Invalidates (from upper level)
   INVX: 30984 # Downgrades (from upper level)
   FWD: 0 # Forwards (from upper level)
   latGETnl: 1294468068 # GET request latency on next level
   latGETnet: 0 # GET request latency on network to next level
 l2: # Cache stats
  l2-0: # Cache stats
   hGETS: 770175 # GETS hits
   hGETX: 80818 # GETX hits
   mGETS: 23213194 # GETS misses
   mGETXIM: 4296347 # GETX I->M misses
   mGETXSM: 6119 # GETX S->M misses (upgrade misses)
   PUTS: 13343827 # Clean evictions (from lower level)
   PUTX: 15016302 # Dirty evictions (from lower level)
   INV: 362 # Invalidates (from upper level)
   INVX: 1119244 # Downgrades (from upper level)
   FWD: 0 # Forwards (from upper level)
   latGETnl: 669760331 # GET request latency on next level
   latGETnet: 0 # GET request latency on network to next level
  l2-1: # Cache stats
   hGETS: 2091544 # GETS hits
   hGETX: 245330 # GETX hits
   mGETS: 35245277 # GETS misses
   mGETXIM: 981968 # GETX I->M misses
   mGETXSM: 160 # GETX S->M misses (upgrade misses)
   PUTS: 18476905 # Clean evictions (from lower level)
   PUTX: 20083199 # Dirty evictions (from lower level)
   INV: 4263 # Invalidates (from upper level)
   INVX: 577935 # Downgrades (from upper level)
   FWD: 0 # Forwards (from upper level)
   latGETnl: 880340629 # GET request latency on next level
   latGETnet: 0 # GET request latency on network to next level
  l2-2: # Cache stats
   hGETS: 946200 # GETS hits
   hGETX: 100556 # GETX hits
   mGETS: 35295370 # GETS misses
   mGETXIM: 981988 # GETX I->M misses
   mGETXSM: 158 # GETX S->M misses (upgrade misses)
   PUTS: 17361025 # Clean evictions (from lower level)
   PUTX: 19958930 # Dirty evictions (from lower level)
   INV: 4364 # Invalidates (from upper level)
   INVX: 635089 # Downgrades (from upper level)
   FWD: 0 # Forwards (from upper level)
   latGETnl: 883736059 # GET request latency on next level
   latGETnet: 0 # GET request latency on network to next level
  l2-3: # Cache stats
   hGETS: 947704 # GETS hits
   hGETX: 99586 # GETX hits
   mGETS: 35136781 # GETS misses
   mGETXIM: 1027015 # GETX I->M misses
   mGETXSM: 131 # GETX S->M misses (upgrade misses)
   PUTS: 17298245 # Clean evictions (from lower level)
   PUTX: 19908832 # Dirty evictions (from lower level)
   INV: 4154 # Invalidates (from upper level)
   INVX: 835630 # Downgrades (from upper level)
   FWD: 0 # Forwards (from upper level)
   latGETnl: 880123936 # GET request latency on next level
   latGETnet: 0 # GET request latency on network to next level
  l2-4: # Cache stats
   hGETS: 922068 # GETS hits
   hGETX: 83961 # GETX hits
   mGETS: 35315785 # GETS misses
   mGETXIM: 996967 # GETX I->M misses
   mGETXSM: 170 # GETX S->M misses (upgrade misses)
   PUTS: 17351069 # Clean evictions (from lower level)
   PUTX: 19967086 # Dirty evictions (from lower level)
   INV: 659 # Invalidates (from upper level)
   INVX: 969417 # Downgrades (from upper level)
   FWD: 0 # Forwards (from upper level)
   latGETnl: 882909748 # GET request latency on next level
   latGETnet: 0 # GET request latency on network to next level
  l2-5: # Cache stats
   hGETS: 946021 # GETS hits
   hGETX: 100146 # GETX hits
   mGETS: 35315906 # GETS misses
   mGETXIM: 981983 # GETX I->M misses
   mGETXSM: 145 # GETX S->M misses (upgrade misses)
   PUTS: 17365884 # Clean evictions (from lower level)
   PUTX: 19974066 # Dirty evictions (from lower level)
   INV: 4356 # Invalidates (from upper level)
   INVX: 1071517 # Downgrades (from upper level)
   FWD: 0 # Forwards (from upper level)
   latGETnl: 883495219 # GET request latency on next level
   latGETnet: 0 # GET request latency on network to next level
  l2-6: # Cache stats
   hGETS: 945809 # GETS hits
   hGETX: 100143 # GETX hits
   mGETS: 35311090 # GETS misses
   mGETXIM: 981985 # GETX I->M misses
   mGETXSM: 151 # GETX S->M misses (upgrade misses)
   PUTS: 17365904 # Clean evictions (from lower level)
   PUTX: 19968982 # Dirty evictions (from lower level)
   INV: 4380 # Invalidates (from upper level)
   INVX: 922735 # Downgrades (from upper level)
   FWD: 0 # Forwards (from upper level)
   latGETnl: 883794215 # GET request latency on next level
   latGETnet: 0 # GET request latency on network to next level
 l3: # Cache stats
  l3-0: # Cache stats
   hGETS: 234745078 # GETS hits
   hGETX: 10158721 # GETX hits
   mGETS: 88325 # GETS misses
   mGETXIM: 96566 # GETX I->M misses
   mGETXSM: 0 # GETX S->M misses (upgrade misses)
   PUTS: 112150362 # Clean evictions (from lower level)
   PUTX: 132851412 # Dirty evictions (from lower level)
   INV: 0 # Invalidates (from upper level)
   INVX: 0 # Downgrades (from upper level)
   FWD: 0 # Forwards (from upper level)
   latGETnl: 13866825 # GET request latency on next level
   latGETnet: 0 # GET request latency on network to next level
 mem: # Memory controller stats
  mem-0: # Memory controller stats
   rd: 92446 # Read requests
   wr: 0 # Write requests
   rdlat: 15732856 # Total latency experienced by read requests
   wrlat: 0 # Total latency experienced by write requests
   rdhits: 2154 # Read row hits
   wrhits: 0 # Write row hits
   mlh: # latency histogram for memory requests
    0: 0
    1: 0
    2: 0
    3: 0
    4: 0
    5: 0
    6: 0
    7: 0
    8: 0
    9: 6
    10: 17
    11: 24
    12: 22507
    13: 28061
    14: 12256
    15: 1963
    16: 4269
    17: 1264
    18: 1913
    19: 1396
    20: 1310
    21: 1493
    22: 636
    23: 1507
    24: 1047
    25: 864
    26: 1582
    27: 846
    28: 2499
    29: 500
    30: 1964
    31: 724
    32: 379
    33: 368
    34: 346
    35: 278
    36: 185
    37: 233
    38: 163
    39: 106
    40: 144
    41: 114
    42: 91
    43: 102
    44: 108
    45: 110
    46: 72
    47: 116
    48: 84
    49: 35
    50: 48
    51: 64
    52: 34
    53: 32
    54: 49
    55: 55
    56: 34
    57: 31
    58: 45
    59: 18
    60: 26
    61: 17
    62: 28
    63: 43
    64: 20
    65: 40
    66: 9
    67: 31
    68: 15
    69: 12
    70: 18
    71: 11
    72: 10
    73: 5
    74: 9
    75: 7
    76: 9
    77: 4
    78: 5
    79: 8
    80: 2
    81: 2
    82: 7
    83: 3
    84: 2
    85: 0
    86: 2
    87: 0
    88: 1
    89: 2
    90: 1
    91: 1
    92: 2
    93: 0
    94: 1
    95: 1
    96: 0
    97: 0
    98: 0
    99: 0
  mem-1: # Memory controller stats
   rd: 92445 # Read requests
   wr: 0 # Write requests
   rdlat: 15700548 # Total latency experienced by read requests
   wrlat: 0 # Total latency experienced by write requests
   rdhits: 585 # Read row hits
   wrhits: 0 # Write row hits
   mlh: # latency histogram for memory requests
    0: 0
    1: 0
    2: 0
    3: 0
    4: 0
    5: 0
    6: 0
    7: 0
    8: 0
    9: 10
    10: 19
    11: 38
    12: 20325
    13: 31541
    14: 11241
    15: 2341
    16: 4126
    17: 1135
    18: 1778
    19: 1314
    20: 1193
    21: 1519
    22: 605
    23: 1600
    24: 1088
    25: 804
    26: 1464
    27: 868
    28: 1974
    29: 528
    30: 2450
    31: 653
    32: 344
    33: 398
    34: 325
    35: 265
    36: 173
    37: 218
    38: 162
    39: 101
    40: 184
    41: 150
    42: 88
    43: 106
    44: 110
    45: 99
    46: 41
    47: 171
    48: 65
    49: 42
    50: 49
    51: 77
    52: 45
    53: 43
    54: 36
    55: 43
    56: 41
    57: 42
    58: 44
    59: 25
    60: 33
    61: 23
    62: 30
    63: 43
    64: 10
    65: 32
    66: 4
    67: 26
    68: 10
    69: 20
    70: 14
    71: 12
    72: 17
    73: 6
    74: 13
    75: 6
    76: 8
    77: 4
    78: 5
    79: 6
    80: 4
    81: 2
    82: 2
    83: 2
    84: 3
    85: 0
    86: 1
    87: 1
    88: 2
    89: 2
    90: 0
    91: 1
    92: 1
    93: 0
    94: 0
    95: 0
    96: 0
    97: 0
    98: 0
    99: 1
 sched: # Scheduler stats
  thCr: 7 # Threads created
  thFn: 0 # Threads finished
  schedEvs: 7 # Schedule events
  waitEvs: 0 # Wait events
  handoffEvs: 0 # Handoff events
  sleepEvs: 0 # Sleep events
  idlePhases: 0 # Phases with no thread active
  idlePeriods: 0 # Periods with no thread active
  occHist: # Occupancy histogram
   0: 0
   1: 0
   2: 0
   3: 0
   4: 0
   5: 0
   6: 0
   7: 51848
  rqSzHist: # Run queue size histogram
   0: 51848
   1: 0
   2: 0
   3: 0
   4: 0
   5: 0
   6: 0
   7: 0
   8: 0
   9: 0
   10: 0
   11: 0
   12: 0
   13: 0
   14: 0
   15: 0
   16: 0
 procCycles: # Per-process unhalted core cycles
  0: 3629360047
  1: 0
  2: 0
  3: 0
  4: 0
  5: 0
  6: 0
  7: 0
  8: 0
  9: 0
  10: 0
  11: 0
  12: 0
  13: 0
  14: 0
  15: 0
  16: 0
  17: 0
  18: 0
  19: 0
  20: 0
  21: 0
  22: 0
  23: 0
  24: 0
  25: 0
  26: 0
  27: 0
  28: 0
  29: 0
  30: 0
  31: 0
  32: 0
  33: 0
  34: 0
  35: 0
  36: 0
  37: 0
  38: 0
  39: 0
  40: 0
  41: 0
  42: 0
  43: 0
  44: 0
  45: 0
  46: 0
  47: 0
  48: 0
  49: 0
  50: 0
  51: 0
  52: 0
  53: 0
  54: 0
  55: 0
  56: 0
  57: 0
  58: 0
  59: 0
  60: 0
  61: 0
  62: 0
  63: 0
 procInstrs: # Per-process instructions
  0: 5000073536
  1: 0
  2: 0
  3: 0
  4: 0
  5: 0
  6: 0
  7: 0
  8: 0
  9: 0
  10: 0
  11: 0
  12: 0
  13: 0
  14: 0
  15: 0
  16: 0
  17: 0
  18: 0
  19: 0
  20: 0
  21: 0
  22: 0
  23: 0
  24: 0
  25: 0
  26: 0
  27: 0
  28: 0
  29: 0
  30: 0
  31: 0
  32: 0
  33: 0
  34: 0
  35: 0
  36: 0
  37: 0
  38: 0
  39: 0
  40: 0
  41: 0
  42: 0
  43: 0
  44: 0
  45: 0
  46: 0
  47: 0
  48: 0
  49: 0
  50: 0
  51: 0
  52: 0
  53: 0
  54: 0
  55: 0
  56: 0
  57: 0
  58: 0
  59: 0
  60: 0
  61: 0
  62: 0
  63: 0
 heartbeats: # Per-process heartbeats
  0: 0
  1: 0
  2: 0
  3: 0
  4: 0
  5: 0
  6: 0
  7: 0
  8: 0
  9: 0
  10: 0
  11: 0
  12: 0
  13: 0
  14: 0
  15: 0
  16: 0
  17: 0
  18: 0
  19: 0
  20: 0
  21: 0
  22: 0
  23: 0
  24: 0
  25: 0
  26: 0
  27: 0
  28: 0
  29: 0
  30: 0
  31: 0
  32: 0
  33: 0
  34: 0
  35: 0
  36: 0
  37: 0
  38: 0
  39: 0
  40: 0
  41: 0
  42: 0
  43: 0
  44: 0
  45: 0
  46: 0
  47: 0
  48: 0
  49: 0
  50: 0
  51: 0
  52: 0
  53: 0
  54: 0
  55: 0
  56: 0
  57: 0
  58: 0
  59: 0
  60: 0
  61: 0
  62: 0
  63: 0
===
