# zsim stats
===
root: # Stats
 contention: # Contention simulation stats
  domain-0: # Domain stats
   time: 1728773275 # Weave simulation time
 time: # Simulator time breakdown
  init: 11137379946
  bound: 531506621428
  weave: 23054686192
  ff: 0
 trigger: 20000 # Reason for this stats dump
 phase: 164284 # Simulated phases
 core: # Core stats
  core-0: # Core stats
   cycles: 1642840013 # Simulated unhalted cycles
   cCycles: 833370 # Cycles due to contention stalls
   instrs: 2201841983 # Simulated instructions
   uops: 2239884955 # Retired micro-ops
   bbls: 353373572 # Basic blocks
   approxInstrs: 69640407 # Instrs with approx uop decoding
   mispredBranches: 18700 # Mispredicted branches
  core-1: # Core stats
   cycles: 1642840007 # Simulated unhalted cycles
   cCycles: 855128 # Cycles due to contention stalls
   instrs: 2798174335 # Simulated instructions
   uops: 2847304612 # Retired micro-ops
   bbls: 448810295 # Basic blocks
   approxInstrs: 88474031 # Instrs with approx uop decoding
   mispredBranches: 23996 # Mispredicted branches
 l1i: # Cache stats
  l1i-0: # Filter cache stats
   fhGETS: 383790022 # Filtered GETS hits
   fhGETX: 0 # Filtered GETX hits
   hGETS: 3170 # GETS hits
   hGETX: 0 # GETX hits
   mGETS: 225 # GETS misses
   mGETXIM: 0 # GETX I->M misses
   mGETXSM: 0 # GETX S->M misses (upgrade misses)
   PUTS: 0 # Clean evictions (from lower level)
   PUTX: 0 # Dirty evictions (from lower level)
   INV: 0 # Invalidates (from upper level)
   INVX: 0 # Downgrades (from upper level)
   FWD: 0 # Forwards (from upper level)
   latGETnl: 13641 # GET request latency on next level
   latGETnet: 0 # GET request latency on network to next level
  l1i-1: # Filter cache stats
   fhGETS: 487470973 # Filtered GETS hits
   fhGETX: 0 # Filtered GETX hits
   hGETS: 4184 # GETS hits
   hGETX: 0 # GETX hits
   mGETS: 195 # GETS misses
   mGETXIM: 0 # GETX I->M misses
   mGETXSM: 0 # GETX S->M misses (upgrade misses)
   PUTS: 0 # Clean evictions (from lower level)
   PUTX: 0 # Dirty evictions (from lower level)
   INV: 0 # Invalidates (from upper level)
   INVX: 0 # Downgrades (from upper level)
   FWD: 0 # Forwards (from upper level)
   latGETnl: 8475 # GET request latency on next level
   latGETnet: 0 # GET request latency on network to next level
 l1d: # Cache stats
  l1d-0: # Filter cache stats
   fhGETS: 428592340 # Filtered GETS hits
   fhGETX: 104577683 # Filtered GETX hits
   hGETS: 9984569 # GETS hits
   hGETX: 44314883 # GETX hits
   mGETS: 91287194 # GETS misses
   mGETXIM: 16838846 # GETX I->M misses
   mGETXSM: 204 # GETX S->M misses (upgrade misses)
   PUTS: 0 # Clean evictions (from lower level)
   PUTX: 0 # Dirty evictions (from lower level)
   INV: 122 # Invalidates (from upper level)
   INVX: 43422 # Downgrades (from upper level)
   FWD: 0 # Forwards (from upper level)
   latGETnl: 2719419846 # GET request latency on next level
   latGETnet: 0 # GET request latency on network to next level
  l1d-1: # Filter cache stats
   fhGETS: 527962978 # Filtered GETS hits
   fhGETX: 133182029 # Filtered GETX hits
   hGETS: 12510616 # GETS hits
   hGETX: 73945617 # GETX hits
   mGETS: 133656188 # GETS misses
   mGETXIM: 3745992 # GETX I->M misses
   mGETXSM: 126 # GETX S->M misses (upgrade misses)
   PUTS: 0 # Clean evictions (from lower level)
   PUTX: 0 # Dirty evictions (from lower level)
   INV: 197 # Invalidates (from upper level)
   INVX: 41421 # Downgrades (from upper level)
   FWD: 0 # Forwards (from upper level)
   latGETnl: 3451241624 # GET request latency on next level
   latGETnet: 0 # GET request latency on network to next level
 l2: # Cache stats
  l2-0: # Cache stats
   hGETS: 20 # GETS hits
   hGETX: 2 # GETX hits
   mGETS: 91287399 # GETS misses
   mGETXIM: 16838844 # GETX I->M misses
   mGETXSM: 204 # GETX S->M misses (upgrade misses)
   PUTS: 49511375 # Clean evictions (from lower level)
   PUTX: 58614038 # Dirty evictions (from lower level)
   INV: 174 # Invalidates (from upper level)
   INVX: 1800780 # Downgrades (from upper level)
   FWD: 0 # Forwards (from upper level)
   latGETnl: 1854421735 # GET request latency on next level
   latGETnet: 0 # GET request latency on network to next level
  l2-1: # Cache stats
   hGETS: 10 # GETS hits
   hGETX: 0 # GETX hits
   mGETS: 133656373 # GETS misses
   mGETXIM: 3745992 # GETX I->M misses
   mGETXSM: 126 # GETX S->M misses (upgrade misses)
   PUTS: 62907993 # Clean evictions (from lower level)
   PUTX: 74493480 # Dirty evictions (from lower level)
   INV: 262 # Invalidates (from upper level)
   INVX: 1817706 # Downgrades (from upper level)
   FWD: 0 # Forwards (from upper level)
   latGETnl: 2352030091 # GET request latency on next level
   latGETnet: 0 # GET request latency on network to next level
 l3: # Cache stats
  l3-0: # Cache stats
   hGETS: 224905510 # GETS hits
   hGETX: 20557431 # GETX hits
   mGETS: 38262 # GETS misses
   mGETXIM: 27735 # GETX I->M misses
   mGETXSM: 0 # GETX S->M misses (upgrade misses)
   PUTS: 112415787 # Clean evictions (from lower level)
   PUTX: 133096001 # Dirty evictions (from lower level)
   INV: 0 # Invalidates (from upper level)
   INVX: 0 # Downgrades (from upper level)
   FWD: 0 # Forwards (from upper level)
   latGETnl: 3167856 # GET request latency on next level
   latGETnet: 0 # GET request latency on network to next level
 mem: # Memory controller stats
  mem-0: # Memory controller stats
   rd: 32998 # Read requests
   wr: 0 # Write requests
   rdlat: 2763712 # Total latency experienced by read requests
   wrlat: 0 # Total latency experienced by write requests
   rdhits: 360 # Read row hits
   wrhits: 0 # Write row hits
   mlh: # latency histogram for memory requests
    0: 0
    1: 0
    2: 0
    3: 0
    4: 0
    5: 0
    6: 7
    7: 25577
    8: 1601
    9: 4319
    10: 146
    11: 56
    12: 67
    13: 83
    14: 315
    15: 124
    16: 358
    17: 19
    18: 21
    19: 22
    20: 18
    21: 15
    22: 29
    23: 42
    24: 34
    25: 24
    26: 25
    27: 22
    28: 27
    29: 16
    30: 6
    31: 9
    32: 11
    33: 3
    34: 0
    35: 1
    36: 1
    37: 0
    38: 0
    39: 0
    40: 0
    41: 0
    42: 0
    43: 0
    44: 0
    45: 0
    46: 0
    47: 0
    48: 0
    49: 0
    50: 0
    51: 0
    52: 0
    53: 0
    54: 0
    55: 0
    56: 0
    57: 0
    58: 0
    59: 0
    60: 0
    61: 0
    62: 0
    63: 0
    64: 0
    65: 0
    66: 0
    67: 0
    68: 0
    69: 0
    70: 0
    71: 0
    72: 0
    73: 0
    74: 0
    75: 0
    76: 0
    77: 0
    78: 0
    79: 0
    80: 0
    81: 0
    82: 0
    83: 0
    84: 0
    85: 0
    86: 0
    87: 0
    88: 0
    89: 0
    90: 0
    91: 0
    92: 0
    93: 0
    94: 0
    95: 0
    96: 0
    97: 0
    98: 0
    99: 0
  mem-1: # Memory controller stats
   rd: 32999 # Read requests
   wr: 0 # Write requests
   rdlat: 2696805 # Total latency experienced by read requests
   wrlat: 0 # Total latency experienced by write requests
   rdhits: 84 # Read row hits
   wrhits: 0 # Write row hits
   mlh: # latency histogram for memory requests
    0: 0
    1: 0
    2: 0
    3: 0
    4: 0
    5: 0
    6: 6
    7: 29844
    8: 1347
    9: 426
    10: 71
    11: 67
    12: 79
    13: 231
    14: 313
    15: 206
    16: 81
    17: 13
    18: 23
    19: 22
    20: 13
    21: 17
    22: 34
    23: 39
    24: 32
    25: 35
    26: 17
    27: 26
    28: 21
    29: 13
    30: 3
    31: 10
    32: 1
    33: 4
    34: 2
    35: 1
    36: 1
    37: 1
    38: 0
    39: 0
    40: 0
    41: 0
    42: 0
    43: 0
    44: 0
    45: 0
    46: 0
    47: 0
    48: 0
    49: 0
    50: 0
    51: 0
    52: 0
    53: 0
    54: 0
    55: 0
    56: 0
    57: 0
    58: 0
    59: 0
    60: 0
    61: 0
    62: 0
    63: 0
    64: 0
    65: 0
    66: 0
    67: 0
    68: 0
    69: 0
    70: 0
    71: 0
    72: 0
    73: 0
    74: 0
    75: 0
    76: 0
    77: 0
    78: 0
    79: 0
    80: 0
    81: 0
    82: 0
    83: 0
    84: 0
    85: 0
    86: 0
    87: 0
    88: 0
    89: 0
    90: 0
    91: 0
    92: 0
    93: 0
    94: 0
    95: 0
    96: 0
    97: 0
    98: 0
    99: 0
 sched: # Scheduler stats
  thCr: 2 # Threads created
  thFn: 0 # Threads finished
  schedEvs: 2 # Schedule events
  waitEvs: 0 # Wait events
  handoffEvs: 0 # Handoff events
  sleepEvs: 0 # Sleep events
  idlePhases: 0 # Phases with no thread active
  idlePeriods: 0 # Periods with no thread active
  occHist: # Occupancy histogram
   0: 0
   1: 0
   2: 164284
  rqSzHist: # Run queue size histogram
   0: 164284
   1: 0
   2: 0
   3: 0
   4: 0
   5: 0
   6: 0
   7: 0
   8: 0
   9: 0
   10: 0
   11: 0
   12: 0
   13: 0
   14: 0
   15: 0
   16: 0
 procCycles: # Per-process unhalted core cycles
  0: 3285680020
  1: 0
  2: 0
  3: 0
  4: 0
  5: 0
  6: 0
  7: 0
  8: 0
  9: 0
  10: 0
  11: 0
  12: 0
  13: 0
  14: 0
  15: 0
  16: 0
  17: 0
  18: 0
  19: 0
  20: 0
  21: 0
  22: 0
  23: 0
  24: 0
  25: 0
  26: 0
  27: 0
  28: 0
  29: 0
  30: 0
  31: 0
  32: 0
  33: 0
  34: 0
  35: 0
  36: 0
  37: 0
  38: 0
  39: 0
  40: 0
  41: 0
  42: 0
  43: 0
  44: 0
  45: 0
  46: 0
  47: 0
  48: 0
  49: 0
  50: 0
  51: 0
  52: 0
  53: 0
  54: 0
  55: 0
  56: 0
  57: 0
  58: 0
  59: 0
  60: 0
  61: 0
  62: 0
  63: 0
 procInstrs: # Per-process instructions
  0: 5000016318
  1: 0
  2: 0
  3: 0
  4: 0
  5: 0
  6: 0
  7: 0
  8: 0
  9: 0
  10: 0
  11: 0
  12: 0
  13: 0
  14: 0
  15: 0
  16: 0
  17: 0
  18: 0
  19: 0
  20: 0
  21: 0
  22: 0
  23: 0
  24: 0
  25: 0
  26: 0
  27: 0
  28: 0
  29: 0
  30: 0
  31: 0
  32: 0
  33: 0
  34: 0
  35: 0
  36: 0
  37: 0
  38: 0
  39: 0
  40: 0
  41: 0
  42: 0
  43: 0
  44: 0
  45: 0
  46: 0
  47: 0
  48: 0
  49: 0
  50: 0
  51: 0
  52: 0
  53: 0
  54: 0
  55: 0
  56: 0
  57: 0
  58: 0
  59: 0
  60: 0
  61: 0
  62: 0
  63: 0
 heartbeats: # Per-process heartbeats
  0: 0
  1: 0
  2: 0
  3: 0
  4: 0
  5: 0
  6: 0
  7: 0
  8: 0
  9: 0
  10: 0
  11: 0
  12: 0
  13: 0
  14: 0
  15: 0
  16: 0
  17: 0
  18: 0
  19: 0
  20: 0
  21: 0
  22: 0
  23: 0
  24: 0
  25: 0
  26: 0
  27: 0
  28: 0
  29: 0
  30: 0
  31: 0
  32: 0
  33: 0
  34: 0
  35: 0
  36: 0
  37: 0
  38: 0
  39: 0
  40: 0
  41: 0
  42: 0
  43: 0
  44: 0
  45: 0
  46: 0
  47: 0
  48: 0
  49: 0
  50: 0
  51: 0
  52: 0
  53: 0
  54: 0
  55: 0
  56: 0
  57: 0
  58: 0
  59: 0
  60: 0
  61: 0
  62: 0
  63: 0
===
