# zsim stats
===
root: # Stats
 contention: # Contention simulation stats
  domain-0: # Domain stats
   time: 2531481882 # Weave simulation time
 time: # Simulator time breakdown
  init: 11775492065
  bound: 70183618255
  weave: 7074080982
  ff: 0
 trigger: 20000 # Reason for this stats dump
 phase: 53481 # Simulated phases
 core: # Core stats
  core-0: # Core stats
   cycles: 534810316 # Simulated unhalted cycles
   cCycles: 10027812 # Cycles due to contention stalls
   instrs: 500020070 # Simulated instructions
  core-1: # Core stats
   cycles: 534762905 # Simulated unhalted cycles
   cCycles: 10042377 # Cycles due to contention stalls
   instrs: 500000540 # Simulated instructions
  core-2: # Core stats
   cycles: 534760653 # Simulated unhalted cycles
   cCycles: 10033546 # Cycles due to contention stalls
   instrs: 500007976 # Simulated instructions
  core-3: # Core stats
   cycles: 534751929 # Simulated unhalted cycles
   cCycles: 10030762 # Cycles due to contention stalls
   instrs: 500007055 # Simulated instructions
  core-4: # Core stats
   cycles: 534752000 # Simulated unhalted cycles
   cCycles: 10036803 # Cycles due to contention stalls
   instrs: 500001381 # Simulated instructions
  core-5: # Core stats
   cycles: 534751879 # Simulated unhalted cycles
   cCycles: 10030685 # Cycles due to contention stalls
   instrs: 500008033 # Simulated instructions
  core-6: # Core stats
   cycles: 534751882 # Simulated unhalted cycles
   cCycles: 10028898 # Cycles due to contention stalls
   instrs: 500010079 # Simulated instructions
  core-7: # Core stats
   cycles: 534751969 # Simulated unhalted cycles
   cCycles: 10039774 # Cycles due to contention stalls
   instrs: 499999381 # Simulated instructions
  core-8: # Core stats
   cycles: 534750156 # Simulated unhalted cycles
   cCycles: 10036847 # Cycles due to contention stalls
   instrs: 499999347 # Simulated instructions
  core-9: # Core stats
   cycles: 534750187 # Simulated unhalted cycles
   cCycles: 10030598 # Cycles due to contention stalls
   instrs: 500002164 # Simulated instructions
 l1i: # Cache stats
  l1i-0: # Filter cache stats
   fhGETS: 78073265 # Filtered GETS hits
   fhGETX: 0 # Filtered GETX hits
   hGETS: 2096816 # GETS hits
   hGETX: 0 # GETX hits
   mGETS: 149 # GETS misses
   mGETXIM: 0 # GETX I->M misses
   mGETXSM: 0 # GETX S->M misses (upgrade misses)
   PUTS: 0 # Clean evictions (from lower level)
   PUTX: 0 # Dirty evictions (from lower level)
   INV: 74 # Invalidates (from upper level)
   INVX: 0 # Downgrades (from upper level)
   FWD: 0 # Forwards (from upper level)
   latGETnl: 10085 # GET request latency on next level
   latGETnet: 0 # GET request latency on network to next level
  l1i-1: # Filter cache stats
   fhGETS: 78068470 # Filtered GETS hits
   fhGETX: 0 # Filtered GETX hits
   hGETS: 2096493 # GETS hits
   hGETX: 0 # GETX hits
   mGETS: 83 # GETS misses
   mGETXIM: 0 # GETX I->M misses
   mGETXSM: 0 # GETX S->M misses (upgrade misses)
   PUTS: 0 # Clean evictions (from lower level)
   PUTX: 0 # Dirty evictions (from lower level)
   INV: 0 # Invalidates (from upper level)
   INVX: 0 # Downgrades (from upper level)
   FWD: 0 # Forwards (from upper level)
   latGETnl: 2625 # GET request latency on next level
   latGETnet: 0 # GET request latency on network to next level
  l1i-2: # Filter cache stats
   fhGETS: 78069596 # Filtered GETS hits
   fhGETX: 0 # Filtered GETX hits
   hGETS: 2096529 # GETS hits
   hGETX: 0 # GETX hits
   mGETS: 83 # GETS misses
   mGETXIM: 0 # GETX I->M misses
   mGETXSM: 0 # GETX S->M misses (upgrade misses)
   PUTS: 0 # Clean evictions (from lower level)
   PUTX: 0 # Dirty evictions (from lower level)
   INV: 0 # Invalidates (from upper level)
   INVX: 0 # Downgrades (from upper level)
   FWD: 0 # Forwards (from upper level)
   latGETnl: 2625 # GET request latency on next level
   latGETnet: 0 # GET request latency on network to next level
  l1i-3: # Filter cache stats
   fhGETS: 78069388 # Filtered GETS hits
   fhGETX: 0 # Filtered GETX hits
   hGETS: 2096526 # GETS hits
   hGETX: 0 # GETX hits
   mGETS: 44 # GETS misses
   mGETXIM: 0 # GETX I->M misses
   mGETXSM: 0 # GETX S->M misses (upgrade misses)
   PUTS: 0 # Clean evictions (from lower level)
   PUTX: 0 # Dirty evictions (from lower level)
   INV: 0 # Invalidates (from upper level)
   INVX: 0 # Downgrades (from upper level)
   FWD: 0 # Forwards (from upper level)
   latGETnl: 1188 # GET request latency on next level
   latGETnet: 0 # GET request latency on network to next level
  l1i-4: # Filter cache stats
   fhGETS: 78068502 # Filtered GETS hits
   fhGETX: 0 # Filtered GETX hits
   hGETS: 2096502 # GETS hits
   hGETX: 0 # GETX hits
   mGETS: 44 # GETS misses
   mGETXIM: 0 # GETX I->M misses
   mGETXSM: 0 # GETX S->M misses (upgrade misses)
   PUTS: 0 # Clean evictions (from lower level)
   PUTX: 0 # Dirty evictions (from lower level)
   INV: 0 # Invalidates (from upper level)
   INVX: 0 # Downgrades (from upper level)
   FWD: 0 # Forwards (from upper level)
   latGETnl: 1188 # GET request latency on next level
   latGETnet: 0 # GET request latency on network to next level
  l1i-5: # Filter cache stats
   fhGETS: 78069540 # Filtered GETS hits
   fhGETX: 0 # Filtered GETX hits
   hGETS: 2096530 # GETS hits
   hGETX: 0 # GETX hits
   mGETS: 44 # GETS misses
   mGETXIM: 0 # GETX I->M misses
   mGETXSM: 0 # GETX S->M misses (upgrade misses)
   PUTS: 0 # Clean evictions (from lower level)
   PUTX: 0 # Dirty evictions (from lower level)
   INV: 0 # Invalidates (from upper level)
   INVX: 0 # Downgrades (from upper level)
   FWD: 0 # Forwards (from upper level)
   latGETnl: 1188 # GET request latency on next level
   latGETnet: 0 # GET request latency on network to next level
  l1i-6: # Filter cache stats
   fhGETS: 78069858 # Filtered GETS hits
   fhGETX: 0 # Filtered GETX hits
   hGETS: 2096538 # GETS hits
   hGETX: 0 # GETX hits
   mGETS: 44 # GETS misses
   mGETXIM: 0 # GETX I->M misses
   mGETXSM: 0 # GETX S->M misses (upgrade misses)
   PUTS: 0 # Clean evictions (from lower level)
   PUTX: 0 # Dirty evictions (from lower level)
   INV: 0 # Invalidates (from upper level)
   INVX: 0 # Downgrades (from upper level)
   FWD: 0 # Forwards (from upper level)
   latGETnl: 1188 # GET request latency on next level
   latGETnet: 0 # GET request latency on network to next level
  l1i-7: # Filter cache stats
   fhGETS: 78068196 # Filtered GETS hits
   fhGETX: 0 # Filtered GETX hits
   hGETS: 2096494 # GETS hits
   hGETX: 0 # GETX hits
   mGETS: 44 # GETS misses
   mGETXIM: 0 # GETX I->M misses
   mGETXSM: 0 # GETX S->M misses (upgrade misses)
   PUTS: 0 # Clean evictions (from lower level)
   PUTX: 0 # Dirty evictions (from lower level)
   INV: 0 # Invalidates (from upper level)
   INVX: 0 # Downgrades (from upper level)
   FWD: 0 # Forwards (from upper level)
   latGETnl: 1188 # GET request latency on next level
   latGETnet: 0 # GET request latency on network to next level
  l1i-8: # Filter cache stats
   fhGETS: 78068190 # Filtered GETS hits
   fhGETX: 0 # Filtered GETX hits
   hGETS: 2096494 # GETS hits
   hGETX: 0 # GETX hits
   mGETS: 44 # GETS misses
   mGETXIM: 0 # GETX I->M misses
   mGETXSM: 0 # GETX S->M misses (upgrade misses)
   PUTS: 0 # Clean evictions (from lower level)
   PUTX: 0 # Dirty evictions (from lower level)
   INV: 0 # Invalidates (from upper level)
   INVX: 0 # Downgrades (from upper level)
   FWD: 0 # Forwards (from upper level)
   latGETnl: 1188 # GET request latency on next level
   latGETnet: 0 # GET request latency on network to next level
  l1i-9: # Filter cache stats
   fhGETS: 78068667 # Filtered GETS hits
   fhGETX: 0 # Filtered GETX hits
   hGETS: 2096514 # GETS hits
   hGETX: 0 # GETX hits
   mGETS: 83 # GETS misses
   mGETXIM: 0 # GETX I->M misses
   mGETXSM: 0 # GETX S->M misses (upgrade misses)
   PUTS: 0 # Clean evictions (from lower level)
   PUTX: 0 # Dirty evictions (from lower level)
   INV: 1 # Invalidates (from upper level)
   INVX: 0 # Downgrades (from upper level)
   FWD: 0 # Forwards (from upper level)
   latGETnl: 3009 # GET request latency on next level
   latGETnet: 0 # GET request latency on network to next level
 l1d: # Cache stats
  l1d-0: # Filter cache stats
   fhGETS: 103989957 # Filtered GETS hits
   fhGETX: 40690609 # Filtered GETX hits
   hGETS: 6944971 # GETS hits
   hGETX: 195277 # GETX hits
   mGETS: 342401 # GETS misses
   mGETXIM: 204 # GETX I->M misses
   mGETXSM: 7 # GETX S->M misses (upgrade misses)
   PUTS: 0 # Clean evictions (from lower level)
   PUTX: 0 # Dirty evictions (from lower level)
   INV: 118 # Invalidates (from upper level)
   INVX: 114 # Downgrades (from upper level)
   FWD: 0 # Forwards (from upper level)
   latGETnl: 24752349 # GET request latency on next level
   latGETnet: 0 # GET request latency on network to next level
  l1d-1: # Filter cache stats
   fhGETS: 104002763 # Filtered GETS hits
   fhGETX: 40705585 # Filtered GETX hits
   hGETS: 6929353 # GETS hits
   hGETX: 176209 # GETX hits
   mGETS: 340857 # GETS misses
   mGETXIM: 57 # GETX I->M misses
   mGETXSM: 5 # GETX S->M misses (upgrade misses)
   PUTS: 0 # Clean evictions (from lower level)
   PUTX: 0 # Dirty evictions (from lower level)
   INV: 78 # Invalidates (from upper level)
   INVX: 55 # Downgrades (from upper level)
   FWD: 0 # Forwards (from upper level)
   latGETnl: 24717363 # GET request latency on next level
   latGETnet: 0 # GET request latency on network to next level
  l1d-2: # Filter cache stats
   fhGETS: 104004524 # Filtered GETS hits
   fhGETX: 40706120 # Filtered GETX hits
   hGETS: 6929214 # GETS hits
   hGETX: 176259 # GETX hits
   mGETS: 340846 # GETS misses
   mGETXIM: 57 # GETX I->M misses
   mGETXSM: 6 # GETX S->M misses (upgrade misses)
   PUTS: 0 # Clean evictions (from lower level)
   PUTX: 0 # Dirty evictions (from lower level)
   INV: 78 # Invalidates (from upper level)
   INVX: 37 # Downgrades (from upper level)
   FWD: 0 # Forwards (from upper level)
   latGETnl: 24716506 # GET request latency on next level
   latGETnet: 0 # GET request latency on network to next level
  l1d-3: # Filter cache stats
   fhGETS: 104003948 # Filtered GETS hits
   fhGETX: 40706103 # Filtered GETX hits
   hGETS: 6929505 # GETS hits
   hGETX: 176159 # GETX hits
   mGETS: 340769 # GETS misses
   mGETXIM: 45 # GETX I->M misses
   mGETXSM: 3 # GETX S->M misses (upgrade misses)
   PUTS: 0 # Clean evictions (from lower level)
   PUTX: 0 # Dirty evictions (from lower level)
   INV: 77 # Invalidates (from upper level)
   INVX: 47 # Downgrades (from upper level)
   FWD: 0 # Forwards (from upper level)
   latGETnl: 24712924 # GET request latency on next level
   latGETnet: 0 # GET request latency on network to next level
  l1d-4: # Filter cache stats
   fhGETS: 104002608 # Filtered GETS hits
   fhGETX: 40705599 # Filtered GETX hits
   hGETS: 6929604 # GETS hits
   hGETX: 176193 # GETX hits
   mGETS: 340753 # GETS misses
   mGETXIM: 47 # GETX I->M misses
   mGETXSM: 3 # GETX S->M misses (upgrade misses)
   PUTS: 0 # Clean evictions (from lower level)
   PUTX: 0 # Dirty evictions (from lower level)
   INV: 80 # Invalidates (from upper level)
   INVX: 31 # Downgrades (from upper level)
   FWD: 0 # Forwards (from upper level)
   latGETnl: 24712628 # GET request latency on next level
   latGETnet: 0 # GET request latency on network to next level
  l1d-5: # Filter cache stats
   fhGETS: 104003682 # Filtered GETS hits
   fhGETX: 40706080 # Filtered GETX hits
   hGETS: 6929984 # GETS hits
   hGETX: 176258 # GETX hits
   mGETS: 340776 # GETS misses
   mGETXIM: 47 # GETX I->M misses
   mGETXSM: 3 # GETX S->M misses (upgrade misses)
   PUTS: 0 # Clean evictions (from lower level)
   PUTX: 0 # Dirty evictions (from lower level)
   INV: 79 # Invalidates (from upper level)
   INVX: 17 # Downgrades (from upper level)
   FWD: 0 # Forwards (from upper level)
   latGETnl: 24711973 # GET request latency on next level
   latGETnet: 0 # GET request latency on network to next level
  l1d-6: # Filter cache stats
   fhGETS: 104004475 # Filtered GETS hits
   fhGETX: 40706304 # Filtered GETX hits
   hGETS: 6929658 # GETS hits
   hGETX: 176200 # GETX hits
   mGETS: 340764 # GETS misses
   mGETXIM: 48 # GETX I->M misses
   mGETXSM: 3 # GETX S->M misses (upgrade misses)
   PUTS: 0 # Clean evictions (from lower level)
   PUTX: 0 # Dirty evictions (from lower level)
   INV: 79 # Invalidates (from upper level)
   INVX: 11 # Downgrades (from upper level)
   FWD: 0 # Forwards (from upper level)
   latGETnl: 24711717 # GET request latency on next level
   latGETnet: 0 # GET request latency on network to next level
  l1d-7: # Filter cache stats
   fhGETS: 104002417 # Filtered GETS hits
   fhGETX: 40705381 # Filtered GETX hits
   hGETS: 6929346 # GETS hits
   hGETX: 176256 # GETX hits
   mGETS: 340758 # GETS misses
   mGETXIM: 42 # GETX I->M misses
   mGETXSM: 3 # GETX S->M misses (upgrade misses)
   PUTS: 0 # Clean evictions (from lower level)
   PUTX: 0 # Dirty evictions (from lower level)
   INV: 79 # Invalidates (from upper level)
   INVX: 11 # Downgrades (from upper level)
   FWD: 0 # Forwards (from upper level)
   latGETnl: 24711626 # GET request latency on next level
   latGETnet: 0 # GET request latency on network to next level
  l1d-8: # Filter cache stats
   fhGETS: 104002478 # Filtered GETS hits
   fhGETX: 40705424 # Filtered GETX hits
   hGETS: 6929249 # GETS hits
   hGETX: 176204 # GETX hits
   mGETS: 340785 # GETS misses
   mGETXIM: 43 # GETX I->M misses
   mGETXSM: 3 # GETX S->M misses (upgrade misses)
   PUTS: 0 # Clean evictions (from lower level)
   PUTX: 0 # Dirty evictions (from lower level)
   INV: 78 # Invalidates (from upper level)
   INVX: 39 # Downgrades (from upper level)
   FWD: 0 # Forwards (from upper level)
   latGETnl: 24712774 # GET request latency on next level
   latGETnet: 0 # GET request latency on network to next level
  l1d-9: # Filter cache stats
   fhGETS: 104002943 # Filtered GETS hits
   fhGETX: 40705674 # Filtered GETX hits
   hGETS: 6929547 # GETS hits
   hGETX: 176254 # GETX hits
   mGETS: 340818 # GETS misses
   mGETXIM: 63 # GETX I->M misses
   mGETXSM: 4 # GETX S->M misses (upgrade misses)
   PUTS: 0 # Clean evictions (from lower level)
   PUTX: 0 # Dirty evictions (from lower level)
   INV: 78 # Invalidates (from upper level)
   INVX: 19 # Downgrades (from upper level)
   FWD: 0 # Forwards (from upper level)
   latGETnl: 24714416 # GET request latency on next level
   latGETnet: 0 # GET request latency on network to next level
 l2: # Cache stats
  l2-0: # Cache stats
   hGETS: 14350 # GETS hits
   hGETX: 1 # GETX hits
   mGETS: 328200 # GETS misses
   mGETXIM: 203 # GETX I->M misses
   mGETXSM: 7 # GETX S->M misses (upgrade misses)
   PUTS: 341849 # Clean evictions (from lower level)
   PUTX: 129 # Dirty evictions (from lower level)
   INV: 315018 # Invalidates (from upper level)
   INVX: 127 # Downgrades (from upper level)
   FWD: 0 # Forwards (from upper level)
   latGETnl: 21334824 # GET request latency on next level
   latGETnet: 0 # GET request latency on network to next level
  l2-1: # Cache stats
   hGETS: 12916 # GETS hits
   hGETX: 0 # GETX hits
   mGETS: 328024 # GETS misses
   mGETXIM: 57 # GETX I->M misses
   mGETXSM: 5 # GETX S->M misses (upgrade misses)
   PUTS: 340308 # Clean evictions (from lower level)
   PUTX: 16 # Dirty evictions (from lower level)
   INV: 314591 # Invalidates (from upper level)
   INVX: 55 # Downgrades (from upper level)
   FWD: 0 # Forwards (from upper level)
   latGETnl: 21309968 # GET request latency on next level
   latGETnet: 0 # GET request latency on network to next level
  l2-2: # Cache stats
   hGETS: 12891 # GETS hits
   hGETX: 0 # GETX hits
   mGETS: 328038 # GETS misses
   mGETXIM: 57 # GETX I->M misses
   mGETXSM: 6 # GETX S->M misses (upgrade misses)
   PUTS: 340293 # Clean evictions (from lower level)
   PUTX: 20 # Dirty evictions (from lower level)
   INV: 314603 # Invalidates (from upper level)
   INVX: 37 # Downgrades (from upper level)
   FWD: 0 # Forwards (from upper level)
   latGETnl: 21309211 # GET request latency on next level
   latGETnet: 0 # GET request latency on network to next level
  l2-3: # Cache stats
   hGETS: 12903 # GETS hits
   hGETX: 0 # GETX hits
   mGETS: 327910 # GETS misses
   mGETXIM: 45 # GETX I->M misses
   mGETXSM: 3 # GETX S->M misses (upgrade misses)
   PUTS: 340218 # Clean evictions (from lower level)
   PUTX: 7 # Dirty evictions (from lower level)
   INV: 314935 # Invalidates (from upper level)
   INVX: 47 # Downgrades (from upper level)
   FWD: 0 # Forwards (from upper level)
   latGETnl: 21305502 # GET request latency on next level
   latGETnet: 0 # GET request latency on network to next level
  l2-4: # Cache stats
   hGETS: 12891 # GETS hits
   hGETX: 0 # GETX hits
   mGETS: 327906 # GETS misses
   mGETXIM: 47 # GETX I->M misses
   mGETXSM: 3 # GETX S->M misses (upgrade misses)
   PUTS: 340201 # Clean evictions (from lower level)
   PUTX: 7 # Dirty evictions (from lower level)
   INV: 314566 # Invalidates (from upper level)
   INVX: 31 # Downgrades (from upper level)
   FWD: 0 # Forwards (from upper level)
   latGETnl: 21305346 # GET request latency on next level
   latGETnet: 0 # GET request latency on network to next level
  l2-5: # Cache stats
   hGETS: 12909 # GETS hits
   hGETX: 0 # GETX hits
   mGETS: 327911 # GETS misses
   mGETXIM: 47 # GETX I->M misses
   mGETXSM: 3 # GETX S->M misses (upgrade misses)
   PUTS: 340225 # Clean evictions (from lower level)
   PUTX: 7 # Dirty evictions (from lower level)
   INV: 314682 # Invalidates (from upper level)
   INVX: 17 # Downgrades (from upper level)
   FWD: 0 # Forwards (from upper level)
   latGETnl: 21304461 # GET request latency on next level
   latGETnet: 0 # GET request latency on network to next level
  l2-6: # Cache stats
   hGETS: 12898 # GETS hits
   hGETX: 0 # GETX hits
   mGETS: 327910 # GETS misses
   mGETXIM: 48 # GETX I->M misses
   mGETXSM: 3 # GETX S->M misses (upgrade misses)
   PUTS: 340214 # Clean evictions (from lower level)
   PUTX: 7 # Dirty evictions (from lower level)
   INV: 314438 # Invalidates (from upper level)
   INVX: 11 # Downgrades (from upper level)
   FWD: 0 # Forwards (from upper level)
   latGETnl: 21304315 # GET request latency on next level
   latGETnet: 0 # GET request latency on network to next level
  l2-7: # Cache stats
   hGETS: 12891 # GETS hits
   hGETX: 0 # GETX hits
   mGETS: 327911 # GETS misses
   mGETXIM: 42 # GETX I->M misses
   mGETXSM: 3 # GETX S->M misses (upgrade misses)
   PUTS: 340202 # Clean evictions (from lower level)
   PUTX: 7 # Dirty evictions (from lower level)
   INV: 314406 # Invalidates (from upper level)
   INVX: 11 # Downgrades (from upper level)
   FWD: 0 # Forwards (from upper level)
   latGETnl: 21304344 # GET request latency on next level
   latGETnet: 0 # GET request latency on network to next level
  l2-8: # Cache stats
   hGETS: 12919 # GETS hits
   hGETX: 0 # GETX hits
   mGETS: 327910 # GETS misses
   mGETXIM: 43 # GETX I->M misses
   mGETXSM: 3 # GETX S->M misses (upgrade misses)
   PUTS: 340231 # Clean evictions (from lower level)
   PUTX: 7 # Dirty evictions (from lower level)
   INV: 314767 # Invalidates (from upper level)
   INVX: 39 # Downgrades (from upper level)
   FWD: 0 # Forwards (from upper level)
   latGETnl: 21305212 # GET request latency on next level
   latGETnet: 0 # GET request latency on network to next level
  l2-9: # Cache stats
   hGETS: 12893 # GETS hits
   hGETX: 0 # GETX hits
   mGETS: 328008 # GETS misses
   mGETXIM: 63 # GETX I->M misses
   mGETXSM: 4 # GETX S->M misses (upgrade misses)
   PUTS: 340273 # Clean evictions (from lower level)
   PUTX: 18 # Dirty evictions (from lower level)
   INV: 314458 # Invalidates (from upper level)
   INVX: 19 # Downgrades (from upper level)
   FWD: 0 # Forwards (from upper level)
   latGETnl: 21307745 # GET request latency on next level
   latGETnet: 0 # GET request latency on network to next level
 l3: # Cache stats
  l3-0: # Cache stats
   hGETS: 2899 # GETS hits
   hGETX: 78 # GETX hits
   mGETS: 3276829 # GETS misses
   mGETXIM: 614 # GETX I->M misses
   mGETXSM: 0 # GETX S->M misses (upgrade misses)
   PUTS: 0 # Clean evictions (from lower level)
   PUTX: 0 # Dirty evictions (from lower level)
   INV: 0 # Invalidates (from upper level)
   INVX: 0 # Downgrades (from upper level)
   FWD: 0 # Forwards (from upper level)
   latGETnl: 157317264 # GET request latency on next level
   latGETnet: 0 # GET request latency on network to next level
 mem: # Memory controller stats
  mem-0: # Memory controller stats
   rd: 1638845 # Read requests
   wr: 583 # Write requests
   rdlat: 128839741 # Total latency experienced by read requests
   wrlat: 79415 # Total latency experienced by write requests
   rdhits: 2 # Read row hits
   wrhits: 0 # Write row hits
   mlh: # latency histogram for memory requests
    0: 0
    1: 0
    2: 0
    3: 0
    4: 0
    5: 0
    6: 0
    7: 1600452
    8: 24895
    9: 2379
    10: 2056
    11: 1713
    12: 1493
    13: 1369
    14: 1173
    15: 993
    16: 621
    17: 496
    18: 445
    19: 273
    20: 202
    21: 118
    22: 62
    23: 22
    24: 14
    25: 11
    26: 12
    27: 17
    28: 13
    29: 12
    30: 0
    31: 4
    32: 0
    33: 0
    34: 0
    35: 0
    36: 0
    37: 0
    38: 0
    39: 0
    40: 0
    41: 0
    42: 0
    43: 0
    44: 0
    45: 0
    46: 0
    47: 0
    48: 0
    49: 0
    50: 0
    51: 0
    52: 0
    53: 0
    54: 0
    55: 0
    56: 0
    57: 0
    58: 0
    59: 0
    60: 0
    61: 0
    62: 0
    63: 0
    64: 0
    65: 0
    66: 0
    67: 0
    68: 0
    69: 0
    70: 0
    71: 0
    72: 0
    73: 0
    74: 0
    75: 0
    76: 0
    77: 0
    78: 0
    79: 0
    80: 0
    81: 0
    82: 0
    83: 0
    84: 0
    85: 0
    86: 0
    87: 0
    88: 0
    89: 0
    90: 0
    91: 0
    92: 0
    93: 0
    94: 0
    95: 0
    96: 0
    97: 0
    98: 0
    99: 0
  mem-1: # Memory controller stats
   rd: 1638598 # Read requests
   wr: 367 # Write requests
   rdlat: 128815625 # Total latency experienced by read requests
   wrlat: 50225 # Total latency experienced by write requests
   rdhits: 1 # Read row hits
   wrhits: 0 # Write row hits
   mlh: # latency histogram for memory requests
    0: 0
    1: 0
    2: 0
    3: 0
    4: 0
    5: 0
    6: 0
    7: 1600693
    8: 24678
    9: 2282
    10: 1949
    11: 1695
    12: 1378
    13: 1268
    14: 1102
    15: 1047
    16: 830
    17: 595
    18: 337
    19: 171
    20: 175
    21: 138
    22: 125
    23: 50
    24: 24
    25: 12
    26: 16
    27: 21
    28: 9
    29: 1
    30: 0
    31: 0
    32: 0
    33: 0
    34: 2
    35: 0
    36: 0
    37: 0
    38: 0
    39: 0
    40: 0
    41: 0
    42: 0
    43: 0
    44: 0
    45: 0
    46: 0
    47: 0
    48: 0
    49: 0
    50: 0
    51: 0
    52: 0
    53: 0
    54: 0
    55: 0
    56: 0
    57: 0
    58: 0
    59: 0
    60: 0
    61: 0
    62: 0
    63: 0
    64: 0
    65: 0
    66: 0
    67: 0
    68: 0
    69: 0
    70: 0
    71: 0
    72: 0
    73: 0
    74: 0
    75: 0
    76: 0
    77: 0
    78: 0
    79: 0
    80: 0
    81: 0
    82: 0
    83: 0
    84: 0
    85: 0
    86: 0
    87: 0
    88: 0
    89: 0
    90: 0
    91: 0
    92: 0
    93: 0
    94: 0
    95: 0
    96: 0
    97: 0
    98: 0
    99: 0
 sched: # Scheduler stats
  thCr: 10 # Threads created
  thFn: 0 # Threads finished
  schedEvs: 10 # Schedule events
  waitEvs: 0 # Wait events
  handoffEvs: 0 # Handoff events
  sleepEvs: 0 # Sleep events
  idlePhases: 0 # Phases with no thread active
  idlePeriods: 0 # Periods with no thread active
  occHist: # Occupancy histogram
   0: 0
   1: 4
   2: 0
   3: 0
   4: 0
   5: 1
   6: 0
   7: 0
   8: 1
   9: 0
   10: 53475
  rqSzHist: # Run queue size histogram
   0: 53481
   1: 0
   2: 0
   3: 0
   4: 0
   5: 0
   6: 0
   7: 0
   8: 0
   9: 0
   10: 0
   11: 0
   12: 0
   13: 0
   14: 0
   15: 0
   16: 0
 procCycles: # Per-process unhalted core cycles
  0: 5347593876
  1: 0
  2: 0
  3: 0
  4: 0
  5: 0
  6: 0
  7: 0
  8: 0
  9: 0
  10: 0
  11: 0
  12: 0
  13: 0
  14: 0
  15: 0
  16: 0
  17: 0
  18: 0
  19: 0
  20: 0
  21: 0
  22: 0
  23: 0
  24: 0
  25: 0
  26: 0
  27: 0
  28: 0
  29: 0
  30: 0
  31: 0
  32: 0
  33: 0
  34: 0
  35: 0
  36: 0
  37: 0
  38: 0
  39: 0
  40: 0
  41: 0
  42: 0
  43: 0
  44: 0
  45: 0
  46: 0
  47: 0
  48: 0
  49: 0
  50: 0
  51: 0
  52: 0
  53: 0
  54: 0
  55: 0
  56: 0
  57: 0
  58: 0
  59: 0
  60: 0
  61: 0
  62: 0
  63: 0
 procInstrs: # Per-process instructions
  0: 5000056026
  1: 0
  2: 0
  3: 0
  4: 0
  5: 0
  6: 0
  7: 0
  8: 0
  9: 0
  10: 0
  11: 0
  12: 0
  13: 0
  14: 0
  15: 0
  16: 0
  17: 0
  18: 0
  19: 0
  20: 0
  21: 0
  22: 0
  23: 0
  24: 0
  25: 0
  26: 0
  27: 0
  28: 0
  29: 0
  30: 0
  31: 0
  32: 0
  33: 0
  34: 0
  35: 0
  36: 0
  37: 0
  38: 0
  39: 0
  40: 0
  41: 0
  42: 0
  43: 0
  44: 0
  45: 0
  46: 0
  47: 0
  48: 0
  49: 0
  50: 0
  51: 0
  52: 0
  53: 0
  54: 0
  55: 0
  56: 0
  57: 0
  58: 0
  59: 0
  60: 0
  61: 0
  62: 0
  63: 0
 heartbeats: # Per-process heartbeats
  0: 0
  1: 0
  2: 0
  3: 0
  4: 0
  5: 0
  6: 0
  7: 0
  8: 0
  9: 0
  10: 0
  11: 0
  12: 0
  13: 0
  14: 0
  15: 0
  16: 0
  17: 0
  18: 0
  19: 0
  20: 0
  21: 0
  22: 0
  23: 0
  24: 0
  25: 0
  26: 0
  27: 0
  28: 0
  29: 0
  30: 0
  31: 0
  32: 0
  33: 0
  34: 0
  35: 0
  36: 0
  37: 0
  38: 0
  39: 0
  40: 0
  41: 0
  42: 0
  43: 0
  44: 0
  45: 0
  46: 0
  47: 0
  48: 0
  49: 0
  50: 0
  51: 0
  52: 0
  53: 0
  54: 0
  55: 0
  56: 0
  57: 0
  58: 0
  59: 0
  60: 0
  61: 0
  62: 0
  63: 0
===
