# zsim stats
===
root: # Stats
 contention: # Contention simulation stats
  domain-0: # Domain stats
   time: 193376139714 # Weave simulation time
 time: # Simulator time breakdown
  init: 922661554
  bound: 1486596192541
  weave: 216646437968
  ff: 5988496170
 trigger: 20000 # Reason for this stats dump
 phase: 288463 # Simulated phases
 core: # Core stats
  core-0: # Core stats
   cycles: 2884636224 # Simulated unhalted cycles
   cCycles: 2265815842 # Cycles due to contention stalls
   instrs: 634362088 # Simulated instructions
   uops: 683191541 # Retired micro-ops
   bbls: 103788272 # Basic blocks
   approxInstrs: 15986948 # Instrs with approx uop decoding
   mispredBranches: 21977 # Mispredicted branches
  core-1: # Core stats
   cycles: 2884627390 # Simulated unhalted cycles
   cCycles: 2262566691 # Cycles due to contention stalls
   instrs: 647021520 # Simulated instructions
   uops: 697343559 # Retired micro-ops
   bbls: 105722645 # Basic blocks
   approxInstrs: 16327562 # Instrs with approx uop decoding
   mispredBranches: 22036 # Mispredicted branches
  core-2: # Core stats
   cycles: 2884627139 # Simulated unhalted cycles
   cCycles: 2299874938 # Cycles due to contention stalls
   instrs: 529225747 # Simulated instructions
   uops: 540659046 # Retired micro-ops
   bbls: 84849887 # Basic blocks
   approxInstrs: 16662962 # Instrs with approx uop decoding
   mispredBranches: 5524 # Mispredicted branches
  core-3: # Core stats
   cycles: 2884627205 # Simulated unhalted cycles
   cCycles: 2224744815 # Cycles due to contention stalls
   instrs: 737382102 # Simulated instructions
   uops: 826416732 # Retired micro-ops
   bbls: 122123740 # Basic blocks
   approxInstrs: 15356073 # Instrs with approx uop decoding
   mispredBranches: 39545 # Mispredicted branches
  core-4: # Core stats
   cycles: 2884627315 # Simulated unhalted cycles
   cCycles: 2300940995 # Cycles due to contention stalls
   instrs: 528699293 # Simulated instructions
   uops: 540707216 # Retired micro-ops
   bbls: 84750436 # Basic blocks
   approxInstrs: 16513081 # Instrs with approx uop decoding
   mispredBranches: 5618 # Mispredicted branches
  core-5: # Core stats
   cycles: 2884627485 # Simulated unhalted cycles
   cCycles: 2262361317 # Cycles due to contention stalls
   instrs: 636095318 # Simulated instructions
   uops: 686387164 # Retired micro-ops
   bbls: 104116478 # Basic blocks
   approxInstrs: 15991030 # Instrs with approx uop decoding
   mispredBranches: 22741 # Mispredicted branches
  core-6: # Core stats
   cycles: 2884627688 # Simulated unhalted cycles
   cCycles: 2264507724 # Cycles due to contention stalls
   instrs: 643557701 # Simulated instructions
   uops: 694057065 # Retired micro-ops
   bbls: 105077379 # Basic blocks
   approxInstrs: 16299193 # Instrs with approx uop decoding
   mispredBranches: 22374 # Mispredicted branches
  core-7: # Core stats
   cycles: 2884627189 # Simulated unhalted cycles
   cCycles: 2264690840 # Cycles due to contention stalls
   instrs: 643673828 # Simulated instructions
   uops: 694623101 # Retired micro-ops
   bbls: 105237469 # Basic blocks
   approxInstrs: 16188081 # Instrs with approx uop decoding
   mispredBranches: 23103 # Mispredicted branches
 l1i: # Cache stats
  l1i-0: # Filter cache stats
   fhGETS: 110899974 # Filtered GETS hits
   fhGETX: 0 # Filtered GETX hits
   hGETS: 1441 # GETS hits
   hGETX: 0 # GETX hits
   mGETS: 1157 # GETS misses
   mGETXIM: 0 # GETX I->M misses
   mGETXSM: 0 # GETX S->M misses (upgrade misses)
   PUTS: 0 # Clean evictions (from lower level)
   PUTX: 0 # Dirty evictions (from lower level)
   INV: 341 # Invalidates (from upper level)
   INVX: 0 # Downgrades (from upper level)
   FWD: 0 # Forwards (from upper level)
   latGETnl: 48109 # GET request latency on next level
   latGETnet: 0 # GET request latency on network to next level
  l1i-1: # Filter cache stats
   fhGETS: 112994326 # Filtered GETS hits
   fhGETX: 0 # Filtered GETX hits
   hGETS: 1480 # GETS hits
   hGETX: 0 # GETX hits
   mGETS: 950 # GETS misses
   mGETXIM: 0 # GETX I->M misses
   mGETXSM: 0 # GETX S->M misses (upgrade misses)
   PUTS: 0 # Clean evictions (from lower level)
   PUTX: 0 # Dirty evictions (from lower level)
   INV: 167 # Invalidates (from upper level)
   INVX: 0 # Downgrades (from upper level)
   FWD: 0 # Forwards (from upper level)
   latGETnl: 33013 # GET request latency on next level
   latGETnet: 0 # GET request latency on network to next level
  l1i-2: # Filter cache stats
   fhGETS: 92249096 # Filtered GETS hits
   fhGETX: 0 # Filtered GETX hits
   hGETS: 1507 # GETS hits
   hGETX: 0 # GETX hits
   mGETS: 1163 # GETS misses
   mGETXIM: 0 # GETX I->M misses
   mGETXSM: 0 # GETX S->M misses (upgrade misses)
   PUTS: 0 # Clean evictions (from lower level)
   PUTX: 0 # Dirty evictions (from lower level)
   INV: 305 # Invalidates (from upper level)
   INVX: 0 # Downgrades (from upper level)
   FWD: 0 # Forwards (from upper level)
   latGETnl: 44275 # GET request latency on next level
   latGETnet: 0 # GET request latency on network to next level
  l1i-3: # Filter cache stats
   fhGETS: 129106800 # Filtered GETS hits
   fhGETX: 0 # Filtered GETX hits
   hGETS: 1511 # GETS hits
   hGETX: 0 # GETX hits
   mGETS: 1200 # GETS misses
   mGETXIM: 0 # GETX I->M misses
   mGETXSM: 0 # GETX S->M misses (upgrade misses)
   PUTS: 0 # Clean evictions (from lower level)
   PUTX: 0 # Dirty evictions (from lower level)
   INV: 394 # Invalidates (from upper level)
   INVX: 0 # Downgrades (from upper level)
   FWD: 0 # Forwards (from upper level)
   latGETnl: 46152 # GET request latency on next level
   latGETnet: 0 # GET request latency on network to next level
  l1i-4: # Filter cache stats
   fhGETS: 92064863 # Filtered GETS hits
   fhGETX: 0 # Filtered GETX hits
   hGETS: 1569 # GETS hits
   hGETX: 0 # GETX hits
   mGETS: 1115 # GETS misses
   mGETXIM: 0 # GETX I->M misses
   mGETXSM: 0 # GETX S->M misses (upgrade misses)
   PUTS: 0 # Clean evictions (from lower level)
   PUTX: 0 # Dirty evictions (from lower level)
   INV: 353 # Invalidates (from upper level)
   INVX: 0 # Downgrades (from upper level)
   FWD: 0 # Forwards (from upper level)
   latGETnl: 42388 # GET request latency on next level
   latGETnet: 0 # GET request latency on network to next level
  l1i-5: # Filter cache stats
   fhGETS: 111298702 # Filtered GETS hits
   fhGETX: 0 # Filtered GETX hits
   hGETS: 1577 # GETS hits
   hGETX: 0 # GETX hits
   mGETS: 978 # GETS misses
   mGETXIM: 0 # GETX I->M misses
   mGETXSM: 0 # GETX S->M misses (upgrade misses)
   PUTS: 0 # Clean evictions (from lower level)
   PUTX: 0 # Dirty evictions (from lower level)
   INV: 179 # Invalidates (from upper level)
   INVX: 0 # Downgrades (from upper level)
   FWD: 0 # Forwards (from upper level)
   latGETnl: 33342 # GET request latency on next level
   latGETnet: 0 # GET request latency on network to next level
  l1i-6: # Filter cache stats
   fhGETS: 112356075 # Filtered GETS hits
   fhGETX: 0 # Filtered GETX hits
   hGETS: 1529 # GETS hits
   hGETX: 0 # GETX hits
   mGETS: 921 # GETS misses
   mGETXIM: 0 # GETX I->M misses
   mGETXSM: 0 # GETX S->M misses (upgrade misses)
   PUTS: 0 # Clean evictions (from lower level)
   PUTX: 0 # Dirty evictions (from lower level)
   INV: 96 # Invalidates (from upper level)
   INVX: 0 # Downgrades (from upper level)
   FWD: 0 # Forwards (from upper level)
   latGETnl: 30129 # GET request latency on next level
   latGETnet: 0 # GET request latency on network to next level
  l1i-7: # Filter cache stats
   fhGETS: 112527061 # Filtered GETS hits
   fhGETX: 0 # Filtered GETX hits
   hGETS: 1694 # GETS hits
   hGETX: 0 # GETX hits
   mGETS: 911 # GETS misses
   mGETXIM: 0 # GETX I->M misses
   mGETXSM: 0 # GETX S->M misses (upgrade misses)
   PUTS: 0 # Clean evictions (from lower level)
   PUTX: 0 # Dirty evictions (from lower level)
   INV: 83 # Invalidates (from upper level)
   INVX: 0 # Downgrades (from upper level)
   FWD: 0 # Forwards (from upper level)
   latGETnl: 30229 # GET request latency on next level
   latGETnet: 0 # GET request latency on network to next level
 l1d: # Cache stats
  l1d-0: # Filter cache stats
   fhGETS: 131103629 # Filtered GETS hits
   fhGETX: 46306669 # Filtered GETX hits
   hGETS: 2535017 # GETS hits
   hGETX: 13114087 # GETX hits
   mGETS: 23735806 # GETS misses
   mGETXIM: 1330486 # GETX I->M misses
   mGETXSM: 365 # GETX S->M misses (upgrade misses)
   PUTS: 0 # Clean evictions (from lower level)
   PUTX: 0 # Dirty evictions (from lower level)
   INV: 51313 # Invalidates (from upper level)
   INVX: 610358 # Downgrades (from upper level)
   FWD: 0 # Forwards (from upper level)
   latGETnl: 1725509931 # GET request latency on next level
   latGETnet: 0 # GET request latency on network to next level
  l1d-1: # Filter cache stats
   fhGETS: 133947900 # Filtered GETS hits
   fhGETX: 47309682 # Filtered GETX hits
   hGETS: 2591321 # GETS hits
   hGETX: 13485508 # GETX hits
   mGETS: 24233826 # GETS misses
   mGETXIM: 1139285 # GETX I->M misses
   mGETXSM: 744 # GETX S->M misses (upgrade misses)
   PUTS: 0 # Clean evictions (from lower level)
   PUTX: 0 # Dirty evictions (from lower level)
   INV: 47569 # Invalidates (from upper level)
   INVX: 902857 # Downgrades (from upper level)
   FWD: 0 # Forwards (from upper level)
   latGETnl: 1730983449 # GET request latency on next level
   latGETnet: 0 # GET request latency on network to next level
  l1d-2: # Filter cache stats
   fhGETS: 100012464 # Filtered GETS hits
   fhGETX: 26501079 # Filtered GETX hits
   hGETS: 2516734 # GETS hits
   hGETX: 13197127 # GETX hits
   mGETS: 24239136 # GETS misses
   mGETXIM: 1438884 # GETX I->M misses
   mGETXSM: 380 # GETX S->M misses (upgrade misses)
   PUTS: 0 # Clean evictions (from lower level)
   PUTX: 0 # Dirty evictions (from lower level)
   INV: 32063 # Invalidates (from upper level)
   INVX: 665556 # Downgrades (from upper level)
   FWD: 0 # Forwards (from upper level)
   latGETnl: 1760528637 # GET request latency on next level
   latGETnet: 0 # GET request latency on network to next level
  l1d-3: # Filter cache stats
   fhGETS: 161367327 # Filtered GETS hits
   fhGETX: 67525297 # Filtered GETX hits
   hGETS: 2439105 # GETS hits
   hGETX: 12683675 # GETX hits
   mGETS: 22619366 # GETS misses
   mGETXIM: 1335668 # GETX I->M misses
   mGETXSM: 360 # GETX S->M misses (upgrade misses)
   PUTS: 0 # Clean evictions (from lower level)
   PUTX: 0 # Dirty evictions (from lower level)
   INV: 60436 # Invalidates (from upper level)
   INVX: 574199 # Downgrades (from upper level)
   FWD: 0 # Forwards (from upper level)
   latGETnl: 1657806452 # GET request latency on next level
   latGETnet: 0 # GET request latency on network to next level
  l1d-4: # Filter cache stats
   fhGETS: 100624820 # Filtered GETS hits
   fhGETX: 26602796 # Filtered GETX hits
   hGETS: 2606681 # GETS hits
   hGETX: 13238478 # GETX hits
   mGETS: 24223776 # GETS misses
   mGETXIM: 1308974 # GETX I->M misses
   mGETXSM: 370 # GETX S->M misses (upgrade misses)
   PUTS: 0 # Clean evictions (from lower level)
   PUTX: 0 # Dirty evictions (from lower level)
   INV: 27294 # Invalidates (from upper level)
   INVX: 775620 # Downgrades (from upper level)
   FWD: 0 # Forwards (from upper level)
   latGETnl: 1761616982 # GET request latency on next level
   latGETnet: 0 # GET request latency on network to next level
  l1d-5: # Filter cache stats
   fhGETS: 131154253 # Filtered GETS hits
   fhGETX: 47134414 # Filtered GETX hits
   hGETS: 2508621 # GETS hits
   hGETX: 13047722 # GETX hits
   mGETS: 23589158 # GETS misses
   mGETXIM: 1328708 # GETX I->M misses
   mGETXSM: 488 # GETX S->M misses (upgrade misses)
   PUTS: 0 # Clean evictions (from lower level)
   PUTX: 0 # Dirty evictions (from lower level)
   INV: 46093 # Invalidates (from upper level)
   INVX: 633288 # Downgrades (from upper level)
   FWD: 0 # Forwards (from upper level)
   latGETnl: 1714362479 # GET request latency on next level
   latGETnet: 0 # GET request latency on network to next level
  l1d-6: # Filter cache stats
   fhGETS: 132997686 # Filtered GETS hits
   fhGETX: 47385685 # Filtered GETX hits
   hGETS: 2596204 # GETS hits
   hGETX: 13504488 # GETX hits
   mGETS: 24215991 # GETS misses
   mGETXIM: 1083603 # GETX I->M misses
   mGETXSM: 485 # GETX S->M misses (upgrade misses)
   PUTS: 0 # Clean evictions (from lower level)
   PUTX: 0 # Dirty evictions (from lower level)
   INV: 37027 # Invalidates (from upper level)
   INVX: 661554 # Downgrades (from upper level)
   FWD: 0 # Forwards (from upper level)
   latGETnl: 1734446388 # GET request latency on next level
   latGETnet: 0 # GET request latency on network to next level
  l1d-7: # Filter cache stats
   fhGETS: 132738644 # Filtered GETS hits
   fhGETX: 47829273 # Filtered GETX hits
   hGETS: 2541844 # GETS hits
   hGETX: 13374228 # GETX hits
   mGETS: 24085816 # GETS misses
   mGETXIM: 1171975 # GETX I->M misses
   mGETXSM: 501 # GETX S->M misses (upgrade misses)
   PUTS: 0 # Clean evictions (from lower level)
   PUTX: 0 # Dirty evictions (from lower level)
   INV: 53987 # Invalidates (from upper level)
   INVX: 751690 # Downgrades (from upper level)
   FWD: 0 # Forwards (from upper level)
   latGETnl: 1725160513 # GET request latency on next level
   latGETnet: 0 # GET request latency on network to next level
 l2: # Cache stats
  l2-0: # Cache stats
   hGETS: 3080 # GETS hits
   hGETX: 314 # GETX hits
   mGETS: 23733883 # GETS misses
   mGETXIM: 1330160 # GETX I->M misses
   mGETXSM: 377 # GETX S->M misses (upgrade misses)
   PUTS: 11369139 # Clean evictions (from lower level)
   PUTX: 13645811 # Dirty evictions (from lower level)
   INV: 21841158 # Invalidates (from upper level)
   INVX: 638571 # Downgrades (from upper level)
   FWD: 0 # Forwards (from upper level)
   latGETnl: 1525015528 # GET request latency on next level
   latGETnet: 0 # GET request latency on network to next level
  l2-1: # Cache stats
   hGETS: 6343 # GETS hits
   hGETX: 0 # GETX hits
   mGETS: 24228433 # GETS misses
   mGETXIM: 1139276 # GETX I->M misses
   mGETXSM: 753 # GETX S->M misses (upgrade misses)
   PUTS: 11508276 # Clean evictions (from lower level)
   PUTX: 13817180 # Dirty evictions (from lower level)
   INV: 21863901 # Invalidates (from upper level)
   INVX: 943027 # Downgrades (from upper level)
   FWD: 0 # Forwards (from upper level)
   latGETnl: 1528018022 # GET request latency on next level
   latGETnet: 0 # GET request latency on network to next level
  l2-2: # Cache stats
   hGETS: 2712 # GETS hits
   hGETX: 243 # GETX hits
   mGETS: 24237587 # GETS misses
   mGETXIM: 1438628 # GETX I->M misses
   mGETXSM: 393 # GETX S->M misses (upgrade misses)
   PUTS: 11666998 # Clean evictions (from lower level)
   PUTX: 13978981 # Dirty evictions (from lower level)
   INV: 22613934 # Invalidates (from upper level)
   INVX: 691489 # Downgrades (from upper level)
   FWD: 0 # Forwards (from upper level)
   latGETnl: 1555136408 # GET request latency on next level
   latGETnet: 0 # GET request latency on network to next level
  l2-3: # Cache stats
   hGETS: 2701 # GETS hits
   hGETX: 505 # GETX hits
   mGETS: 22617865 # GETS misses
   mGETXIM: 1335156 # GETX I->M misses
   mGETXSM: 367 # GETX S->M misses (upgrade misses)
   PUTS: 10791883 # Clean evictions (from lower level)
   PUTX: 13102683 # Dirty evictions (from lower level)
   INV: 21137448 # Invalidates (from upper level)
   INVX: 580938 # Downgrades (from upper level)
   FWD: 0 # Forwards (from upper level)
   latGETnl: 1466199852 # GET request latency on next level
   latGETnet: 0 # GET request latency on network to next level
  l2-4: # Cache stats
   hGETS: 3247 # GETS hits
   hGETX: 734 # GETX hits
   mGETS: 24221644 # GETS misses
   mGETXIM: 1308233 # GETX I->M misses
   mGETXSM: 377 # GETX S->M misses (upgrade misses)
   PUTS: 11662234 # Clean evictions (from lower level)
   PUTX: 13843150 # Dirty evictions (from lower level)
   INV: 22371865 # Invalidates (from upper level)
   INVX: 791087 # Downgrades (from upper level)
   FWD: 0 # Forwards (from upper level)
   latGETnl: 1557385490 # GET request latency on next level
   latGETnet: 0 # GET request latency on network to next level
  l2-5: # Cache stats
   hGETS: 2227 # GETS hits
   hGETX: 6 # GETX hits
   mGETS: 23587909 # GETS misses
   mGETXIM: 1328692 # GETX I->M misses
   mGETXSM: 498 # GETX S->M misses (upgrade misses)
   PUTS: 11297034 # Clean evictions (from lower level)
   PUTX: 13574679 # Dirty evictions (from lower level)
   INV: 21880517 # Invalidates (from upper level)
   INVX: 641693 # Downgrades (from upper level)
   FWD: 0 # Forwards (from upper level)
   latGETnl: 1515041165 # GET request latency on next level
   latGETnet: 0 # GET request latency on network to next level
  l2-6: # Cache stats
   hGETS: 2646 # GETS hits
   hGETX: 135 # GETX hits
   mGETS: 24214266 # GETS misses
   mGETXIM: 1083458 # GETX I->M misses
   mGETXSM: 495 # GETX S->M misses (upgrade misses)
   PUTS: 11484002 # Clean evictions (from lower level)
   PUTX: 13778532 # Dirty evictions (from lower level)
   INV: 22029290 # Invalidates (from upper level)
   INVX: 674869 # Downgrades (from upper level)
   FWD: 0 # Forwards (from upper level)
   latGETnl: 1532068517 # GET request latency on next level
   latGETnet: 0 # GET request latency on network to next level
  l2-7: # Cache stats
   hGETS: 3264 # GETS hits
   hGETX: 29 # GETX hits
   mGETS: 24083463 # GETS misses
   mGETXIM: 1171935 # GETX I->M misses
   mGETXSM: 512 # GETX S->M misses (upgrade misses)
   PUTS: 11455088 # Clean evictions (from lower level)
   PUTX: 13748672 # Dirty evictions (from lower level)
   INV: 21847638 # Invalidates (from upper level)
   INVX: 766618 # Downgrades (from upper level)
   FWD: 0 # Forwards (from upper level)
   latGETnl: 1523117118 # GET request latency on next level
   latGETnet: 0 # GET request latency on network to next level
 l3: # Cache stats
  l3-0: # Cache stats
   hGETS: 11103996 # GETS hits
   hGETX: 5339 # GETX hits
   mGETS: 179821054 # GETS misses
   mGETXIM: 10133971 # GETX I->M misses
   mGETXSM: 0 # GETX S->M misses (upgrade misses)
   PUTS: 15608255 # Clean evictions (from lower level)
   PUTX: 9828847 # Dirty evictions (from lower level)
   INV: 0 # Invalidates (from upper level)
   INVX: 0 # Downgrades (from upper level)
   FWD: 0 # Forwards (from upper level)
   latGETnl: 9117841200 # GET request latency on next level
   latGETnet: 0 # GET request latency on network to next level
 mem: # Memory controller stats
  mem-0: # Memory controller stats
   rd: 94972215 # Read requests
   wr: 54815569 # Write requests
   rdlat: 40420822203 # Total latency experienced by read requests
   wrlat: 32441420216 # Total latency experienced by write requests
   rdhits: 3571906 # Read row hits
   wrhits: 7692861 # Write row hits
   mlh: # latency histogram for memory requests
    0: 0
    1: 0
    2: 0
    3: 0
    4: 0
    5: 375
    6: 208
    7: 2487606
    8: 1988136
    9: 2441634
    10: 2409624
    11: 2501774
    12: 2432031
    13: 2366840
    14: 2326611
    15: 2481941
    16: 1991073
    17: 1981567
    18: 1902874
    19: 1363411
    20: 1466504
    21: 1074965
    22: 1144733
    23: 1095574
    24: 763242
    25: 831060
    26: 670276
    27: 736963
    28: 669879
    29: 683661
    30: 698275
    31: 764685
    32: 959377
    33: 955184
    34: 1242770
    35: 1382205
    36: 1624787
    37: 1959809
    38: 1980710
    39: 2251854
    40: 2336467
    41: 2573391
    42: 2494166
    43: 2532963
    44: 2508022
    45: 2242866
    46: 2507837
    47: 1806350
    48: 1983761
    49: 1737095
    50: 1311245
    51: 1265467
    52: 881744
    53: 863427
    54: 664880
    55: 532429
    56: 459813
    57: 362797
    58: 344031
    59: 258499
    60: 245288
    61: 206062
    62: 198178
    63: 208333
    64: 190070
    65: 226337
    66: 239464
    67: 291887
    68: 298285
    69: 352976
    70: 363657
    71: 370596
    72: 417018
    73: 342889
    74: 385642
    75: 347220
    76: 327827
    77: 335528
    78: 271038
    79: 285731
    80: 251685
    81: 218415
    82: 210765
    83: 183024
    84: 171977
    85: 149135
    86: 141586
    87: 124607
    88: 115421
    89: 115027
    90: 93127
    91: 99380
    92: 88195
    93: 84828
    94: 87249
    95: 75993
    96: 84043
    97: 79669
    98: 80804
    99: 5313791
  mem-1: # Memory controller stats
   rd: 94981060 # Read requests
   wr: 54806599 # Write requests
   rdlat: 38893727701 # Total latency experienced by read requests
   wrlat: 30203170514 # Total latency experienced by write requests
   rdhits: 3606485 # Read row hits
   wrhits: 7689567 # Write row hits
   mlh: # latency histogram for memory requests
    0: 0
    1: 0
    2: 0
    3: 0
    4: 0
    5: 349
    6: 231
    7: 2552143
    8: 2032818
    9: 2274552
    10: 2519179
    11: 2245770
    12: 2311873
    13: 2406646
    14: 2020922
    15: 2560398
    16: 1903636
    17: 1888442
    18: 1895383
    19: 1275427
    20: 1515853
    21: 1079889
    22: 1085787
    23: 1064628
    24: 763349
    25: 845739
    26: 651027
    27: 738987
    28: 666132
    29: 672235
    30: 702124
    31: 758311
    32: 934860
    33: 934365
    34: 1245094
    35: 1347894
    36: 1603616
    37: 1831475
    38: 1979404
    39: 2217134
    40: 2224507
    41: 2602691
    42: 2405232
    43: 2515381
    44: 2541057
    45: 2234129
    46: 2541704
    47: 1861385
    48: 2040026
    49: 1776846
    50: 1355968
    51: 1348736
    52: 924325
    53: 903656
    54: 699159
    55: 564528
    56: 502507
    57: 384507
    58: 378141
    59: 282937
    60: 265862
    61: 230289
    62: 217115
    63: 227462
    64: 207488
    65: 252251
    66: 255219
    67: 317225
    68: 342143
    69: 373811
    70: 419612
    71: 403089
    72: 470375
    73: 399979
    74: 430016
    75: 403719
    76: 377844
    77: 387617
    78: 318644
    79: 339034
    80: 293377
    81: 262324
    82: 254314
    83: 213767
    84: 206133
    85: 179302
    86: 167147
    87: 148889
    88: 136345
    89: 134920
    90: 111077
    91: 116939
    92: 103389
    93: 102217
    94: 103488
    95: 92810
    96: 103645
    97: 93955
    98: 102888
    99: 4802246
 sched: # Scheduler stats
  thCr: 33 # Threads created
  thFn: 0 # Threads finished
  schedEvs: 233 # Schedule events
  waitEvs: 249 # Wait events
  handoffEvs: 224 # Handoff events
  sleepEvs: 0 # Sleep events
  idlePhases: 0 # Phases with no thread active
  idlePeriods: 0 # Periods with no thread active
  occHist: # Occupancy histogram
   0: 0
   1: 1
   2: 0
   3: 0
   4: 0
   5: 0
   6: 0
   7: 0
   8: 288462
  rqSzHist: # Run queue size histogram
   0: 1
   1: 0
   2: 0
   3: 0
   4: 0
   5: 0
   6: 0
   7: 0
   8: 0
   9: 0
   10: 0
   11: 0
   12: 0
   13: 0
   14: 0
   15: 0
   16: 288462
 procCycles: # Per-process unhalted core cycles
  0: 5569240407
  1: 5500018199
  2: 5853891817
  3: 5453896565
  4: 699980647
  5: 0
  6: 0
  7: 0
  8: 0
  9: 0
  10: 0
  11: 0
  12: 0
  13: 0
  14: 0
  15: 0
  16: 0
  17: 0
  18: 0
  19: 0
  20: 0
  21: 0
  22: 0
  23: 0
  24: 0
  25: 0
  26: 0
  27: 0
  28: 0
  29: 0
  30: 0
  31: 0
  32: 0
  33: 0
  34: 0
  35: 0
  36: 0
  37: 0
  38: 0
  39: 0
  40: 0
  41: 0
  42: 0
  43: 0
  44: 0
  45: 0
  46: 0
  47: 0
  48: 0
  49: 0
  50: 0
  51: 0
  52: 0
  53: 0
  54: 0
  55: 0
  56: 0
  57: 0
  58: 0
  59: 0
  60: 0
  61: 0
  62: 0
  63: 0
 procInstrs: # Per-process instructions
  0: 1012982032
  1: 999691251
  2: 1114270014
  3: 996699878
  4: 876374422
  5: 0
  6: 0
  7: 0
  8: 0
  9: 0
  10: 0
  11: 0
  12: 0
  13: 0
  14: 0
  15: 0
  16: 0
  17: 0
  18: 0
  19: 0
  20: 0
  21: 0
  22: 0
  23: 0
  24: 0
  25: 0
  26: 0
  27: 0
  28: 0
  29: 0
  30: 0
  31: 0
  32: 0
  33: 0
  34: 0
  35: 0
  36: 0
  37: 0
  38: 0
  39: 0
  40: 0
  41: 0
  42: 0
  43: 0
  44: 0
  45: 0
  46: 0
  47: 0
  48: 0
  49: 0
  50: 0
  51: 0
  52: 0
  53: 0
  54: 0
  55: 0
  56: 0
  57: 0
  58: 0
  59: 0
  60: 0
  61: 0
  62: 0
  63: 0
 heartbeats: # Per-process heartbeats
  0: 0
  1: 0
  2: 0
  3: 0
  4: 0
  5: 0
  6: 0
  7: 0
  8: 0
  9: 0
  10: 0
  11: 0
  12: 0
  13: 0
  14: 0
  15: 0
  16: 0
  17: 0
  18: 0
  19: 0
  20: 0
  21: 0
  22: 0
  23: 0
  24: 0
  25: 0
  26: 0
  27: 0
  28: 0
  29: 0
  30: 0
  31: 0
  32: 0
  33: 0
  34: 0
  35: 0
  36: 0
  37: 0
  38: 0
  39: 0
  40: 0
  41: 0
  42: 0
  43: 0
  44: 0
  45: 0
  46: 0
  47: 0
  48: 0
  49: 0
  50: 0
  51: 0
  52: 0
  53: 0
  54: 0
  55: 0
  56: 0
  57: 0
  58: 0
  59: 0
  60: 0
  61: 0
  62: 0
  63: 0
===
