# zsim stats
===
root: # Stats
 contention: # Contention simulation stats
  domain-0: # Domain stats
   time: 2447859817 # Weave simulation time
 time: # Simulator time breakdown
  init: 11784551013
  bound: 74692288632
  weave: 6014463809
  ff: 0
 trigger: 20000 # Reason for this stats dump
 phase: 38203 # Simulated phases
 core: # Core stats
  core-0: # Core stats
   cycles: 382030154 # Simulated unhalted cycles
   cCycles: 7434158 # Cycles due to contention stalls
   instrs: 357159478 # Simulated instructions
  core-1: # Core stats
   cycles: 381972671 # Simulated unhalted cycles
   cCycles: 7421961 # Cycles due to contention stalls
   instrs: 357145801 # Simulated instructions
  core-2: # Core stats
   cycles: 381967689 # Simulated unhalted cycles
   cCycles: 7424724 # Cycles due to contention stalls
   instrs: 357141223 # Simulated instructions
  core-3: # Core stats
   cycles: 381962003 # Simulated unhalted cycles
   cCycles: 7421290 # Cycles due to contention stalls
   instrs: 357141487 # Simulated instructions
  core-4: # Core stats
   cycles: 381961970 # Simulated unhalted cycles
   cCycles: 7421418 # Cycles due to contention stalls
   instrs: 357142131 # Simulated instructions
  core-5: # Core stats
   cycles: 381961808 # Simulated unhalted cycles
   cCycles: 7417707 # Cycles due to contention stalls
   instrs: 357145669 # Simulated instructions
  core-6: # Core stats
   cycles: 381961896 # Simulated unhalted cycles
   cCycles: 7420295 # Cycles due to contention stalls
   instrs: 357143449 # Simulated instructions
  core-7: # Core stats
   cycles: 381961915 # Simulated unhalted cycles
   cCycles: 7418584 # Cycles due to contention stalls
   instrs: 357144697 # Simulated instructions
  core-8: # Core stats
   cycles: 381961941 # Simulated unhalted cycles
   cCycles: 7423204 # Cycles due to contention stalls
   instrs: 357136415 # Simulated instructions
  core-9: # Core stats
   cycles: 381961864 # Simulated unhalted cycles
   cCycles: 7420514 # Cycles due to contention stalls
   instrs: 357142729 # Simulated instructions
  core-10: # Core stats
   cycles: 381961919 # Simulated unhalted cycles
   cCycles: 7417732 # Cycles due to contention stalls
   instrs: 357146183 # Simulated instructions
  core-11: # Core stats
   cycles: 381962071 # Simulated unhalted cycles
   cCycles: 7418925 # Cycles due to contention stalls
   instrs: 357144534 # Simulated instructions
  core-12: # Core stats
   cycles: 381960160 # Simulated unhalted cycles
   cCycles: 7418516 # Cycles due to contention stalls
   instrs: 357144237 # Simulated instructions
  core-13: # Core stats
   cycles: 381960157 # Simulated unhalted cycles
   cCycles: 7422576 # Cycles due to contention stalls
   instrs: 357134960 # Simulated instructions
 l1i: # Cache stats
  l1i-0: # Filter cache stats
   fhGETS: 54264626 # Filtered GETS hits
   fhGETX: 0 # Filtered GETX hits
   hGETS: 3001411 # GETS hits
   hGETX: 0 # GETX hits
   mGETS: 145 # GETS misses
   mGETXIM: 0 # GETX I->M misses
   mGETXSM: 0 # GETX S->M misses (upgrade misses)
   PUTS: 0 # Clean evictions (from lower level)
   PUTX: 0 # Dirty evictions (from lower level)
   INV: 75 # Invalidates (from upper level)
   INVX: 0 # Downgrades (from upper level)
   FWD: 0 # Forwards (from upper level)
   latGETnl: 9290 # GET request latency on next level
   latGETnet: 0 # GET request latency on network to next level
  l1i-1: # Filter cache stats
   fhGETS: 54260090 # Filtered GETS hits
   fhGETX: 0 # Filtered GETX hits
   hGETS: 3000995 # GETS hits
   hGETX: 0 # GETX hits
   mGETS: 83 # GETS misses
   mGETXIM: 0 # GETX I->M misses
   mGETXSM: 0 # GETX S->M misses (upgrade misses)
   PUTS: 0 # Clean evictions (from lower level)
   PUTX: 0 # Dirty evictions (from lower level)
   INV: 0 # Invalidates (from upper level)
   INVX: 0 # Downgrades (from upper level)
   FWD: 0 # Forwards (from upper level)
   latGETnl: 2686 # GET request latency on next level
   latGETnet: 0 # GET request latency on network to next level
  l1i-2: # Filter cache stats
   fhGETS: 54259389 # Filtered GETS hits
   fhGETX: 0 # Filtered GETX hits
   hGETS: 3000952 # GETS hits
   hGETX: 0 # GETX hits
   mGETS: 82 # GETS misses
   mGETXIM: 0 # GETX I->M misses
   mGETXSM: 0 # GETX S->M misses (upgrade misses)
   PUTS: 0 # Clean evictions (from lower level)
   PUTX: 0 # Dirty evictions (from lower level)
   INV: 0 # Invalidates (from upper level)
   INVX: 0 # Downgrades (from upper level)
   FWD: 0 # Forwards (from upper level)
   latGETnl: 2324 # GET request latency on next level
   latGETnet: 0 # GET request latency on network to next level
  l1i-3: # Filter cache stats
   fhGETS: 54259380 # Filtered GETS hits
   fhGETX: 0 # Filtered GETX hits
   hGETS: 3000960 # GETS hits
   hGETX: 0 # GETX hits
   mGETS: 44 # GETS misses
   mGETXIM: 0 # GETX I->M misses
   mGETXSM: 0 # GETX S->M misses (upgrade misses)
   PUTS: 0 # Clean evictions (from lower level)
   PUTX: 0 # Dirty evictions (from lower level)
   INV: 0 # Invalidates (from upper level)
   INVX: 0 # Downgrades (from upper level)
   FWD: 0 # Forwards (from upper level)
   latGETnl: 1144 # GET request latency on next level
   latGETnet: 0 # GET request latency on network to next level
  l1i-4: # Filter cache stats
   fhGETS: 54259447 # Filtered GETS hits
   fhGETX: 0 # Filtered GETX hits
   hGETS: 3000972 # GETS hits
   hGETX: 0 # GETX hits
   mGETS: 44 # GETS misses
   mGETXIM: 0 # GETX I->M misses
   mGETXSM: 0 # GETX S->M misses (upgrade misses)
   PUTS: 0 # Clean evictions (from lower level)
   PUTX: 0 # Dirty evictions (from lower level)
   INV: 0 # Invalidates (from upper level)
   INVX: 0 # Downgrades (from upper level)
   FWD: 0 # Forwards (from upper level)
   latGETnl: 1192 # GET request latency on next level
   latGETnet: 0 # GET request latency on network to next level
  l1i-5: # Filter cache stats
   fhGETS: 54259989 # Filtered GETS hits
   fhGETX: 0 # Filtered GETX hits
   hGETS: 3001020 # GETS hits
   hGETX: 0 # GETX hits
   mGETS: 44 # GETS misses
   mGETXIM: 0 # GETX I->M misses
   mGETXSM: 0 # GETX S->M misses (upgrade misses)
   PUTS: 0 # Clean evictions (from lower level)
   PUTX: 0 # Dirty evictions (from lower level)
   INV: 0 # Invalidates (from upper level)
   INVX: 0 # Downgrades (from upper level)
   FWD: 0 # Forwards (from upper level)
   latGETnl: 1144 # GET request latency on next level
   latGETnet: 0 # GET request latency on network to next level
  l1i-6: # Filter cache stats
   fhGETS: 54259689 # Filtered GETS hits
   fhGETX: 0 # Filtered GETX hits
   hGETS: 3000984 # GETS hits
   hGETX: 0 # GETX hits
   mGETS: 44 # GETS misses
   mGETXIM: 0 # GETX I->M misses
   mGETXSM: 0 # GETX S->M misses (upgrade misses)
   PUTS: 0 # Clean evictions (from lower level)
   PUTX: 0 # Dirty evictions (from lower level)
   INV: 0 # Invalidates (from upper level)
   INVX: 0 # Downgrades (from upper level)
   FWD: 0 # Forwards (from upper level)
   latGETnl: 1144 # GET request latency on next level
   latGETnet: 0 # GET request latency on network to next level
  l1i-7: # Filter cache stats
   fhGETS: 54259851 # Filtered GETS hits
   fhGETX: 0 # Filtered GETX hits
   hGETS: 3000981 # GETS hits
   hGETX: 0 # GETX hits
   mGETS: 44 # GETS misses
   mGETXIM: 0 # GETX I->M misses
   mGETXSM: 0 # GETX S->M misses (upgrade misses)
   PUTS: 0 # Clean evictions (from lower level)
   PUTX: 0 # Dirty evictions (from lower level)
   INV: 0 # Invalidates (from upper level)
   INVX: 0 # Downgrades (from upper level)
   FWD: 0 # Forwards (from upper level)
   latGETnl: 1144 # GET request latency on next level
   latGETnet: 0 # GET request latency on network to next level
  l1i-8: # Filter cache stats
   fhGETS: 54258564 # Filtered GETS hits
   fhGETX: 0 # Filtered GETX hits
   hGETS: 3000936 # GETS hits
   hGETX: 0 # GETX hits
   mGETS: 82 # GETS misses
   mGETXIM: 0 # GETX I->M misses
   mGETXSM: 0 # GETX S->M misses (upgrade misses)
   PUTS: 0 # Clean evictions (from lower level)
   PUTX: 0 # Dirty evictions (from lower level)
   INV: 0 # Invalidates (from upper level)
   INVX: 0 # Downgrades (from upper level)
   FWD: 0 # Forwards (from upper level)
   latGETnl: 2708 # GET request latency on next level
   latGETnet: 0 # GET request latency on network to next level
  l1i-9: # Filter cache stats
   fhGETS: 54259616 # Filtered GETS hits
   fhGETX: 0 # Filtered GETX hits
   hGETS: 3000966 # GETS hits
   hGETX: 0 # GETX hits
   mGETS: 44 # GETS misses
   mGETXIM: 0 # GETX I->M misses
   mGETXSM: 0 # GETX S->M misses (upgrade misses)
   PUTS: 0 # Clean evictions (from lower level)
   PUTX: 0 # Dirty evictions (from lower level)
   INV: 0 # Invalidates (from upper level)
   INVX: 0 # Downgrades (from upper level)
   FWD: 0 # Forwards (from upper level)
   latGETnl: 1144 # GET request latency on next level
   latGETnet: 0 # GET request latency on network to next level
  l1i-10: # Filter cache stats
   fhGETS: 54260045 # Filtered GETS hits
   fhGETX: 0 # Filtered GETX hits
   hGETS: 3001026 # GETS hits
   hGETX: 0 # GETX hits
   mGETS: 44 # GETS misses
   mGETXIM: 0 # GETX I->M misses
   mGETXSM: 0 # GETX S->M misses (upgrade misses)
   PUTS: 0 # Clean evictions (from lower level)
   PUTX: 0 # Dirty evictions (from lower level)
   INV: 0 # Invalidates (from upper level)
   INVX: 0 # Downgrades (from upper level)
   FWD: 0 # Forwards (from upper level)
   latGETnl: 1144 # GET request latency on next level
   latGETnet: 0 # GET request latency on network to next level
  l1i-11: # Filter cache stats
   fhGETS: 54259806 # Filtered GETS hits
   fhGETX: 0 # Filtered GETX hits
   hGETS: 3000999 # GETS hits
   hGETX: 0 # GETX hits
   mGETS: 44 # GETS misses
   mGETXIM: 0 # GETX I->M misses
   mGETXSM: 0 # GETX S->M misses (upgrade misses)
   PUTS: 0 # Clean evictions (from lower level)
   PUTX: 0 # Dirty evictions (from lower level)
   INV: 0 # Invalidates (from upper level)
   INVX: 0 # Downgrades (from upper level)
   FWD: 0 # Forwards (from upper level)
   latGETnl: 1144 # GET request latency on next level
   latGETnet: 0 # GET request latency on network to next level
  l1i-12: # Filter cache stats
   fhGETS: 54259817 # Filtered GETS hits
   fhGETX: 0 # Filtered GETX hits
   hGETS: 3000978 # GETS hits
   hGETX: 0 # GETX hits
   mGETS: 44 # GETS misses
   mGETXIM: 0 # GETX I->M misses
   mGETXSM: 0 # GETX S->M misses (upgrade misses)
   PUTS: 0 # Clean evictions (from lower level)
   PUTX: 0 # Dirty evictions (from lower level)
   INV: 0 # Invalidates (from upper level)
   INVX: 0 # Downgrades (from upper level)
   FWD: 0 # Forwards (from upper level)
   latGETnl: 1144 # GET request latency on next level
   latGETnet: 0 # GET request latency on network to next level
  l1i-13: # Filter cache stats
   fhGETS: 54258436 # Filtered GETS hits
   fhGETX: 0 # Filtered GETX hits
   hGETS: 3000924 # GETS hits
   hGETX: 0 # GETX hits
   mGETS: 83 # GETS misses
   mGETXIM: 0 # GETX I->M misses
   mGETXSM: 0 # GETX S->M misses (upgrade misses)
   PUTS: 0 # Clean evictions (from lower level)
   PUTX: 0 # Dirty evictions (from lower level)
   INV: 1 # Invalidates (from upper level)
   INVX: 0 # Downgrades (from upper level)
   FWD: 0 # Forwards (from upper level)
   latGETnl: 2926 # GET request latency on next level
   latGETnet: 0 # GET request latency on network to next level
 l1d: # Cache stats
  l1d-0: # Filter cache stats
   fhGETS: 74992159 # Filtered GETS hits
   fhGETX: 28343610 # Filtered GETX hits
   hGETS: 4249754 # GETS hits
   hGETX: 862508 # GETX hits
   mGETS: 242163 # GETS misses
   mGETXIM: 270 # GETX I->M misses
   mGETXSM: 5 # GETX S->M misses (upgrade misses)
   PUTS: 0 # Clean evictions (from lower level)
   PUTX: 0 # Dirty evictions (from lower level)
   INV: 142 # Invalidates (from upper level)
   INVX: 117 # Downgrades (from upper level)
   FWD: 0 # Forwards (from upper level)
   latGETnl: 17427228 # GET request latency on next level
   latGETnet: 0 # GET request latency on network to next level
  l1d-1: # Filter cache stats
   fhGETS: 75694765 # Filtered GETS hits
   fhGETX: 29075626 # Filtered GETX hits
   hGETS: 3544618 # GETS hits
   hGETX: 125887 # GETX hits
   mGETS: 241924 # GETS misses
   mGETXIM: 46 # GETX I->M misses
   mGETXSM: 5 # GETX S->M misses (upgrade misses)
   PUTS: 0 # Clean evictions (from lower level)
   PUTX: 0 # Dirty evictions (from lower level)
   INV: 80 # Invalidates (from upper level)
   INVX: 31 # Downgrades (from upper level)
   FWD: 0 # Forwards (from upper level)
   latGETnl: 17402223 # GET request latency on next level
   latGETnet: 0 # GET request latency on network to next level
  l1d-2: # Filter cache stats
   fhGETS: 75692991 # Filtered GETS hits
   fhGETX: 29075189 # Filtered GETX hits
   hGETS: 3545300 # GETS hits
   hGETX: 125877 # GETX hits
   mGETS: 241900 # GETS misses
   mGETXIM: 48 # GETX I->M misses
   mGETXSM: 5 # GETX S->M misses (upgrade misses)
   PUTS: 0 # Clean evictions (from lower level)
   PUTX: 0 # Dirty evictions (from lower level)
   INV: 77 # Invalidates (from upper level)
   INVX: 19 # Downgrades (from upper level)
   FWD: 0 # Forwards (from upper level)
   latGETnl: 17399418 # GET request latency on next level
   latGETnet: 0 # GET request latency on network to next level
  l1d-3: # Filter cache stats
   fhGETS: 75693500 # Filtered GETS hits
   fhGETX: 29075192 # Filtered GETX hits
   hGETS: 3544822 # GETS hits
   hGETX: 125892 # GETX hits
   mGETS: 241845 # GETS misses
   mGETXIM: 43 # GETX I->M misses
   mGETXSM: 3 # GETX S->M misses (upgrade misses)
   PUTS: 0 # Clean evictions (from lower level)
   PUTX: 0 # Dirty evictions (from lower level)
   INV: 79 # Invalidates (from upper level)
   INVX: 43 # Downgrades (from upper level)
   FWD: 0 # Forwards (from upper level)
   latGETnl: 17398082 # GET request latency on next level
   latGETnet: 0 # GET request latency on network to next level
  l1d-4: # Filter cache stats
   fhGETS: 75693574 # Filtered GETS hits
   fhGETX: 29075280 # Filtered GETX hits
   hGETS: 3544861 # GETS hits
   hGETX: 125853 # GETX hits
   mGETS: 241861 # GETS misses
   mGETXIM: 51 # GETX I->M misses
   mGETXSM: 3 # GETX S->M misses (upgrade misses)
   PUTS: 0 # Clean evictions (from lower level)
   PUTX: 0 # Dirty evictions (from lower level)
   INV: 79 # Invalidates (from upper level)
   INVX: 21 # Downgrades (from upper level)
   FWD: 0 # Forwards (from upper level)
   latGETnl: 17397229 # GET request latency on next level
   latGETnet: 0 # GET request latency on network to next level
  l1d-5: # Filter cache stats
   fhGETS: 75694256 # Filtered GETS hits
   fhGETX: 29075552 # Filtered GETX hits
   hGETS: 3545018 # GETS hits
   hGETX: 125867 # GETX hits
   mGETS: 241843 # GETS misses
   mGETXIM: 38 # GETX I->M misses
   mGETXSM: 3 # GETX S->M misses (upgrade misses)
   PUTS: 0 # Clean evictions (from lower level)
   PUTX: 0 # Dirty evictions (from lower level)
   INV: 79 # Invalidates (from upper level)
   INVX: 32 # Downgrades (from upper level)
   FWD: 0 # Forwards (from upper level)
   latGETnl: 17397288 # GET request latency on next level
   latGETnet: 0 # GET request latency on network to next level
  l1d-6: # Filter cache stats
   fhGETS: 75694420 # Filtered GETS hits
   fhGETX: 29075414 # Filtered GETX hits
   hGETS: 3544360 # GETS hits
   hGETX: 125817 # GETX hits
   mGETS: 241839 # GETS misses
   mGETXIM: 49 # GETX I->M misses
   mGETXSM: 3 # GETX S->M misses (upgrade misses)
   PUTS: 0 # Clean evictions (from lower level)
   PUTX: 0 # Dirty evictions (from lower level)
   INV: 79 # Invalidates (from upper level)
   INVX: 19 # Downgrades (from upper level)
   FWD: 0 # Forwards (from upper level)
   latGETnl: 17397008 # GET request latency on next level
   latGETnet: 0 # GET request latency on network to next level
  l1d-7: # Filter cache stats
   fhGETS: 75693522 # Filtered GETS hits
   fhGETX: 29075392 # Filtered GETX hits
   hGETS: 3545496 # GETS hits
   hGETX: 125967 # GETX hits
   mGETS: 241847 # GETS misses
   mGETXIM: 43 # GETX I->M misses
   mGETXSM: 3 # GETX S->M misses (upgrade misses)
   PUTS: 0 # Clean evictions (from lower level)
   PUTX: 0 # Dirty evictions (from lower level)
   INV: 79 # Invalidates (from upper level)
   INVX: 33 # Downgrades (from upper level)
   FWD: 0 # Forwards (from upper level)
   latGETnl: 17397490 # GET request latency on next level
   latGETnet: 0 # GET request latency on network to next level
  l1d-8: # Filter cache stats
   fhGETS: 75692318 # Filtered GETS hits
   fhGETX: 29074875 # Filtered GETX hits
   hGETS: 3544874 # GETS hits
   hGETX: 125834 # GETX hits
   mGETS: 241921 # GETS misses
   mGETXIM: 49 # GETX I->M misses
   mGETXSM: 6 # GETX S->M misses (upgrade misses)
   PUTS: 0 # Clean evictions (from lower level)
   PUTX: 0 # Dirty evictions (from lower level)
   INV: 79 # Invalidates (from upper level)
   INVX: 27 # Downgrades (from upper level)
   FWD: 0 # Forwards (from upper level)
   latGETnl: 17399614 # GET request latency on next level
   latGETnet: 0 # GET request latency on network to next level
  l1d-9: # Filter cache stats
   fhGETS: 75693846 # Filtered GETS hits
   fhGETX: 29075306 # Filtered GETX hits
   hGETS: 3544793 # GETS hits
   hGETX: 125876 # GETX hits
   mGETS: 241839 # GETS misses
   mGETXIM: 40 # GETX I->M misses
   mGETXSM: 3 # GETX S->M misses (upgrade misses)
   PUTS: 0 # Clean evictions (from lower level)
   PUTX: 0 # Dirty evictions (from lower level)
   INV: 79 # Invalidates (from upper level)
   INVX: 31 # Downgrades (from upper level)
   FWD: 0 # Forwards (from upper level)
   latGETnl: 17397477 # GET request latency on next level
   latGETnet: 0 # GET request latency on network to next level
  l1d-10: # Filter cache stats
   fhGETS: 75694903 # Filtered GETS hits
   fhGETX: 29075577 # Filtered GETX hits
   hGETS: 3544455 # GETS hits
   hGETX: 125878 # GETX hits
   mGETS: 241849 # GETS misses
   mGETXIM: 48 # GETX I->M misses
   mGETXSM: 3 # GETX S->M misses (upgrade misses)
   PUTS: 0 # Clean evictions (from lower level)
   PUTX: 0 # Dirty evictions (from lower level)
   INV: 77 # Invalidates (from upper level)
   INVX: 21 # Downgrades (from upper level)
   FWD: 0 # Forwards (from upper level)
   latGETnl: 17396860 # GET request latency on next level
   latGETnet: 0 # GET request latency on network to next level
  l1d-11: # Filter cache stats
   fhGETS: 75694153 # Filtered GETS hits
   fhGETX: 29075478 # Filtered GETX hits
   hGETS: 3544847 # GETS hits
   hGETX: 125856 # GETX hits
   mGETS: 241836 # GETS misses
   mGETXIM: 44 # GETX I->M misses
   mGETXSM: 3 # GETX S->M misses (upgrade misses)
   PUTS: 0 # Clean evictions (from lower level)
   PUTX: 0 # Dirty evictions (from lower level)
   INV: 76 # Invalidates (from upper level)
   INVX: 29 # Downgrades (from upper level)
   FWD: 0 # Forwards (from upper level)
   latGETnl: 17397468 # GET request latency on next level
   latGETnet: 0 # GET request latency on network to next level
  l1d-12: # Filter cache stats
   fhGETS: 75693639 # Filtered GETS hits
   fhGETX: 29075446 # Filtered GETX hits
   hGETS: 3545301 # GETS hits
   hGETX: 125872 # GETX hits
   mGETS: 241847 # GETS misses
   mGETXIM: 39 # GETX I->M misses
   mGETXSM: 3 # GETX S->M misses (upgrade misses)
   PUTS: 0 # Clean evictions (from lower level)
   PUTX: 0 # Dirty evictions (from lower level)
   INV: 75 # Invalidates (from upper level)
   INVX: 9 # Downgrades (from upper level)
   FWD: 0 # Forwards (from upper level)
   latGETnl: 17396263 # GET request latency on next level
   latGETnet: 0 # GET request latency on network to next level
  l1d-13: # Filter cache stats
   fhGETS: 75692570 # Filtered GETS hits
   fhGETX: 29074726 # Filtered GETX hits
   hGETS: 3544464 # GETS hits
   hGETX: 125879 # GETX hits
   mGETS: 241893 # GETS misses
   mGETXIM: 60 # GETX I->M misses
   mGETXSM: 4 # GETX S->M misses (upgrade misses)
   PUTS: 0 # Clean evictions (from lower level)
   PUTX: 0 # Dirty evictions (from lower level)
   INV: 75 # Invalidates (from upper level)
   INVX: 23 # Downgrades (from upper level)
   FWD: 0 # Forwards (from upper level)
   latGETnl: 17399695 # GET request latency on next level
   latGETnet: 0 # GET request latency on network to next level
 l2: # Cache stats
  l2-0: # Cache stats
   hGETS: 7726 # GETS hits
   hGETX: 0 # GETX hits
   mGETS: 234582 # GETS misses
   mGETXIM: 270 # GETX I->M misses
   mGETXSM: 5 # GETX S->M misses (upgrade misses)
   PUTS: 241620 # Clean evictions (from lower level)
   PUTX: 159 # Dirty evictions (from lower level)
   INV: 225101 # Invalidates (from upper level)
   INVX: 127 # Downgrades (from upper level)
   FWD: 0 # Forwards (from upper level)
   latGETnl: 15253271 # GET request latency on next level
   latGETnet: 0 # GET request latency on network to next level
  l2-1: # Cache stats
   hGETS: 7555 # GETS hits
   hGETX: 0 # GETX hits
   mGETS: 234452 # GETS misses
   mGETXIM: 46 # GETX I->M misses
   mGETXSM: 5 # GETX S->M misses (upgrade misses)
   PUTS: 241362 # Clean evictions (from lower level)
   PUTX: 16 # Dirty evictions (from lower level)
   INV: 224900 # Invalidates (from upper level)
   INVX: 31 # Downgrades (from upper level)
   FWD: 0 # Forwards (from upper level)
   latGETnl: 15226387 # GET request latency on next level
   latGETnet: 0 # GET request latency on network to next level
  l2-2: # Cache stats
   hGETS: 7574 # GETS hits
   hGETX: 0 # GETX hits
   mGETS: 234408 # GETS misses
   mGETXIM: 48 # GETX I->M misses
   mGETXSM: 5 # GETX S->M misses (upgrade misses)
   PUTS: 241340 # Clean evictions (from lower level)
   PUTX: 19 # Dirty evictions (from lower level)
   INV: 224861 # Invalidates (from upper level)
   INVX: 19 # Downgrades (from upper level)
   FWD: 0 # Forwards (from upper level)
   latGETnl: 15223427 # GET request latency on next level
   latGETnet: 0 # GET request latency on network to next level
  l2-3: # Cache stats
   hGETS: 7564 # GETS hits
   hGETX: 0 # GETX hits
   mGETS: 234325 # GETS misses
   mGETXIM: 43 # GETX I->M misses
   mGETXSM: 3 # GETX S->M misses (upgrade misses)
   PUTS: 241290 # Clean evictions (from lower level)
   PUTX: 7 # Dirty evictions (from lower level)
   INV: 224740 # Invalidates (from upper level)
   INVX: 43 # Downgrades (from upper level)
   FWD: 0 # Forwards (from upper level)
   latGETnl: 15221811 # GET request latency on next level
   latGETnet: 0 # GET request latency on network to next level
  l2-4: # Cache stats
   hGETS: 7588 # GETS hits
   hGETX: 0 # GETX hits
   mGETS: 234317 # GETS misses
   mGETXIM: 51 # GETX I->M misses
   mGETXSM: 3 # GETX S->M misses (upgrade misses)
   PUTS: 241314 # Clean evictions (from lower level)
   PUTX: 7 # Dirty evictions (from lower level)
   INV: 224685 # Invalidates (from upper level)
   INVX: 21 # Downgrades (from upper level)
   FWD: 0 # Forwards (from upper level)
   latGETnl: 15220790 # GET request latency on next level
   latGETnet: 0 # GET request latency on network to next level
  l2-5: # Cache stats
   hGETS: 7562 # GETS hits
   hGETX: 0 # GETX hits
   mGETS: 234325 # GETS misses
   mGETXIM: 38 # GETX I->M misses
   mGETXSM: 3 # GETX S->M misses (upgrade misses)
   PUTS: 241283 # Clean evictions (from lower level)
   PUTX: 7 # Dirty evictions (from lower level)
   INV: 224668 # Invalidates (from upper level)
   INVX: 32 # Downgrades (from upper level)
   FWD: 0 # Forwards (from upper level)
   latGETnl: 15221080 # GET request latency on next level
   latGETnet: 0 # GET request latency on network to next level
  l2-6: # Cache stats
   hGETS: 7564 # GETS hits
   hGETX: 0 # GETX hits
   mGETS: 234319 # GETS misses
   mGETXIM: 49 # GETX I->M misses
   mGETXSM: 3 # GETX S->M misses (upgrade misses)
   PUTS: 241290 # Clean evictions (from lower level)
   PUTX: 7 # Dirty evictions (from lower level)
   INV: 224650 # Invalidates (from upper level)
   INVX: 19 # Downgrades (from upper level)
   FWD: 0 # Forwards (from upper level)
   latGETnl: 15220737 # GET request latency on next level
   latGETnet: 0 # GET request latency on network to next level
  l2-7: # Cache stats
   hGETS: 7566 # GETS hits
   hGETX: 0 # GETX hits
   mGETS: 234325 # GETS misses
   mGETXIM: 43 # GETX I->M misses
   mGETXSM: 3 # GETX S->M misses (upgrade misses)
   PUTS: 241292 # Clean evictions (from lower level)
   PUTX: 7 # Dirty evictions (from lower level)
   INV: 224765 # Invalidates (from upper level)
   INVX: 33 # Downgrades (from upper level)
   FWD: 0 # Forwards (from upper level)
   latGETnl: 15221201 # GET request latency on next level
   latGETnet: 0 # GET request latency on network to next level
  l2-8: # Cache stats
   hGETS: 7582 # GETS hits
   hGETX: 0 # GETX hits
   mGETS: 234421 # GETS misses
   mGETXIM: 49 # GETX I->M misses
   mGETXSM: 6 # GETX S->M misses (upgrade misses)
   PUTS: 241360 # Clean evictions (from lower level)
   PUTX: 19 # Dirty evictions (from lower level)
   INV: 224891 # Invalidates (from upper level)
   INVX: 27 # Downgrades (from upper level)
   FWD: 0 # Forwards (from upper level)
   latGETnl: 15223800 # GET request latency on next level
   latGETnet: 0 # GET request latency on network to next level
  l2-9: # Cache stats
   hGETS: 7555 # GETS hits
   hGETX: 0 # GETX hits
   mGETS: 234328 # GETS misses
   mGETXIM: 40 # GETX I->M misses
   mGETXSM: 3 # GETX S->M misses (upgrade misses)
   PUTS: 241281 # Clean evictions (from lower level)
   PUTX: 7 # Dirty evictions (from lower level)
   INV: 224822 # Invalidates (from upper level)
   INVX: 31 # Downgrades (from upper level)
   FWD: 0 # Forwards (from upper level)
   latGETnl: 15221287 # GET request latency on next level
   latGETnet: 0 # GET request latency on network to next level
  l2-10: # Cache stats
   hGETS: 7580 # GETS hits
   hGETX: 0 # GETX hits
   mGETS: 234313 # GETS misses
   mGETXIM: 48 # GETX I->M misses
   mGETXSM: 3 # GETX S->M misses (upgrade misses)
   PUTS: 241301 # Clean evictions (from lower level)
   PUTX: 7 # Dirty evictions (from lower level)
   INV: 224862 # Invalidates (from upper level)
   INVX: 21 # Downgrades (from upper level)
   FWD: 0 # Forwards (from upper level)
   latGETnl: 15220508 # GET request latency on next level
   latGETnet: 0 # GET request latency on network to next level
  l2-11: # Cache stats
   hGETS: 7554 # GETS hits
   hGETX: 0 # GETX hits
   mGETS: 234326 # GETS misses
   mGETXIM: 44 # GETX I->M misses
   mGETXSM: 3 # GETX S->M misses (upgrade misses)
   PUTS: 241285 # Clean evictions (from lower level)
   PUTX: 7 # Dirty evictions (from lower level)
   INV: 224689 # Invalidates (from upper level)
   INVX: 29 # Downgrades (from upper level)
   FWD: 0 # Forwards (from upper level)
   latGETnl: 15221269 # GET request latency on next level
   latGETnet: 0 # GET request latency on network to next level
  l2-12: # Cache stats
   hGETS: 7565 # GETS hits
   hGETX: 0 # GETX hits
   mGETS: 234326 # GETS misses
   mGETXIM: 39 # GETX I->M misses
   mGETXSM: 3 # GETX S->M misses (upgrade misses)
   PUTS: 241292 # Clean evictions (from lower level)
   PUTX: 7 # Dirty evictions (from lower level)
   INV: 224478 # Invalidates (from upper level)
   INVX: 9 # Downgrades (from upper level)
   FWD: 0 # Forwards (from upper level)
   latGETnl: 15220010 # GET request latency on next level
   latGETnet: 0 # GET request latency on network to next level
  l2-13: # Cache stats
   hGETS: 7558 # GETS hits
   hGETX: 0 # GETX hits
   mGETS: 234418 # GETS misses
   mGETXIM: 60 # GETX I->M misses
   mGETXSM: 4 # GETX S->M misses (upgrade misses)
   PUTS: 241348 # Clean evictions (from lower level)
   PUTX: 18 # Dirty evictions (from lower level)
   INV: 224791 # Invalidates (from upper level)
   INVX: 23 # Downgrades (from upper level)
   FWD: 0 # Forwards (from upper level)
   latGETnl: 15224261 # GET request latency on next level
   latGETnet: 0 # GET request latency on network to next level
 l3: # Cache stats
  l3-0: # Cache stats
   hGETS: 4152 # GETS hits
   hGETX: 105 # GETX hits
   mGETS: 3277033 # GETS misses
   mGETXIM: 815 # GETX I->M misses
   mGETXSM: 0 # GETX S->M misses (upgrade misses)
   PUTS: 0 # Clean evictions (from lower level)
   PUTX: 0 # Dirty evictions (from lower level)
   INV: 0 # Invalidates (from upper level)
   INVX: 0 # Downgrades (from upper level)
   FWD: 0 # Forwards (from upper level)
   latGETnl: 157336704 # GET request latency on next level
   latGETnet: 0 # GET request latency on network to next level
 mem: # Memory controller stats
  mem-0: # Memory controller stats
   rd: 1639115 # Read requests
   wr: 845 # Write requests
   rdlat: 130640530 # Total latency experienced by read requests
   wrlat: 122959 # Total latency experienced by write requests
   rdhits: 5 # Read row hits
   wrhits: 0 # Write row hits
   mlh: # latency histogram for memory requests
    0: 0
    1: 0
    2: 0
    3: 0
    4: 0
    5: 0
    6: 0
    7: 1424899
    8: 190470
    9: 3699
    10: 1375
    11: 1412
    12: 1585
    13: 1758
    14: 1781
    15: 1890
    16: 1858
    17: 1728
    18: 1505
    19: 1359
    20: 1107
    21: 881
    22: 620
    23: 452
    24: 353
    25: 197
    26: 96
    27: 48
    28: 30
    29: 8
    30: 0
    31: 4
    32: 0
    33: 0
    34: 0
    35: 0
    36: 0
    37: 0
    38: 0
    39: 0
    40: 0
    41: 0
    42: 0
    43: 0
    44: 0
    45: 0
    46: 0
    47: 0
    48: 0
    49: 0
    50: 0
    51: 0
    52: 0
    53: 0
    54: 0
    55: 0
    56: 0
    57: 0
    58: 0
    59: 0
    60: 0
    61: 0
    62: 0
    63: 0
    64: 0
    65: 0
    66: 0
    67: 0
    68: 0
    69: 0
    70: 0
    71: 0
    72: 0
    73: 0
    74: 0
    75: 0
    76: 0
    77: 0
    78: 0
    79: 0
    80: 0
    81: 0
    82: 0
    83: 0
    84: 0
    85: 0
    86: 0
    87: 0
    88: 0
    89: 0
    90: 0
    91: 0
    92: 0
    93: 0
    94: 0
    95: 0
    96: 0
    97: 0
    98: 0
    99: 0
  mem-1: # Memory controller stats
   rd: 1638733 # Read requests
   wr: 476 # Write requests
   rdlat: 130597778 # Total latency experienced by read requests
   wrlat: 71531 # Total latency experienced by write requests
   rdhits: 4 # Read row hits
   wrhits: 0 # Write row hits
   mlh: # latency histogram for memory requests
    0: 0
    1: 0
    2: 0
    3: 0
    4: 0
    5: 0
    6: 2
    7: 1425571
    8: 189678
    9: 3570
    10: 1281
    11: 1300
    12: 1653
    13: 1802
    14: 1920
    15: 1824
    16: 1834
    17: 1666
    18: 1458
    19: 1309
    20: 1035
    21: 854
    22: 719
    23: 498
    24: 348
    25: 193
    26: 99
    27: 63
    28: 46
    29: 8
    30: 0
    31: 2
    32: 0
    33: 0
    34: 0
    35: 0
    36: 0
    37: 0
    38: 0
    39: 0
    40: 0
    41: 0
    42: 0
    43: 0
    44: 0
    45: 0
    46: 0
    47: 0
    48: 0
    49: 0
    50: 0
    51: 0
    52: 0
    53: 0
    54: 0
    55: 0
    56: 0
    57: 0
    58: 0
    59: 0
    60: 0
    61: 0
    62: 0
    63: 0
    64: 0
    65: 0
    66: 0
    67: 0
    68: 0
    69: 0
    70: 0
    71: 0
    72: 0
    73: 0
    74: 0
    75: 0
    76: 0
    77: 0
    78: 0
    79: 0
    80: 0
    81: 0
    82: 0
    83: 0
    84: 0
    85: 0
    86: 0
    87: 0
    88: 0
    89: 0
    90: 0
    91: 0
    92: 0
    93: 0
    94: 0
    95: 0
    96: 0
    97: 0
    98: 0
    99: 0
 sched: # Scheduler stats
  thCr: 14 # Threads created
  thFn: 0 # Threads finished
  schedEvs: 14 # Schedule events
  waitEvs: 0 # Wait events
  handoffEvs: 0 # Handoff events
  sleepEvs: 0 # Sleep events
  idlePhases: 0 # Phases with no thread active
  idlePeriods: 0 # Periods with no thread active
  occHist: # Occupancy histogram
   0: 0
   1: 4
   2: 0
   3: 0
   4: 0
   5: 1
   6: 0
   7: 0
   8: 0
   9: 1
   10: 0
   11: 0
   12: 1
   13: 0
   14: 38196
  rqSzHist: # Run queue size histogram
   0: 38203
   1: 0
   2: 0
   3: 0
   4: 0
   5: 0
   6: 0
   7: 0
   8: 0
   9: 0
   10: 0
   11: 0
   12: 0
   13: 0
   14: 0
   15: 0
   16: 0
 procCycles: # Per-process unhalted core cycles
  0: 5347548218
  1: 0
  2: 0
  3: 0
  4: 0
  5: 0
  6: 0
  7: 0
  8: 0
  9: 0
  10: 0
  11: 0
  12: 0
  13: 0
  14: 0
  15: 0
  16: 0
  17: 0
  18: 0
  19: 0
  20: 0
  21: 0
  22: 0
  23: 0
  24: 0
  25: 0
  26: 0
  27: 0
  28: 0
  29: 0
  30: 0
  31: 0
  32: 0
  33: 0
  34: 0
  35: 0
  36: 0
  37: 0
  38: 0
  39: 0
  40: 0
  41: 0
  42: 0
  43: 0
  44: 0
  45: 0
  46: 0
  47: 0
  48: 0
  49: 0
  50: 0
  51: 0
  52: 0
  53: 0
  54: 0
  55: 0
  56: 0
  57: 0
  58: 0
  59: 0
  60: 0
  61: 0
  62: 0
  63: 0
 procInstrs: # Per-process instructions
  0: 5000012993
  1: 0
  2: 0
  3: 0
  4: 0
  5: 0
  6: 0
  7: 0
  8: 0
  9: 0
  10: 0
  11: 0
  12: 0
  13: 0
  14: 0
  15: 0
  16: 0
  17: 0
  18: 0
  19: 0
  20: 0
  21: 0
  22: 0
  23: 0
  24: 0
  25: 0
  26: 0
  27: 0
  28: 0
  29: 0
  30: 0
  31: 0
  32: 0
  33: 0
  34: 0
  35: 0
  36: 0
  37: 0
  38: 0
  39: 0
  40: 0
  41: 0
  42: 0
  43: 0
  44: 0
  45: 0
  46: 0
  47: 0
  48: 0
  49: 0
  50: 0
  51: 0
  52: 0
  53: 0
  54: 0
  55: 0
  56: 0
  57: 0
  58: 0
  59: 0
  60: 0
  61: 0
  62: 0
  63: 0
 heartbeats: # Per-process heartbeats
  0: 0
  1: 0
  2: 0
  3: 0
  4: 0
  5: 0
  6: 0
  7: 0
  8: 0
  9: 0
  10: 0
  11: 0
  12: 0
  13: 0
  14: 0
  15: 0
  16: 0
  17: 0
  18: 0
  19: 0
  20: 0
  21: 0
  22: 0
  23: 0
  24: 0
  25: 0
  26: 0
  27: 0
  28: 0
  29: 0
  30: 0
  31: 0
  32: 0
  33: 0
  34: 0
  35: 0
  36: 0
  37: 0
  38: 0
  39: 0
  40: 0
  41: 0
  42: 0
  43: 0
  44: 0
  45: 0
  46: 0
  47: 0
  48: 0
  49: 0
  50: 0
  51: 0
  52: 0
  53: 0
  54: 0
  55: 0
  56: 0
  57: 0
  58: 0
  59: 0
  60: 0
  61: 0
  62: 0
  63: 0
===
