# zsim stats
===
root: # Stats
 contention: # Contention simulation stats
  domain-0: # Domain stats
   time: 2549431324 # Weave simulation time
 time: # Simulator time breakdown
  init: 11742560472
  bound: 71136670973
  weave: 7722822034
  ff: 0
 trigger: 20000 # Reason for this stats dump
 phase: 59422 # Simulated phases
 core: # Core stats
  core-0: # Core stats
   cycles: 594220194 # Simulated unhalted cycles
   cCycles: 11140170 # Cycles due to contention stalls
   instrs: 555572383 # Simulated instructions
  core-1: # Core stats
   cycles: 594172926 # Simulated unhalted cycles
   cCycles: 11138247 # Cycles due to contention stalls
   instrs: 555560892 # Simulated instructions
  core-2: # Core stats
   cycles: 594170630 # Simulated unhalted cycles
   cCycles: 11133440 # Cycles due to contention stalls
   instrs: 555564967 # Simulated instructions
  core-3: # Core stats
   cycles: 594161922 # Simulated unhalted cycles
   cCycles: 11133441 # Cycles due to contention stalls
   instrs: 555561607 # Simulated instructions
  core-4: # Core stats
   cycles: 594162094 # Simulated unhalted cycles
   cCycles: 11136884 # Cycles due to contention stalls
   instrs: 555558364 # Simulated instructions
  core-5: # Core stats
   cycles: 594161897 # Simulated unhalted cycles
   cCycles: 11135411 # Cycles due to contention stalls
   instrs: 555559601 # Simulated instructions
  core-6: # Core stats
   cycles: 594161896 # Simulated unhalted cycles
   cCycles: 11135722 # Cycles due to contention stalls
   instrs: 555558469 # Simulated instructions
  core-7: # Core stats
   cycles: 594162132 # Simulated unhalted cycles
   cCycles: 11135384 # Cycles due to contention stalls
   instrs: 555559772 # Simulated instructions
  core-8: # Core stats
   cycles: 594160187 # Simulated unhalted cycles
   cCycles: 11143621 # Cycles due to contention stalls
   instrs: 555545798 # Simulated instructions
 l1i: # Cache stats
  l1i-0: # Filter cache stats
   fhGETS: 86746822 # Filtered GETS hits
   fhGETX: 0 # Filtered GETX hits
   hGETS: 2329724 # GETS hits
   hGETX: 0 # GETX hits
   mGETS: 149 # GETS misses
   mGETXIM: 0 # GETX I->M misses
   mGETXSM: 0 # GETX S->M misses (upgrade misses)
   PUTS: 0 # Clean evictions (from lower level)
   PUTX: 0 # Dirty evictions (from lower level)
   INV: 74 # Invalidates (from upper level)
   INVX: 0 # Downgrades (from upper level)
   FWD: 0 # Forwards (from upper level)
   latGETnl: 10085 # GET request latency on next level
   latGETnet: 0 # GET request latency on network to next level
  l1i-1: # Filter cache stats
   fhGETS: 86743471 # Filtered GETS hits
   fhGETX: 0 # Filtered GETX hits
   hGETS: 2329456 # GETS hits
   hGETX: 0 # GETX hits
   mGETS: 83 # GETS misses
   mGETXIM: 0 # GETX I->M misses
   mGETXSM: 0 # GETX S->M misses (upgrade misses)
   PUTS: 0 # Clean evictions (from lower level)
   PUTX: 0 # Dirty evictions (from lower level)
   INV: 0 # Invalidates (from upper level)
   INVX: 0 # Downgrades (from upper level)
   FWD: 0 # Forwards (from upper level)
   latGETnl: 2625 # GET request latency on next level
   latGETnet: 0 # GET request latency on network to next level
  l1i-2: # Filter cache stats
   fhGETS: 86744081 # Filtered GETS hits
   fhGETX: 0 # Filtered GETX hits
   hGETS: 2329479 # GETS hits
   hGETX: 0 # GETX hits
   mGETS: 83 # GETS misses
   mGETXIM: 0 # GETX I->M misses
   mGETXSM: 0 # GETX S->M misses (upgrade misses)
   PUTS: 0 # Clean evictions (from lower level)
   PUTX: 0 # Dirty evictions (from lower level)
   INV: 0 # Invalidates (from upper level)
   INVX: 0 # Downgrades (from upper level)
   FWD: 0 # Forwards (from upper level)
   latGETnl: 2577 # GET request latency on next level
   latGETnet: 0 # GET request latency on network to next level
  l1i-3: # Filter cache stats
   fhGETS: 86743510 # Filtered GETS hits
   fhGETX: 0 # Filtered GETX hits
   hGETS: 2329466 # GETS hits
   hGETX: 0 # GETX hits
   mGETS: 44 # GETS misses
   mGETXIM: 0 # GETX I->M misses
   mGETXSM: 0 # GETX S->M misses (upgrade misses)
   PUTS: 0 # Clean evictions (from lower level)
   PUTX: 0 # Dirty evictions (from lower level)
   INV: 0 # Invalidates (from upper level)
   INVX: 0 # Downgrades (from upper level)
   FWD: 0 # Forwards (from upper level)
   latGETnl: 1188 # GET request latency on next level
   latGETnet: 0 # GET request latency on network to next level
  l1i-4: # Filter cache stats
   fhGETS: 86742987 # Filtered GETS hits
   fhGETX: 0 # Filtered GETX hits
   hGETS: 2329452 # GETS hits
   hGETX: 0 # GETX hits
   mGETS: 44 # GETS misses
   mGETXIM: 0 # GETX I->M misses
   mGETXSM: 0 # GETX S->M misses (upgrade misses)
   PUTS: 0 # Clean evictions (from lower level)
   PUTX: 0 # Dirty evictions (from lower level)
   INV: 0 # Invalidates (from upper level)
   INVX: 0 # Downgrades (from upper level)
   FWD: 0 # Forwards (from upper level)
   latGETnl: 1236 # GET request latency on next level
   latGETnet: 0 # GET request latency on network to next level
  l1i-5: # Filter cache stats
   fhGETS: 86743210 # Filtered GETS hits
   fhGETX: 0 # Filtered GETX hits
   hGETS: 2329456 # GETS hits
   hGETX: 0 # GETX hits
   mGETS: 44 # GETS misses
   mGETXIM: 0 # GETX I->M misses
   mGETXSM: 0 # GETX S->M misses (upgrade misses)
   PUTS: 0 # Clean evictions (from lower level)
   PUTX: 0 # Dirty evictions (from lower level)
   INV: 0 # Invalidates (from upper level)
   INVX: 0 # Downgrades (from upper level)
   FWD: 0 # Forwards (from upper level)
   latGETnl: 1188 # GET request latency on next level
   latGETnet: 0 # GET request latency on network to next level
  l1i-6: # Filter cache stats
   fhGETS: 86743026 # Filtered GETS hits
   fhGETX: 0 # Filtered GETX hits
   hGETS: 2329452 # GETS hits
   hGETX: 0 # GETX hits
   mGETS: 44 # GETS misses
   mGETXIM: 0 # GETX I->M misses
   mGETXSM: 0 # GETX S->M misses (upgrade misses)
   PUTS: 0 # Clean evictions (from lower level)
   PUTX: 0 # Dirty evictions (from lower level)
   INV: 0 # Invalidates (from upper level)
   INVX: 0 # Downgrades (from upper level)
   FWD: 0 # Forwards (from upper level)
   latGETnl: 1188 # GET request latency on next level
   latGETnet: 0 # GET request latency on network to next level
  l1i-7: # Filter cache stats
   fhGETS: 86743210 # Filtered GETS hits
   fhGETX: 0 # Filtered GETX hits
   hGETS: 2329458 # GETS hits
   hGETX: 0 # GETX hits
   mGETS: 44 # GETS misses
   mGETXIM: 0 # GETX I->M misses
   mGETXSM: 0 # GETX S->M misses (upgrade misses)
   PUTS: 0 # Clean evictions (from lower level)
   PUTX: 0 # Dirty evictions (from lower level)
   INV: 0 # Invalidates (from upper level)
   INVX: 0 # Downgrades (from upper level)
   FWD: 0 # Forwards (from upper level)
   latGETnl: 1188 # GET request latency on next level
   latGETnet: 0 # GET request latency on network to next level
  l1i-8: # Filter cache stats
   fhGETS: 86741061 # Filtered GETS hits
   fhGETX: 0 # Filtered GETX hits
   hGETS: 2329408 # GETS hits
   hGETX: 0 # GETX hits
   mGETS: 83 # GETS misses
   mGETXIM: 0 # GETX I->M misses
   mGETXSM: 0 # GETX S->M misses (upgrade misses)
   PUTS: 0 # Clean evictions (from lower level)
   PUTX: 0 # Dirty evictions (from lower level)
   INV: 1 # Invalidates (from upper level)
   INVX: 0 # Downgrades (from upper level)
   FWD: 0 # Forwards (from upper level)
   latGETnl: 3009 # GET request latency on next level
   latGETnet: 0 # GET request latency on network to next level
 l1d: # Cache stats
  l1d-0: # Filter cache stats
   fhGETS: 115543068 # Filtered GETS hits
   fhGETX: 45210943 # Filtered GETX hits
   hGETS: 7716770 # GETS hits
   hGETX: 216843 # GETX hits
   mGETS: 380410 # GETS misses
   mGETXIM: 189 # GETX I->M misses
   mGETXSM: 6 # GETX S->M misses (upgrade misses)
   PUTS: 0 # Clean evictions (from lower level)
   PUTX: 0 # Dirty evictions (from lower level)
   INV: 118 # Invalidates (from upper level)
   INVX: 130 # Downgrades (from upper level)
   FWD: 0 # Forwards (from upper level)
   latGETnl: 27497556 # GET request latency on next level
   latGETnet: 0 # GET request latency on network to next level
  l1d-1: # Filter cache stats
   fhGETS: 115393597 # Filtered GETS hits
   fhGETX: 45043815 # Filtered GETX hits
   hGETS: 7864499 # GETS hits
   hGETX: 380774 # GETX hits
   mGETS: 379578 # GETS misses
   mGETXIM: 55 # GETX I->M misses
   mGETXSM: 5 # GETX S->M misses (upgrade misses)
   PUTS: 0 # Clean evictions (from lower level)
   PUTX: 0 # Dirty evictions (from lower level)
   INV: 78 # Invalidates (from upper level)
   INVX: 63 # Downgrades (from upper level)
   FWD: 0 # Forwards (from upper level)
   latGETnl: 27471162 # GET request latency on next level
   latGETnet: 0 # GET request latency on network to next level
  l1d-2: # Filter cache stats
   fhGETS: 115394121 # Filtered GETS hits
   fhGETX: 45044079 # Filtered GETX hits
   hGETS: 7864825 # GETS hits
   hGETX: 380836 # GETX hits
   mGETS: 379576 # GETS misses
   mGETXIM: 55 # GETX I->M misses
   mGETXSM: 6 # GETX S->M misses (upgrade misses)
   PUTS: 0 # Clean evictions (from lower level)
   PUTX: 0 # Dirty evictions (from lower level)
   INV: 78 # Invalidates (from upper level)
   INVX: 24 # Downgrades (from upper level)
   FWD: 0 # Forwards (from upper level)
   latGETnl: 27469646 # GET request latency on next level
   latGETnet: 0 # GET request latency on network to next level
  l1d-3: # Filter cache stats
   fhGETS: 115392489 # Filtered GETS hits
   fhGETX: 45043821 # Filtered GETX hits
   hGETS: 7865634 # GETS hits
   hGETX: 380771 # GETX hits
   mGETS: 379512 # GETS misses
   mGETXIM: 45 # GETX I->M misses
   mGETXSM: 3 # GETX S->M misses (upgrade misses)
   PUTS: 0 # Clean evictions (from lower level)
   PUTX: 0 # Dirty evictions (from lower level)
   INV: 79 # Invalidates (from upper level)
   INVX: 32 # Downgrades (from upper level)
   FWD: 0 # Forwards (from upper level)
   latGETnl: 27465686 # GET request latency on next level
   latGETnet: 0 # GET request latency on network to next level
  l1d-4: # Filter cache stats
   fhGETS: 115393066 # Filtered GETS hits
   fhGETX: 45043585 # Filtered GETX hits
   hGETS: 7864359 # GETS hits
   hGETX: 380728 # GETX hits
   mGETS: 379487 # GETS misses
   mGETXIM: 48 # GETX I->M misses
   mGETXSM: 3 # GETX S->M misses (upgrade misses)
   PUTS: 0 # Clean evictions (from lower level)
   PUTX: 0 # Dirty evictions (from lower level)
   INV: 82 # Invalidates (from upper level)
   INVX: 27 # Downgrades (from upper level)
   FWD: 0 # Forwards (from upper level)
   latGETnl: 27465610 # GET request latency on next level
   latGETnet: 0 # GET request latency on network to next level
  l1d-5: # Filter cache stats
   fhGETS: 115393119 # Filtered GETS hits
   fhGETX: 45043664 # Filtered GETX hits
   hGETS: 7864615 # GETS hits
   hGETX: 380751 # GETX hits
   mGETS: 379474 # GETS misses
   mGETXIM: 49 # GETX I->M misses
   mGETXSM: 3 # GETX S->M misses (upgrade misses)
   PUTS: 0 # Clean evictions (from lower level)
   PUTX: 0 # Dirty evictions (from lower level)
   INV: 79 # Invalidates (from upper level)
   INVX: 33 # Downgrades (from upper level)
   FWD: 0 # Forwards (from upper level)
   latGETnl: 27465697 # GET request latency on next level
   latGETnet: 0 # GET request latency on network to next level
  l1d-6: # Filter cache stats
   fhGETS: 115391928 # Filtered GETS hits
   fhGETX: 45043650 # Filtered GETX hits
   hGETS: 7865516 # GETS hits
   hGETX: 380660 # GETX hits
   mGETS: 379514 # GETS misses
   mGETXIM: 51 # GETX I->M misses
   mGETXSM: 3 # GETX S->M misses (upgrade misses)
   PUTS: 0 # Clean evictions (from lower level)
   PUTX: 0 # Dirty evictions (from lower level)
   INV: 82 # Invalidates (from upper level)
   INVX: 38 # Downgrades (from upper level)
   FWD: 0 # Forwards (from upper level)
   latGETnl: 27466517 # GET request latency on next level
   latGETnet: 0 # GET request latency on network to next level
  l1d-7: # Filter cache stats
   fhGETS: 115393017 # Filtered GETS hits
   fhGETX: 45043678 # Filtered GETX hits
   hGETS: 7864763 # GETS hits
   hGETX: 380741 # GETX hits
   mGETS: 379460 # GETS misses
   mGETXIM: 54 # GETX I->M misses
   mGETXSM: 3 # GETX S->M misses (upgrade misses)
   PUTS: 0 # Clean evictions (from lower level)
   PUTX: 0 # Dirty evictions (from lower level)
   INV: 80 # Invalidates (from upper level)
   INVX: 47 # Downgrades (from upper level)
   FWD: 0 # Forwards (from upper level)
   latGETnl: 27465788 # GET request latency on next level
   latGETnet: 0 # GET request latency on network to next level
  l1d-8: # Filter cache stats
   fhGETS: 115390175 # Filtered GETS hits
   fhGETX: 45042584 # Filtered GETX hits
   hGETS: 7864563 # GETS hits
   hGETX: 380779 # GETX hits
   mGETS: 379549 # GETS misses
   mGETXIM: 61 # GETX I->M misses
   mGETXSM: 4 # GETX S->M misses (upgrade misses)
   PUTS: 0 # Clean evictions (from lower level)
   PUTX: 0 # Dirty evictions (from lower level)
   INV: 78 # Invalidates (from upper level)
   INVX: 24 # Downgrades (from upper level)
   FWD: 0 # Forwards (from upper level)
   latGETnl: 27467759 # GET request latency on next level
   latGETnet: 0 # GET request latency on network to next level
 l2: # Cache stats
  l2-0: # Cache stats
   hGETS: 15966 # GETS hits
   hGETX: 1 # GETX hits
   mGETS: 364593 # GETS misses
   mGETXIM: 188 # GETX I->M misses
   mGETXSM: 6 # GETX S->M misses (upgrade misses)
   PUTS: 379861 # Clean evictions (from lower level)
   PUTX: 111 # Dirty evictions (from lower level)
   INV: 350107 # Invalidates (from upper level)
   INVX: 139 # Downgrades (from upper level)
   FWD: 0 # Forwards (from upper level)
   latGETnl: 23700101 # GET request latency on next level
   latGETnet: 0 # GET request latency on network to next level
  l2-1: # Cache stats
   hGETS: 15230 # GETS hits
   hGETX: 0 # GETX hits
   mGETS: 364431 # GETS misses
   mGETXIM: 55 # GETX I->M misses
   mGETXSM: 5 # GETX S->M misses (upgrade misses)
   PUTS: 379027 # Clean evictions (from lower level)
   PUTX: 16 # Dirty evictions (from lower level)
   INV: 349468 # Invalidates (from upper level)
   INVX: 63 # Downgrades (from upper level)
   FWD: 0 # Forwards (from upper level)
   latGETnl: 23676577 # GET request latency on next level
   latGETnet: 0 # GET request latency on network to next level
  l2-2: # Cache stats
   hGETS: 15209 # GETS hits
   hGETX: 0 # GETX hits
   mGETS: 364450 # GETS misses
   mGETXIM: 55 # GETX I->M misses
   mGETXSM: 6 # GETX S->M misses (upgrade misses)
   PUTS: 379021 # Clean evictions (from lower level)
   PUTX: 20 # Dirty evictions (from lower level)
   INV: 349597 # Invalidates (from upper level)
   INVX: 25 # Downgrades (from upper level)
   FWD: 0 # Forwards (from upper level)
   latGETnl: 23675023 # GET request latency on next level
   latGETnet: 0 # GET request latency on network to next level
  l2-3: # Cache stats
   hGETS: 15244 # GETS hits
   hGETX: 0 # GETX hits
   mGETS: 364312 # GETS misses
   mGETXIM: 45 # GETX I->M misses
   mGETXSM: 3 # GETX S->M misses (upgrade misses)
   PUTS: 378959 # Clean evictions (from lower level)
   PUTX: 7 # Dirty evictions (from lower level)
   INV: 349569 # Invalidates (from upper level)
   INVX: 32 # Downgrades (from upper level)
   FWD: 0 # Forwards (from upper level)
   latGETnl: 23670834 # GET request latency on next level
   latGETnet: 0 # GET request latency on network to next level
  l2-4: # Cache stats
   hGETS: 15214 # GETS hits
   hGETX: 0 # GETX hits
   mGETS: 364317 # GETS misses
   mGETXIM: 48 # GETX I->M misses
   mGETXSM: 3 # GETX S->M misses (upgrade misses)
   PUTS: 378934 # Clean evictions (from lower level)
   PUTX: 7 # Dirty evictions (from lower level)
   INV: 349585 # Invalidates (from upper level)
   INVX: 27 # Downgrades (from upper level)
   FWD: 0 # Forwards (from upper level)
   latGETnl: 23671026 # GET request latency on next level
   latGETnet: 0 # GET request latency on network to next level
  l2-5: # Cache stats
   hGETS: 15209 # GETS hits
   hGETX: 0 # GETX hits
   mGETS: 364309 # GETS misses
   mGETXIM: 49 # GETX I->M misses
   mGETXSM: 3 # GETX S->M misses (upgrade misses)
   PUTS: 378925 # Clean evictions (from lower level)
   PUTX: 7 # Dirty evictions (from lower level)
   INV: 349379 # Invalidates (from upper level)
   INVX: 33 # Downgrades (from upper level)
   FWD: 0 # Forwards (from upper level)
   latGETnl: 23671185 # GET request latency on next level
   latGETnet: 0 # GET request latency on network to next level
  l2-6: # Cache stats
   hGETS: 15243 # GETS hits
   hGETX: 0 # GETX hits
   mGETS: 364315 # GETS misses
   mGETXIM: 51 # GETX I->M misses
   mGETXSM: 3 # GETX S->M misses (upgrade misses)
   PUTS: 378964 # Clean evictions (from lower level)
   PUTX: 7 # Dirty evictions (from lower level)
   INV: 349682 # Invalidates (from upper level)
   INVX: 38 # Downgrades (from upper level)
   FWD: 0 # Forwards (from upper level)
   latGETnl: 23671585 # GET request latency on next level
   latGETnet: 0 # GET request latency on network to next level
  l2-7: # Cache stats
   hGETS: 15199 # GETS hits
   hGETX: 0 # GETX hits
   mGETS: 364305 # GETS misses
   mGETXIM: 54 # GETX I->M misses
   mGETXSM: 3 # GETX S->M misses (upgrade misses)
   PUTS: 378915 # Clean evictions (from lower level)
   PUTX: 7 # Dirty evictions (from lower level)
   INV: 349542 # Invalidates (from upper level)
   INVX: 47 # Downgrades (from upper level)
   FWD: 0 # Forwards (from upper level)
   latGETnl: 23671366 # GET request latency on next level
   latGETnet: 0 # GET request latency on network to next level
  l2-8: # Cache stats
   hGETS: 15227 # GETS hits
   hGETX: 0 # GETX hits
   mGETS: 364405 # GETS misses
   mGETXIM: 61 # GETX I->M misses
   mGETXSM: 4 # GETX S->M misses (upgrade misses)
   PUTS: 379002 # Clean evictions (from lower level)
   PUTX: 18 # Dirty evictions (from lower level)
   INV: 349443 # Invalidates (from upper level)
   INVX: 24 # Downgrades (from upper level)
   FWD: 0 # Forwards (from upper level)
   latGETnl: 23673798 # GET request latency on next level
   latGETnet: 0 # GET request latency on network to next level
 l3: # Cache stats
  l3-0: # Cache stats
   hGETS: 2650 # GETS hits
   hGETX: 70 # GETX hits
   mGETS: 3276787 # GETS misses
   mGETXIM: 572 # GETX I->M misses
   mGETXSM: 0 # GETX S->M misses (upgrade misses)
   PUTS: 0 # Clean evictions (from lower level)
   PUTX: 0 # Dirty evictions (from lower level)
   INV: 0 # Invalidates (from upper level)
   INVX: 0 # Downgrades (from upper level)
   FWD: 0 # Forwards (from upper level)
   latGETnl: 157313232 # GET request latency on next level
   latGETnet: 0 # GET request latency on network to next level
 mem: # Memory controller stats
  mem-0: # Memory controller stats
   rd: 1638783 # Read requests
   wr: 529 # Write requests
   rdlat: 128778522 # Total latency experienced by read requests
   wrlat: 66720 # Total latency experienced by write requests
   rdhits: 1 # Read row hits
   wrhits: 0 # Write row hits
   mlh: # latency histogram for memory requests
    0: 0
    1: 0
    2: 0
    3: 0
    4: 0
    5: 0
    6: 0
    7: 1600506
    8: 25251
    9: 2822
    10: 1909
    11: 1622
    12: 1267
    13: 1259
    14: 1066
    15: 905
    16: 612
    17: 520
    18: 375
    19: 230
    20: 188
    21: 135
    22: 54
    23: 15
    24: 11
    25: 7
    26: 11
    27: 9
    28: 9
    29: 0
    30: 0
    31: 0
    32: 0
    33: 0
    34: 0
    35: 0
    36: 0
    37: 0
    38: 0
    39: 0
    40: 0
    41: 0
    42: 0
    43: 0
    44: 0
    45: 0
    46: 0
    47: 0
    48: 0
    49: 0
    50: 0
    51: 0
    52: 0
    53: 0
    54: 0
    55: 0
    56: 0
    57: 0
    58: 0
    59: 0
    60: 0
    61: 0
    62: 0
    63: 0
    64: 0
    65: 0
    66: 0
    67: 0
    68: 0
    69: 0
    70: 0
    71: 0
    72: 0
    73: 0
    74: 0
    75: 0
    76: 0
    77: 0
    78: 0
    79: 0
    80: 0
    81: 0
    82: 0
    83: 0
    84: 0
    85: 0
    86: 0
    87: 0
    88: 0
    89: 0
    90: 0
    91: 0
    92: 0
    93: 0
    94: 0
    95: 0
    96: 0
    97: 0
    98: 0
    99: 0
  mem-1: # Memory controller stats
   rd: 1638576 # Read requests
   wr: 337 # Write requests
   rdlat: 128767030 # Total latency experienced by read requests
   wrlat: 43174 # Total latency experienced by write requests
   rdhits: 5 # Read row hits
   wrhits: 0 # Write row hits
   mlh: # latency histogram for memory requests
    0: 0
    1: 0
    2: 0
    3: 0
    4: 0
    5: 0
    6: 0
    7: 1599965
    8: 25638
    9: 2846
    10: 1785
    11: 1673
    12: 1228
    13: 1112
    14: 1089
    15: 950
    16: 779
    17: 508
    18: 337
    19: 176
    20: 189
    21: 136
    22: 87
    23: 28
    24: 23
    25: 7
    26: 2
    27: 3
    28: 11
    29: 2
    30: 1
    31: 1
    32: 0
    33: 0
    34: 0
    35: 0
    36: 0
    37: 0
    38: 0
    39: 0
    40: 0
    41: 0
    42: 0
    43: 0
    44: 0
    45: 0
    46: 0
    47: 0
    48: 0
    49: 0
    50: 0
    51: 0
    52: 0
    53: 0
    54: 0
    55: 0
    56: 0
    57: 0
    58: 0
    59: 0
    60: 0
    61: 0
    62: 0
    63: 0
    64: 0
    65: 0
    66: 0
    67: 0
    68: 0
    69: 0
    70: 0
    71: 0
    72: 0
    73: 0
    74: 0
    75: 0
    76: 0
    77: 0
    78: 0
    79: 0
    80: 0
    81: 0
    82: 0
    83: 0
    84: 0
    85: 0
    86: 0
    87: 0
    88: 0
    89: 0
    90: 0
    91: 0
    92: 0
    93: 0
    94: 0
    95: 0
    96: 0
    97: 0
    98: 0
    99: 0
 sched: # Scheduler stats
  thCr: 9 # Threads created
  thFn: 0 # Threads finished
  schedEvs: 9 # Schedule events
  waitEvs: 0 # Wait events
  handoffEvs: 0 # Handoff events
  sleepEvs: 0 # Sleep events
  idlePhases: 0 # Phases with no thread active
  idlePeriods: 0 # Periods with no thread active
  occHist: # Occupancy histogram
   0: 0
   1: 4
   2: 0
   3: 0
   4: 0
   5: 1
   6: 0
   7: 0
   8: 1
   9: 59416
  rqSzHist: # Run queue size histogram
   0: 59422
   1: 0
   2: 0
   3: 0
   4: 0
   5: 0
   6: 0
   7: 0
   8: 0
   9: 0
   10: 0
   11: 0
   12: 0
   13: 0
   14: 0
   15: 0
   16: 0
 procCycles: # Per-process unhalted core cycles
  0: 5347533878
  1: 0
  2: 0
  3: 0
  4: 0
  5: 0
  6: 0
  7: 0
  8: 0
  9: 0
  10: 0
  11: 0
  12: 0
  13: 0
  14: 0
  15: 0
  16: 0
  17: 0
  18: 0
  19: 0
  20: 0
  21: 0
  22: 0
  23: 0
  24: 0
  25: 0
  26: 0
  27: 0
  28: 0
  29: 0
  30: 0
  31: 0
  32: 0
  33: 0
  34: 0
  35: 0
  36: 0
  37: 0
  38: 0
  39: 0
  40: 0
  41: 0
  42: 0
  43: 0
  44: 0
  45: 0
  46: 0
  47: 0
  48: 0
  49: 0
  50: 0
  51: 0
  52: 0
  53: 0
  54: 0
  55: 0
  56: 0
  57: 0
  58: 0
  59: 0
  60: 0
  61: 0
  62: 0
  63: 0
 procInstrs: # Per-process instructions
  0: 5000041853
  1: 0
  2: 0
  3: 0
  4: 0
  5: 0
  6: 0
  7: 0
  8: 0
  9: 0
  10: 0
  11: 0
  12: 0
  13: 0
  14: 0
  15: 0
  16: 0
  17: 0
  18: 0
  19: 0
  20: 0
  21: 0
  22: 0
  23: 0
  24: 0
  25: 0
  26: 0
  27: 0
  28: 0
  29: 0
  30: 0
  31: 0
  32: 0
  33: 0
  34: 0
  35: 0
  36: 0
  37: 0
  38: 0
  39: 0
  40: 0
  41: 0
  42: 0
  43: 0
  44: 0
  45: 0
  46: 0
  47: 0
  48: 0
  49: 0
  50: 0
  51: 0
  52: 0
  53: 0
  54: 0
  55: 0
  56: 0
  57: 0
  58: 0
  59: 0
  60: 0
  61: 0
  62: 0
  63: 0
 heartbeats: # Per-process heartbeats
  0: 0
  1: 0
  2: 0
  3: 0
  4: 0
  5: 0
  6: 0
  7: 0
  8: 0
  9: 0
  10: 0
  11: 0
  12: 0
  13: 0
  14: 0
  15: 0
  16: 0
  17: 0
  18: 0
  19: 0
  20: 0
  21: 0
  22: 0
  23: 0
  24: 0
  25: 0
  26: 0
  27: 0
  28: 0
  29: 0
  30: 0
  31: 0
  32: 0
  33: 0
  34: 0
  35: 0
  36: 0
  37: 0
  38: 0
  39: 0
  40: 0
  41: 0
  42: 0
  43: 0
  44: 0
  45: 0
  46: 0
  47: 0
  48: 0
  49: 0
  50: 0
  51: 0
  52: 0
  53: 0
  54: 0
  55: 0
  56: 0
  57: 0
  58: 0
  59: 0
  60: 0
  61: 0
  62: 0
  63: 0
===
