# zsim stats
===
root: # Stats
 contention: # Contention simulation stats
  domain-0: # Domain stats
   time: 28863800795 # Weave simulation time
 time: # Simulator time breakdown
  init: 793242169
  bound: 323414487187
  weave: 41691606773
  ff: 0
 trigger: 20000 # Reason for this stats dump
 phase: 146437 # Simulated phases
 core: # Core stats
  core-0: # Core stats
   cycles: 1464366245 # Simulated unhalted cycles
   cCycles: 243511242 # Cycles due to contention stalls
   instrs: 1993248972 # Simulated instructions
   uops: 2547933114 # Retired micro-ops
   bbls: 332757133 # Basic blocks
   approxInstrs: 256 # Instrs with approx uop decoding
   mispredBranches: 791484 # Mispredicted branches
  core-1: # Core stats
   cycles: 546096941 # Simulated unhalted cycles
   cCycles: 156711074 # Cycles due to contention stalls
   instrs: 429552193 # Simulated instructions
   uops: 490490284 # Retired micro-ops
   bbls: 61780453 # Basic blocks
   approxInstrs: 694086 # Instrs with approx uop decoding
   mispredBranches: 590702 # Mispredicted branches
  core-2: # Core stats
   cycles: 546135138 # Simulated unhalted cycles
   cCycles: 156720587 # Cycles due to contention stalls
   instrs: 429547989 # Simulated instructions
   uops: 490485590 # Retired micro-ops
   bbls: 61779652 # Basic blocks
   approxInstrs: 694078 # Instrs with approx uop decoding
   mispredBranches: 590944 # Mispredicted branches
  core-3: # Core stats
   cycles: 546138176 # Simulated unhalted cycles
   cCycles: 156751727 # Cycles due to contention stalls
   instrs: 429532630 # Simulated instructions
   uops: 490468418 # Retired micro-ops
   bbls: 61777420 # Basic blocks
   approxInstrs: 694044 # Instrs with approx uop decoding
   mispredBranches: 590793 # Mispredicted branches
  core-4: # Core stats
   cycles: 546143421 # Simulated unhalted cycles
   cCycles: 156786393 # Cycles due to contention stalls
   instrs: 429534045 # Simulated instructions
   uops: 490469453 # Retired micro-ops
   bbls: 61777629 # Basic blocks
   approxInstrs: 694044 # Instrs with approx uop decoding
   mispredBranches: 590660 # Mispredicted branches
  core-5: # Core stats
   cycles: 546156935 # Simulated unhalted cycles
   cCycles: 156727865 # Cycles due to contention stalls
   instrs: 429525368 # Simulated instructions
   uops: 490460450 # Retired micro-ops
   bbls: 61776244 # Basic blocks
   approxInstrs: 694026 # Instrs with approx uop decoding
   mispredBranches: 591376 # Mispredicted branches
  core-6: # Core stats
   cycles: 546150723 # Simulated unhalted cycles
   cCycles: 156787651 # Cycles due to contention stalls
   instrs: 429528337 # Simulated instructions
   uops: 490462478 # Retired micro-ops
   bbls: 61776905 # Basic blocks
   approxInstrs: 694038 # Instrs with approx uop decoding
   mispredBranches: 590427 # Mispredicted branches
  core-7: # Core stats
   cycles: 546004661 # Simulated unhalted cycles
   cCycles: 156639081 # Cycles due to contention stalls
   instrs: 429547808 # Simulated instructions
   uops: 490484714 # Retired micro-ops
   bbls: 61779710 # Basic blocks
   approxInstrs: 694080 # Instrs with approx uop decoding
   mispredBranches: 590329 # Mispredicted branches
 l1i: # Cache stats
  l1i-0: # Filter cache stats
   fhGETS: 337285107 # Filtered GETS hits
   fhGETX: 0 # Filtered GETX hits
   hGETS: 547 # GETS hits
   hGETX: 0 # GETX hits
   mGETS: 14677 # GETS misses
   mGETXIM: 0 # GETX I->M misses
   mGETXSM: 0 # GETX S->M misses (upgrade misses)
   PUTS: 0 # Clean evictions (from lower level)
   PUTX: 0 # Dirty evictions (from lower level)
   INV: 14671 # Invalidates (from upper level)
   INVX: 0 # Downgrades (from upper level)
   FWD: 0 # Forwards (from upper level)
   latGETnl: 901955 # GET request latency on next level
   latGETnet: 0 # GET request latency on network to next level
  l1i-1: # Filter cache stats
   fhGETS: 64704656 # Filtered GETS hits
   fhGETX: 0 # Filtered GETX hits
   hGETS: 35 # GETS hits
   hGETX: 0 # GETX hits
   mGETS: 13502 # GETS misses
   mGETXIM: 0 # GETX I->M misses
   mGETXSM: 0 # GETX S->M misses (upgrade misses)
   PUTS: 0 # Clean evictions (from lower level)
   PUTX: 0 # Dirty evictions (from lower level)
   INV: 13496 # Invalidates (from upper level)
   INVX: 0 # Downgrades (from upper level)
   FWD: 0 # Forwards (from upper level)
   latGETnl: 402370 # GET request latency on next level
   latGETnet: 0 # GET request latency on network to next level
  l1i-2: # Filter cache stats
   fhGETS: 64704881 # Filtered GETS hits
   fhGETX: 0 # Filtered GETX hits
   hGETS: 24 # GETS hits
   hGETX: 0 # GETX hits
   mGETS: 13544 # GETS misses
   mGETXIM: 0 # GETX I->M misses
   mGETXSM: 0 # GETX S->M misses (upgrade misses)
   PUTS: 0 # Clean evictions (from lower level)
   PUTX: 0 # Dirty evictions (from lower level)
   INV: 13538 # Invalidates (from upper level)
   INVX: 0 # Downgrades (from upper level)
   FWD: 0 # Forwards (from upper level)
   latGETnl: 405208 # GET request latency on next level
   latGETnet: 0 # GET request latency on network to next level
  l1i-3: # Filter cache stats
   fhGETS: 64702017 # Filtered GETS hits
   fhGETX: 0 # Filtered GETX hits
   hGETS: 30 # GETS hits
   hGETX: 0 # GETX hits
   mGETS: 13526 # GETS misses
   mGETXIM: 0 # GETX I->M misses
   mGETXSM: 0 # GETX S->M misses (upgrade misses)
   PUTS: 0 # Clean evictions (from lower level)
   PUTX: 0 # Dirty evictions (from lower level)
   INV: 13520 # Invalidates (from upper level)
   INVX: 0 # Downgrades (from upper level)
   FWD: 0 # Forwards (from upper level)
   latGETnl: 401674 # GET request latency on next level
   latGETnet: 0 # GET request latency on network to next level
  l1i-4: # Filter cache stats
   fhGETS: 64701627 # Filtered GETS hits
   fhGETX: 0 # Filtered GETX hits
   hGETS: 16 # GETS hits
   hGETX: 0 # GETX hits
   mGETS: 13433 # GETS misses
   mGETXIM: 0 # GETX I->M misses
   mGETXSM: 0 # GETX S->M misses (upgrade misses)
   PUTS: 0 # Clean evictions (from lower level)
   PUTX: 0 # Dirty evictions (from lower level)
   INV: 13427 # Invalidates (from upper level)
   INVX: 0 # Downgrades (from upper level)
   FWD: 0 # Forwards (from upper level)
   latGETnl: 396895 # GET request latency on next level
   latGETnet: 0 # GET request latency on network to next level
  l1i-5: # Filter cache stats
   fhGETS: 64703780 # Filtered GETS hits
   fhGETX: 0 # Filtered GETX hits
   hGETS: 22 # GETS hits
   hGETX: 0 # GETX hits
   mGETS: 13474 # GETS misses
   mGETXIM: 0 # GETX I->M misses
   mGETXSM: 0 # GETX S->M misses (upgrade misses)
   PUTS: 0 # Clean evictions (from lower level)
   PUTX: 0 # Dirty evictions (from lower level)
   INV: 13468 # Invalidates (from upper level)
   INVX: 0 # Downgrades (from upper level)
   FWD: 0 # Forwards (from upper level)
   latGETnl: 398366 # GET request latency on next level
   latGETnet: 0 # GET request latency on network to next level
  l1i-6: # Filter cache stats
   fhGETS: 64699658 # Filtered GETS hits
   fhGETX: 0 # Filtered GETX hits
   hGETS: 17 # GETS hits
   hGETX: 0 # GETX hits
   mGETS: 13482 # GETS misses
   mGETXIM: 0 # GETX I->M misses
   mGETXSM: 0 # GETX S->M misses (upgrade misses)
   PUTS: 0 # Clean evictions (from lower level)
   PUTX: 0 # Dirty evictions (from lower level)
   INV: 13476 # Invalidates (from upper level)
   INVX: 0 # Downgrades (from upper level)
   FWD: 0 # Forwards (from upper level)
   latGETnl: 397590 # GET request latency on next level
   latGETnet: 0 # GET request latency on network to next level
  l1i-7: # Filter cache stats
   fhGETS: 64701994 # Filtered GETS hits
   fhGETX: 0 # Filtered GETX hits
   hGETS: 15 # GETS hits
   hGETX: 0 # GETX hits
   mGETS: 13474 # GETS misses
   mGETXIM: 0 # GETX I->M misses
   mGETXSM: 0 # GETX S->M misses (upgrade misses)
   PUTS: 0 # Clean evictions (from lower level)
   PUTX: 0 # Dirty evictions (from lower level)
   INV: 13468 # Invalidates (from upper level)
   INVX: 0 # Downgrades (from upper level)
   FWD: 0 # Forwards (from upper level)
   latGETnl: 400334 # GET request latency on next level
   latGETnet: 0 # GET request latency on network to next level
 l1d: # Cache stats
  l1d-0: # Filter cache stats
   fhGETS: 549264290 # Filtered GETS hits
   fhGETX: 270359962 # Filtered GETX hits
   hGETS: 8264385 # GETS hits
   hGETX: 2966621 # GETX hits
   mGETS: 6002473 # GETS misses
   mGETXIM: 1853199 # GETX I->M misses
   mGETXSM: 2133 # GETX S->M misses (upgrade misses)
   PUTS: 0 # Clean evictions (from lower level)
   PUTX: 0 # Dirty evictions (from lower level)
   INV: 82341 # Invalidates (from upper level)
   INVX: 3879 # Downgrades (from upper level)
   FWD: 0 # Forwards (from upper level)
   latGETnl: 534872840 # GET request latency on next level
   latGETnet: 0 # GET request latency on network to next level
  l1d-1: # Filter cache stats
   fhGETS: 110242740 # Filtered GETS hits
   fhGETX: 257765 # Filtered GETX hits
   hGETS: 7483117 # GETS hits
   hGETX: 90532 # GETX hits
   mGETS: 4467200 # GETS misses
   mGETXIM: 50107 # GETX I->M misses
   mGETXSM: 268 # GETX S->M misses (upgrade misses)
   PUTS: 0 # Clean evictions (from lower level)
   PUTX: 0 # Dirty evictions (from lower level)
   INV: 87648 # Invalidates (from upper level)
   INVX: 3935 # Downgrades (from upper level)
   FWD: 0 # Forwards (from upper level)
   latGETnl: 319707341 # GET request latency on next level
   latGETnet: 0 # GET request latency on network to next level
  l1d-2: # Filter cache stats
   fhGETS: 110280943 # Filtered GETS hits
   fhGETX: 257209 # Filtered GETX hits
   hGETS: 7443726 # GETS hits
   hGETX: 90940 # GETX hits
   mGETS: 4467107 # GETS misses
   mGETXIM: 50103 # GETX I->M misses
   mGETXSM: 174 # GETX S->M misses (upgrade misses)
   PUTS: 0 # Clean evictions (from lower level)
   PUTX: 0 # Dirty evictions (from lower level)
   INV: 89103 # Invalidates (from upper level)
   INVX: 3730 # Downgrades (from upper level)
   FWD: 0 # Forwards (from upper level)
   latGETnl: 319711412 # GET request latency on next level
   latGETnet: 0 # GET request latency on network to next level
  l1d-3: # Filter cache stats
   fhGETS: 110287545 # Filtered GETS hits
   fhGETX: 257696 # Filtered GETX hits
   hGETS: 7432750 # GETS hits
   hGETX: 91013 # GETX hits
   mGETS: 4466971 # GETS misses
   mGETXIM: 50102 # GETX I->M misses
   mGETXSM: 185 # GETX S->M misses (upgrade misses)
   PUTS: 0 # Clean evictions (from lower level)
   PUTX: 0 # Dirty evictions (from lower level)
   INV: 87788 # Invalidates (from upper level)
   INVX: 3858 # Downgrades (from upper level)
   FWD: 0 # Forwards (from upper level)
   latGETnl: 319692464 # GET request latency on next level
   latGETnet: 0 # GET request latency on network to next level
  l1d-4: # Filter cache stats
   fhGETS: 110217625 # Filtered GETS hits
   fhGETX: 256909 # Filtered GETX hits
   hGETS: 7503294 # GETS hits
   hGETX: 90732 # GETX hits
   mGETS: 4466962 # GETS misses
   mGETXIM: 50094 # GETX I->M misses
   mGETXSM: 303 # GETX S->M misses (upgrade misses)
   PUTS: 0 # Clean evictions (from lower level)
   PUTX: 0 # Dirty evictions (from lower level)
   INV: 88118 # Invalidates (from upper level)
   INVX: 3814 # Downgrades (from upper level)
   FWD: 0 # Forwards (from upper level)
   latGETnl: 319686265 # GET request latency on next level
   latGETnet: 0 # GET request latency on network to next level
  l1d-5: # Filter cache stats
   fhGETS: 110314103 # Filtered GETS hits
   fhGETX: 257600 # Filtered GETX hits
   hGETS: 7404139 # GETS hits
   hGETX: 91174 # GETX hits
   mGETS: 4466881 # GETS misses
   mGETXIM: 50092 # GETX I->M misses
   mGETXSM: 189 # GETX S->M misses (upgrade misses)
   PUTS: 0 # Clean evictions (from lower level)
   PUTX: 0 # Dirty evictions (from lower level)
   INV: 88897 # Invalidates (from upper level)
   INVX: 3801 # Downgrades (from upper level)
   FWD: 0 # Forwards (from upper level)
   latGETnl: 319680276 # GET request latency on next level
   latGETnet: 0 # GET request latency on network to next level
  l1d-6: # Filter cache stats
   fhGETS: 110248213 # Filtered GETS hits
   fhGETX: 256607 # Filtered GETX hits
   hGETS: 7471292 # GETS hits
   hGETX: 90565 # GETX hits
   mGETS: 4466912 # GETS misses
   mGETXIM: 50093 # GETX I->M misses
   mGETXSM: 215 # GETX S->M misses (upgrade misses)
   PUTS: 0 # Clean evictions (from lower level)
   PUTX: 0 # Dirty evictions (from lower level)
   INV: 88459 # Invalidates (from upper level)
   INVX: 3797 # Downgrades (from upper level)
   FWD: 0 # Forwards (from upper level)
   latGETnl: 319683686 # GET request latency on next level
   latGETnet: 0 # GET request latency on network to next level
  l1d-7: # Filter cache stats
   fhGETS: 110322715 # Filtered GETS hits
   fhGETX: 256759 # Filtered GETX hits
   hGETS: 7402191 # GETS hits
   hGETX: 90442 # GETX hits
   mGETS: 4467058 # GETS misses
   mGETXIM: 50095 # GETX I->M misses
   mGETXSM: 206 # GETX S->M misses (upgrade misses)
   PUTS: 0 # Clean evictions (from lower level)
   PUTX: 0 # Dirty evictions (from lower level)
   INV: 88264 # Invalidates (from upper level)
   INVX: 3758 # Downgrades (from upper level)
   FWD: 0 # Forwards (from upper level)
   latGETnl: 319527378 # GET request latency on next level
   latGETnet: 0 # GET request latency on network to next level
 l2: # Cache stats
  l2-0: # Cache stats
   hGETS: 230035 # GETS hits
   hGETX: 6 # GETX hits
   mGETS: 5787115 # GETS misses
   mGETXIM: 1853193 # GETX I->M misses
   mGETXSM: 2133 # GETX S->M misses (upgrade misses)
   PUTS: 4668737 # Clean evictions (from lower level)
   PUTX: 3104083 # Dirty evictions (from lower level)
   INV: 4671318 # Invalidates (from upper level)
   INVX: 7318 # Downgrades (from upper level)
   FWD: 0 # Forwards (from upper level)
   latGETnl: 472794939 # GET request latency on next level
   latGETnet: 0 # GET request latency on network to next level
  l2-1: # Cache stats
   hGETS: 492 # GETS hits
   hGETX: 0 # GETX hits
   mGETS: 4480210 # GETS misses
   mGETXIM: 50107 # GETX I->M misses
   mGETXSM: 268 # GETX S->M misses (upgrade misses)
   PUTS: 4299622 # Clean evictions (from lower level)
   PUTX: 129526 # Dirty evictions (from lower level)
   INV: 4527264 # Invalidates (from upper level)
   INVX: 7133 # Downgrades (from upper level)
   FWD: 0 # Forwards (from upper level)
   latGETnl: 283861095 # GET request latency on next level
   latGETnet: 0 # GET request latency on network to next level
  l2-2: # Cache stats
   hGETS: 416 # GETS hits
   hGETX: 0 # GETX hits
   mGETS: 4480235 # GETS misses
   mGETXIM: 50103 # GETX I->M misses
   mGETXSM: 174 # GETX S->M misses (upgrade misses)
   PUTS: 4297911 # Clean evictions (from lower level)
   PUTX: 129684 # Dirty evictions (from lower level)
   INV: 4527393 # Invalidates (from upper level)
   INVX: 6954 # Downgrades (from upper level)
   FWD: 0 # Forwards (from upper level)
   latGETnl: 283869196 # GET request latency on next level
   latGETnet: 0 # GET request latency on network to next level
  l2-3: # Cache stats
   hGETS: 354 # GETS hits
   hGETX: 0 # GETX hits
   mGETS: 4480143 # GETS misses
   mGETXIM: 50102 # GETX I->M misses
   mGETXSM: 185 # GETX S->M misses (upgrade misses)
   PUTS: 4298786 # Clean evictions (from lower level)
   PUTX: 129988 # Dirty evictions (from lower level)
   INV: 4527222 # Invalidates (from upper level)
   INVX: 6857 # Downgrades (from upper level)
   FWD: 0 # Forwards (from upper level)
   latGETnl: 283847866 # GET request latency on next level
   latGETnet: 0 # GET request latency on network to next level
  l2-4: # Cache stats
   hGETS: 388 # GETS hits
   hGETX: 0 # GETX hits
   mGETS: 4480007 # GETS misses
   mGETXIM: 50094 # GETX I->M misses
   mGETXSM: 303 # GETX S->M misses (upgrade misses)
   PUTS: 4298516 # Clean evictions (from lower level)
   PUTX: 129915 # Dirty evictions (from lower level)
   INV: 4527160 # Invalidates (from upper level)
   INVX: 6996 # Downgrades (from upper level)
   FWD: 0 # Forwards (from upper level)
   latGETnl: 283836824 # GET request latency on next level
   latGETnet: 0 # GET request latency on network to next level
  l2-5: # Cache stats
   hGETS: 354 # GETS hits
   hGETX: 0 # GETX hits
   mGETS: 4480001 # GETS misses
   mGETXIM: 50092 # GETX I->M misses
   mGETXSM: 189 # GETX S->M misses (upgrade misses)
   PUTS: 4297651 # Clean evictions (from lower level)
   PUTX: 129914 # Dirty evictions (from lower level)
   INV: 4526866 # Invalidates (from upper level)
   INVX: 7150 # Downgrades (from upper level)
   FWD: 0 # Forwards (from upper level)
   latGETnl: 283833554 # GET request latency on next level
   latGETnet: 0 # GET request latency on network to next level
  l2-6: # Cache stats
   hGETS: 454 # GETS hits
   hGETX: 0 # GETX hits
   mGETS: 4479940 # GETS misses
   mGETXIM: 50093 # GETX I->M misses
   mGETXSM: 215 # GETX S->M misses (upgrade misses)
   PUTS: 4298834 # Clean evictions (from lower level)
   PUTX: 129200 # Dirty evictions (from lower level)
   INV: 4527011 # Invalidates (from upper level)
   INVX: 6871 # Downgrades (from upper level)
   FWD: 0 # Forwards (from upper level)
   latGETnl: 283835660 # GET request latency on next level
   latGETnet: 0 # GET request latency on network to next level
  l2-7: # Cache stats
   hGETS: 493 # GETS hits
   hGETX: 0 # GETX hits
   mGETS: 4480039 # GETS misses
   mGETXIM: 50095 # GETX I->M misses
   mGETXSM: 206 # GETX S->M misses (upgrade misses)
   PUTS: 4299247 # Clean evictions (from lower level)
   PUTX: 129132 # Dirty evictions (from lower level)
   INV: 4527178 # Invalidates (from upper level)
   INVX: 6826 # Downgrades (from upper level)
   FWD: 0 # Forwards (from upper level)
   latGETnl: 283681048 # GET request latency on next level
   latGETnet: 0 # GET request latency on network to next level
 l3: # Cache stats
  l3-0: # Cache stats
   hGETS: 421759 # GETS hits
   hGETX: 3854 # GETX hits
   mGETS: 36725931 # GETS misses
   mGETXIM: 2203698 # GETX I->M misses
   mGETXSM: 0 # GETX S->M misses (upgrade misses)
   PUTS: 281408 # Clean evictions (from lower level)
   PUTX: 2692262 # Dirty evictions (from lower level)
   INV: 0 # Invalidates (from upper level)
   INVX: 0 # Downgrades (from upper level)
   FWD: 0 # Forwards (from upper level)
   latGETnl: 1868622192 # GET request latency on next level
   latGETnet: 0 # GET request latency on network to next level
 mem: # Memory controller stats
  mem-0: # Memory controller stats
   rd: 21238691 # Read requests
   wr: 1823211 # Write requests
   rdlat: 1929789692 # Total latency experienced by read requests
   wrlat: 329778604 # Total latency experienced by write requests
   rdhits: 46843 # Read row hits
   wrhits: 26753 # Write row hits
   mlh: # latency histogram for memory requests
    0: 0
    1: 0
    2: 0
    3: 0
    4: 0
    5: 6
    6: 1223
    7: 12843834
    8: 4028012
    9: 1703313
    10: 473392
    11: 223307
    12: 194203
    13: 274630
    14: 392939
    15: 230795
    16: 203801
    17: 58420
    18: 41169
    19: 37808
    20: 38658
    21: 37380
    22: 41897
    23: 40298
    24: 27871
    25: 34648
    26: 64757
    27: 92993
    28: 32490
    29: 28645
    30: 26897
    31: 22434
    32: 13392
    33: 7516
    34: 4300
    35: 3054
    36: 2445
    37: 1814
    38: 1625
    39: 1316
    40: 839
    41: 605
    42: 511
    43: 465
    44: 483
    45: 363
    46: 256
    47: 516
    48: 1524
    49: 492
    50: 513
    51: 165
    52: 137
    53: 142
    54: 72
    55: 68
    56: 87
    57: 44
    58: 29
    59: 22
    60: 8
    61: 11
    62: 9
    63: 14
    64: 21
    65: 6
    66: 4
    67: 2
    68: 0
    69: 1
    70: 0
    71: 0
    72: 0
    73: 0
    74: 0
    75: 0
    76: 0
    77: 0
    78: 0
    79: 0
    80: 0
    81: 0
    82: 0
    83: 0
    84: 0
    85: 0
    86: 0
    87: 0
    88: 0
    89: 0
    90: 0
    91: 0
    92: 0
    93: 0
    94: 0
    95: 0
    96: 0
    97: 0
    98: 0
    99: 0
  mem-1: # Memory controller stats
   rd: 17690666 # Read requests
   wr: 1822467 # Write requests
   rdlat: 1503147482 # Total latency experienced by read requests
   wrlat: 277332541 # Total latency experienced by write requests
   rdhits: 27593 # Read row hits
   wrhits: 24109 # Write row hits
   mlh: # latency histogram for memory requests
    0: 0
    1: 0
    2: 0
    3: 0
    4: 0
    5: 10
    6: 701
    7: 12403236
    8: 3212563
    9: 1128939
    10: 217855
    11: 72276
    12: 60379
    13: 61551
    14: 66048
    15: 76624
    16: 70521
    17: 33058
    18: 20276
    19: 14077
    20: 19339
    21: 18154
    22: 19151
    23: 17946
    24: 20192
    25: 21021
    26: 26449
    27: 28642
    28: 22524
    29: 18563
    30: 15744
    31: 10327
    32: 5600
    33: 2501
    34: 906
    35: 728
    36: 728
    37: 530
    38: 492
    39: 450
    40: 335
    41: 272
    42: 271
    43: 192
    44: 267
    45: 237
    46: 167
    47: 141
    48: 185
    49: 103
    50: 59
    51: 52
    52: 35
    53: 41
    54: 35
    55: 26
    56: 33
    57: 22
    58: 21
    59: 10
    60: 5
    61: 5
    62: 10
    63: 19
    64: 2
    65: 0
    66: 7
    67: 13
    68: 0
    69: 0
    70: 0
    71: 0
    72: 0
    73: 0
    74: 0
    75: 0
    76: 0
    77: 0
    78: 0
    79: 0
    80: 0
    81: 0
    82: 0
    83: 0
    84: 0
    85: 0
    86: 0
    87: 0
    88: 0
    89: 0
    90: 0
    91: 0
    92: 0
    93: 0
    94: 0
    95: 0
    96: 0
    97: 0
    98: 0
    99: 0
 sched: # Scheduler stats
  thCr: 8 # Threads created
  thFn: 0 # Threads finished
  schedEvs: 8 # Schedule events
  waitEvs: 0 # Wait events
  handoffEvs: 0 # Handoff events
  sleepEvs: 0 # Sleep events
  idlePhases: 0 # Phases with no thread active
  idlePeriods: 0 # Periods with no thread active
  occHist: # Occupancy histogram
   0: 0
   1: 77463
   2: 1
   3: 0
   4: 0
   5: 0
   6: 0
   7: 0
   8: 68973
  rqSzHist: # Run queue size histogram
   0: 146437
   1: 0
   2: 0
   3: 0
   4: 0
   5: 0
   6: 0
   7: 0
   8: 0
   9: 0
   10: 0
   11: 0
   12: 0
   13: 0
   14: 0
   15: 0
   16: 0
 procCycles: # Per-process unhalted core cycles
  0: 5287192240
  1: 0
  2: 0
  3: 0
  4: 0
  5: 0
  6: 0
  7: 0
  8: 0
  9: 0
  10: 0
  11: 0
  12: 0
  13: 0
  14: 0
  15: 0
  16: 0
  17: 0
  18: 0
  19: 0
  20: 0
  21: 0
  22: 0
  23: 0
  24: 0
  25: 0
  26: 0
  27: 0
  28: 0
  29: 0
  30: 0
  31: 0
  32: 0
  33: 0
  34: 0
  35: 0
  36: 0
  37: 0
  38: 0
  39: 0
  40: 0
  41: 0
  42: 0
  43: 0
  44: 0
  45: 0
  46: 0
  47: 0
  48: 0
  49: 0
  50: 0
  51: 0
  52: 0
  53: 0
  54: 0
  55: 0
  56: 0
  57: 0
  58: 0
  59: 0
  60: 0
  61: 0
  62: 0
  63: 0
 procInstrs: # Per-process instructions
  0: 5000017342
  1: 0
  2: 0
  3: 0
  4: 0
  5: 0
  6: 0
  7: 0
  8: 0
  9: 0
  10: 0
  11: 0
  12: 0
  13: 0
  14: 0
  15: 0
  16: 0
  17: 0
  18: 0
  19: 0
  20: 0
  21: 0
  22: 0
  23: 0
  24: 0
  25: 0
  26: 0
  27: 0
  28: 0
  29: 0
  30: 0
  31: 0
  32: 0
  33: 0
  34: 0
  35: 0
  36: 0
  37: 0
  38: 0
  39: 0
  40: 0
  41: 0
  42: 0
  43: 0
  44: 0
  45: 0
  46: 0
  47: 0
  48: 0
  49: 0
  50: 0
  51: 0
  52: 0
  53: 0
  54: 0
  55: 0
  56: 0
  57: 0
  58: 0
  59: 0
  60: 0
  61: 0
  62: 0
  63: 0
 heartbeats: # Per-process heartbeats
  0: 0
  1: 0
  2: 0
  3: 0
  4: 0
  5: 0
  6: 0
  7: 0
  8: 0
  9: 0
  10: 0
  11: 0
  12: 0
  13: 0
  14: 0
  15: 0
  16: 0
  17: 0
  18: 0
  19: 0
  20: 0
  21: 0
  22: 0
  23: 0
  24: 0
  25: 0
  26: 0
  27: 0
  28: 0
  29: 0
  30: 0
  31: 0
  32: 0
  33: 0
  34: 0
  35: 0
  36: 0
  37: 0
  38: 0
  39: 0
  40: 0
  41: 0
  42: 0
  43: 0
  44: 0
  45: 0
  46: 0
  47: 0
  48: 0
  49: 0
  50: 0
  51: 0
  52: 0
  53: 0
  54: 0
  55: 0
  56: 0
  57: 0
  58: 0
  59: 0
  60: 0
  61: 0
  62: 0
  63: 0
===
