# zsim stats
===
root: # Stats
 contention: # Contention simulation stats
  domain-0: # Domain stats
   time: 4052302739 # Weave simulation time
 time: # Simulator time breakdown
  init: 11791805166
  bound: 265797241619
  weave: 16295147030
  ff: 0
 trigger: 20000 # Reason for this stats dump
 phase: 131515 # Simulated phases
 core: # Core stats
  core-0: # Core stats
   cycles: 1315150231 # Simulated unhalted cycles
   cCycles: 34083314 # Cycles due to contention stalls
   instrs: 1666824888 # Simulated instructions
   uops: 1962036634 # Retired micro-ops
   bbls: 210156408 # Basic blocks
   approxInstrs: 28441524 # Instrs with approx uop decoding
   mispredBranches: 314772 # Mispredicted branches
  core-1: # Core stats
   cycles: 1315130252 # Simulated unhalted cycles
   cCycles: 34535443 # Cycles due to contention stalls
   instrs: 1666931445 # Simulated instructions
   uops: 1962161606 # Retired micro-ops
   bbls: 210169013 # Basic blocks
   approxInstrs: 28443442 # Instrs with approx uop decoding
   mispredBranches: 314833 # Mispredicted branches
  core-2: # Core stats
   cycles: 1315130407 # Simulated unhalted cycles
   cCycles: 35033685 # Cycles due to contention stalls
   instrs: 1666273206 # Simulated instructions
   uops: 1961386904 # Retired micro-ops
   bbls: 210086001 # Basic blocks
   approxInstrs: 28432281 # Instrs with approx uop decoding
   mispredBranches: 314537 # Mispredicted branches
 l1i: # Cache stats
  l1i-0: # Filter cache stats
   fhGETS: 254704636 # Filtered GETS hits
   fhGETX: 0 # Filtered GETX hits
   hGETS: 14111051 # GETS hits
   hGETX: 0 # GETX hits
   mGETS: 208 # GETS misses
   mGETXIM: 0 # GETX I->M misses
   mGETXSM: 0 # GETX S->M misses (upgrade misses)
   PUTS: 0 # Clean evictions (from lower level)
   PUTX: 0 # Dirty evictions (from lower level)
   INV: 104 # Invalidates (from upper level)
   INVX: 0 # Downgrades (from upper level)
   FWD: 0 # Forwards (from upper level)
   latGETnl: 13737 # GET request latency on next level
   latGETnet: 0 # GET request latency on network to next level
  l1i-1: # Filter cache stats
   fhGETS: 254720785 # Filtered GETS hits
   fhGETX: 0 # Filtered GETX hits
   hGETS: 14111848 # GETS hits
   hGETX: 0 # GETX hits
   mGETS: 112 # GETS misses
   mGETXIM: 0 # GETX I->M misses
   mGETXSM: 0 # GETX S->M misses (upgrade misses)
   PUTS: 0 # Clean evictions (from lower level)
   PUTX: 0 # Dirty evictions (from lower level)
   INV: 1 # Invalidates (from upper level)
   INVX: 0 # Downgrades (from upper level)
   FWD: 0 # Forwards (from upper level)
   latGETnl: 4016 # GET request latency on next level
   latGETnet: 0 # GET request latency on network to next level
  l1i-2: # Filter cache stats
   fhGETS: 254619322 # Filtered GETS hits
   fhGETX: 0 # Filtered GETX hits
   hGETS: 14106270 # GETS hits
   hGETX: 0 # GETX hits
   mGETS: 115 # GETS misses
   mGETXIM: 0 # GETX I->M misses
   mGETXSM: 0 # GETX S->M misses (upgrade misses)
   PUTS: 0 # Clean evictions (from lower level)
   PUTX: 0 # Dirty evictions (from lower level)
   INV: 5 # Invalidates (from upper level)
   INVX: 0 # Downgrades (from upper level)
   FWD: 0 # Forwards (from upper level)
   latGETnl: 5543 # GET request latency on next level
   latGETnet: 0 # GET request latency on network to next level
 l1d: # Cache stats
  l1d-0: # Filter cache stats
   fhGETS: 353089013 # Filtered GETS hits
   fhGETX: 135561609 # Filtered GETX hits
   hGETS: 16727749 # GETS hits
   hGETX: 724374 # GETX hits
   mGETS: 1127811 # GETS misses
   mGETXIM: 96 # GETX I->M misses
   mGETXSM: 1 # GETX S->M misses (upgrade misses)
   PUTS: 0 # Clean evictions (from lower level)
   PUTX: 0 # Dirty evictions (from lower level)
   INV: 111 # Invalidates (from upper level)
   INVX: 156 # Downgrades (from upper level)
   FWD: 0 # Forwards (from upper level)
   latGETnl: 84547413 # GET request latency on next level
   latGETnet: 0 # GET request latency on network to next level
  l1d-1: # Filter cache stats
   fhGETS: 352794106 # Filtered GETS hits
   fhGETX: 135151657 # Filtered GETX hits
   hGETS: 17043415 # GETS hits
   hGETX: 1142383 # GETX hits
   mGETS: 1130447 # GETS misses
   mGETXIM: 58 # GETX I->M misses
   mGETXSM: 5 # GETX S->M misses (upgrade misses)
   PUTS: 0 # Clean evictions (from lower level)
   PUTX: 0 # Dirty evictions (from lower level)
   INV: 75 # Invalidates (from upper level)
   INVX: 71 # Downgrades (from upper level)
   FWD: 0 # Forwards (from upper level)
   latGETnl: 84571310 # GET request latency on next level
   latGETnet: 0 # GET request latency on network to next level
  l1d-2: # Filter cache stats
   fhGETS: 352655095 # Filtered GETS hits
   fhGETX: 135098342 # Filtered GETX hits
   hGETS: 17036419 # GETS hits
   hGETX: 1141865 # GETX hits
   mGETS: 1129992 # GETS misses
   mGETXIM: 62 # GETX I->M misses
   mGETXSM: 5 # GETX S->M misses (upgrade misses)
   PUTS: 0 # Clean evictions (from lower level)
   PUTX: 0 # Dirty evictions (from lower level)
   INV: 76 # Invalidates (from upper level)
   INVX: 91 # Downgrades (from upper level)
   FWD: 0 # Forwards (from upper level)
   latGETnl: 84537799 # GET request latency on next level
   latGETnet: 0 # GET request latency on network to next level
 l2: # Cache stats
  l2-0: # Cache stats
   hGETS: 35318 # GETS hits
   hGETX: 0 # GETX hits
   mGETS: 1092701 # GETS misses
   mGETXIM: 96 # GETX I->M misses
   mGETXSM: 1 # GETX S->M misses (upgrade misses)
   PUTS: 1127249 # Clean evictions (from lower level)
   PUTX: 45 # Dirty evictions (from lower level)
   INV: 1047934 # Invalidates (from upper level)
   INVX: 158 # Downgrades (from upper level)
   FWD: 0 # Forwards (from upper level)
   latGETnl: 71023758 # GET request latency on next level
   latGETnet: 0 # GET request latency on network to next level
  l2-1: # Cache stats
   hGETS: 37984 # GETS hits
   hGETX: 0 # GETX hits
   mGETS: 1092575 # GETS misses
   mGETXIM: 58 # GETX I->M misses
   mGETXSM: 5 # GETX S->M misses (upgrade misses)
   PUTS: 1129902 # Clean evictions (from lower level)
   PUTX: 16 # Dirty evictions (from lower level)
   INV: 1048877 # Invalidates (from upper level)
   INVX: 80 # Downgrades (from upper level)
   FWD: 0 # Forwards (from upper level)
   latGETnl: 71007862 # GET request latency on next level
   latGETnet: 0 # GET request latency on network to next level
  l2-2: # Cache stats
   hGETS: 37972 # GETS hits
   hGETX: 0 # GETX hits
   mGETS: 1092135 # GETS misses
   mGETXIM: 62 # GETX I->M misses
   mGETXSM: 5 # GETX S->M misses (upgrade misses)
   PUTS: 1129447 # Clean evictions (from lower level)
   PUTX: 19 # Dirty evictions (from lower level)
   INV: 1048959 # Invalidates (from upper level)
   INVX: 91 # Downgrades (from upper level)
   FWD: 0 # Forwards (from upper level)
   latGETnl: 70981254 # GET request latency on next level
   latGETnet: 0 # GET request latency on network to next level
 l3: # Cache stats
  l3-0: # Cache stats
   hGETS: 796 # GETS hits
   hGETX: 19 # GETX hits
   mGETS: 3276615 # GETS misses
   mGETXIM: 208 # GETX I->M misses
   mGETXSM: 0 # GETX S->M misses (upgrade misses)
   PUTS: 0 # Clean evictions (from lower level)
   PUTX: 0 # Dirty evictions (from lower level)
   INV: 0 # Invalidates (from upper level)
   INVX: 0 # Downgrades (from upper level)
   FWD: 0 # Forwards (from upper level)
   latGETnl: 157287504 # GET request latency on next level
   latGETnet: 0 # GET request latency on network to next level
 mem: # Memory controller stats
  mem-0: # Memory controller stats
   rd: 1638435 # Read requests
   wr: 186 # Write requests
   rdlat: 218426302 # Total latency experienced by read requests
   wrlat: 46334 # Total latency experienced by write requests
   rdhits: 50 # Read row hits
   wrhits: 0 # Write row hits
   mlh: # latency histogram for memory requests
    0: 0
    1: 0
    2: 0
    3: 0
    4: 0
    5: 0
    6: 2
    7: 305194
    8: 148496
    9: 287478
    10: 131808
    11: 38849
    12: 4055
    13: 2716
    14: 1852
    15: 1687
    16: 311397
    17: 228712
    18: 5198
    19: 2979
    20: 2385
    21: 2225
    22: 2136
    23: 1980
    24: 132522
    25: 3994
    26: 2220
    27: 1819
    28: 1767
    29: 1497
    30: 1356
    31: 1018
    32: 1713
    33: 2106
    34: 1626
    35: 1179
    36: 1038
    37: 999
    38: 503
    39: 166
    40: 165
    41: 1505
    42: 766
    43: 387
    44: 344
    45: 380
    46: 121
    47: 20
    48: 15
    49: 13
    50: 7
    51: 14
    52: 4
    53: 5
    54: 8
    55: 5
    56: 2
    57: 1
    58: 0
    59: 0
    60: 0
    61: 0
    62: 0
    63: 1
    64: 0
    65: 0
    66: 0
    67: 0
    68: 0
    69: 0
    70: 0
    71: 0
    72: 0
    73: 0
    74: 0
    75: 0
    76: 0
    77: 0
    78: 0
    79: 0
    80: 0
    81: 0
    82: 0
    83: 0
    84: 0
    85: 0
    86: 0
    87: 0
    88: 0
    89: 0
    90: 0
    91: 0
    92: 0
    93: 0
    94: 0
    95: 0
    96: 0
    97: 0
    98: 0
    99: 0
  mem-1: # Memory controller stats
   rd: 1638388 # Read requests
   wr: 136 # Write requests
   rdlat: 218309483 # Total latency experienced by read requests
   wrlat: 34481 # Total latency experienced by write requests
   rdhits: 60 # Read row hits
   wrhits: 0 # Write row hits
   mlh: # latency histogram for memory requests
    0: 0
    1: 0
    2: 0
    3: 0
    4: 0
    5: 0
    6: 1
    7: 305240
    8: 148432
    9: 287819
    10: 132078
    11: 38630
    12: 4177
    13: 2687
    14: 1809
    15: 1714
    16: 311482
    17: 228845
    18: 5106
    19: 2864
    20: 2338
    21: 2190
    22: 2004
    23: 1998
    24: 132591
    25: 4055
    26: 2090
    27: 1883
    28: 1752
    29: 1545
    30: 1331
    31: 969
    32: 1607
    33: 1986
    34: 1554
    35: 1207
    36: 1111
    37: 972
    38: 441
    39: 131
    40: 170
    41: 1515
    42: 739
    43: 384
    44: 369
    45: 382
    46: 98
    47: 31
    48: 12
    49: 12
    50: 11
    51: 14
    52: 2
    53: 3
    54: 2
    55: 1
    56: 1
    57: 0
    58: 0
    59: 1
    60: 1
    61: 1
    62: 0
    63: 0
    64: 0
    65: 0
    66: 0
    67: 0
    68: 0
    69: 0
    70: 0
    71: 0
    72: 0
    73: 0
    74: 0
    75: 0
    76: 0
    77: 0
    78: 0
    79: 0
    80: 0
    81: 0
    82: 0
    83: 0
    84: 0
    85: 0
    86: 0
    87: 0
    88: 0
    89: 0
    90: 0
    91: 0
    92: 0
    93: 0
    94: 0
    95: 0
    96: 0
    97: 0
    98: 0
    99: 0
 sched: # Scheduler stats
  thCr: 3 # Threads created
  thFn: 0 # Threads finished
  schedEvs: 3 # Schedule events
  waitEvs: 0 # Wait events
  handoffEvs: 0 # Handoff events
  sleepEvs: 0 # Sleep events
  idlePhases: 0 # Phases with no thread active
  idlePeriods: 0 # Periods with no thread active
  occHist: # Occupancy histogram
   0: 0
   1: 2
   2: 0
   3: 131513
  rqSzHist: # Run queue size histogram
   0: 131515
   1: 0
   2: 0
   3: 0
   4: 0
   5: 0
   6: 0
   7: 0
   8: 0
   9: 0
   10: 0
   11: 0
   12: 0
   13: 0
   14: 0
   15: 0
   16: 0
 procCycles: # Per-process unhalted core cycles
  0: 3945410890
  1: 0
  2: 0
  3: 0
  4: 0
  5: 0
  6: 0
  7: 0
  8: 0
  9: 0
  10: 0
  11: 0
  12: 0
  13: 0
  14: 0
  15: 0
  16: 0
  17: 0
  18: 0
  19: 0
  20: 0
  21: 0
  22: 0
  23: 0
  24: 0
  25: 0
  26: 0
  27: 0
  28: 0
  29: 0
  30: 0
  31: 0
  32: 0
  33: 0
  34: 0
  35: 0
  36: 0
  37: 0
  38: 0
  39: 0
  40: 0
  41: 0
  42: 0
  43: 0
  44: 0
  45: 0
  46: 0
  47: 0
  48: 0
  49: 0
  50: 0
  51: 0
  52: 0
  53: 0
  54: 0
  55: 0
  56: 0
  57: 0
  58: 0
  59: 0
  60: 0
  61: 0
  62: 0
  63: 0
 procInstrs: # Per-process instructions
  0: 5000029539
  1: 0
  2: 0
  3: 0
  4: 0
  5: 0
  6: 0
  7: 0
  8: 0
  9: 0
  10: 0
  11: 0
  12: 0
  13: 0
  14: 0
  15: 0
  16: 0
  17: 0
  18: 0
  19: 0
  20: 0
  21: 0
  22: 0
  23: 0
  24: 0
  25: 0
  26: 0
  27: 0
  28: 0
  29: 0
  30: 0
  31: 0
  32: 0
  33: 0
  34: 0
  35: 0
  36: 0
  37: 0
  38: 0
  39: 0
  40: 0
  41: 0
  42: 0
  43: 0
  44: 0
  45: 0
  46: 0
  47: 0
  48: 0
  49: 0
  50: 0
  51: 0
  52: 0
  53: 0
  54: 0
  55: 0
  56: 0
  57: 0
  58: 0
  59: 0
  60: 0
  61: 0
  62: 0
  63: 0
 heartbeats: # Per-process heartbeats
  0: 0
  1: 0
  2: 0
  3: 0
  4: 0
  5: 0
  6: 0
  7: 0
  8: 0
  9: 0
  10: 0
  11: 0
  12: 0
  13: 0
  14: 0
  15: 0
  16: 0
  17: 0
  18: 0
  19: 0
  20: 0
  21: 0
  22: 0
  23: 0
  24: 0
  25: 0
  26: 0
  27: 0
  28: 0
  29: 0
  30: 0
  31: 0
  32: 0
  33: 0
  34: 0
  35: 0
  36: 0
  37: 0
  38: 0
  39: 0
  40: 0
  41: 0
  42: 0
  43: 0
  44: 0
  45: 0
  46: 0
  47: 0
  48: 0
  49: 0
  50: 0
  51: 0
  52: 0
  53: 0
  54: 0
  55: 0
  56: 0
  57: 0
  58: 0
  59: 0
  60: 0
  61: 0
  62: 0
  63: 0
===
