# zsim stats
===
root: # Stats
 contention: # Contention simulation stats
  domain-0: # Domain stats
   time: 4232052155 # Weave simulation time
 time: # Simulator time breakdown
  init: 11761151942
  bound: 284691559555
  weave: 11946555203
  ff: 0
 trigger: 20000 # Reason for this stats dump
 phase: 65792 # Simulated phases
 core: # Core stats
  core-0: # Core stats
   cycles: 657920257 # Simulated unhalted cycles
   cCycles: 18282417 # Cycles due to contention stalls
   instrs: 833180239 # Simulated instructions
   uops: 980746442 # Retired micro-ops
   bbls: 105050096 # Basic blocks
   approxInstrs: 14216676 # Instrs with approx uop decoding
   mispredBranches: 157574 # Mispredicted branches
  core-1: # Core stats
   cycles: 657900552 # Simulated unhalted cycles
   cCycles: 17700091 # Cycles due to contention stalls
   instrs: 833923287 # Simulated instructions
   uops: 981619402 # Retired micro-ops
   bbls: 105142309 # Basic blocks
   approxInstrs: 14229560 # Instrs with approx uop decoding
   mispredBranches: 157669 # Mispredicted branches
  core-2: # Core stats
   cycles: 657900564 # Simulated unhalted cycles
   cCycles: 18680231 # Cycles due to contention stalls
   instrs: 832649438 # Simulated instructions
   uops: 980120066 # Retired micro-ops
   bbls: 104981527 # Basic blocks
   approxInstrs: 14207842 # Instrs with approx uop decoding
   mispredBranches: 157281 # Mispredicted branches
  core-3: # Core stats
   cycles: 657900675 # Simulated unhalted cycles
   cCycles: 17688325 # Cycles due to contention stalls
   instrs: 833941463 # Simulated instructions
   uops: 981640870 # Retired micro-ops
   bbls: 105144371 # Basic blocks
   approxInstrs: 14229815 # Instrs with approx uop decoding
   mispredBranches: 157497 # Mispredicted branches
  core-4: # Core stats
   cycles: 657900247 # Simulated unhalted cycles
   cCycles: 18158045 # Cycles due to contention stalls
   instrs: 833327428 # Simulated instructions
   uops: 980918142 # Retired micro-ops
   bbls: 105067009 # Basic blocks
   approxInstrs: 14219435 # Instrs with approx uop decoding
   mispredBranches: 157493 # Mispredicted branches
  core-5: # Core stats
   cycles: 657900204 # Simulated unhalted cycles
   cCycles: 18416787 # Cycles due to contention stalls
   instrs: 832990281 # Simulated instructions
   uops: 980521214 # Retired micro-ops
   bbls: 105024637 # Basic blocks
   approxInstrs: 14213633 # Instrs with approx uop decoding
   mispredBranches: 157394 # Mispredicted branches
 l1i: # Cache stats
  l1i-0: # Filter cache stats
   fhGETS: 127318485 # Filtered GETS hits
   fhGETX: 0 # Filtered GETX hits
   hGETS: 7053838 # GETS hits
   hGETX: 0 # GETX hits
   mGETS: 213 # GETS misses
   mGETXIM: 0 # GETX I->M misses
   mGETXSM: 0 # GETX S->M misses (upgrade misses)
   PUTS: 0 # Clean evictions (from lower level)
   PUTX: 0 # Dirty evictions (from lower level)
   INV: 0 # Invalidates (from upper level)
   INVX: 0 # Downgrades (from upper level)
   FWD: 0 # Forwards (from upper level)
   latGETnl: 13030 # GET request latency on next level
   latGETnet: 0 # GET request latency on network to next level
  l1i-1: # Filter cache stats
   fhGETS: 127431020 # Filtered GETS hits
   fhGETX: 0 # Filtered GETX hits
   hGETS: 7059904 # GETS hits
   hGETX: 0 # GETX hits
   mGETS: 114 # GETS misses
   mGETXIM: 0 # GETX I->M misses
   mGETXSM: 0 # GETX S->M misses (upgrade misses)
   PUTS: 0 # Clean evictions (from lower level)
   PUTX: 0 # Dirty evictions (from lower level)
   INV: 0 # Invalidates (from upper level)
   INVX: 0 # Downgrades (from upper level)
   FWD: 0 # Forwards (from upper level)
   latGETnl: 3570 # GET request latency on next level
   latGETnet: 0 # GET request latency on network to next level
  l1i-2: # Filter cache stats
   fhGETS: 127235628 # Filtered GETS hits
   fhGETX: 0 # Filtered GETX hits
   hGETS: 7049105 # GETS hits
   hGETX: 0 # GETX hits
   mGETS: 61 # GETS misses
   mGETXIM: 0 # GETX I->M misses
   mGETXSM: 0 # GETX S->M misses (upgrade misses)
   PUTS: 0 # Clean evictions (from lower level)
   PUTX: 0 # Dirty evictions (from lower level)
   INV: 0 # Invalidates (from upper level)
   INVX: 0 # Downgrades (from upper level)
   FWD: 0 # Forwards (from upper level)
   latGETnl: 1669 # GET request latency on next level
   latGETnet: 0 # GET request latency on network to next level
  l1i-3: # Filter cache stats
   fhGETS: 127432901 # Filtered GETS hits
   fhGETX: 0 # Filtered GETX hits
   hGETS: 7060001 # GETS hits
   hGETX: 0 # GETX hits
   mGETS: 67 # GETS misses
   mGETXIM: 0 # GETX I->M misses
   mGETXSM: 0 # GETX S->M misses (upgrade misses)
   PUTS: 0 # Clean evictions (from lower level)
   PUTX: 0 # Dirty evictions (from lower level)
   INV: 0 # Invalidates (from upper level)
   INVX: 0 # Downgrades (from upper level)
   FWD: 0 # Forwards (from upper level)
   latGETnl: 2059 # GET request latency on next level
   latGETnet: 0 # GET request latency on network to next level
  l1i-4: # Filter cache stats
   fhGETS: 127339630 # Filtered GETS hits
   fhGETX: 0 # Filtered GETX hits
   hGETS: 7054861 # GETS hits
   hGETX: 0 # GETX hits
   mGETS: 66 # GETS misses
   mGETXIM: 0 # GETX I->M misses
   mGETXSM: 0 # GETX S->M misses (upgrade misses)
   PUTS: 0 # Clean evictions (from lower level)
   PUTX: 0 # Dirty evictions (from lower level)
   INV: 0 # Invalidates (from upper level)
   INVX: 0 # Downgrades (from upper level)
   FWD: 0 # Forwards (from upper level)
   latGETnl: 1650 # GET request latency on next level
   latGETnet: 0 # GET request latency on network to next level
  l1i-5: # Filter cache stats
   fhGETS: 127287914 # Filtered GETS hits
   fhGETX: 0 # Filtered GETX hits
   hGETS: 7052018 # GETS hits
   hGETX: 0 # GETX hits
   mGETS: 113 # GETS misses
   mGETXIM: 0 # GETX I->M misses
   mGETXSM: 0 # GETX S->M misses (upgrade misses)
   PUTS: 0 # Clean evictions (from lower level)
   PUTX: 0 # Dirty evictions (from lower level)
   INV: 0 # Invalidates (from upper level)
   INVX: 0 # Downgrades (from upper level)
   FWD: 0 # Forwards (from upper level)
   latGETnl: 4697 # GET request latency on next level
   latGETnet: 0 # GET request latency on network to next level
 l1d: # Cache stats
  l1d-0: # Filter cache stats
   fhGETS: 176536736 # Filtered GETS hits
   fhGETX: 67786087 # Filtered GETX hits
   hGETS: 8318655 # GETS hits
   hGETX: 339100 # GETX hits
   mGETS: 565307 # GETS misses
   mGETXIM: 101 # GETX I->M misses
   mGETXSM: 1 # GETX S->M misses (upgrade misses)
   PUTS: 0 # Clean evictions (from lower level)
   PUTX: 0 # Dirty evictions (from lower level)
   INV: 25 # Invalidates (from upper level)
   INVX: 84 # Downgrades (from upper level)
   FWD: 0 # Forwards (from upper level)
   latGETnl: 40027668 # GET request latency on next level
   latGETnet: 0 # GET request latency on network to next level
  l1d-1: # Filter cache stats
   fhGETS: 176495078 # Filtered GETS hits
   fhGETX: 67613000 # Filtered GETX hits
   hGETS: 8525199 # GETS hits
   hGETX: 571471 # GETX hits
   mGETS: 565682 # GETS misses
   mGETXIM: 16 # GETX I->M misses
   mGETXSM: 5 # GETX S->M misses (upgrade misses)
   PUTS: 0 # Clean evictions (from lower level)
   PUTX: 0 # Dirty evictions (from lower level)
   INV: 3 # Invalidates (from upper level)
   INVX: 25 # Downgrades (from upper level)
   FWD: 0 # Forwards (from upper level)
   latGETnl: 40049461 # GET request latency on next level
   latGETnet: 0 # GET request latency on network to next level
  l1d-2: # Filter cache stats
   fhGETS: 176223520 # Filtered GETS hits
   fhGETX: 67509656 # Filtered GETX hits
   hGETS: 8513997 # GETS hits
   hGETX: 570609 # GETX hits
   mGETS: 564734 # GETS misses
   mGETXIM: 9 # GETX I->M misses
   mGETXSM: 3 # GETX S->M misses (upgrade misses)
   PUTS: 0 # Clean evictions (from lower level)
   PUTX: 0 # Dirty evictions (from lower level)
   INV: 1 # Invalidates (from upper level)
   INVX: 36 # Downgrades (from upper level)
   FWD: 0 # Forwards (from upper level)
   latGETnl: 39983254 # GET request latency on next level
   latGETnet: 0 # GET request latency on network to next level
  l1d-3: # Filter cache stats
   fhGETS: 176498375 # Filtered GETS hits
   fhGETX: 67614353 # Filtered GETX hits
   hGETS: 8525719 # GETS hits
   hGETX: 571572 # GETX hits
   mGETS: 565643 # GETS misses
   mGETXIM: 9 # GETX I->M misses
   mGETXSM: 3 # GETX S->M misses (upgrade misses)
   PUTS: 0 # Clean evictions (from lower level)
   PUTX: 0 # Dirty evictions (from lower level)
   INV: 2 # Invalidates (from upper level)
   INVX: 79 # Downgrades (from upper level)
   FWD: 0 # Forwards (from upper level)
   latGETnl: 40048523 # GET request latency on next level
   latGETnet: 0 # GET request latency on network to next level
  l1d-4: # Filter cache stats
   fhGETS: 176367252 # Filtered GETS hits
   fhGETX: 67564643 # Filtered GETX hits
   hGETS: 8520705 # GETS hits
   hGETX: 571038 # GETX hits
   mGETS: 565202 # GETS misses
   mGETXIM: 9 # GETX I->M misses
   mGETXSM: 3 # GETX S->M misses (upgrade misses)
   PUTS: 0 # Clean evictions (from lower level)
   PUTX: 0 # Dirty evictions (from lower level)
   INV: 2 # Invalidates (from upper level)
   INVX: 52 # Downgrades (from upper level)
   FWD: 0 # Forwards (from upper level)
   latGETnl: 40016960 # GET request latency on next level
   latGETnet: 0 # GET request latency on network to next level
  l1d-5: # Filter cache stats
   fhGETS: 176297382 # Filtered GETS hits
   fhGETX: 67537356 # Filtered GETX hits
   hGETS: 8515869 # GETS hits
   hGETX: 570855 # GETX hits
   mGETS: 565037 # GETS misses
   mGETXIM: 18 # GETX I->M misses
   mGETXSM: 5 # GETX S->M misses (upgrade misses)
   PUTS: 0 # Clean evictions (from lower level)
   PUTX: 0 # Dirty evictions (from lower level)
   INV: 1 # Invalidates (from upper level)
   INVX: 54 # Downgrades (from upper level)
   FWD: 0 # Forwards (from upper level)
   latGETnl: 40004192 # GET request latency on next level
   latGETnet: 0 # GET request latency on network to next level
 l2: # Cache stats
  l2-0: # Cache stats
   hGETS: 19032 # GETS hits
   hGETX: 0 # GETX hits
   mGETS: 546488 # GETS misses
   mGETXIM: 101 # GETX I->M misses
   mGETXSM: 1 # GETX S->M misses (upgrade misses)
   PUTS: 564797 # Clean evictions (from lower level)
   PUTX: 84 # Dirty evictions (from lower level)
   INV: 31 # Invalidates (from upper level)
   INVX: 94 # Downgrades (from upper level)
   FWD: 0 # Forwards (from upper level)
   latGETnl: 35515722 # GET request latency on next level
   latGETnet: 0 # GET request latency on network to next level
  l2-1: # Cache stats
   hGETS: 18990 # GETS hits
   hGETX: 0 # GETX hits
   mGETS: 546806 # GETS misses
   mGETXIM: 16 # GETX I->M misses
   mGETXSM: 5 # GETX S->M misses (upgrade misses)
   PUTS: 565167 # Clean evictions (from lower level)
   PUTX: 16 # Dirty evictions (from lower level)
   INV: 3 # Invalidates (from upper level)
   INVX: 34 # Downgrades (from upper level)
   FWD: 0 # Forwards (from upper level)
   latGETnl: 35526495 # GET request latency on next level
   latGETnet: 0 # GET request latency on network to next level
  l2-2: # Cache stats
   hGETS: 18968 # GETS hits
   hGETX: 0 # GETX hits
   mGETS: 545827 # GETS misses
   mGETXIM: 9 # GETX I->M misses
   mGETXSM: 3 # GETX S->M misses (upgrade misses)
   PUTS: 564222 # Clean evictions (from lower level)
   PUTX: 8 # Dirty evictions (from lower level)
   INV: 1 # Invalidates (from upper level)
   INVX: 36 # Downgrades (from upper level)
   FWD: 0 # Forwards (from upper level)
   latGETnl: 35466467 # GET request latency on next level
   latGETnet: 0 # GET request latency on network to next level
  l2-3: # Cache stats
   hGETS: 19020 # GETS hits
   hGETX: 0 # GETX hits
   mGETS: 546690 # GETS misses
   mGETXIM: 9 # GETX I->M misses
   mGETXSM: 3 # GETX S->M misses (upgrade misses)
   PUTS: 565131 # Clean evictions (from lower level)
   PUTX: 7 # Dirty evictions (from lower level)
   INV: 2 # Invalidates (from upper level)
   INVX: 89 # Downgrades (from upper level)
   FWD: 0 # Forwards (from upper level)
   latGETnl: 35524806 # GET request latency on next level
   latGETnet: 0 # GET request latency on network to next level
  l2-4: # Cache stats
   hGETS: 18986 # GETS hits
   hGETX: 0 # GETX hits
   mGETS: 546282 # GETS misses
   mGETXIM: 9 # GETX I->M misses
   mGETXSM: 3 # GETX S->M misses (upgrade misses)
   PUTS: 564690 # Clean evictions (from lower level)
   PUTX: 7 # Dirty evictions (from lower level)
   INV: 2 # Invalidates (from upper level)
   INVX: 52 # Downgrades (from upper level)
   FWD: 0 # Forwards (from upper level)
   latGETnl: 35496370 # GET request latency on next level
   latGETnet: 0 # GET request latency on network to next level
  l2-5: # Cache stats
   hGETS: 18980 # GETS hits
   hGETX: 0 # GETX hits
   mGETS: 546170 # GETS misses
   mGETXIM: 18 # GETX I->M misses
   mGETXSM: 5 # GETX S->M misses (upgrade misses)
   PUTS: 564523 # Clean evictions (from lower level)
   PUTX: 19 # Dirty evictions (from lower level)
   INV: 1 # Invalidates (from upper level)
   INVX: 54 # Downgrades (from upper level)
   FWD: 0 # Forwards (from upper level)
   latGETnl: 35487505 # GET request latency on next level
   latGETnet: 0 # GET request latency on network to next level
 l3: # Cache stats
  l3-0: # Cache stats
   hGETS: 1756 # GETS hits
   hGETX: 40 # GETX hits
   mGETS: 3276507 # GETS misses
   mGETXIM: 142 # GETX I->M misses
   mGETXSM: 0 # GETX S->M misses (upgrade misses)
   PUTS: 3229102 # Clean evictions (from lower level)
   PUTX: 131 # Dirty evictions (from lower level)
   INV: 0 # Invalidates (from upper level)
   INVX: 0 # Downgrades (from upper level)
   FWD: 0 # Forwards (from upper level)
   latGETnl: 157279152 # GET request latency on next level
   latGETnet: 0 # GET request latency on network to next level
 mem: # Memory controller stats
  mem-0: # Memory controller stats
   rd: 1638324 # Read requests
   wr: 75 # Write requests
   rdlat: 225266050 # Total latency experienced by read requests
   wrlat: 18214 # Total latency experienced by write requests
   rdhits: 6 # Read row hits
   wrhits: 0 # Write row hits
   mlh: # latency histogram for memory requests
    0: 0
    1: 0
    2: 0
    3: 0
    4: 0
    5: 0
    6: 1
    7: 293831
    8: 148542
    9: 266677
    10: 122345
    11: 42210
    12: 8733
    13: 6402
    14: 5009
    15: 4730
    16: 292935
    17: 218708
    18: 13197
    19: 7581
    20: 6273
    21: 5842
    22: 5544
    23: 5343
    24: 132353
    25: 10969
    26: 5179
    27: 4130
    28: 3739
    29: 3283
    30: 2723
    31: 2376
    32: 2711
    33: 3081
    34: 2460
    35: 1816
    36: 1589
    37: 1316
    38: 808
    39: 459
    40: 398
    41: 1704
    42: 996
    43: 570
    44: 478
    45: 503
    46: 222
    47: 125
    48: 85
    49: 66
    50: 85
    51: 61
    52: 34
    53: 30
    54: 18
    55: 17
    56: 10
    57: 3
    58: 10
    59: 6
    60: 3
    61: 3
    62: 2
    63: 0
    64: 0
    65: 0
    66: 0
    67: 0
    68: 0
    69: 0
    70: 0
    71: 0
    72: 0
    73: 0
    74: 0
    75: 0
    76: 0
    77: 0
    78: 0
    79: 0
    80: 0
    81: 0
    82: 0
    83: 0
    84: 0
    85: 0
    86: 0
    87: 0
    88: 0
    89: 0
    90: 0
    91: 0
    92: 0
    93: 0
    94: 0
    95: 0
    96: 0
    97: 0
    98: 0
    99: 0
  mem-1: # Memory controller stats
   rd: 1638325 # Read requests
   wr: 69 # Write requests
   rdlat: 225290226 # Total latency experienced by read requests
   wrlat: 17679 # Total latency experienced by write requests
   rdhits: 12 # Read row hits
   wrhits: 0 # Write row hits
   mlh: # latency histogram for memory requests
    0: 0
    1: 0
    2: 0
    3: 0
    4: 0
    5: 0
    6: 2
    7: 294141
    8: 148788
    9: 266566
    10: 122112
    11: 41948
    12: 8745
    13: 6657
    14: 5004
    15: 4708
    16: 292856
    17: 218688
    18: 12877
    19: 7518
    20: 6110
    21: 6040
    22: 5600
    23: 5410
    24: 132450
    25: 10823
    26: 5103
    27: 4107
    28: 3631
    29: 3393
    30: 2932
    31: 2365
    32: 2715
    33: 3114
    34: 2457
    35: 1845
    36: 1502
    37: 1274
    38: 803
    39: 442
    40: 424
    41: 1798
    42: 1023
    43: 562
    44: 474
    45: 499
    46: 229
    47: 109
    48: 90
    49: 67
    50: 99
    51: 67
    52: 39
    53: 31
    54: 31
    55: 26
    56: 5
    57: 6
    58: 14
    59: 3
    60: 0
    61: 2
    62: 0
    63: 1
    64: 0
    65: 0
    66: 0
    67: 0
    68: 0
    69: 0
    70: 0
    71: 0
    72: 0
    73: 0
    74: 0
    75: 0
    76: 0
    77: 0
    78: 0
    79: 0
    80: 0
    81: 0
    82: 0
    83: 0
    84: 0
    85: 0
    86: 0
    87: 0
    88: 0
    89: 0
    90: 0
    91: 0
    92: 0
    93: 0
    94: 0
    95: 0
    96: 0
    97: 0
    98: 0
    99: 0
 sched: # Scheduler stats
  thCr: 6 # Threads created
  thFn: 0 # Threads finished
  schedEvs: 6 # Schedule events
  waitEvs: 0 # Wait events
  handoffEvs: 0 # Handoff events
  sleepEvs: 0 # Sleep events
  idlePhases: 0 # Phases with no thread active
  idlePeriods: 0 # Periods with no thread active
  occHist: # Occupancy histogram
   0: 0
   1: 2
   2: 0
   3: 0
   4: 0
   5: 0
   6: 65790
  rqSzHist: # Run queue size histogram
   0: 65792
   1: 0
   2: 0
   3: 0
   4: 0
   5: 0
   6: 0
   7: 0
   8: 0
   9: 0
   10: 0
   11: 0
   12: 0
   13: 0
   14: 0
   15: 0
   16: 0
 procCycles: # Per-process unhalted core cycles
  0: 3947422499
  1: 0
  2: 0
  3: 0
  4: 0
  5: 0
  6: 0
  7: 0
  8: 0
  9: 0
  10: 0
  11: 0
  12: 0
  13: 0
  14: 0
  15: 0
  16: 0
  17: 0
  18: 0
  19: 0
  20: 0
  21: 0
  22: 0
  23: 0
  24: 0
  25: 0
  26: 0
  27: 0
  28: 0
  29: 0
  30: 0
  31: 0
  32: 0
  33: 0
  34: 0
  35: 0
  36: 0
  37: 0
  38: 0
  39: 0
  40: 0
  41: 0
  42: 0
  43: 0
  44: 0
  45: 0
  46: 0
  47: 0
  48: 0
  49: 0
  50: 0
  51: 0
  52: 0
  53: 0
  54: 0
  55: 0
  56: 0
  57: 0
  58: 0
  59: 0
  60: 0
  61: 0
  62: 0
  63: 0
 procInstrs: # Per-process instructions
  0: 5000012136
  1: 0
  2: 0
  3: 0
  4: 0
  5: 0
  6: 0
  7: 0
  8: 0
  9: 0
  10: 0
  11: 0
  12: 0
  13: 0
  14: 0
  15: 0
  16: 0
  17: 0
  18: 0
  19: 0
  20: 0
  21: 0
  22: 0
  23: 0
  24: 0
  25: 0
  26: 0
  27: 0
  28: 0
  29: 0
  30: 0
  31: 0
  32: 0
  33: 0
  34: 0
  35: 0
  36: 0
  37: 0
  38: 0
  39: 0
  40: 0
  41: 0
  42: 0
  43: 0
  44: 0
  45: 0
  46: 0
  47: 0
  48: 0
  49: 0
  50: 0
  51: 0
  52: 0
  53: 0
  54: 0
  55: 0
  56: 0
  57: 0
  58: 0
  59: 0
  60: 0
  61: 0
  62: 0
  63: 0
 heartbeats: # Per-process heartbeats
  0: 0
  1: 0
  2: 0
  3: 0
  4: 0
  5: 0
  6: 0
  7: 0
  8: 0
  9: 0
  10: 0
  11: 0
  12: 0
  13: 0
  14: 0
  15: 0
  16: 0
  17: 0
  18: 0
  19: 0
  20: 0
  21: 0
  22: 0
  23: 0
  24: 0
  25: 0
  26: 0
  27: 0
  28: 0
  29: 0
  30: 0
  31: 0
  32: 0
  33: 0
  34: 0
  35: 0
  36: 0
  37: 0
  38: 0
  39: 0
  40: 0
  41: 0
  42: 0
  43: 0
  44: 0
  45: 0
  46: 0
  47: 0
  48: 0
  49: 0
  50: 0
  51: 0
  52: 0
  53: 0
  54: 0
  55: 0
  56: 0
  57: 0
  58: 0
  59: 0
  60: 0
  61: 0
  62: 0
  63: 0
===
