# zsim stats
===
root: # Stats
 contention: # Contention simulation stats
  domain-0: # Domain stats
   time: 29019362057 # Weave simulation time
 time: # Simulator time breakdown
  init: 790562678
  bound: 330259708273
  weave: 42517753978
  ff: 0
 trigger: 20000 # Reason for this stats dump
 phase: 145824 # Simulated phases
 core: # Core stats
  core-0: # Core stats
   cycles: 1458085337 # Simulated unhalted cycles
   cCycles: 225925280 # Cycles due to contention stalls
   instrs: 1993263204 # Simulated instructions
   uops: 2547949301 # Retired micro-ops
   bbls: 332759186 # Basic blocks
   approxInstrs: 254 # Instrs with approx uop decoding
   mispredBranches: 791483 # Mispredicted branches
  core-1: # Core stats
   cycles: 551295780 # Simulated unhalted cycles
   cCycles: 154232101 # Cycles due to contention stalls
   instrs: 429549642 # Simulated instructions
   uops: 490487361 # Retired micro-ops
   bbls: 61780079 # Basic blocks
   approxInstrs: 694078 # Instrs with approx uop decoding
   mispredBranches: 590700 # Mispredicted branches
  core-2: # Core stats
   cycles: 551437188 # Simulated unhalted cycles
   cCycles: 154357873 # Cycles due to contention stalls
   instrs: 429539032 # Simulated instructions
   uops: 490475418 # Retired micro-ops
   bbls: 61778323 # Basic blocks
   approxInstrs: 694060 # Instrs with approx uop decoding
   mispredBranches: 590873 # Mispredicted branches
  core-3: # Core stats
   cycles: 551312781 # Simulated unhalted cycles
   cCycles: 154277004 # Cycles due to contention stalls
   instrs: 429545676 # Simulated instructions
   uops: 490483386 # Retired micro-ops
   bbls: 61779205 # Basic blocks
   approxInstrs: 694072 # Instrs with approx uop decoding
   mispredBranches: 590804 # Mispredicted branches
  core-4: # Core stats
   cycles: 551315155 # Simulated unhalted cycles
   cCycles: 154319685 # Cycles due to contention stalls
   instrs: 429538551 # Simulated instructions
   uops: 490474643 # Retired micro-ops
   bbls: 61778297 # Basic blocks
   approxInstrs: 694062 # Instrs with approx uop decoding
   mispredBranches: 590690 # Mispredicted branches
  core-5: # Core stats
   cycles: 551437502 # Simulated unhalted cycles
   cCycles: 154354769 # Cycles due to contention stalls
   instrs: 429533725 # Simulated instructions
   uops: 490470025 # Retired micro-ops
   bbls: 61777462 # Basic blocks
   approxInstrs: 694047 # Instrs with approx uop decoding
   mispredBranches: 591391 # Mispredicted branches
  core-6: # Core stats
   cycles: 550787371 # Simulated unhalted cycles
   cCycles: 153892874 # Cycles due to contention stalls
   instrs: 429525020 # Simulated instructions
   uops: 490458709 # Retired micro-ops
   bbls: 61776424 # Basic blocks
   approxInstrs: 694029 # Instrs with approx uop decoding
   mispredBranches: 590423 # Mispredicted branches
  core-7: # Core stats
   cycles: 550119918 # Simulated unhalted cycles
   cCycles: 153325867 # Cycles due to contention stalls
   instrs: 429548233 # Simulated instructions
   uops: 490485086 # Retired micro-ops
   bbls: 61779835 # Basic blocks
   approxInstrs: 694074 # Instrs with approx uop decoding
   mispredBranches: 590356 # Mispredicted branches
 l1i: # Cache stats
  l1i-0: # Filter cache stats
   fhGETS: 337306246 # Filtered GETS hits
   fhGETX: 0 # Filtered GETX hits
   hGETS: 563 # GETS hits
   hGETX: 0 # GETX hits
   mGETS: 4713 # GETS misses
   mGETXIM: 0 # GETX I->M misses
   mGETXSM: 0 # GETX S->M misses (upgrade misses)
   PUTS: 0 # Clean evictions (from lower level)
   PUTX: 0 # Dirty evictions (from lower level)
   INV: 4707 # Invalidates (from upper level)
   INVX: 0 # Downgrades (from upper level)
   FWD: 0 # Forwards (from upper level)
   latGETnl: 295569 # GET request latency on next level
   latGETnet: 0 # GET request latency on network to next level
  l1i-1: # Filter cache stats
   fhGETS: 64724279 # Filtered GETS hits
   fhGETX: 0 # Filtered GETX hits
   hGETS: 59 # GETS hits
   hGETX: 0 # GETX hits
   mGETS: 4057 # GETS misses
   mGETXIM: 0 # GETX I->M misses
   mGETXSM: 0 # GETX S->M misses (upgrade misses)
   PUTS: 0 # Clean evictions (from lower level)
   PUTX: 0 # Dirty evictions (from lower level)
   INV: 4052 # Invalidates (from upper level)
   INVX: 0 # Downgrades (from upper level)
   FWD: 0 # Forwards (from upper level)
   latGETnl: 126193 # GET request latency on next level
   latGETnet: 0 # GET request latency on network to next level
  l1i-2: # Filter cache stats
   fhGETS: 64723380 # Filtered GETS hits
   fhGETX: 0 # Filtered GETX hits
   hGETS: 48 # GETS hits
   hGETX: 0 # GETX hits
   mGETS: 4051 # GETS misses
   mGETXIM: 0 # GETX I->M misses
   mGETXSM: 0 # GETX S->M misses (upgrade misses)
   PUTS: 0 # Clean evictions (from lower level)
   PUTX: 0 # Dirty evictions (from lower level)
   INV: 4045 # Invalidates (from upper level)
   INVX: 0 # Downgrades (from upper level)
   FWD: 0 # Forwards (from upper level)
   latGETnl: 126331 # GET request latency on next level
   latGETnet: 0 # GET request latency on network to next level
  l1i-3: # Filter cache stats
   fhGETS: 64723937 # Filtered GETS hits
   fhGETX: 0 # Filtered GETX hits
   hGETS: 46 # GETS hits
   hGETX: 0 # GETX hits
   mGETS: 4040 # GETS misses
   mGETXIM: 0 # GETX I->M misses
   mGETXSM: 0 # GETX S->M misses (upgrade misses)
   PUTS: 0 # Clean evictions (from lower level)
   PUTX: 0 # Dirty evictions (from lower level)
   INV: 4034 # Invalidates (from upper level)
   INVX: 0 # Downgrades (from upper level)
   FWD: 0 # Forwards (from upper level)
   latGETnl: 126104 # GET request latency on next level
   latGETnet: 0 # GET request latency on network to next level
  l1i-4: # Filter cache stats
   fhGETS: 64722348 # Filtered GETS hits
   fhGETX: 0 # Filtered GETX hits
   hGETS: 49 # GETS hits
   hGETX: 0 # GETX hits
   mGETS: 4059 # GETS misses
   mGETXIM: 0 # GETX I->M misses
   mGETXSM: 0 # GETX S->M misses (upgrade misses)
   PUTS: 0 # Clean evictions (from lower level)
   PUTX: 0 # Dirty evictions (from lower level)
   INV: 4053 # Invalidates (from upper level)
   INVX: 0 # Downgrades (from upper level)
   FWD: 0 # Forwards (from upper level)
   latGETnl: 131571 # GET request latency on next level
   latGETnet: 0 # GET request latency on network to next level
  l1i-5: # Filter cache stats
   fhGETS: 64725094 # Filtered GETS hits
   fhGETX: 0 # Filtered GETX hits
   hGETS: 45 # GETS hits
   hGETX: 0 # GETX hits
   mGETS: 4050 # GETS misses
   mGETXIM: 0 # GETX I->M misses
   mGETXSM: 0 # GETX S->M misses (upgrade misses)
   PUTS: 0 # Clean evictions (from lower level)
   PUTX: 0 # Dirty evictions (from lower level)
   INV: 4044 # Invalidates (from upper level)
   INVX: 0 # Downgrades (from upper level)
   FWD: 0 # Forwards (from upper level)
   latGETnl: 128514 # GET request latency on next level
   latGETnet: 0 # GET request latency on network to next level
  l1i-6: # Filter cache stats
   fhGETS: 64719185 # Filtered GETS hits
   fhGETX: 0 # Filtered GETX hits
   hGETS: 46 # GETS hits
   hGETX: 0 # GETX hits
   mGETS: 4043 # GETS misses
   mGETXIM: 0 # GETX I->M misses
   mGETXSM: 0 # GETX S->M misses (upgrade misses)
   PUTS: 0 # Clean evictions (from lower level)
   PUTX: 0 # Dirty evictions (from lower level)
   INV: 4037 # Invalidates (from upper level)
   INVX: 0 # Downgrades (from upper level)
   FWD: 0 # Forwards (from upper level)
   latGETnl: 128675 # GET request latency on next level
   latGETnet: 0 # GET request latency on network to next level
  l1i-7: # Filter cache stats
   fhGETS: 64722135 # Filtered GETS hits
   fhGETX: 0 # Filtered GETX hits
   hGETS: 57 # GETS hits
   hGETX: 0 # GETX hits
   mGETS: 4097 # GETS misses
   mGETXIM: 0 # GETX I->M misses
   mGETXSM: 0 # GETX S->M misses (upgrade misses)
   PUTS: 0 # Clean evictions (from lower level)
   PUTX: 0 # Dirty evictions (from lower level)
   INV: 4091 # Invalidates (from upper level)
   INVX: 0 # Downgrades (from upper level)
   FWD: 0 # Forwards (from upper level)
   latGETnl: 134393 # GET request latency on next level
   latGETnet: 0 # GET request latency on network to next level
 l1d: # Cache stats
  l1d-0: # Filter cache stats
   fhGETS: 549281283 # Filtered GETS hits
   fhGETX: 270359955 # Filtered GETX hits
   hGETS: 8267101 # GETS hits
   hGETX: 2923801 # GETX hits
   mGETS: 5986829 # GETS misses
   mGETXIM: 1852897 # GETX I->M misses
   mGETXSM: 45255 # GETX S->M misses (upgrade misses)
   PUTS: 0 # Clean evictions (from lower level)
   PUTX: 0 # Dirty evictions (from lower level)
   INV: 10428 # Invalidates (from upper level)
   INVX: 1965 # Downgrades (from upper level)
   FWD: 0 # Forwards (from upper level)
   latGETnl: 527172576 # GET request latency on next level
   latGETnet: 0 # GET request latency on network to next level
  l1d-1: # Filter cache stats
   fhGETS: 110255697 # Filtered GETS hits
   fhGETX: 257786 # Filtered GETX hits
   hGETS: 7484693 # GETS hits
   hGETX: 90287 # GETX hits
   mGETS: 4451941 # GETS misses
   mGETXIM: 50106 # GETX I->M misses
   mGETXSM: 484 # GETX S->M misses (upgrade misses)
   PUTS: 0 # Clean evictions (from lower level)
   PUTX: 0 # Dirty evictions (from lower level)
   INV: 12761 # Invalidates (from upper level)
   INVX: 2738 # Downgrades (from upper level)
   FWD: 0 # Forwards (from upper level)
   latGETnl: 327611005 # GET request latency on next level
   latGETnet: 0 # GET request latency on network to next level
  l1d-2: # Filter cache stats
   fhGETS: 110292250 # Filtered GETS hits
   fhGETX: 257149 # Filtered GETX hits
   hGETS: 7445201 # GETS hits
   hGETX: 90908 # GETX hits
   mGETS: 4451773 # GETS misses
   mGETXIM: 50094 # GETX I->M misses
   mGETXSM: 178 # GETX S->M misses (upgrade misses)
   PUTS: 0 # Clean evictions (from lower level)
   PUTX: 0 # Dirty evictions (from lower level)
   INV: 12582 # Invalidates (from upper level)
   INVX: 2538 # Downgrades (from upper level)
   FWD: 0 # Forwards (from upper level)
   latGETnl: 327600842 # GET request latency on next level
   latGETnet: 0 # GET request latency on network to next level
  l1d-3: # Filter cache stats
   fhGETS: 110304671 # Filtered GETS hits
   fhGETX: 257553 # Filtered GETX hits
   hGETS: 7434434 # GETS hits
   hGETX: 90978 # GETX hits
   mGETS: 4451870 # GETS misses
   mGETXIM: 50095 # GETX I->M misses
   mGETXSM: 181 # GETX S->M misses (upgrade misses)
   PUTS: 0 # Clean evictions (from lower level)
   PUTX: 0 # Dirty evictions (from lower level)
   INV: 12483 # Invalidates (from upper level)
   INVX: 2382 # Downgrades (from upper level)
   FWD: 0 # Forwards (from upper level)
   latGETnl: 327537251 # GET request latency on next level
   latGETnet: 0 # GET request latency on network to next level
  l1d-4: # Filter cache stats
   fhGETS: 110232600 # Filtered GETS hits
   fhGETX: 256949 # Filtered GETX hits
   hGETS: 7504741 # GETS hits
   hGETX: 90498 # GETX hits
   mGETS: 4451816 # GETS misses
   mGETXIM: 50093 # GETX I->M misses
   mGETXSM: 532 # GETX S->M misses (upgrade misses)
   PUTS: 0 # Clean evictions (from lower level)
   PUTX: 0 # Dirty evictions (from lower level)
   INV: 12743 # Invalidates (from upper level)
   INVX: 2513 # Downgrades (from upper level)
   FWD: 0 # Forwards (from upper level)
   latGETnl: 327553704 # GET request latency on next level
   latGETnet: 0 # GET request latency on network to next level
  l1d-5: # Filter cache stats
   fhGETS: 110330128 # Filtered GETS hits
   fhGETX: 257618 # Filtered GETX hits
   hGETS: 7405602 # GETS hits
   hGETX: 91168 # GETX hits
   mGETS: 4451771 # GETS misses
   mGETXIM: 50095 # GETX I->M misses
   mGETXSM: 194 # GETX S->M misses (upgrade misses)
   PUTS: 0 # Clean evictions (from lower level)
   PUTX: 0 # Dirty evictions (from lower level)
   INV: 12788 # Invalidates (from upper level)
   INVX: 2542 # Downgrades (from upper level)
   FWD: 0 # Forwards (from upper level)
   latGETnl: 327560732 # GET request latency on next level
   latGETnet: 0 # GET request latency on network to next level
  l1d-6: # Filter cache stats
   fhGETS: 110261012 # Filtered GETS hits
   fhGETX: 256629 # Filtered GETX hits
   hGETS: 7472795 # GETS hits
   hGETX: 90438 # GETX hits
   mGETS: 4451669 # GETS misses
   mGETXIM: 50092 # GETX I->M misses
   mGETXSM: 322 # GETX S->M misses (upgrade misses)
   PUTS: 0 # Clean evictions (from lower level)
   PUTX: 0 # Dirty evictions (from lower level)
   INV: 12564 # Invalidates (from upper level)
   INVX: 2212 # Downgrades (from upper level)
   FWD: 0 # Forwards (from upper level)
   latGETnl: 326826563 # GET request latency on next level
   latGETnet: 0 # GET request latency on network to next level
  l1d-7: # Filter cache stats
   fhGETS: 110336528 # Filtered GETS hits
   fhGETX: 256950 # Filtered GETX hits
   hGETS: 7403667 # GETS hits
   hGETX: 90368 # GETX hits
   mGETS: 4451898 # GETS misses
   mGETXIM: 50103 # GETX I->M misses
   mGETXSM: 242 # GETX S->M misses (upgrade misses)
   PUTS: 0 # Clean evictions (from lower level)
   PUTX: 0 # Dirty evictions (from lower level)
   INV: 12827 # Invalidates (from upper level)
   INVX: 1974 # Downgrades (from upper level)
   FWD: 0 # Forwards (from upper level)
   latGETnl: 326086722 # GET request latency on next level
   latGETnet: 0 # GET request latency on network to next level
 l2: # Cache stats
  l2-0: # Cache stats
   hGETS: 232335 # GETS hits
   hGETX: 6 # GETX hits
   mGETS: 5759207 # GETS misses
   mGETXIM: 1852891 # GETX I->M misses
   mGETXSM: 45255 # GETX S->M misses (upgrade misses)
   PUTS: 4722525 # Clean evictions (from lower level)
   PUTX: 3106261 # Dirty evictions (from lower level)
   INV: 2652882 # Invalidates (from upper level)
   INVX: 30297 # Downgrades (from upper level)
   FWD: 0 # Forwards (from upper level)
   latGETnl: 464350593 # GET request latency on next level
   latGETnet: 0 # GET request latency on network to next level
  l2-1: # Cache stats
   hGETS: 1906 # GETS hits
   hGETX: 0 # GETX hits
   mGETS: 4454092 # GETS misses
   mGETXIM: 50106 # GETX I->M misses
   mGETXSM: 484 # GETX S->M misses (upgrade misses)
   PUTS: 4357310 # Clean evictions (from lower level)
   PUTX: 131465 # Dirty evictions (from lower level)
   INV: 2728085 # Invalidates (from upper level)
   INVX: 24304 # Downgrades (from upper level)
   FWD: 0 # Forwards (from upper level)
   latGETnl: 291684494 # GET request latency on next level
   latGETnet: 0 # GET request latency on network to next level
  l2-2: # Cache stats
   hGETS: 1631 # GETS hits
   hGETX: 0 # GETX hits
   mGETS: 4454193 # GETS misses
   mGETXIM: 50094 # GETX I->M misses
   mGETXSM: 178 # GETX S->M misses (upgrade misses)
   PUTS: 4357168 # Clean evictions (from lower level)
   PUTX: 131605 # Dirty evictions (from lower level)
   INV: 2745038 # Invalidates (from upper level)
   INVX: 22624 # Downgrades (from upper level)
   FWD: 0 # Forwards (from upper level)
   latGETnl: 291678405 # GET request latency on next level
   latGETnet: 0 # GET request latency on network to next level
  l2-3: # Cache stats
   hGETS: 1795 # GETS hits
   hGETX: 0 # GETX hits
   mGETS: 4454115 # GETS misses
   mGETXIM: 50095 # GETX I->M misses
   mGETXSM: 181 # GETX S->M misses (upgrade misses)
   PUTS: 4357338 # Clean evictions (from lower level)
   PUTX: 131632 # Dirty evictions (from lower level)
   INV: 2751364 # Invalidates (from upper level)
   INVX: 22118 # Downgrades (from upper level)
   FWD: 0 # Forwards (from upper level)
   latGETnl: 291613867 # GET request latency on next level
   latGETnet: 0 # GET request latency on network to next level
  l2-4: # Cache stats
   hGETS: 1669 # GETS hits
   hGETX: 0 # GETX hits
   mGETS: 4454206 # GETS misses
   mGETXIM: 50093 # GETX I->M misses
   mGETXSM: 532 # GETX S->M misses (upgrade misses)
   PUTS: 4357274 # Clean evictions (from lower level)
   PUTX: 131380 # Dirty evictions (from lower level)
   INV: 2749151 # Invalidates (from upper level)
   INVX: 21362 # Downgrades (from upper level)
   FWD: 0 # Forwards (from upper level)
   latGETnl: 291633275 # GET request latency on next level
   latGETnet: 0 # GET request latency on network to next level
  l2-5: # Cache stats
   hGETS: 1504 # GETS hits
   hGETX: 0 # GETX hits
   mGETS: 4454317 # GETS misses
   mGETXIM: 50095 # GETX I->M misses
   mGETXSM: 194 # GETX S->M misses (upgrade misses)
   PUTS: 4356891 # Clean evictions (from lower level)
   PUTX: 131675 # Dirty evictions (from lower level)
   INV: 2744230 # Invalidates (from upper level)
   INVX: 22437 # Downgrades (from upper level)
   FWD: 0 # Forwards (from upper level)
   latGETnl: 291640366 # GET request latency on next level
   latGETnet: 0 # GET request latency on network to next level
  l2-6: # Cache stats
   hGETS: 1680 # GETS hits
   hGETX: 0 # GETX hits
   mGETS: 4454032 # GETS misses
   mGETXIM: 50092 # GETX I->M misses
   mGETXSM: 322 # GETX S->M misses (upgrade misses)
   PUTS: 4357504 # Clean evictions (from lower level)
   PUTX: 131181 # Dirty evictions (from lower level)
   INV: 2732089 # Invalidates (from upper level)
   INVX: 18698 # Downgrades (from upper level)
   FWD: 0 # Forwards (from upper level)
   latGETnl: 290906230 # GET request latency on next level
   latGETnet: 0 # GET request latency on network to next level
  l2-7: # Cache stats
   hGETS: 1857 # GETS hits
   hGETX: 0 # GETX hits
   mGETS: 4454138 # GETS misses
   mGETXIM: 50103 # GETX I->M misses
   mGETXSM: 242 # GETX S->M misses (upgrade misses)
   PUTS: 4357623 # Clean evictions (from lower level)
   PUTX: 131039 # Dirty evictions (from lower level)
   INV: 2731481 # Invalidates (from upper level)
   INVX: 15013 # Downgrades (from upper level)
   FWD: 0 # Forwards (from upper level)
   latGETnl: 290170395 # GET request latency on next level
   latGETnet: 0 # GET request latency on network to next level
 l3: # Cache stats
  l3-0: # Cache stats
   hGETS: 897162 # GETS hits
   hGETX: 51062 # GETX hits
   mGETS: 36041138 # GETS misses
   mGETXIM: 2199895 # GETX I->M misses
   mGETXSM: 0 # GETX S->M misses (upgrade misses)
   PUTS: 14164691 # Clean evictions (from lower level)
   PUTX: 3087821 # Dirty evictions (from lower level)
   INV: 0 # Invalidates (from upper level)
   INVX: 0 # Downgrades (from upper level)
   FWD: 0 # Forwards (from upper level)
   latGETnl: 1835569584 # GET request latency on next level
   latGETnet: 0 # GET request latency on network to next level
 mem: # Memory controller stats
  mem-0: # Memory controller stats
   rd: 20838615 # Read requests
   wr: 1610835 # Write requests
   rdlat: 1863791708 # Total latency experienced by read requests
   wrlat: 327541821 # Total latency experienced by write requests
   rdhits: 38904 # Read row hits
   wrhits: 25185 # Write row hits
   mlh: # latency histogram for memory requests
    0: 0
    1: 0
    2: 0
    3: 0
    4: 0
    5: 1
    6: 1643
    7: 12380774
    8: 4431434
    9: 1478793
    10: 458160
    11: 234958
    12: 221827
    13: 322900
    14: 306850
    15: 223393
    16: 200078
    17: 59503
    18: 50007
    19: 52523
    20: 37864
    21: 42254
    22: 42295
    23: 39577
    24: 29215
    25: 29098
    26: 29659
    27: 26158
    28: 26166
    29: 26308
    30: 25293
    31: 21733
    32: 12948
    33: 6258
    34: 4271
    35: 3325
    36: 2483
    37: 2029
    38: 1815
    39: 1381
    40: 1161
    41: 719
    42: 559
    43: 586
    44: 631
    45: 360
    46: 282
    47: 201
    48: 195
    49: 156
    50: 118
    51: 90
    52: 98
    53: 102
    54: 84
    55: 86
    56: 40
    57: 37
    58: 39
    59: 36
    60: 13
    61: 14
    62: 6
    63: 6
    64: 3
    65: 6
    66: 1
    67: 2
    68: 1
    69: 3
    70: 2
    71: 0
    72: 1
    73: 2
    74: 1
    75: 0
    76: 0
    77: 0
    78: 0
    79: 0
    80: 0
    81: 0
    82: 0
    83: 0
    84: 0
    85: 0
    86: 0
    87: 0
    88: 0
    89: 0
    90: 0
    91: 0
    92: 0
    93: 0
    94: 0
    95: 0
    96: 0
    97: 0
    98: 0
    99: 0
  mem-1: # Memory controller stats
   rd: 17402180 # Read requests
   wr: 1610918 # Write requests
   rdlat: 1470604023 # Total latency experienced by read requests
   wrlat: 277363751 # Total latency experienced by write requests
   rdhits: 27259 # Read row hits
   wrhits: 19518 # Write row hits
   mlh: # latency histogram for memory requests
    0: 0
    1: 0
    2: 0
    3: 0
    4: 0
    5: 0
    6: 423
    7: 12021671
    8: 3469767
    9: 1004967
    10: 212917
    11: 77294
    12: 60939
    13: 56588
    14: 62340
    15: 59030
    16: 55364
    17: 18868
    18: 16872
    19: 18669
    20: 11286
    21: 15840
    22: 27145
    23: 33568
    24: 21067
    25: 21861
    26: 32180
    27: 20774
    28: 20753
    29: 19016
    30: 15453
    31: 10774
    32: 6244
    33: 2301
    34: 1227
    35: 889
    36: 624
    37: 659
    38: 711
    39: 363
    40: 528
    41: 395
    42: 481
    43: 297
    44: 556
    45: 214
    46: 152
    47: 189
    48: 254
    49: 112
    50: 93
    51: 67
    52: 68
    53: 59
    54: 57
    55: 46
    56: 30
    57: 26
    58: 30
    59: 27
    60: 8
    61: 5
    62: 9
    63: 26
    64: 3
    65: 1
    66: 1
    67: 1
    68: 0
    69: 0
    70: 0
    71: 0
    72: 0
    73: 1
    74: 0
    75: 0
    76: 0
    77: 0
    78: 0
    79: 0
    80: 0
    81: 0
    82: 0
    83: 0
    84: 0
    85: 0
    86: 0
    87: 0
    88: 0
    89: 0
    90: 0
    91: 0
    92: 0
    93: 0
    94: 0
    95: 0
    96: 0
    97: 0
    98: 0
    99: 0
 sched: # Scheduler stats
  thCr: 8 # Threads created
  thFn: 0 # Threads finished
  schedEvs: 8 # Schedule events
  waitEvs: 0 # Wait events
  handoffEvs: 0 # Handoff events
  sleepEvs: 0 # Sleep events
  idlePhases: 0 # Phases with no thread active
  idlePeriods: 0 # Periods with no thread active
  occHist: # Occupancy histogram
   0: 0
   1: 77439
   2: 0
   3: 0
   4: 0
   5: 0
   6: 1
   7: 0
   8: 68384
  rqSzHist: # Run queue size histogram
   0: 145824
   1: 0
   2: 0
   3: 0
   4: 0
   5: 0
   6: 0
   7: 0
   8: 0
   9: 0
   10: 0
   11: 0
   12: 0
   13: 0
   14: 0
   15: 0
   16: 0
 procCycles: # Per-process unhalted core cycles
  0: 5315791032
  1: 0
  2: 0
  3: 0
  4: 0
  5: 0
  6: 0
  7: 0
  8: 0
  9: 0
  10: 0
  11: 0
  12: 0
  13: 0
  14: 0
  15: 0
  16: 0
  17: 0
  18: 0
  19: 0
  20: 0
  21: 0
  22: 0
  23: 0
  24: 0
  25: 0
  26: 0
  27: 0
  28: 0
  29: 0
  30: 0
  31: 0
  32: 0
  33: 0
  34: 0
  35: 0
  36: 0
  37: 0
  38: 0
  39: 0
  40: 0
  41: 0
  42: 0
  43: 0
  44: 0
  45: 0
  46: 0
  47: 0
  48: 0
  49: 0
  50: 0
  51: 0
  52: 0
  53: 0
  54: 0
  55: 0
  56: 0
  57: 0
  58: 0
  59: 0
  60: 0
  61: 0
  62: 0
  63: 0
 procInstrs: # Per-process instructions
  0: 5000043083
  1: 0
  2: 0
  3: 0
  4: 0
  5: 0
  6: 0
  7: 0
  8: 0
  9: 0
  10: 0
  11: 0
  12: 0
  13: 0
  14: 0
  15: 0
  16: 0
  17: 0
  18: 0
  19: 0
  20: 0
  21: 0
  22: 0
  23: 0
  24: 0
  25: 0
  26: 0
  27: 0
  28: 0
  29: 0
  30: 0
  31: 0
  32: 0
  33: 0
  34: 0
  35: 0
  36: 0
  37: 0
  38: 0
  39: 0
  40: 0
  41: 0
  42: 0
  43: 0
  44: 0
  45: 0
  46: 0
  47: 0
  48: 0
  49: 0
  50: 0
  51: 0
  52: 0
  53: 0
  54: 0
  55: 0
  56: 0
  57: 0
  58: 0
  59: 0
  60: 0
  61: 0
  62: 0
  63: 0
 heartbeats: # Per-process heartbeats
  0: 0
  1: 0
  2: 0
  3: 0
  4: 0
  5: 0
  6: 0
  7: 0
  8: 0
  9: 0
  10: 0
  11: 0
  12: 0
  13: 0
  14: 0
  15: 0
  16: 0
  17: 0
  18: 0
  19: 0
  20: 0
  21: 0
  22: 0
  23: 0
  24: 0
  25: 0
  26: 0
  27: 0
  28: 0
  29: 0
  30: 0
  31: 0
  32: 0
  33: 0
  34: 0
  35: 0
  36: 0
  37: 0
  38: 0
  39: 0
  40: 0
  41: 0
  42: 0
  43: 0
  44: 0
  45: 0
  46: 0
  47: 0
  48: 0
  49: 0
  50: 0
  51: 0
  52: 0
  53: 0
  54: 0
  55: 0
  56: 0
  57: 0
  58: 0
  59: 0
  60: 0
  61: 0
  62: 0
  63: 0
===
