# zsim stats
===
root: # Stats
 contention: # Contention simulation stats
  domain-0: # Domain stats
   time: 2586714149 # Weave simulation time
 time: # Simulator time breakdown
  init: 11752369714
  bound: 72380050997
  weave: 6897041972
  ff: 0
 trigger: 20000 # Reason for this stats dump
 phase: 48619 # Simulated phases
 core: # Core stats
  core-0: # Core stats
   cycles: 486190475 # Simulated unhalted cycles
   cCycles: 9428528 # Cycles due to contention stalls
   instrs: 454558183 # Simulated instructions
  core-1: # Core stats
   cycles: 486142735 # Simulated unhalted cycles
   cCycles: 9428398 # Cycles due to contention stalls
   instrs: 454546793 # Simulated instructions
  core-2: # Core stats
   cycles: 486137744 # Simulated unhalted cycles
   cCycles: 9426841 # Cycles due to contention stalls
   instrs: 454549408 # Simulated instructions
  core-3: # Core stats
   cycles: 486131997 # Simulated unhalted cycles
   cCycles: 9426236 # Cycles due to contention stalls
   instrs: 454547615 # Simulated instructions
  core-4: # Core stats
   cycles: 486131920 # Simulated unhalted cycles
   cCycles: 9424282 # Cycles due to contention stalls
   instrs: 454549467 # Simulated instructions
  core-5: # Core stats
   cycles: 486131828 # Simulated unhalted cycles
   cCycles: 9425897 # Cycles due to contention stalls
   instrs: 454548560 # Simulated instructions
  core-6: # Core stats
   cycles: 486131897 # Simulated unhalted cycles
   cCycles: 9424265 # Cycles due to contention stalls
   instrs: 454549688 # Simulated instructions
  core-7: # Core stats
   cycles: 486131929 # Simulated unhalted cycles
   cCycles: 9426436 # Cycles due to contention stalls
   instrs: 454546769 # Simulated instructions
  core-8: # Core stats
   cycles: 486131996 # Simulated unhalted cycles
   cCycles: 9424217 # Cycles due to contention stalls
   instrs: 454548842 # Simulated instructions
  core-9: # Core stats
   cycles: 486130173 # Simulated unhalted cycles
   cCycles: 9426157 # Cycles due to contention stalls
   instrs: 454545786 # Simulated instructions
  core-10: # Core stats
   cycles: 486130506 # Simulated unhalted cycles
   cCycles: 9425438 # Cycles due to contention stalls
   instrs: 454542069 # Simulated instructions
 l1i: # Cache stats
  l1i-0: # Filter cache stats
   fhGETS: 70975148 # Filtered GETS hits
   fhGETX: 0 # Filtered GETX hits
   hGETS: 1906189 # GETS hits
   hGETX: 0 # GETX hits
   mGETS: 146 # GETS misses
   mGETXIM: 0 # GETX I->M misses
   mGETXSM: 0 # GETX S->M misses (upgrade misses)
   PUTS: 0 # Clean evictions (from lower level)
   PUTX: 0 # Dirty evictions (from lower level)
   INV: 75 # Invalidates (from upper level)
   INVX: 0 # Downgrades (from upper level)
   FWD: 0 # Forwards (from upper level)
   latGETnl: 9299 # GET request latency on next level
   latGETnet: 0 # GET request latency on network to next level
  l1i-1: # Filter cache stats
   fhGETS: 70971524 # Filtered GETS hits
   fhGETX: 0 # Filtered GETX hits
   hGETS: 1905914 # GETS hits
   hGETX: 0 # GETX hits
   mGETS: 83 # GETS misses
   mGETXIM: 0 # GETX I->M misses
   mGETXSM: 0 # GETX S->M misses (upgrade misses)
   PUTS: 0 # Clean evictions (from lower level)
   PUTX: 0 # Dirty evictions (from lower level)
   INV: 0 # Invalidates (from upper level)
   INVX: 0 # Downgrades (from upper level)
   FWD: 0 # Forwards (from upper level)
   latGETnl: 3262 # GET request latency on next level
   latGETnet: 0 # GET request latency on network to next level
  l1i-2: # Filter cache stats
   fhGETS: 70971803 # Filtered GETS hits
   fhGETX: 0 # Filtered GETX hits
   hGETS: 1905919 # GETS hits
   hGETX: 0 # GETX hits
   mGETS: 82 # GETS misses
   mGETXIM: 0 # GETX I->M misses
   mGETXSM: 0 # GETX S->M misses (upgrade misses)
   PUTS: 0 # Clean evictions (from lower level)
   PUTX: 0 # Dirty evictions (from lower level)
   INV: 0 # Invalidates (from upper level)
   INVX: 0 # Downgrades (from upper level)
   FWD: 0 # Forwards (from upper level)
   latGETnl: 2324 # GET request latency on next level
   latGETnet: 0 # GET request latency on network to next level
  l1i-3: # Filter cache stats
   fhGETS: 70971512 # Filtered GETS hits
   fhGETX: 0 # Filtered GETX hits
   hGETS: 1905914 # GETS hits
   hGETX: 0 # GETX hits
   mGETS: 44 # GETS misses
   mGETXIM: 0 # GETX I->M misses
   mGETXSM: 0 # GETX S->M misses (upgrade misses)
   PUTS: 0 # Clean evictions (from lower level)
   PUTX: 0 # Dirty evictions (from lower level)
   INV: 0 # Invalidates (from upper level)
   INVX: 0 # Downgrades (from upper level)
   FWD: 0 # Forwards (from upper level)
   latGETnl: 1144 # GET request latency on next level
   latGETnet: 0 # GET request latency on network to next level
  l1i-4: # Filter cache stats
   fhGETS: 70971803 # Filtered GETS hits
   fhGETX: 0 # Filtered GETX hits
   hGETS: 1905922 # GETS hits
   hGETX: 0 # GETX hits
   mGETS: 44 # GETS misses
   mGETXIM: 0 # GETX I->M misses
   mGETXSM: 0 # GETX S->M misses (upgrade misses)
   PUTS: 0 # Clean evictions (from lower level)
   PUTX: 0 # Dirty evictions (from lower level)
   INV: 0 # Invalidates (from upper level)
   INVX: 0 # Downgrades (from upper level)
   FWD: 0 # Forwards (from upper level)
   latGETnl: 1192 # GET request latency on next level
   latGETnet: 0 # GET request latency on network to next level
  l1i-5: # Filter cache stats
   fhGETS: 70971662 # Filtered GETS hits
   fhGETX: 0 # Filtered GETX hits
   hGETS: 1905918 # GETS hits
   hGETX: 0 # GETX hits
   mGETS: 44 # GETS misses
   mGETXIM: 0 # GETX I->M misses
   mGETXSM: 0 # GETX S->M misses (upgrade misses)
   PUTS: 0 # Clean evictions (from lower level)
   PUTX: 0 # Dirty evictions (from lower level)
   INV: 0 # Invalidates (from upper level)
   INVX: 0 # Downgrades (from upper level)
   FWD: 0 # Forwards (from upper level)
   latGETnl: 1144 # GET request latency on next level
   latGETnet: 0 # GET request latency on network to next level
  l1i-6: # Filter cache stats
   fhGETS: 70971853 # Filtered GETS hits
   fhGETX: 0 # Filtered GETX hits
   hGETS: 1905922 # GETS hits
   hGETX: 0 # GETX hits
   mGETS: 44 # GETS misses
   mGETXIM: 0 # GETX I->M misses
   mGETXSM: 0 # GETX S->M misses (upgrade misses)
   PUTS: 0 # Clean evictions (from lower level)
   PUTX: 0 # Dirty evictions (from lower level)
   INV: 0 # Invalidates (from upper level)
   INVX: 0 # Downgrades (from upper level)
   FWD: 0 # Forwards (from upper level)
   latGETnl: 1144 # GET request latency on next level
   latGETnet: 0 # GET request latency on network to next level
  l1i-7: # Filter cache stats
   fhGETS: 70971381 # Filtered GETS hits
   fhGETX: 0 # Filtered GETX hits
   hGETS: 1905910 # GETS hits
   hGETX: 0 # GETX hits
   mGETS: 44 # GETS misses
   mGETXIM: 0 # GETX I->M misses
   mGETXSM: 0 # GETX S->M misses (upgrade misses)
   PUTS: 0 # Clean evictions (from lower level)
   PUTX: 0 # Dirty evictions (from lower level)
   INV: 0 # Invalidates (from upper level)
   INVX: 0 # Downgrades (from upper level)
   FWD: 0 # Forwards (from upper level)
   latGETnl: 1144 # GET request latency on next level
   latGETnet: 0 # GET request latency on network to next level
  l1i-8: # Filter cache stats
   fhGETS: 70971704 # Filtered GETS hits
   fhGETX: 0 # Filtered GETX hits
   hGETS: 1905919 # GETS hits
   hGETX: 0 # GETX hits
   mGETS: 44 # GETS misses
   mGETXIM: 0 # GETX I->M misses
   mGETXSM: 0 # GETX S->M misses (upgrade misses)
   PUTS: 0 # Clean evictions (from lower level)
   PUTX: 0 # Dirty evictions (from lower level)
   INV: 0 # Invalidates (from upper level)
   INVX: 0 # Downgrades (from upper level)
   FWD: 0 # Forwards (from upper level)
   latGETnl: 1144 # GET request latency on next level
   latGETnet: 0 # GET request latency on network to next level
  l1i-9: # Filter cache stats
   fhGETS: 70971209 # Filtered GETS hits
   fhGETX: 0 # Filtered GETX hits
   hGETS: 1905906 # GETS hits
   hGETX: 0 # GETX hits
   mGETS: 44 # GETS misses
   mGETXIM: 0 # GETX I->M misses
   mGETXSM: 0 # GETX S->M misses (upgrade misses)
   PUTS: 0 # Clean evictions (from lower level)
   PUTX: 0 # Dirty evictions (from lower level)
   INV: 0 # Invalidates (from upper level)
   INVX: 0 # Downgrades (from upper level)
   FWD: 0 # Forwards (from upper level)
   latGETnl: 1144 # GET request latency on next level
   latGETnet: 0 # GET request latency on network to next level
  l1i-10: # Filter cache stats
   fhGETS: 70970675 # Filtered GETS hits
   fhGETX: 0 # Filtered GETX hits
   hGETS: 1905898 # GETS hits
   hGETX: 0 # GETX hits
   mGETS: 83 # GETS misses
   mGETXIM: 0 # GETX I->M misses
   mGETXSM: 0 # GETX S->M misses (upgrade misses)
   PUTS: 0 # Clean evictions (from lower level)
   PUTX: 0 # Dirty evictions (from lower level)
   INV: 1 # Invalidates (from upper level)
   INVX: 0 # Downgrades (from upper level)
   FWD: 0 # Forwards (from upper level)
   latGETnl: 2926 # GET request latency on next level
   latGETnet: 0 # GET request latency on network to next level
 l1d: # Cache stats
  l1d-0: # Filter cache stats
   fhGETS: 94535473 # Filtered GETS hits
   fhGETX: 36991467 # Filtered GETX hits
   hGETS: 6313096 # GETS hits
   hGETX: 177511 # GETX hits
   mGETS: 311293 # GETS misses
   mGETXIM: 224 # GETX I->M misses
   mGETXSM: 5 # GETX S->M misses (upgrade misses)
   PUTS: 0 # Clean evictions (from lower level)
   PUTX: 0 # Dirty evictions (from lower level)
   INV: 123 # Invalidates (from upper level)
   INVX: 111 # Downgrades (from upper level)
   FWD: 0 # Forwards (from upper level)
   latGETnl: 22194465 # GET request latency on next level
   latGETnet: 0 # GET request latency on network to next level
  l1d-1: # Filter cache stats
   fhGETS: 94547607 # Filtered GETS hits
   fhGETX: 37005183 # Filtered GETX hits
   hGETS: 6299994 # GETS hits
   hGETX: 160201 # GETX hits
   mGETS: 309952 # GETS misses
   mGETXIM: 53 # GETX I->M misses
   mGETXSM: 7 # GETX S->M misses (upgrade misses)
   PUTS: 0 # Clean evictions (from lower level)
   PUTX: 0 # Dirty evictions (from lower level)
   INV: 80 # Invalidates (from upper level)
   INVX: 58 # Downgrades (from upper level)
   FWD: 0 # Forwards (from upper level)
   latGETnl: 22164282 # GET request latency on next level
   latGETnet: 0 # GET request latency on network to next level
  l1d-2: # Filter cache stats
   fhGETS: 94548443 # Filtered GETS hits
   fhGETX: 37005246 # Filtered GETX hits
   hGETS: 6299609 # GETS hits
   hGETX: 160250 # GETX hits
   mGETS: 309856 # GETS misses
   mGETXIM: 48 # GETX I->M misses
   mGETXSM: 5 # GETX S->M misses (upgrade misses)
   PUTS: 0 # Clean evictions (from lower level)
   PUTX: 0 # Dirty evictions (from lower level)
   INV: 77 # Invalidates (from upper level)
   INVX: 21 # Downgrades (from upper level)
   FWD: 0 # Forwards (from upper level)
   latGETnl: 22159171 # GET request latency on next level
   latGETnet: 0 # GET request latency on network to next level
  l1d-3: # Filter cache stats
   fhGETS: 94547980 # Filtered GETS hits
   fhGETX: 37005185 # Filtered GETX hits
   hGETS: 6299632 # GETS hits
   hGETX: 160154 # GETX hits
   mGETS: 309832 # GETS misses
   mGETXIM: 45 # GETX I->M misses
   mGETXSM: 3 # GETX S->M misses (upgrade misses)
   PUTS: 0 # Clean evictions (from lower level)
   PUTX: 0 # Dirty evictions (from lower level)
   INV: 76 # Invalidates (from upper level)
   INVX: 22 # Downgrades (from upper level)
   FWD: 0 # Forwards (from upper level)
   latGETnl: 22157002 # GET request latency on next level
   latGETnet: 0 # GET request latency on network to next level
  l1d-4: # Filter cache stats
   fhGETS: 94548592 # Filtered GETS hits
   fhGETX: 37005231 # Filtered GETX hits
   hGETS: 6299455 # GETS hits
   hGETX: 160265 # GETX hits
   mGETS: 309816 # GETS misses
   mGETXIM: 36 # GETX I->M misses
   mGETXSM: 3 # GETX S->M misses (upgrade misses)
   PUTS: 0 # Clean evictions (from lower level)
   PUTX: 0 # Dirty evictions (from lower level)
   INV: 76 # Invalidates (from upper level)
   INVX: 30 # Downgrades (from upper level)
   FWD: 0 # Forwards (from upper level)
   latGETnl: 22156979 # GET request latency on next level
   latGETnet: 0 # GET request latency on network to next level
  l1d-5: # Filter cache stats
   fhGETS: 94548624 # Filtered GETS hits
   fhGETX: 37005255 # Filtered GETX hits
   hGETS: 6299199 # GETS hits
   hGETX: 160163 # GETX hits
   mGETS: 309828 # GETS misses
   mGETXIM: 41 # GETX I->M misses
   mGETXSM: 3 # GETX S->M misses (upgrade misses)
   PUTS: 0 # Clean evictions (from lower level)
   PUTX: 0 # Dirty evictions (from lower level)
   INV: 76 # Invalidates (from upper level)
   INVX: 14 # Downgrades (from upper level)
   FWD: 0 # Forwards (from upper level)
   latGETnl: 22156227 # GET request latency on next level
   latGETnet: 0 # GET request latency on network to next level
  l1d-6: # Filter cache stats
   fhGETS: 94548533 # Filtered GETS hits
   fhGETX: 37005283 # Filtered GETX hits
   hGETS: 6299583 # GETS hits
   hGETX: 160225 # GETX hits
   mGETS: 309808 # GETS misses
   mGETXIM: 45 # GETX I->M misses
   mGETXSM: 3 # GETX S->M misses (upgrade misses)
   PUTS: 0 # Clean evictions (from lower level)
   PUTX: 0 # Dirty evictions (from lower level)
   INV: 76 # Invalidates (from upper level)
   INVX: 24 # Downgrades (from upper level)
   FWD: 0 # Forwards (from upper level)
   latGETnl: 22156800 # GET request latency on next level
   latGETnet: 0 # GET request latency on network to next level
  l1d-7: # Filter cache stats
   fhGETS: 94548600 # Filtered GETS hits
   fhGETX: 37005115 # Filtered GETX hits
   hGETS: 6298865 # GETS hits
   hGETX: 160149 # GETX hits
   mGETS: 309802 # GETS misses
   mGETXIM: 45 # GETX I->M misses
   mGETXSM: 3 # GETX S->M misses (upgrade misses)
   PUTS: 0 # Clean evictions (from lower level)
   PUTX: 0 # Dirty evictions (from lower level)
   INV: 76 # Invalidates (from upper level)
   INVX: 39 # Downgrades (from upper level)
   FWD: 0 # Forwards (from upper level)
   latGETnl: 22157580 # GET request latency on next level
   latGETnet: 0 # GET request latency on network to next level
  l1d-8: # Filter cache stats
   fhGETS: 94548298 # Filtered GETS hits
   fhGETX: 37005221 # Filtered GETX hits
   hGETS: 6299603 # GETS hits
   hGETX: 160213 # GETX hits
   mGETS: 309829 # GETS misses
   mGETXIM: 44 # GETX I->M misses
   mGETXSM: 3 # GETX S->M misses (upgrade misses)
   PUTS: 0 # Clean evictions (from lower level)
   PUTX: 0 # Dirty evictions (from lower level)
   INV: 79 # Invalidates (from upper level)
   INVX: 41 # Downgrades (from upper level)
   FWD: 0 # Forwards (from upper level)
   latGETnl: 22157793 # GET request latency on next level
   latGETnet: 0 # GET request latency on network to next level
  l1d-9: # Filter cache stats
   fhGETS: 94548082 # Filtered GETS hits
   fhGETX: 37005027 # Filtered GETX hits
   hGETS: 6299133 # GETS hits
   hGETX: 160153 # GETX hits
   mGETS: 309824 # GETS misses
   mGETXIM: 48 # GETX I->M misses
   mGETXSM: 3 # GETX S->M misses (upgrade misses)
   PUTS: 0 # Clean evictions (from lower level)
   PUTX: 0 # Dirty evictions (from lower level)
   INV: 78 # Invalidates (from upper level)
   INVX: 32 # Downgrades (from upper level)
   FWD: 0 # Forwards (from upper level)
   latGETnl: 22157086 # GET request latency on next level
   latGETnet: 0 # GET request latency on network to next level
  l1d-10: # Filter cache stats
   fhGETS: 94546673 # Filtered GETS hits
   fhGETX: 37004734 # Filtered GETX hits
   hGETS: 6299851 # GETS hits
   hGETX: 160205 # GETX hits
   mGETS: 309884 # GETS misses
   mGETXIM: 67 # GETX I->M misses
   mGETXSM: 4 # GETX S->M misses (upgrade misses)
   PUTS: 0 # Clean evictions (from lower level)
   PUTX: 0 # Dirty evictions (from lower level)
   INV: 78 # Invalidates (from upper level)
   INVX: 25 # Downgrades (from upper level)
   FWD: 0 # Forwards (from upper level)
   latGETnl: 22160073 # GET request latency on next level
   latGETnet: 0 # GET request latency on network to next level
 l2: # Cache stats
  l2-0: # Cache stats
   hGETS: 13041 # GETS hits
   hGETX: 0 # GETX hits
   mGETS: 298398 # GETS misses
   mGETXIM: 224 # GETX I->M misses
   mGETXSM: 5 # GETX S->M misses (upgrade misses)
   PUTS: 310747 # Clean evictions (from lower level)
   PUTX: 137 # Dirty evictions (from lower level)
   INV: 286333 # Invalidates (from upper level)
   INVX: 124 # Downgrades (from upper level)
   FWD: 0 # Forwards (from upper level)
   latGETnl: 19398752 # GET request latency on next level
   latGETnet: 0 # GET request latency on network to next level
  l2-1: # Cache stats
   hGETS: 11751 # GETS hits
   hGETX: 0 # GETX hits
   mGETS: 298284 # GETS misses
   mGETXIM: 53 # GETX I->M misses
   mGETXSM: 7 # GETX S->M misses (upgrade misses)
   PUTS: 309393 # Clean evictions (from lower level)
   PUTX: 20 # Dirty evictions (from lower level)
   INV: 286268 # Invalidates (from upper level)
   INVX: 58 # Downgrades (from upper level)
   FWD: 0 # Forwards (from upper level)
   latGETnl: 19376689 # GET request latency on next level
   latGETnet: 0 # GET request latency on network to next level
  l2-2: # Cache stats
   hGETS: 11715 # GETS hits
   hGETX: 0 # GETX hits
   mGETS: 298223 # GETS misses
   mGETXIM: 48 # GETX I->M misses
   mGETXSM: 5 # GETX S->M misses (upgrade misses)
   PUTS: 309296 # Clean evictions (from lower level)
   PUTX: 19 # Dirty evictions (from lower level)
   INV: 286357 # Invalidates (from upper level)
   INVX: 21 # Downgrades (from upper level)
   FWD: 0 # Forwards (from upper level)
   latGETnl: 19371576 # GET request latency on next level
   latGETnet: 0 # GET request latency on network to next level
  l2-3: # Cache stats
   hGETS: 11741 # GETS hits
   hGETX: 0 # GETX hits
   mGETS: 298135 # GETS misses
   mGETXIM: 45 # GETX I->M misses
   mGETXSM: 3 # GETX S->M misses (upgrade misses)
   PUTS: 309282 # Clean evictions (from lower level)
   PUTX: 7 # Dirty evictions (from lower level)
   INV: 286429 # Invalidates (from upper level)
   INVX: 22 # Downgrades (from upper level)
   FWD: 0 # Forwards (from upper level)
   latGETnl: 19368830 # GET request latency on next level
   latGETnet: 0 # GET request latency on network to next level
  l2-4: # Cache stats
   hGETS: 11716 # GETS hits
   hGETX: 0 # GETX hits
   mGETS: 298144 # GETS misses
   mGETXIM: 36 # GETX I->M misses
   mGETXSM: 3 # GETX S->M misses (upgrade misses)
   PUTS: 309257 # Clean evictions (from lower level)
   PUTX: 7 # Dirty evictions (from lower level)
   INV: 286460 # Invalidates (from upper level)
   INVX: 30 # Downgrades (from upper level)
   FWD: 0 # Forwards (from upper level)
   latGETnl: 19369080 # GET request latency on next level
   latGETnet: 0 # GET request latency on network to next level
  l2-5: # Cache stats
   hGETS: 11733 # GETS hits
   hGETX: 0 # GETX hits
   mGETS: 298139 # GETS misses
   mGETXIM: 41 # GETX I->M misses
   mGETXSM: 3 # GETX S->M misses (upgrade misses)
   PUTS: 309274 # Clean evictions (from lower level)
   PUTX: 7 # Dirty evictions (from lower level)
   INV: 286114 # Invalidates (from upper level)
   INVX: 14 # Downgrades (from upper level)
   FWD: 0 # Forwards (from upper level)
   latGETnl: 19368127 # GET request latency on next level
   latGETnet: 0 # GET request latency on network to next level
  l2-6: # Cache stats
   hGETS: 11717 # GETS hits
   hGETX: 0 # GETX hits
   mGETS: 298135 # GETS misses
   mGETXIM: 45 # GETX I->M misses
   mGETXSM: 3 # GETX S->M misses (upgrade misses)
   PUTS: 309258 # Clean evictions (from lower level)
   PUTX: 7 # Dirty evictions (from lower level)
   INV: 286102 # Invalidates (from upper level)
   INVX: 24 # Downgrades (from upper level)
   FWD: 0 # Forwards (from upper level)
   latGETnl: 19368844 # GET request latency on next level
   latGETnet: 0 # GET request latency on network to next level
  l2-7: # Cache stats
   hGETS: 11711 # GETS hits
   hGETX: 0 # GETX hits
   mGETS: 298135 # GETS misses
   mGETXIM: 45 # GETX I->M misses
   mGETXSM: 3 # GETX S->M misses (upgrade misses)
   PUTS: 309252 # Clean evictions (from lower level)
   PUTX: 7 # Dirty evictions (from lower level)
   INV: 285835 # Invalidates (from upper level)
   INVX: 39 # Downgrades (from upper level)
   FWD: 0 # Forwards (from upper level)
   latGETnl: 19369678 # GET request latency on next level
   latGETnet: 0 # GET request latency on network to next level
  l2-8: # Cache stats
   hGETS: 11739 # GETS hits
   hGETX: 0 # GETX hits
   mGETS: 298134 # GETS misses
   mGETXIM: 44 # GETX I->M misses
   mGETXSM: 3 # GETX S->M misses (upgrade misses)
   PUTS: 309275 # Clean evictions (from lower level)
   PUTX: 7 # Dirty evictions (from lower level)
   INV: 285669 # Invalidates (from upper level)
   INVX: 41 # Downgrades (from upper level)
   FWD: 0 # Forwards (from upper level)
   latGETnl: 19369657 # GET request latency on next level
   latGETnet: 0 # GET request latency on network to next level
  l2-9: # Cache stats
   hGETS: 11738 # GETS hits
   hGETX: 0 # GETX hits
   mGETS: 298130 # GETS misses
   mGETXIM: 48 # GETX I->M misses
   mGETXSM: 3 # GETX S->M misses (upgrade misses)
   PUTS: 309275 # Clean evictions (from lower level)
   PUTX: 7 # Dirty evictions (from lower level)
   INV: 285511 # Invalidates (from upper level)
   INVX: 32 # Downgrades (from upper level)
   FWD: 0 # Forwards (from upper level)
   latGETnl: 19368959 # GET request latency on next level
   latGETnet: 0 # GET request latency on network to next level
  l2-10: # Cache stats
   hGETS: 11738 # GETS hits
   hGETX: 0 # GETX hits
   mGETS: 298229 # GETS misses
   mGETXIM: 67 # GETX I->M misses
   mGETXSM: 4 # GETX S->M misses (upgrade misses)
   PUTS: 309343 # Clean evictions (from lower level)
   PUTX: 18 # Dirty evictions (from lower level)
   INV: 285496 # Invalidates (from upper level)
   INVX: 25 # Downgrades (from upper level)
   FWD: 0 # Forwards (from upper level)
   latGETnl: 19372657 # GET request latency on next level
   latGETnet: 0 # GET request latency on network to next level
 l3: # Cache stats
  l3-0: # Cache stats
   hGETS: 3194 # GETS hits
   hGETX: 83 # GETX hits
   mGETS: 3276892 # GETS misses
   mGETXIM: 655 # GETX I->M misses
   mGETXSM: 0 # GETX S->M misses (upgrade misses)
   PUTS: 0 # Clean evictions (from lower level)
   PUTX: 0 # Dirty evictions (from lower level)
   INV: 0 # Invalidates (from upper level)
   INVX: 0 # Downgrades (from upper level)
   FWD: 0 # Forwards (from upper level)
   latGETnl: 157322256 # GET request latency on next level
   latGETnet: 0 # GET request latency on network to next level
 mem: # Memory controller stats
  mem-0: # Memory controller stats
   rd: 1638907 # Read requests
   wr: 637 # Write requests
   rdlat: 130519035 # Total latency experienced by read requests
   wrlat: 85764 # Total latency experienced by write requests
   rdhits: 5 # Read row hits
   wrhits: 0 # Write row hits
   mlh: # latency histogram for memory requests
    0: 0
    1: 0
    2: 0
    3: 0
    4: 0
    5: 0
    6: 1
    7: 1433366
    8: 183042
    9: 2948
    10: 1196
    11: 1344
    12: 1577
    13: 1760
    14: 1875
    15: 1855
    16: 1824
    17: 1707
    18: 1560
    19: 1250
    20: 1013
    21: 788
    22: 640
    23: 484
    24: 335
    25: 193
    26: 75
    27: 36
    28: 34
    29: 3
    30: 0
    31: 0
    32: 1
    33: 0
    34: 0
    35: 0
    36: 0
    37: 0
    38: 0
    39: 0
    40: 0
    41: 0
    42: 0
    43: 0
    44: 0
    45: 0
    46: 0
    47: 0
    48: 0
    49: 0
    50: 0
    51: 0
    52: 0
    53: 0
    54: 0
    55: 0
    56: 0
    57: 0
    58: 0
    59: 0
    60: 0
    61: 0
    62: 0
    63: 0
    64: 0
    65: 0
    66: 0
    67: 0
    68: 0
    69: 0
    70: 0
    71: 0
    72: 0
    73: 0
    74: 0
    75: 0
    76: 0
    77: 0
    78: 0
    79: 0
    80: 0
    81: 0
    82: 0
    83: 0
    84: 0
    85: 0
    86: 0
    87: 0
    88: 0
    89: 0
    90: 0
    91: 0
    92: 0
    93: 0
    94: 0
    95: 0
    96: 0
    97: 0
    98: 0
    99: 0
  mem-1: # Memory controller stats
   rd: 1638630 # Read requests
   wr: 397 # Write requests
   rdlat: 130489436 # Total latency experienced by read requests
   wrlat: 52921 # Total latency experienced by write requests
   rdhits: 5 # Read row hits
   wrhits: 0 # Write row hits
   mlh: # latency histogram for memory requests
    0: 0
    1: 0
    2: 0
    3: 0
    4: 0
    5: 0
    6: 0
    7: 1432588
    8: 183625
    9: 3008
    10: 1218
    11: 1313
    12: 1556
    13: 1724
    14: 1795
    15: 1816
    16: 1786
    17: 1715
    18: 1530
    19: 1348
    20: 1076
    21: 797
    22: 593
    23: 459
    24: 317
    25: 189
    26: 93
    27: 51
    28: 28
    29: 5
    30: 0
    31: 0
    32: 0
    33: 0
    34: 0
    35: 0
    36: 0
    37: 0
    38: 0
    39: 0
    40: 0
    41: 0
    42: 0
    43: 0
    44: 0
    45: 0
    46: 0
    47: 0
    48: 0
    49: 0
    50: 0
    51: 0
    52: 0
    53: 0
    54: 0
    55: 0
    56: 0
    57: 0
    58: 0
    59: 0
    60: 0
    61: 0
    62: 0
    63: 0
    64: 0
    65: 0
    66: 0
    67: 0
    68: 0
    69: 0
    70: 0
    71: 0
    72: 0
    73: 0
    74: 0
    75: 0
    76: 0
    77: 0
    78: 0
    79: 0
    80: 0
    81: 0
    82: 0
    83: 0
    84: 0
    85: 0
    86: 0
    87: 0
    88: 0
    89: 0
    90: 0
    91: 0
    92: 0
    93: 0
    94: 0
    95: 0
    96: 0
    97: 0
    98: 0
    99: 0
 sched: # Scheduler stats
  thCr: 11 # Threads created
  thFn: 0 # Threads finished
  schedEvs: 11 # Schedule events
  waitEvs: 0 # Wait events
  handoffEvs: 0 # Handoff events
  sleepEvs: 0 # Sleep events
  idlePhases: 0 # Phases with no thread active
  idlePeriods: 0 # Periods with no thread active
  occHist: # Occupancy histogram
   0: 0
   1: 4
   2: 0
   3: 0
   4: 0
   5: 1
   6: 0
   7: 0
   8: 0
   9: 1
   10: 0
   11: 48613
  rqSzHist: # Run queue size histogram
   0: 48619
   1: 0
   2: 0
   3: 0
   4: 0
   5: 0
   6: 0
   7: 0
   8: 0
   9: 0
   10: 0
   11: 0
   12: 0
   13: 0
   14: 0
   15: 0
   16: 0
 procCycles: # Per-process unhalted core cycles
  0: 5347523200
  1: 0
  2: 0
  3: 0
  4: 0
  5: 0
  6: 0
  7: 0
  8: 0
  9: 0
  10: 0
  11: 0
  12: 0
  13: 0
  14: 0
  15: 0
  16: 0
  17: 0
  18: 0
  19: 0
  20: 0
  21: 0
  22: 0
  23: 0
  24: 0
  25: 0
  26: 0
  27: 0
  28: 0
  29: 0
  30: 0
  31: 0
  32: 0
  33: 0
  34: 0
  35: 0
  36: 0
  37: 0
  38: 0
  39: 0
  40: 0
  41: 0
  42: 0
  43: 0
  44: 0
  45: 0
  46: 0
  47: 0
  48: 0
  49: 0
  50: 0
  51: 0
  52: 0
  53: 0
  54: 0
  55: 0
  56: 0
  57: 0
  58: 0
  59: 0
  60: 0
  61: 0
  62: 0
  63: 0
 procInstrs: # Per-process instructions
  0: 5000033180
  1: 0
  2: 0
  3: 0
  4: 0
  5: 0
  6: 0
  7: 0
  8: 0
  9: 0
  10: 0
  11: 0
  12: 0
  13: 0
  14: 0
  15: 0
  16: 0
  17: 0
  18: 0
  19: 0
  20: 0
  21: 0
  22: 0
  23: 0
  24: 0
  25: 0
  26: 0
  27: 0
  28: 0
  29: 0
  30: 0
  31: 0
  32: 0
  33: 0
  34: 0
  35: 0
  36: 0
  37: 0
  38: 0
  39: 0
  40: 0
  41: 0
  42: 0
  43: 0
  44: 0
  45: 0
  46: 0
  47: 0
  48: 0
  49: 0
  50: 0
  51: 0
  52: 0
  53: 0
  54: 0
  55: 0
  56: 0
  57: 0
  58: 0
  59: 0
  60: 0
  61: 0
  62: 0
  63: 0
 heartbeats: # Per-process heartbeats
  0: 0
  1: 0
  2: 0
  3: 0
  4: 0
  5: 0
  6: 0
  7: 0
  8: 0
  9: 0
  10: 0
  11: 0
  12: 0
  13: 0
  14: 0
  15: 0
  16: 0
  17: 0
  18: 0
  19: 0
  20: 0
  21: 0
  22: 0
  23: 0
  24: 0
  25: 0
  26: 0
  27: 0
  28: 0
  29: 0
  30: 0
  31: 0
  32: 0
  33: 0
  34: 0
  35: 0
  36: 0
  37: 0
  38: 0
  39: 0
  40: 0
  41: 0
  42: 0
  43: 0
  44: 0
  45: 0
  46: 0
  47: 0
  48: 0
  49: 0
  50: 0
  51: 0
  52: 0
  53: 0
  54: 0
  55: 0
  56: 0
  57: 0
  58: 0
  59: 0
  60: 0
  61: 0
  62: 0
  63: 0
===
