# zsim stats
===
root: # Stats
 contention: # Contention simulation stats
  domain-0: # Domain stats
   time: 75551164929 # Weave simulation time
 time: # Simulator time breakdown
  init: 818065804
  bound: 944065885044
  weave: 88699367961
  ff: 6489250479
 trigger: 20000 # Reason for this stats dump
 phase: 93968 # Simulated phases
 core: # Core stats
  core-0: # Core stats
   cycles: 939683399 # Simulated unhalted cycles
   cCycles: 384529421 # Cycles due to contention stalls
   instrs: 691440928 # Simulated instructions
   uops: 755681174 # Retired micro-ops
   bbls: 113587098 # Basic blocks
   approxInstrs: 16352912 # Instrs with approx uop decoding
   mispredBranches: 28633 # Mispredicted branches
  core-1: # Core stats
   cycles: 939673226 # Simulated unhalted cycles
   cCycles: 404217766 # Cycles due to contention stalls
   instrs: 611980461 # Simulated instructions
   uops: 624566102 # Retired micro-ops
   bbls: 98221309 # Basic blocks
   approxInstrs: 19251562 # Instrs with approx uop decoding
   mispredBranches: 6174 # Mispredicted branches
  core-2: # Core stats
   cycles: 939673359 # Simulated unhalted cycles
   cCycles: 409275542 # Cycles due to contention stalls
   instrs: 576982258 # Simulated instructions
   uops: 588965549 # Retired micro-ops
   bbls: 92615264 # Basic blocks
   approxInstrs: 18104659 # Instrs with approx uop decoding
   mispredBranches: 5856 # Mispredicted branches
  core-3: # Core stats
   cycles: 939670012 # Simulated unhalted cycles
   cCycles: 417231641 # Cycles due to contention stalls
   instrs: 543982978 # Simulated instructions
   uops: 557001962 # Retired micro-ops
   bbls: 86831865 # Basic blocks
   approxInstrs: 17033320 # Instrs with approx uop decoding
   mispredBranches: 5954 # Mispredicted branches
  core-4: # Core stats
   cycles: 939670015 # Simulated unhalted cycles
   cCycles: 412320491 # Cycles due to contention stalls
   instrs: 561919156 # Simulated instructions
   uops: 575121719 # Retired micro-ops
   bbls: 89955179 # Basic blocks
   approxInstrs: 17467712 # Instrs with approx uop decoding
   mispredBranches: 6118 # Mispredicted branches
  core-5: # Core stats
   cycles: 939673064 # Simulated unhalted cycles
   cCycles: 389543462 # Cycles due to contention stalls
   instrs: 693461599 # Simulated instructions
   uops: 759227701 # Retired micro-ops
   bbls: 113828244 # Basic blocks
   approxInstrs: 16294079 # Instrs with approx uop decoding
   mispredBranches: 29052 # Mispredicted branches
  core-6: # Core stats
   cycles: 939671313 # Simulated unhalted cycles
   cCycles: 411165505 # Cycles due to contention stalls
   instrs: 610463872 # Simulated instructions
   uops: 622746081 # Retired micro-ops
   bbls: 98037503 # Basic blocks
   approxInstrs: 19202799 # Instrs with approx uop decoding
   mispredBranches: 6006 # Mispredicted branches
  core-7: # Core stats
   cycles: 939670034 # Simulated unhalted cycles
   cCycles: 388246286 # Cycles due to contention stalls
   instrs: 709825670 # Simulated instructions
   uops: 775562214 # Retired micro-ops
   bbls: 116552691 # Basic blocks
   approxInstrs: 16853171 # Instrs with approx uop decoding
   mispredBranches: 29037 # Mispredicted branches
 l1i: # Cache stats
  l1i-0: # Filter cache stats
   fhGETS: 120935015 # Filtered GETS hits
   fhGETX: 0 # Filtered GETX hits
   hGETS: 1025 # GETS hits
   hGETX: 0 # GETX hits
   mGETS: 556 # GETS misses
   mGETXIM: 0 # GETX I->M misses
   mGETXSM: 0 # GETX S->M misses (upgrade misses)
   PUTS: 0 # Clean evictions (from lower level)
   PUTX: 0 # Dirty evictions (from lower level)
   INV: 158 # Invalidates (from upper level)
   INVX: 0 # Downgrades (from upper level)
   FWD: 0 # Forwards (from upper level)
   latGETnl: 27783 # GET request latency on next level
   latGETnet: 0 # GET request latency on network to next level
  l1i-1: # Filter cache stats
   fhGETS: 106741395 # Filtered GETS hits
   fhGETX: 0 # Filtered GETX hits
   hGETS: 1014 # GETS hits
   hGETX: 0 # GETX hits
   mGETS: 704 # GETS misses
   mGETXIM: 0 # GETX I->M misses
   mGETXSM: 0 # GETX S->M misses (upgrade misses)
   PUTS: 0 # Clean evictions (from lower level)
   PUTX: 0 # Dirty evictions (from lower level)
   INV: 64 # Invalidates (from upper level)
   INVX: 0 # Downgrades (from upper level)
   FWD: 0 # Forwards (from upper level)
   latGETnl: 24848 # GET request latency on next level
   latGETnet: 0 # GET request latency on network to next level
  l1i-2: # Filter cache stats
   fhGETS: 100638244 # Filtered GETS hits
   fhGETX: 0 # Filtered GETX hits
   hGETS: 945 # GETS hits
   hGETX: 0 # GETX hits
   mGETS: 926 # GETS misses
   mGETXIM: 0 # GETX I->M misses
   mGETXSM: 0 # GETX S->M misses (upgrade misses)
   PUTS: 0 # Clean evictions (from lower level)
   PUTX: 0 # Dirty evictions (from lower level)
   INV: 305 # Invalidates (from upper level)
   INVX: 0 # Downgrades (from upper level)
   FWD: 0 # Forwards (from upper level)
   latGETnl: 44205 # GET request latency on next level
   latGETnet: 0 # GET request latency on network to next level
  l1i-3: # Filter cache stats
   fhGETS: 94399785 # Filtered GETS hits
   fhGETX: 0 # Filtered GETX hits
   hGETS: 1022 # GETS hits
   hGETX: 0 # GETX hits
   mGETS: 837 # GETS misses
   mGETXIM: 0 # GETX I->M misses
   mGETXSM: 0 # GETX S->M misses (upgrade misses)
   PUTS: 0 # Clean evictions (from lower level)
   PUTX: 0 # Dirty evictions (from lower level)
   INV: 332 # Invalidates (from upper level)
   INVX: 0 # Downgrades (from upper level)
   FWD: 0 # Forwards (from upper level)
   latGETnl: 36395 # GET request latency on next level
   latGETnet: 0 # GET request latency on network to next level
  l1i-4: # Filter cache stats
   fhGETS: 97758116 # Filtered GETS hits
   fhGETX: 0 # Filtered GETX hits
   hGETS: 1084 # GETS hits
   hGETX: 0 # GETX hits
   mGETS: 869 # GETS misses
   mGETXIM: 0 # GETX I->M misses
   mGETXSM: 0 # GETX S->M misses (upgrade misses)
   PUTS: 0 # Clean evictions (from lower level)
   PUTX: 0 # Dirty evictions (from lower level)
   INV: 350 # Invalidates (from upper level)
   INVX: 0 # Downgrades (from upper level)
   FWD: 0 # Forwards (from upper level)
   latGETnl: 39482 # GET request latency on next level
   latGETnet: 0 # GET request latency on network to next level
  l1i-5: # Filter cache stats
   fhGETS: 121167868 # Filtered GETS hits
   fhGETX: 0 # Filtered GETX hits
   hGETS: 813 # GETS hits
   hGETX: 0 # GETX hits
   mGETS: 673 # GETS misses
   mGETXIM: 0 # GETX I->M misses
   mGETXSM: 0 # GETX S->M misses (upgrade misses)
   PUTS: 0 # Clean evictions (from lower level)
   PUTX: 0 # Dirty evictions (from lower level)
   INV: 23 # Invalidates (from upper level)
   INVX: 0 # Downgrades (from upper level)
   FWD: 0 # Forwards (from upper level)
   latGETnl: 21481 # GET request latency on next level
   latGETnet: 0 # GET request latency on network to next level
  l1i-6: # Filter cache stats
   fhGETS: 106507706 # Filtered GETS hits
   fhGETX: 0 # Filtered GETX hits
   hGETS: 990 # GETS hits
   hGETX: 0 # GETX hits
   mGETS: 703 # GETS misses
   mGETXIM: 0 # GETX I->M misses
   mGETXSM: 0 # GETX S->M misses (upgrade misses)
   PUTS: 0 # Clean evictions (from lower level)
   PUTX: 0 # Dirty evictions (from lower level)
   INV: 17 # Invalidates (from upper level)
   INVX: 0 # Downgrades (from upper level)
   FWD: 0 # Forwards (from upper level)
   latGETnl: 21751 # GET request latency on next level
   latGETnet: 0 # GET request latency on network to next level
  l1i-7: # Filter cache stats
   fhGETS: 124099270 # Filtered GETS hits
   fhGETX: 0 # Filtered GETX hits
   hGETS: 950 # GETS hits
   hGETX: 0 # GETX hits
   mGETS: 607 # GETS misses
   mGETXIM: 0 # GETX I->M misses
   mGETXSM: 0 # GETX S->M misses (upgrade misses)
   PUTS: 0 # Clean evictions (from lower level)
   PUTX: 0 # Dirty evictions (from lower level)
   INV: 23 # Invalidates (from upper level)
   INVX: 0 # Downgrades (from upper level)
   FWD: 0 # Forwards (from upper level)
   latGETnl: 19063 # GET request latency on next level
   latGETnet: 0 # GET request latency on network to next level
 l1d: # Cache stats
  l1d-0: # Filter cache stats
   fhGETS: 146095688 # Filtered GETS hits
   fhGETX: 55277860 # Filtered GETX hits
   hGETS: 2485279 # GETS hits
   hGETX: 13040762 # GETX hits
   mGETS: 23805732 # GETS misses
   mGETXIM: 1802789 # GETX I->M misses
   mGETXSM: 379 # GETX S->M misses (upgrade misses)
   PUTS: 0 # Clean evictions (from lower level)
   PUTX: 0 # Dirty evictions (from lower level)
   INV: 1134 # Invalidates (from upper level)
   INVX: 752919 # Downgrades (from upper level)
   FWD: 0 # Forwards (from upper level)
   latGETnl: 1055852809 # GET request latency on next level
   latGETnet: 0 # GET request latency on network to next level
  l1d-1: # Filter cache stats
   fhGETS: 115268577 # Filtered GETS hits
   fhGETX: 30308777 # Filtered GETX hits
   hGETS: 2908149 # GETS hits
   hGETX: 15568805 # GETX hits
   mGETS: 28417815 # GETS misses
   mGETXIM: 1357730 # GETX I->M misses
   mGETXSM: 663 # GETX S->M misses (upgrade misses)
   PUTS: 0 # Clean evictions (from lower level)
   PUTX: 0 # Dirty evictions (from lower level)
   INV: 1304 # Invalidates (from upper level)
   INVX: 950430 # Downgrades (from upper level)
   FWD: 0 # Forwards (from upper level)
   latGETnl: 1195313267 # GET request latency on next level
   latGETnet: 0 # GET request latency on network to next level
  l1d-2: # Filter cache stats
   fhGETS: 109591709 # Filtered GETS hits
   fhGETX: 28677428 # Filtered GETX hits
   hGETS: 2675585 # GETS hits
   hGETX: 13930473 # GETX hits
   mGETS: 26043460 # GETS misses
   mGETXIM: 1987527 # GETX I->M misses
   mGETXSM: 380 # GETX S->M misses (upgrade misses)
   PUTS: 0 # Clean evictions (from lower level)
   PUTX: 0 # Dirty evictions (from lower level)
   INV: 1053 # Invalidates (from upper level)
   INVX: 517569 # Downgrades (from upper level)
   FWD: 0 # Forwards (from upper level)
   latGETnl: 1148008076 # GET request latency on next level
   latGETnet: 0 # GET request latency on network to next level
  l1d-3: # Filter cache stats
   fhGETS: 104403520 # Filtered GETS hits
   fhGETX: 27533568 # Filtered GETX hits
   hGETS: 2613013 # GETS hits
   hGETX: 13464436 # GETX hits
   mGETS: 24824729 # GETS misses
   mGETXIM: 1532439 # GETX I->M misses
   mGETXSM: 371 # GETX S->M misses (upgrade misses)
   PUTS: 0 # Clean evictions (from lower level)
   PUTX: 0 # Dirty evictions (from lower level)
   INV: 925 # Invalidates (from upper level)
   INVX: 573226 # Downgrades (from upper level)
   FWD: 0 # Forwards (from upper level)
   latGETnl: 1150476664 # GET request latency on next level
   latGETnet: 0 # GET request latency on network to next level
  l1d-4: # Filter cache stats
   fhGETS: 107378812 # Filtered GETS hits
   fhGETX: 28588313 # Filtered GETX hits
   hGETS: 2718436 # GETS hits
   hGETX: 13889628 # GETX hits
   mGETS: 25572540 # GETS misses
   mGETXIM: 1563549 # GETX I->M misses
   mGETXSM: 370 # GETX S->M misses (upgrade misses)
   PUTS: 0 # Clean evictions (from lower level)
   PUTX: 0 # Dirty evictions (from lower level)
   INV: 994 # Invalidates (from upper level)
   INVX: 797157 # Downgrades (from upper level)
   FWD: 0 # Forwards (from upper level)
   latGETnl: 1154046350 # GET request latency on next level
   latGETnet: 0 # GET request latency on network to next level
  l1d-5: # Filter cache stats
   fhGETS: 146995071 # Filtered GETS hits
   fhGETX: 55843946 # Filtered GETX hits
   hGETS: 2634498 # GETS hits
   hGETX: 13450765 # GETX hits
   mGETS: 24114178 # GETS misses
   mGETXIM: 1309059 # GETX I->M misses
   mGETXSM: 501 # GETX S->M misses (upgrade misses)
   PUTS: 0 # Clean evictions (from lower level)
   PUTX: 0 # Dirty evictions (from lower level)
   INV: 1685 # Invalidates (from upper level)
   INVX: 690623 # Downgrades (from upper level)
   FWD: 0 # Forwards (from upper level)
   latGETnl: 1055848229 # GET request latency on next level
   latGETnet: 0 # GET request latency on network to next level
  l1d-6: # Filter cache stats
   fhGETS: 114713165 # Filtered GETS hits
   fhGETX: 30036978 # Filtered GETX hits
   hGETS: 2994382 # GETS hits
   hGETX: 15883352 # GETX hits
   mGETS: 28639732 # GETS misses
   mGETXIM: 992691 # GETX I->M misses
   mGETXSM: 513 # GETX S->M misses (upgrade misses)
   PUTS: 0 # Clean evictions (from lower level)
   PUTX: 0 # Dirty evictions (from lower level)
   INV: 1392 # Invalidates (from upper level)
   INVX: 937768 # Downgrades (from upper level)
   FWD: 0 # Forwards (from upper level)
   latGETnl: 1197565729 # GET request latency on next level
   latGETnet: 0 # GET request latency on network to next level
  l1d-7: # Filter cache stats
   fhGETS: 149553895 # Filtered GETS hits
   fhGETX: 56470119 # Filtered GETX hits
   hGETS: 2711208 # GETS hits
   hGETX: 14241937 # GETX hits
   mGETS: 25255452 # GETS misses
   mGETXIM: 936847 # GETX I->M misses
   mGETXSM: 506 # GETX S->M misses (upgrade misses)
   PUTS: 0 # Clean evictions (from lower level)
   PUTX: 0 # Dirty evictions (from lower level)
   INV: 1832 # Invalidates (from upper level)
   INVX: 954859 # Downgrades (from upper level)
   FWD: 0 # Forwards (from upper level)
   latGETnl: 1073910547 # GET request latency on next level
   latGETnet: 0 # GET request latency on network to next level
 l2: # Cache stats
  l2-0: # Cache stats
   hGETS: 49 # GETS hits
   hGETX: 999 # GETX hits
   mGETS: 23806239 # GETS misses
   mGETXIM: 1801790 # GETX I->M misses
   mGETXSM: 379 # GETX S->M misses (upgrade misses)
   PUTS: 11551075 # Clean evictions (from lower level)
   PUTX: 14055909 # Dirty evictions (from lower level)
   INV: 369188 # Invalidates (from upper level)
   INVX: 787250 # Downgrades (from upper level)
   FWD: 0 # Forwards (from upper level)
   latGETnl: 851004944 # GET request latency on next level
   latGETnet: 0 # GET request latency on network to next level
  l2-1: # Cache stats
   hGETS: 549 # GETS hits
   hGETX: 4 # GETX hits
   mGETS: 28417970 # GETS misses
   mGETXIM: 1357726 # GETX I->M misses
   mGETXSM: 663 # GETX S->M misses (upgrade misses)
   PUTS: 13585432 # Clean evictions (from lower level)
   PUTX: 16188585 # Dirty evictions (from lower level)
   INV: 289525 # Invalidates (from upper level)
   INVX: 976699 # Downgrades (from upper level)
   FWD: 0 # Forwards (from upper level)
   latGETnl: 957122819 # GET request latency on next level
   latGETnet: 0 # GET request latency on network to next level
  l2-2: # Cache stats
   hGETS: 210 # GETS hits
   hGETX: 2 # GETX hits
   mGETS: 26044176 # GETS misses
   mGETXIM: 1987525 # GETX I->M misses
   mGETXSM: 380 # GETX S->M misses (upgrade misses)
   PUTS: 12796004 # Clean evictions (from lower level)
   PUTX: 15233710 # Dirty evictions (from lower level)
   INV: 326595 # Invalidates (from upper level)
   INVX: 595206 # Downgrades (from upper level)
   FWD: 0 # Forwards (from upper level)
   latGETnl: 923793937 # GET request latency on next level
   latGETnet: 0 # GET request latency on network to next level
  l2-3: # Cache stats
   hGETS: 2966 # GETS hits
   hGETX: 3 # GETX hits
   mGETS: 24822600 # GETS misses
   mGETXIM: 1532436 # GETX I->M misses
   mGETXSM: 371 # GETX S->M misses (upgrade misses)
   PUTS: 12023496 # Clean evictions (from lower level)
   PUTX: 14332403 # Dirty evictions (from lower level)
   INV: 383828 # Invalidates (from upper level)
   INVX: 583539 # Downgrades (from upper level)
   FWD: 0 # Forwards (from upper level)
   latGETnl: 939646051 # GET request latency on next level
   latGETnet: 0 # GET request latency on network to next level
  l2-4: # Cache stats
   hGETS: 117 # GETS hits
   hGETX: 3 # GETX hits
   mGETS: 25573292 # GETS misses
   mGETXIM: 1563546 # GETX I->M misses
   mGETXSM: 370 # GETX S->M misses (upgrade misses)
   PUTS: 12388053 # Clean evictions (from lower level)
   PUTX: 14746709 # Dirty evictions (from lower level)
   INV: 307605 # Invalidates (from upper level)
   INVX: 846644 # Downgrades (from upper level)
   FWD: 0 # Forwards (from upper level)
   latGETnl: 936987208 # GET request latency on next level
   latGETnet: 0 # GET request latency on network to next level
  l2-5: # Cache stats
   hGETS: 213 # GETS hits
   hGETX: 0 # GETX hits
   mGETS: 24114638 # GETS misses
   mGETXIM: 1309059 # GETX I->M misses
   mGETXSM: 501 # GETX S->M misses (upgrade misses)
   PUTS: 11525688 # Clean evictions (from lower level)
   PUTX: 13895652 # Dirty evictions (from lower level)
   INV: 385275 # Invalidates (from upper level)
   INVX: 752629 # Downgrades (from upper level)
   FWD: 0 # Forwards (from upper level)
   latGETnl: 852474422 # GET request latency on next level
   latGETnet: 0 # GET request latency on network to next level
  l2-6: # Cache stats
   hGETS: 105 # GETS hits
   hGETX: 258 # GETX hits
   mGETS: 28640330 # GETS misses
   mGETXIM: 992433 # GETX I->M misses
   mGETXSM: 513 # GETX S->M misses (upgrade misses)
   PUTS: 13536745 # Clean evictions (from lower level)
   PUTX: 16094106 # Dirty evictions (from lower level)
   INV: 368558 # Invalidates (from upper level)
   INVX: 969082 # Downgrades (from upper level)
   FWD: 0 # Forwards (from upper level)
   latGETnl: 960518368 # GET request latency on next level
   latGETnet: 0 # GET request latency on network to next level
  l2-7: # Cache stats
   hGETS: 810 # GETS hits
   hGETX: 0 # GETX hits
   mGETS: 25255249 # GETS misses
   mGETXIM: 936847 # GETX I->M misses
   mGETXSM: 506 # GETX S->M misses (upgrade misses)
   PUTS: 11882224 # Clean evictions (from lower level)
   PUTX: 14307952 # Dirty evictions (from lower level)
   INV: 310627 # Invalidates (from upper level)
   INVX: 986198 # Downgrades (from upper level)
   FWD: 0 # Forwards (from upper level)
   latGETnl: 864382314 # GET request latency on next level
   latGETnet: 0 # GET request latency on network to next level
 l3: # Cache stats
  l3-0: # Cache stats
   hGETS: 136840927 # GETS hits
   hGETX: 8391675 # GETX hits
   mGETS: 69833567 # GETS misses
   mGETXIM: 3093370 # GETX I->M misses
   mGETXSM: 0 # GETX S->M misses (upgrade misses)
   PUTS: 98570021 # Clean evictions (from lower level)
   PUTX: 116779100 # Dirty evictions (from lower level)
   INV: 0 # Invalidates (from upper level)
   INVX: 0 # Downgrades (from upper level)
   FWD: 0 # Forwards (from upper level)
   latGETnl: 3500492976 # GET request latency on next level
   latGETnet: 0 # GET request latency on network to next level
 mem: # Memory controller stats
  mem-0: # Memory controller stats
   rd: 36458322 # Read requests
   wr: 11738962 # Write requests
   rdlat: 5820568585 # Total latency experienced by read requests
   wrlat: 5610469499 # Total latency experienced by write requests
   rdhits: 855913 # Read row hits
   wrhits: 1166971 # Write row hits
   mlh: # latency histogram for memory requests
    0: 0
    1: 0
    2: 0
    3: 0
    4: 0
    5: 2125
    6: 10591
    7: 7942819
    8: 5184675
    9: 3967518
    10: 2513955
    11: 1684954
    12: 1282106
    13: 1138080
    14: 1024039
    15: 959038
    16: 852310
    17: 508388
    18: 427437
    19: 389236
    20: 343804
    21: 314331
    22: 290378
    23: 310250
    24: 323460
    25: 343584
    26: 339220
    27: 379081
    28: 411060
    29: 421377
    30: 432805
    31: 396235
    32: 413251
    33: 392301
    34: 368228
    35: 329293
    36: 293509
    37: 293684
    38: 258331
    39: 229752
    40: 173490
    41: 171196
    42: 150885
    43: 120624
    44: 102968
    45: 75878
    46: 73978
    47: 62635
    48: 53708
    49: 43796
    50: 39121
    51: 37561
    52: 34221
    53: 31234
    54: 27450
    55: 27982
    56: 28023
    57: 26241
    58: 25750
    59: 25452
    60: 23924
    61: 22962
    62: 22617
    63: 19568
    64: 18941
    65: 17129
    66: 14748
    67: 13821
    68: 11802
    69: 10734
    70: 9612
    71: 8325
    72: 7241
    73: 6818
    74: 6227
    75: 5395
    76: 5082
    77: 4403
    78: 4738
    79: 4556
    80: 4107
    81: 4196
    82: 4332
    83: 4489
    84: 4203
    85: 4319
    86: 3864
    87: 4295
    88: 3925
    89: 3415
    90: 3578
    91: 3233
    92: 3232
    93: 3154
    94: 2466
    95: 2558
    96: 2459
    97: 2294
    98: 1878
    99: 50284
  mem-1: # Memory controller stats
   rd: 36468368 # Read requests
   wr: 11744459 # Write requests
   rdlat: 5816838322 # Total latency experienced by read requests
   wrlat: 5595154091 # Total latency experienced by write requests
   rdhits: 834231 # Read row hits
   wrhits: 1159538 # Write row hits
   mlh: # latency histogram for memory requests
    0: 0
    1: 0
    2: 0
    3: 0
    4: 0
    5: 2115
    6: 9579
    7: 8083703
    8: 5230489
    9: 3893830
    10: 2580937
    11: 1654419
    12: 1272015
    13: 1111746
    14: 1007312
    15: 934291
    16: 817925
    17: 508006
    18: 419162
    19: 387905
    20: 347654
    21: 310107
    22: 286599
    23: 300927
    24: 320858
    25: 337934
    26: 338236
    27: 368122
    28: 397363
    29: 419419
    30: 426357
    31: 394767
    32: 404038
    33: 391713
    34: 371144
    35: 333753
    36: 295737
    37: 289129
    38: 261874
    39: 233564
    40: 180036
    41: 171508
    42: 148343
    43: 123545
    44: 105434
    45: 77691
    46: 73295
    47: 63123
    48: 55457
    49: 46207
    50: 40811
    51: 37880
    52: 34590
    53: 32745
    54: 28401
    55: 28589
    56: 28372
    57: 26785
    58: 26557
    59: 26014
    60: 23952
    61: 23650
    62: 23532
    63: 20760
    64: 19916
    65: 17923
    66: 15457
    67: 14772
    68: 12363
    69: 11351
    70: 10503
    71: 8964
    72: 7930
    73: 6815
    74: 6440
    75: 5922
    76: 5591
    77: 4745
    78: 5123
    79: 5080
    80: 4673
    81: 4808
    82: 4442
    83: 4846
    84: 4569
    85: 4710
    86: 4160
    87: 4697
    88: 4227
    89: 3811
    90: 3931
    91: 3485
    92: 3565
    93: 3383
    94: 2748
    95: 2843
    96: 2623
    97: 2463
    98: 2179
    99: 47304
 sched: # Scheduler stats
  thCr: 33 # Threads created
  thFn: 0 # Threads finished
  schedEvs: 82 # Schedule events
  waitEvs: 97 # Wait events
  handoffEvs: 72 # Handoff events
  sleepEvs: 0 # Sleep events
  idlePhases: 0 # Phases with no thread active
  idlePeriods: 0 # Periods with no thread active
  occHist: # Occupancy histogram
   0: 0
   1: 1
   2: 0
   3: 0
   4: 0
   5: 0
   6: 0
   7: 0
   8: 93967
  rqSzHist: # Run queue size histogram
   0: 1
   1: 0
   2: 0
   3: 0
   4: 0
   5: 0
   6: 0
   7: 0
   8: 0
   9: 0
   10: 0
   11: 0
   12: 0
   13: 0
   14: 0
   15: 0
   16: 93967
 procCycles: # Per-process unhalted core cycles
  0: 1819046955
  1: 1699977405
  2: 1579395033
  3: 2118974221
  4: 299990808
  5: 0
  6: 0
  7: 0
  8: 0
  9: 0
  10: 0
  11: 0
  12: 0
  13: 0
  14: 0
  15: 0
  16: 0
  17: 0
  18: 0
  19: 0
  20: 0
  21: 0
  22: 0
  23: 0
  24: 0
  25: 0
  26: 0
  27: 0
  28: 0
  29: 0
  30: 0
  31: 0
  32: 0
  33: 0
  34: 0
  35: 0
  36: 0
  37: 0
  38: 0
  39: 0
  40: 0
  41: 0
  42: 0
  43: 0
  44: 0
  45: 0
  46: 0
  47: 0
  48: 0
  49: 0
  50: 0
  51: 0
  52: 0
  53: 0
  54: 0
  55: 0
  56: 0
  57: 0
  58: 0
  59: 0
  60: 0
  61: 0
  62: 0
  63: 0
 procInstrs: # Per-process instructions
  0: 1094645690
  1: 1010650403
  2: 935285514
  3: 1441830174
  4: 517645141
  5: 0
  6: 0
  7: 0
  8: 0
  9: 0
  10: 0
  11: 0
  12: 0
  13: 0
  14: 0
  15: 0
  16: 0
  17: 0
  18: 0
  19: 0
  20: 0
  21: 0
  22: 0
  23: 0
  24: 0
  25: 0
  26: 0
  27: 0
  28: 0
  29: 0
  30: 0
  31: 0
  32: 0
  33: 0
  34: 0
  35: 0
  36: 0
  37: 0
  38: 0
  39: 0
  40: 0
  41: 0
  42: 0
  43: 0
  44: 0
  45: 0
  46: 0
  47: 0
  48: 0
  49: 0
  50: 0
  51: 0
  52: 0
  53: 0
  54: 0
  55: 0
  56: 0
  57: 0
  58: 0
  59: 0
  60: 0
  61: 0
  62: 0
  63: 0
 heartbeats: # Per-process heartbeats
  0: 0
  1: 0
  2: 0
  3: 0
  4: 0
  5: 0
  6: 0
  7: 0
  8: 0
  9: 0
  10: 0
  11: 0
  12: 0
  13: 0
  14: 0
  15: 0
  16: 0
  17: 0
  18: 0
  19: 0
  20: 0
  21: 0
  22: 0
  23: 0
  24: 0
  25: 0
  26: 0
  27: 0
  28: 0
  29: 0
  30: 0
  31: 0
  32: 0
  33: 0
  34: 0
  35: 0
  36: 0
  37: 0
  38: 0
  39: 0
  40: 0
  41: 0
  42: 0
  43: 0
  44: 0
  45: 0
  46: 0
  47: 0
  48: 0
  49: 0
  50: 0
  51: 0
  52: 0
  53: 0
  54: 0
  55: 0
  56: 0
  57: 0
  58: 0
  59: 0
  60: 0
  61: 0
  62: 0
  63: 0
===
