# zsim stats
===
root: # Stats
 contention: # Contention simulation stats
  domain-0: # Domain stats
   time: 925947755 # Weave simulation time
 time: # Simulator time breakdown
  init: 882743759
  bound: 292222015713
  weave: 9619820973
  ff: 0
 trigger: 20000 # Reason for this stats dump
 phase: 67093 # Simulated phases
 core: # Core stats
  core-0: # Core stats
   cycles: 670930001 # Simulated unhalted cycles
   cCycles: 20661 # Cycles due to contention stalls
   instrs: 1001739625 # Simulated instructions
   uops: 1204144737 # Retired micro-ops
   bbls: 130573930 # Basic blocks
   approxInstrs: 11414447 # Instrs with approx uop decoding
   mispredBranches: 3249131 # Mispredicted branches
  core-1: # Core stats
   cycles: 670910001 # Simulated unhalted cycles
   cCycles: 13274 # Cycles due to contention stalls
   instrs: 999759475 # Simulated instructions
   uops: 1202012622 # Retired micro-ops
   bbls: 130450999 # Basic blocks
   approxInstrs: 11373064 # Instrs with approx uop decoding
   mispredBranches: 3228859 # Mispredicted branches
  core-2: # Core stats
   cycles: 670910004 # Simulated unhalted cycles
   cCycles: 11555 # Cycles due to contention stalls
   instrs: 999516681 # Simulated instructions
   uops: 1201723016 # Retired micro-ops
   bbls: 130419988 # Basic blocks
   approxInstrs: 11370709 # Instrs with approx uop decoding
   mispredBranches: 3228210 # Mispredicted branches
  core-3: # Core stats
   cycles: 670910014 # Simulated unhalted cycles
   cCycles: 12405 # Cycles due to contention stalls
   instrs: 999509721 # Simulated instructions
   uops: 1201714348 # Retired micro-ops
   bbls: 130419082 # Basic blocks
   approxInstrs: 11370497 # Instrs with approx uop decoding
   mispredBranches: 3228144 # Mispredicted branches
  core-4: # Core stats
   cycles: 670910002 # Simulated unhalted cycles
   cCycles: 14623 # Cycles due to contention stalls
   instrs: 999519525 # Simulated instructions
   uops: 1201726588 # Retired micro-ops
   bbls: 130420348 # Basic blocks
   approxInstrs: 11370796 # Instrs with approx uop decoding
   mispredBranches: 3228225 # Mispredicted branches
 l1i: # Cache stats
  l1i-0: # Filter cache stats
   fhGETS: 162023979 # Filtered GETS hits
   fhGETX: 0 # Filtered GETX hits
   hGETS: 1582862 # GETS hits
   hGETX: 0 # GETX hits
   mGETS: 1073 # GETS misses
   mGETXIM: 0 # GETX I->M misses
   mGETXSM: 0 # GETX S->M misses (upgrade misses)
   PUTS: 0 # Clean evictions (from lower level)
   PUTX: 0 # Dirty evictions (from lower level)
   INV: 0 # Invalidates (from upper level)
   INVX: 0 # Downgrades (from upper level)
   FWD: 0 # Forwards (from upper level)
   latGETnl: 33510 # GET request latency on next level
   latGETnet: 0 # GET request latency on network to next level
  l1i-1: # Filter cache stats
   fhGETS: 161719889 # Filtered GETS hits
   fhGETX: 0 # Filtered GETX hits
   hGETS: 1613229 # GETS hits
   hGETX: 0 # GETX hits
   mGETS: 976 # GETS misses
   mGETXIM: 0 # GETX I->M misses
   mGETXSM: 0 # GETX S->M misses (upgrade misses)
   PUTS: 0 # Clean evictions (from lower level)
   PUTX: 0 # Dirty evictions (from lower level)
   INV: 0 # Invalidates (from upper level)
   INVX: 0 # Downgrades (from upper level)
   FWD: 0 # Forwards (from upper level)
   latGETnl: 21144 # GET request latency on next level
   latGETnet: 0 # GET request latency on network to next level
  l1i-2: # Filter cache stats
   fhGETS: 161682151 # Filtered GETS hits
   fhGETX: 0 # Filtered GETX hits
   hGETS: 1613740 # GETS hits
   hGETX: 0 # GETX hits
   mGETS: 972 # GETS misses
   mGETXIM: 0 # GETX I->M misses
   mGETXSM: 0 # GETX S->M misses (upgrade misses)
   PUTS: 0 # Clean evictions (from lower level)
   PUTX: 0 # Dirty evictions (from lower level)
   INV: 0 # Invalidates (from upper level)
   INVX: 0 # Downgrades (from upper level)
   FWD: 0 # Forwards (from upper level)
   latGETnl: 19223 # GET request latency on next level
   latGETnet: 0 # GET request latency on network to next level
  l1i-3: # Filter cache stats
   fhGETS: 161681018 # Filtered GETS hits
   fhGETX: 0 # Filtered GETX hits
   hGETS: 1613732 # GETS hits
   hGETX: 0 # GETX hits
   mGETS: 975 # GETS misses
   mGETXIM: 0 # GETX I->M misses
   mGETXSM: 0 # GETX S->M misses (upgrade misses)
   PUTS: 0 # Clean evictions (from lower level)
   PUTX: 0 # Dirty evictions (from lower level)
   INV: 0 # Invalidates (from upper level)
   INVX: 0 # Downgrades (from upper level)
   FWD: 0 # Forwards (from upper level)
   latGETnl: 17118 # GET request latency on next level
   latGETnet: 0 # GET request latency on network to next level
  l1i-4: # Filter cache stats
   fhGETS: 161682656 # Filtered GETS hits
   fhGETX: 0 # Filtered GETX hits
   hGETS: 1613733 # GETS hits
   hGETX: 0 # GETX hits
   mGETS: 976 # GETS misses
   mGETXIM: 0 # GETX I->M misses
   mGETXSM: 0 # GETX S->M misses (upgrade misses)
   PUTS: 0 # Clean evictions (from lower level)
   PUTX: 0 # Dirty evictions (from lower level)
   INV: 0 # Invalidates (from upper level)
   INVX: 0 # Downgrades (from upper level)
   FWD: 0 # Forwards (from upper level)
   latGETnl: 18727 # GET request latency on next level
   latGETnet: 0 # GET request latency on network to next level
 l1d: # Cache stats
  l1d-0: # Filter cache stats
   fhGETS: 262254513 # Filtered GETS hits
   fhGETX: 71436218 # Filtered GETX hits
   hGETS: 10748716 # GETS hits
   hGETX: 15382093 # GETX hits
   mGETS: 1920448 # GETS misses
   mGETXIM: 2083775 # GETX I->M misses
   mGETXSM: 13954 # GETX S->M misses (upgrade misses)
   PUTS: 0 # Clean evictions (from lower level)
   PUTX: 0 # Dirty evictions (from lower level)
   INV: 31 # Invalidates (from upper level)
   INVX: 13803 # Downgrades (from upper level)
   FWD: 0 # Forwards (from upper level)
   latGETnl: 32612187 # GET request latency on next level
   latGETnet: 0 # GET request latency on network to next level
  l1d-1: # Filter cache stats
   fhGETS: 262321976 # Filtered GETS hits
   fhGETX: 71426172 # Filtered GETX hits
   hGETS: 10038997 # GETS hits
   hGETX: 15351650 # GETX hits
   mGETS: 2030063 # GETS misses
   mGETXIM: 2036055 # GETX I->M misses
   mGETXSM: 10 # GETX S->M misses (upgrade misses)
   PUTS: 0 # Clean evictions (from lower level)
   PUTX: 0 # Dirty evictions (from lower level)
   INV: 9036 # Invalidates (from upper level)
   INVX: 59 # Downgrades (from upper level)
   FWD: 0 # Forwards (from upper level)
   latGETnl: 32821493 # GET request latency on next level
   latGETnet: 0 # GET request latency on network to next level
  l1d-2: # Filter cache stats
   fhGETS: 261422281 # Filtered GETS hits
   fhGETX: 70402278 # Filtered GETX hits
   hGETS: 10885150 # GETS hits
   hGETX: 16304009 # GETX hits
   mGETS: 2013455 # GETS misses
   mGETXIM: 2086980 # GETX I->M misses
   mGETXSM: 9 # GETX S->M misses (upgrade misses)
   PUTS: 0 # Clean evictions (from lower level)
   PUTX: 0 # Dirty evictions (from lower level)
   INV: 8494 # Invalidates (from upper level)
   INVX: 75 # Downgrades (from upper level)
   FWD: 0 # Forwards (from upper level)
   latGETnl: 33056580 # GET request latency on next level
   latGETnet: 0 # GET request latency on network to next level
  l1d-3: # Filter cache stats
   fhGETS: 259961648 # Filtered GETS hits
   fhGETX: 70576639 # Filtered GETX hits
   hGETS: 12326534 # GETS hits
   hGETX: 16091143 # GETX hits
   mGETS: 2030490 # GETS misses
   mGETXIM: 2125049 # GETX I->M misses
   mGETXSM: 8 # GETX S->M misses (upgrade misses)
   PUTS: 0 # Clean evictions (from lower level)
   PUTX: 0 # Dirty evictions (from lower level)
   INV: 8927 # Invalidates (from upper level)
   INVX: 85 # Downgrades (from upper level)
   FWD: 0 # Forwards (from upper level)
   latGETnl: 33497495 # GET request latency on next level
   latGETnet: 0 # GET request latency on network to next level
  l1d-4: # Filter cache stats
   fhGETS: 256462328 # Filtered GETS hits
   fhGETX: 70647088 # Filtered GETX hits
   hGETS: 15839122 # GETS hits
   hGETX: 16066566 # GETX hits
   mGETS: 2020380 # GETS misses
   mGETXIM: 2079790 # GETX I->M misses
   mGETXSM: 8 # GETX S->M misses (upgrade misses)
   PUTS: 0 # Clean evictions (from lower level)
   PUTX: 0 # Dirty evictions (from lower level)
   INV: 8888 # Invalidates (from upper level)
   INVX: 155 # Downgrades (from upper level)
   FWD: 0 # Forwards (from upper level)
   latGETnl: 33058125 # GET request latency on next level
   latGETnet: 0 # GET request latency on network to next level
 l2: # Cache stats
  l2-0: # Cache stats
   hGETS: 1920383 # GETS hits
   hGETX: 2083178 # GETX hits
   mGETS: 1138 # GETS misses
   mGETXIM: 597 # GETX I->M misses
   mGETXSM: 13954 # GETX S->M misses (upgrade misses)
   PUTS: 1876029 # Clean evictions (from lower level)
   PUTX: 2128284 # Dirty evictions (from lower level)
   INV: 34 # Invalidates (from upper level)
   INVX: 14109 # Downgrades (from upper level)
   FWD: 0 # Forwards (from upper level)
   latGETnl: 491697 # GET request latency on next level
   latGETnet: 0 # GET request latency on network to next level
  l2-1: # Cache stats
   hGETS: 2019916 # GETS hits
   hGETX: 2035499 # GETX hits
   mGETS: 11123 # GETS misses
   mGETXIM: 556 # GETX I->M misses
   mGETXSM: 10 # GETX S->M misses (upgrade misses)
   PUTS: 1961745 # Clean evictions (from lower level)
   PUTX: 2095394 # Dirty evictions (from lower level)
   INV: 10094 # Invalidates (from upper level)
   INVX: 60 # Downgrades (from upper level)
   FWD: 0 # Forwards (from upper level)
   latGETnl: 305805 # GET request latency on next level
   latGETnet: 0 # GET request latency on network to next level
  l2-2: # Cache stats
   hGETS: 2003403 # GETS hits
   hGETX: 2086426 # GETX hits
   mGETS: 11024 # GETS misses
   mGETXIM: 554 # GETX I->M misses
   mGETXSM: 9 # GETX S->M misses (upgrade misses)
   PUTS: 1937121 # Clean evictions (from lower level)
   PUTX: 2154873 # Dirty evictions (from lower level)
   INV: 10059 # Invalidates (from upper level)
   INVX: 78 # Downgrades (from upper level)
   FWD: 0 # Forwards (from upper level)
   latGETnl: 264475 # GET request latency on next level
   latGETnet: 0 # GET request latency on network to next level
  l2-3: # Cache stats
   hGETS: 2020457 # GETS hits
   hGETX: 2124492 # GETX hits
   mGETS: 11008 # GETS misses
   mGETXIM: 557 # GETX I->M misses
   mGETXSM: 8 # GETX S->M misses (upgrade misses)
   PUTS: 1946412 # Clean evictions (from lower level)
   PUTX: 2200257 # Dirty evictions (from lower level)
   INV: 10046 # Invalidates (from upper level)
   INVX: 85 # Downgrades (from upper level)
   FWD: 0 # Forwards (from upper level)
   latGETnl: 262437 # GET request latency on next level
   latGETnet: 0 # GET request latency on network to next level
  l2-4: # Cache stats
   hGETS: 2010357 # GETS hits
   hGETX: 2079233 # GETX hits
   mGETS: 10999 # GETS misses
   mGETXIM: 557 # GETX I->M misses
   mGETXSM: 8 # GETX S->M misses (upgrade misses)
   PUTS: 1937884 # Clean evictions (from lower level)
   PUTX: 2153456 # Dirty evictions (from lower level)
   INV: 10034 # Invalidates (from upper level)
   INVX: 155 # Downgrades (from upper level)
   FWD: 0 # Forwards (from upper level)
   latGETnl: 267620 # GET request latency on next level
   latGETnet: 0 # GET request latency on network to next level
 l3: # Cache stats
  l3-0: # Cache stats
   hGETS: 43993 # GETS hits
   hGETX: 14007 # GETX hits
   mGETS: 1299 # GETS misses
   mGETXIM: 2803 # GETX I->M misses
   mGETXSM: 0 # GETX S->M misses (upgrade misses)
   PUTS: 0 # Clean evictions (from lower level)
   PUTX: 0 # Dirty evictions (from lower level)
   INV: 0 # Invalidates (from upper level)
   INVX: 0 # Downgrades (from upper level)
   FWD: 0 # Forwards (from upper level)
   latGETnl: 196896 # GET request latency on next level
   latGETnet: 0 # GET request latency on network to next level
 mem: # Memory controller stats
  mem-0: # Memory controller stats
   rd: 2042 # Read requests
   wr: 0 # Write requests
   rdlat: 243863 # Total latency experienced by read requests
   wrlat: 0 # Total latency experienced by write requests
   rdhits: 194 # Read row hits
   wrhits: 0 # Write row hits
   mlh: # latency histogram for memory requests
    0: 0
    1: 0
    2: 0
    3: 0
    4: 0
    5: 0
    6: 0
    7: 1021
    8: 220
    9: 95
    10: 31
    11: 36
    12: 26
    13: 44
    14: 154
    15: 54
    16: 108
    17: 23
    18: 10
    19: 10
    20: 9
    21: 6
    22: 9
    23: 7
    24: 5
    25: 7
    26: 10
    27: 13
    28: 17
    29: 16
    30: 5
    31: 9
    32: 18
    33: 17
    34: 21
    35: 18
    36: 11
    37: 4
    38: 1
    39: 1
    40: 0
    41: 0
    42: 2
    43: 2
    44: 0
    45: 1
    46: 0
    47: 0
    48: 0
    49: 1
    50: 0
    51: 0
    52: 0
    53: 0
    54: 0
    55: 0
    56: 0
    57: 0
    58: 0
    59: 0
    60: 0
    61: 0
    62: 0
    63: 0
    64: 0
    65: 0
    66: 0
    67: 0
    68: 0
    69: 0
    70: 0
    71: 0
    72: 0
    73: 0
    74: 0
    75: 0
    76: 0
    77: 0
    78: 0
    79: 0
    80: 0
    81: 0
    82: 0
    83: 0
    84: 0
    85: 0
    86: 0
    87: 0
    88: 0
    89: 0
    90: 0
    91: 0
    92: 0
    93: 0
    94: 0
    95: 0
    96: 0
    97: 0
    98: 0
    99: 0
  mem-1: # Memory controller stats
   rd: 2060 # Read requests
   wr: 0 # Write requests
   rdlat: 248609 # Total latency experienced by read requests
   wrlat: 0 # Total latency experienced by write requests
   rdhits: 228 # Read row hits
   wrhits: 0 # Write row hits
   mlh: # latency histogram for memory requests
    0: 0
    1: 0
    2: 0
    3: 0
    4: 0
    5: 0
    6: 2
    7: 1069
    8: 213
    9: 99
    10: 29
    11: 21
    12: 15
    13: 34
    14: 198
    15: 36
    16: 114
    17: 16
    18: 6
    19: 5
    20: 3
    21: 6
    22: 6
    23: 6
    24: 0
    25: 0
    26: 0
    27: 4
    28: 3
    29: 2
    30: 10
    31: 6
    32: 30
    33: 15
    34: 26
    35: 26
    36: 25
    37: 11
    38: 6
    39: 6
    40: 6
    41: 3
    42: 0
    43: 1
    44: 0
    45: 0
    46: 0
    47: 1
    48: 0
    49: 0
    50: 1
    51: 0
    52: 0
    53: 0
    54: 0
    55: 0
    56: 0
    57: 0
    58: 0
    59: 0
    60: 0
    61: 0
    62: 0
    63: 0
    64: 0
    65: 0
    66: 0
    67: 0
    68: 0
    69: 0
    70: 0
    71: 0
    72: 0
    73: 0
    74: 0
    75: 0
    76: 0
    77: 0
    78: 0
    79: 0
    80: 0
    81: 0
    82: 0
    83: 0
    84: 0
    85: 0
    86: 0
    87: 0
    88: 0
    89: 0
    90: 0
    91: 0
    92: 0
    93: 0
    94: 0
    95: 0
    96: 0
    97: 0
    98: 0
    99: 0
 sched: # Scheduler stats
  thCr: 5 # Threads created
  thFn: 0 # Threads finished
  schedEvs: 5 # Schedule events
  waitEvs: 0 # Wait events
  handoffEvs: 0 # Handoff events
  sleepEvs: 0 # Sleep events
  idlePhases: 0 # Phases with no thread active
  idlePeriods: 0 # Periods with no thread active
  occHist: # Occupancy histogram
   0: 0
   1: 2
   2: 0
   3: 0
   4: 0
   5: 67091
  rqSzHist: # Run queue size histogram
   0: 67093
   1: 0
   2: 0
   3: 0
   4: 0
   5: 0
   6: 0
   7: 0
   8: 0
   9: 0
   10: 0
   11: 0
   12: 0
   13: 0
   14: 0
   15: 0
   16: 0
 procCycles: # Per-process unhalted core cycles
  0: 3354570022
  1: 0
  2: 0
  3: 0
  4: 0
  5: 0
  6: 0
  7: 0
  8: 0
  9: 0
  10: 0
  11: 0
  12: 0
  13: 0
  14: 0
  15: 0
  16: 0
  17: 0
  18: 0
  19: 0
  20: 0
  21: 0
  22: 0
  23: 0
  24: 0
  25: 0
  26: 0
  27: 0
  28: 0
  29: 0
  30: 0
  31: 0
  32: 0
  33: 0
  34: 0
  35: 0
  36: 0
  37: 0
  38: 0
  39: 0
  40: 0
  41: 0
  42: 0
  43: 0
  44: 0
  45: 0
  46: 0
  47: 0
  48: 0
  49: 0
  50: 0
  51: 0
  52: 0
  53: 0
  54: 0
  55: 0
  56: 0
  57: 0
  58: 0
  59: 0
  60: 0
  61: 0
  62: 0
  63: 0
 procInstrs: # Per-process instructions
  0: 5000045027
  1: 0
  2: 0
  3: 0
  4: 0
  5: 0
  6: 0
  7: 0
  8: 0
  9: 0
  10: 0
  11: 0
  12: 0
  13: 0
  14: 0
  15: 0
  16: 0
  17: 0
  18: 0
  19: 0
  20: 0
  21: 0
  22: 0
  23: 0
  24: 0
  25: 0
  26: 0
  27: 0
  28: 0
  29: 0
  30: 0
  31: 0
  32: 0
  33: 0
  34: 0
  35: 0
  36: 0
  37: 0
  38: 0
  39: 0
  40: 0
  41: 0
  42: 0
  43: 0
  44: 0
  45: 0
  46: 0
  47: 0
  48: 0
  49: 0
  50: 0
  51: 0
  52: 0
  53: 0
  54: 0
  55: 0
  56: 0
  57: 0
  58: 0
  59: 0
  60: 0
  61: 0
  62: 0
  63: 0
 heartbeats: # Per-process heartbeats
  0: 0
  1: 0
  2: 0
  3: 0
  4: 0
  5: 0
  6: 0
  7: 0
  8: 0
  9: 0
  10: 0
  11: 0
  12: 0
  13: 0
  14: 0
  15: 0
  16: 0
  17: 0
  18: 0
  19: 0
  20: 0
  21: 0
  22: 0
  23: 0
  24: 0
  25: 0
  26: 0
  27: 0
  28: 0
  29: 0
  30: 0
  31: 0
  32: 0
  33: 0
  34: 0
  35: 0
  36: 0
  37: 0
  38: 0
  39: 0
  40: 0
  41: 0
  42: 0
  43: 0
  44: 0
  45: 0
  46: 0
  47: 0
  48: 0
  49: 0
  50: 0
  51: 0
  52: 0
  53: 0
  54: 0
  55: 0
  56: 0
  57: 0
  58: 0
  59: 0
  60: 0
  61: 0
  62: 0
  63: 0
===
