# zsim stats
===
root: # Stats
 contention: # Contention simulation stats
  domain-0: # Domain stats
   time: 1208565166 # Weave simulation time
 time: # Simulator time breakdown
  init: 10978801198
  bound: 569474312691
  weave: 11968794649
  ff: 0
 trigger: 20000 # Reason for this stats dump
 phase: 77676 # Simulated phases
 core: # Core stats
  core-0: # Core stats
   cycles: 776760005 # Simulated unhalted cycles
   cCycles: 819298 # Cycles due to contention stalls
   instrs: 1047408834 # Simulated instructions
   uops: 1066021090 # Retired micro-ops
   bbls: 168041187 # Basic blocks
   approxInstrs: 33080880 # Instrs with approx uop decoding
   mispredBranches: 9131 # Mispredicted branches
  core-1: # Core stats
   cycles: 776760004 # Simulated unhalted cycles
   cCycles: 867457 # Cycles due to contention stalls
   instrs: 1318145860 # Simulated instructions
   uops: 1341552525 # Retired micro-ops
   bbls: 211426527 # Basic blocks
   approxInstrs: 41658677 # Instrs with approx uop decoding
   mispredBranches: 11570 # Mispredicted branches
  core-2: # Core stats
   cycles: 776760001 # Simulated unhalted cycles
   cCycles: 863797 # Cycles due to contention stalls
   instrs: 1317556556 # Simulated instructions
   uops: 1340452474 # Retired micro-ops
   bbls: 211477787 # Basic blocks
   approxInstrs: 41676916 # Instrs with approx uop decoding
   mispredBranches: 11379 # Mispredicted branches
  core-3: # Core stats
   cycles: 776760001 # Simulated unhalted cycles
   cCycles: 864503 # Cycles due to contention stalls
   instrs: 1316920252 # Simulated instructions
   uops: 1340126448 # Retired micro-ops
   bbls: 211286557 # Basic blocks
   approxInstrs: 41630130 # Instrs with approx uop decoding
   mispredBranches: 11507 # Mispredicted branches
 l1i: # Cache stats
  l1i-0: # Filter cache stats
   fhGETS: 182516988 # Filtered GETS hits
   fhGETX: 0 # Filtered GETX hits
   hGETS: 1642 # GETS hits
   hGETX: 0 # GETX hits
   mGETS: 173 # GETS misses
   mGETXIM: 0 # GETX I->M misses
   mGETXSM: 0 # GETX S->M misses (upgrade misses)
   PUTS: 0 # Clean evictions (from lower level)
   PUTX: 0 # Dirty evictions (from lower level)
   INV: 0 # Invalidates (from upper level)
   INVX: 0 # Downgrades (from upper level)
   FWD: 0 # Forwards (from upper level)
   latGETnl: 9845 # GET request latency on next level
   latGETnet: 0 # GET request latency on network to next level
  l1i-1: # Filter cache stats
   fhGETS: 229640346 # Filtered GETS hits
   fhGETX: 0 # Filtered GETX hits
   hGETS: 2193 # GETS hits
   hGETX: 0 # GETX hits
   mGETS: 188 # GETS misses
   mGETXIM: 0 # GETX I->M misses
   mGETXSM: 0 # GETX S->M misses (upgrade misses)
   PUTS: 0 # Clean evictions (from lower level)
   PUTX: 0 # Dirty evictions (from lower level)
   INV: 0 # Invalidates (from upper level)
   INVX: 0 # Downgrades (from upper level)
   FWD: 0 # Forwards (from upper level)
   latGETnl: 7868 # GET request latency on next level
   latGETnet: 0 # GET request latency on network to next level
  l1i-2: # Filter cache stats
   fhGETS: 229689707 # Filtered GETS hits
   fhGETX: 0 # Filtered GETX hits
   hGETS: 2014 # GETS hits
   hGETX: 0 # GETX hits
   mGETS: 187 # GETS misses
   mGETXIM: 0 # GETX I->M misses
   mGETXSM: 0 # GETX S->M misses (upgrade misses)
   PUTS: 0 # Clean evictions (from lower level)
   PUTX: 0 # Dirty evictions (from lower level)
   INV: 0 # Invalidates (from upper level)
   INVX: 0 # Downgrades (from upper level)
   FWD: 0 # Forwards (from upper level)
   latGETnl: 5203 # GET request latency on next level
   latGETnet: 0 # GET request latency on network to next level
  l1i-3: # Filter cache stats
   fhGETS: 229492234 # Filtered GETS hits
   fhGETX: 0 # Filtered GETX hits
   hGETS: 2078 # GETS hits
   hGETX: 0 # GETX hits
   mGETS: 196 # GETS misses
   mGETXIM: 0 # GETX I->M misses
   mGETXSM: 0 # GETX S->M misses (upgrade misses)
   PUTS: 0 # Clean evictions (from lower level)
   PUTX: 0 # Dirty evictions (from lower level)
   INV: 0 # Invalidates (from upper level)
   INVX: 0 # Downgrades (from upper level)
   FWD: 0 # Forwards (from upper level)
   latGETnl: 7444 # GET request latency on next level
   latGETnet: 0 # GET request latency on network to next level
 l1d: # Cache stats
  l1d-0: # Filter cache stats
   fhGETS: 204276309 # Filtered GETS hits
   fhGETX: 50071968 # Filtered GETX hits
   hGETS: 4571266 # GETS hits
   hGETX: 20985323 # GETX hits
   mGETS: 43354701 # GETS misses
   mGETXIM: 8022735 # GETX I->M misses
   mGETXSM: 9595 # GETX S->M misses (upgrade misses)
   PUTS: 0 # Clean evictions (from lower level)
   PUTX: 0 # Dirty evictions (from lower level)
   INV: 198 # Invalidates (from upper level)
   INVX: 64097 # Downgrades (from upper level)
   FWD: 0 # Forwards (from upper level)
   latGETnl: 1297840139 # GET request latency on next level
   latGETnet: 0 # GET request latency on network to next level
  l1d-1: # Filter cache stats
   fhGETS: 248371581 # Filtered GETS hits
   fhGETX: 62885423 # Filtered GETX hits
   hGETS: 6253810 # GETS hits
   hGETX: 34812674 # GETX hits
   mGETS: 62913084 # GETS misses
   mGETXIM: 1769530 # GETX I->M misses
   mGETXSM: 130 # GETX S->M misses (upgrade misses)
   PUTS: 0 # Clean evictions (from lower level)
   PUTX: 0 # Dirty evictions (from lower level)
   INV: 5936 # Invalidates (from upper level)
   INVX: 40836 # Downgrades (from upper level)
   FWD: 0 # Forwards (from upper level)
   latGETnl: 1629111032 # GET request latency on next level
   latGETnet: 0 # GET request latency on network to next level
  l1d-2: # Filter cache stats
   fhGETS: 247722606 # Filtered GETS hits
   fhGETX: 62697652 # Filtered GETX hits
   hGETS: 6234998 # GETS hits
   hGETX: 34818743 # GETX hits
   mGETS: 62918022 # GETS misses
   mGETXIM: 1754519 # GETX I->M misses
   mGETXSM: 134 # GETX S->M misses (upgrade misses)
   PUTS: 0 # Clean evictions (from lower level)
   PUTX: 0 # Dirty evictions (from lower level)
   INV: 6035 # Invalidates (from upper level)
   INVX: 40781 # Downgrades (from upper level)
   FWD: 0 # Forwards (from upper level)
   latGETnl: 1630017767 # GET request latency on next level
   latGETnet: 0 # GET request latency on network to next level
  l1d-3: # Filter cache stats
   fhGETS: 247875182 # Filtered GETS hits
   fhGETX: 62788647 # Filtered GETX hits
   hGETS: 6240224 # GETS hits
   hGETX: 34782427 # GETX hits
   mGETS: 62859364 # GETS misses
   mGETXIM: 1769532 # GETX I->M misses
   mGETXSM: 147 # GETX S->M misses (upgrade misses)
   PUTS: 0 # Clean evictions (from lower level)
   PUTX: 0 # Dirty evictions (from lower level)
   INV: 6045 # Invalidates (from upper level)
   INVX: 45815 # Downgrades (from upper level)
   FWD: 0 # Forwards (from upper level)
   latGETnl: 1628892071 # GET request latency on next level
   latGETnet: 0 # GET request latency on network to next level
 l2: # Cache stats
  l2-0: # Cache stats
   hGETS: 26 # GETS hits
   hGETX: 2 # GETX hits
   mGETS: 43354848 # GETS misses
   mGETXIM: 8022733 # GETX I->M misses
   mGETXSM: 9595 # GETX S->M misses (upgrade misses)
   PUTS: 23520593 # Clean evictions (from lower level)
   PUTX: 27856133 # Dirty evictions (from lower level)
   INV: 276 # Invalidates (from upper level)
   INVX: 1785228 # Downgrades (from upper level)
   FWD: 0 # Forwards (from upper level)
   latGETnl: 886752352 # GET request latency on next level
   latGETnet: 0 # GET request latency on network to next level
  l2-1: # Cache stats
   hGETS: 28 # GETS hits
   hGETX: 0 # GETX hits
   mGETS: 62913244 # GETS misses
   mGETXIM: 1769530 # GETX I->M misses
   mGETXSM: 130 # GETX S->M misses (upgrade misses)
   PUTS: 29607402 # Clean evictions (from lower level)
   PUTX: 35068766 # Dirty evictions (from lower level)
   INV: 6274 # Invalidates (from upper level)
   INVX: 1488005 # Downgrades (from upper level)
   FWD: 0 # Forwards (from upper level)
   latGETnl: 1111655444 # GET request latency on next level
   latGETnet: 0 # GET request latency on network to next level
  l2-2: # Cache stats
   hGETS: 28 # GETS hits
   hGETX: 0 # GETX hits
   mGETS: 62918181 # GETS misses
   mGETXIM: 1754519 # GETX I->M misses
   mGETXSM: 134 # GETX S->M misses (upgrade misses)
   PUTS: 29603137 # Clean evictions (from lower level)
   PUTX: 35062859 # Dirty evictions (from lower level)
   INV: 6342 # Invalidates (from upper level)
   INVX: 1104738 # Downgrades (from upper level)
   FWD: 0 # Forwards (from upper level)
   latGETnl: 1112640074 # GET request latency on next level
   latGETnet: 0 # GET request latency on network to next level
  l2-3: # Cache stats
   hGETS: 28 # GETS hits
   hGETX: 0 # GETX hits
   mGETS: 62859532 # GETS misses
   mGETXIM: 1769532 # GETX I->M misses
   mGETXSM: 147 # GETX S->M misses (upgrade misses)
   PUTS: 29581257 # Clean evictions (from lower level)
   PUTX: 35041084 # Dirty evictions (from lower level)
   INV: 6353 # Invalidates (from upper level)
   INVX: 1278046 # Downgrades (from upper level)
   FWD: 0 # Forwards (from upper level)
   latGETnl: 1111865603 # GET request latency on next level
   latGETnet: 0 # GET request latency on network to next level
 l3: # Cache stats
  l3-0: # Cache stats
   hGETS: 231987515 # GETS hits
   hGETX: 13271049 # GETX hits
   mGETS: 58290 # GETS misses
   mGETXIM: 55271 # GETX I->M misses
   mGETXSM: 0 # GETX S->M misses (upgrade misses)
   PUTS: 112297550 # Clean evictions (from lower level)
   PUTX: 133012556 # Dirty evictions (from lower level)
   INV: 0 # Invalidates (from upper level)
   INVX: 0 # Downgrades (from upper level)
   FWD: 0 # Forwards (from upper level)
   latGETnl: 5450928 # GET request latency on next level
   latGETnet: 0 # GET request latency on network to next level
 mem: # Memory controller stats
  mem-0: # Memory controller stats
   rd: 56784 # Read requests
   wr: 0 # Write requests
   rdlat: 5002019 # Total latency experienced by read requests
   wrlat: 0 # Total latency experienced by write requests
   rdhits: 1042 # Read row hits
   wrhits: 0 # Write row hits
   mlh: # latency histogram for memory requests
    0: 0
    1: 0
    2: 0
    3: 0
    4: 0
    5: 0
    6: 4
    7: 38400
    8: 3494
    9: 8496
    10: 1220
    11: 556
    12: 601
    13: 462
    14: 1305
    15: 541
    16: 750
    17: 181
    18: 75
    19: 69
    20: 37
    21: 38
    22: 39
    23: 63
    24: 48
    25: 84
    26: 52
    27: 59
    28: 38
    29: 39
    30: 16
    31: 28
    32: 40
    33: 15
    34: 16
    35: 9
    36: 3
    37: 0
    38: 2
    39: 3
    40: 1
    41: 0
    42: 0
    43: 0
    44: 0
    45: 0
    46: 0
    47: 0
    48: 0
    49: 0
    50: 0
    51: 0
    52: 0
    53: 0
    54: 0
    55: 0
    56: 0
    57: 0
    58: 0
    59: 0
    60: 0
    61: 0
    62: 0
    63: 0
    64: 0
    65: 0
    66: 0
    67: 0
    68: 0
    69: 0
    70: 0
    71: 0
    72: 0
    73: 0
    74: 0
    75: 0
    76: 0
    77: 0
    78: 0
    79: 0
    80: 0
    81: 0
    82: 0
    83: 0
    84: 0
    85: 0
    86: 0
    87: 0
    88: 0
    89: 0
    90: 0
    91: 0
    92: 0
    93: 0
    94: 0
    95: 0
    96: 0
    97: 0
    98: 0
    99: 0
  mem-1: # Memory controller stats
   rd: 56777 # Read requests
   wr: 0 # Write requests
   rdlat: 4880085 # Total latency experienced by read requests
   wrlat: 0 # Total latency experienced by write requests
   rdhits: 244 # Read row hits
   wrhits: 0 # Write row hits
   mlh: # latency histogram for memory requests
    0: 0
    1: 0
    2: 0
    3: 0
    4: 0
    5: 0
    6: 5
    7: 44163
    8: 4676
    9: 2387
    10: 716
    11: 386
    12: 614
    13: 696
    14: 1151
    15: 623
    16: 555
    17: 87
    18: 74
    19: 62
    20: 37
    21: 55
    22: 37
    23: 53
    24: 53
    25: 62
    26: 48
    27: 61
    28: 44
    29: 33
    30: 17
    31: 40
    32: 9
    33: 7
    34: 6
    35: 4
    36: 6
    37: 0
    38: 2
    39: 1
    40: 5
    41: 1
    42: 1
    43: 0
    44: 0
    45: 0
    46: 0
    47: 0
    48: 0
    49: 0
    50: 0
    51: 0
    52: 0
    53: 0
    54: 0
    55: 0
    56: 0
    57: 0
    58: 0
    59: 0
    60: 0
    61: 0
    62: 0
    63: 0
    64: 0
    65: 0
    66: 0
    67: 0
    68: 0
    69: 0
    70: 0
    71: 0
    72: 0
    73: 0
    74: 0
    75: 0
    76: 0
    77: 0
    78: 0
    79: 0
    80: 0
    81: 0
    82: 0
    83: 0
    84: 0
    85: 0
    86: 0
    87: 0
    88: 0
    89: 0
    90: 0
    91: 0
    92: 0
    93: 0
    94: 0
    95: 0
    96: 0
    97: 0
    98: 0
    99: 0
 sched: # Scheduler stats
  thCr: 4 # Threads created
  thFn: 0 # Threads finished
  schedEvs: 4 # Schedule events
  waitEvs: 0 # Wait events
  handoffEvs: 0 # Handoff events
  sleepEvs: 0 # Sleep events
  idlePhases: 0 # Phases with no thread active
  idlePeriods: 0 # Periods with no thread active
  occHist: # Occupancy histogram
   0: 0
   1: 0
   2: 0
   3: 0
   4: 77676
  rqSzHist: # Run queue size histogram
   0: 77676
   1: 0
   2: 0
   3: 0
   4: 0
   5: 0
   6: 0
   7: 0
   8: 0
   9: 0
   10: 0
   11: 0
   12: 0
   13: 0
   14: 0
   15: 0
   16: 0
 procCycles: # Per-process unhalted core cycles
  0: 3107040011
  1: 0
  2: 0
  3: 0
  4: 0
  5: 0
  6: 0
  7: 0
  8: 0
  9: 0
  10: 0
  11: 0
  12: 0
  13: 0
  14: 0
  15: 0
  16: 0
  17: 0
  18: 0
  19: 0
  20: 0
  21: 0
  22: 0
  23: 0
  24: 0
  25: 0
  26: 0
  27: 0
  28: 0
  29: 0
  30: 0
  31: 0
  32: 0
  33: 0
  34: 0
  35: 0
  36: 0
  37: 0
  38: 0
  39: 0
  40: 0
  41: 0
  42: 0
  43: 0
  44: 0
  45: 0
  46: 0
  47: 0
  48: 0
  49: 0
  50: 0
  51: 0
  52: 0
  53: 0
  54: 0
  55: 0
  56: 0
  57: 0
  58: 0
  59: 0
  60: 0
  61: 0
  62: 0
  63: 0
 procInstrs: # Per-process instructions
  0: 5000031502
  1: 0
  2: 0
  3: 0
  4: 0
  5: 0
  6: 0
  7: 0
  8: 0
  9: 0
  10: 0
  11: 0
  12: 0
  13: 0
  14: 0
  15: 0
  16: 0
  17: 0
  18: 0
  19: 0
  20: 0
  21: 0
  22: 0
  23: 0
  24: 0
  25: 0
  26: 0
  27: 0
  28: 0
  29: 0
  30: 0
  31: 0
  32: 0
  33: 0
  34: 0
  35: 0
  36: 0
  37: 0
  38: 0
  39: 0
  40: 0
  41: 0
  42: 0
  43: 0
  44: 0
  45: 0
  46: 0
  47: 0
  48: 0
  49: 0
  50: 0
  51: 0
  52: 0
  53: 0
  54: 0
  55: 0
  56: 0
  57: 0
  58: 0
  59: 0
  60: 0
  61: 0
  62: 0
  63: 0
 heartbeats: # Per-process heartbeats
  0: 0
  1: 0
  2: 0
  3: 0
  4: 0
  5: 0
  6: 0
  7: 0
  8: 0
  9: 0
  10: 0
  11: 0
  12: 0
  13: 0
  14: 0
  15: 0
  16: 0
  17: 0
  18: 0
  19: 0
  20: 0
  21: 0
  22: 0
  23: 0
  24: 0
  25: 0
  26: 0
  27: 0
  28: 0
  29: 0
  30: 0
  31: 0
  32: 0
  33: 0
  34: 0
  35: 0
  36: 0
  37: 0
  38: 0
  39: 0
  40: 0
  41: 0
  42: 0
  43: 0
  44: 0
  45: 0
  46: 0
  47: 0
  48: 0
  49: 0
  50: 0
  51: 0
  52: 0
  53: 0
  54: 0
  55: 0
  56: 0
  57: 0
  58: 0
  59: 0
  60: 0
  61: 0
  62: 0
  63: 0
===
